2021-11-02T17:05:13.340Z sports2000 ROOT:f:0000000e denied anonymousUser [/_framework/EntityFrameworkCore.OpenEdge.dll] [denyAll()] - Access is denied
2021-11-02T17:05:13.341Z sports2000 ROOT:f:0000000f denied anonymousUser [/_framework/Microsoft.AspNetCore.Authorization.dll] [denyAll()] - Access is denied
2021-11-02T17:05:13.344Z sports2000 ROOT:f:00000011 denied anonymousUser [/_framework/Microsoft.AspNetCore.Components.Web.dll] [denyAll()] - Access is denied
2021-11-02T17:05:13.340Z sports2000 ROOT:f:00000010 denied anonymousUser [/_framework/Microsoft.AspNetCore.Components.dll] [denyAll()] - Access is denied
2021-11-02T17:05:13.456Z sports2000 ROOT:f:00000012 denied anonymousUser [/_framework/Microsoft.AspNetCore.Components.WebAssembly.dll] [denyAll()] - Access is denied
2021-11-02T17:05:13.574Z sports2000 ROOT:f:00000013 denied anonymousUser [/_framework/Microsoft.EntityFrameworkCore.dll] [denyAll()] - Access is denied
2021-11-02T17:05:13.695Z sports2000 ROOT:f:00000014 denied anonymousUser [/_framework/Microsoft.EntityFrameworkCore.Abstractions.dll] [denyAll()] - Access is denied
2021-11-02T17:05:13.707Z sports2000 ROOT:f:00000016 denied anonymousUser [/_framework/Microsoft.Extensions.Caching.Abstractions.dll] [denyAll()] - Access is denied
2021-11-02T17:05:13.713Z sports2000 ROOT:f:00000017 denied anonymousUser [/_framework/Microsoft.Extensions.Caching.Memory.dll] [denyAll()] - Access is denied
2021-11-02T17:05:13.719Z sports2000 ROOT:f:00000018 denied anonymousUser [/_framework/Microsoft.Extensions.Configuration.dll] [denyAll()] - Access is denied
2021-11-02T17:05:13.725Z sports2000 ROOT:f:00000019 denied anonymousUser [/_framework/Microsoft.Extensions.Configuration.Abstractions.dll] [denyAll()] - Access is denied
2021-11-02T17:05:13.731Z sports2000 ROOT:f:0000001a denied anonymousUser [/_framework/Microsoft.Extensions.Configuration.Json.dll] [denyAll()] - Access is denied
2021-11-02T17:05:13.737Z sports2000 ROOT:f:0000001b denied anonymousUser [/_framework/Microsoft.Extensions.DependencyInjection.dll] [denyAll()] - Access is denied
2021-11-02T17:05:13.743Z sports2000 ROOT:f:0000001c denied anonymousUser [/_framework/Microsoft.Extensions.DependencyInjection.Abstractions.dll] [denyAll()] - Access is denied
2021-11-02T17:05:13.700Z sports2000 ROOT:f:00000015 denied anonymousUser [/_framework/Microsoft.EntityFrameworkCore.Relational.dll] [denyAll()] - Access is denied
2021-11-02T17:05:13.791Z sports2000 ROOT:f:00000020 denied anonymousUser [/_framework/Microsoft.Extensions.Primitives.dll] [denyAll()] - Access is denied
2021-11-02T17:05:13.805Z sports2000 ROOT:f:00000021 denied anonymousUser [/_framework/Microsoft.JSInterop.dll] [denyAll()] - Access is denied
2021-11-02T17:05:13.768Z sports2000 ROOT:f:0000001f denied anonymousUser [/_framework/Microsoft.Extensions.Options.dll] [denyAll()] - Access is denied
2021-11-02T17:05:13.817Z sports2000 ROOT:f:00000022 denied anonymousUser [/_framework/Microsoft.JSInterop.WebAssembly.dll] [denyAll()] - Access is denied
2021-11-02T17:05:13.753Z sports2000 ROOT:f:0000001e denied anonymousUser [/_framework/Microsoft.Extensions.Logging.Abstractions.dll] [denyAll()] - Access is denied
2021-11-02T17:05:13.825Z sports2000 ROOT:f:00000023 denied anonymousUser [/_framework/System.Data.Odbc.dll] [denyAll()] - Access is denied
2021-11-02T17:05:13.827Z sports2000 ROOT:f:00000024 denied anonymousUser [/_framework/Remotion.Linq.dll] [denyAll()] - Access is denied
2021-11-02T17:05:13.748Z sports2000 ROOT:f:0000001d denied anonymousUser [/_framework/Microsoft.Extensions.Logging.dll] [denyAll()] - Access is denied
2021-11-02T17:05:13.839Z sports2000 ROOT:f:00000027 denied anonymousUser [/_framework/Progress.o4glrt.dll] [denyAll()] - Access is denied
2021-11-02T17:05:13.837Z sports2000 ROOT:f:00000026 denied anonymousUser [/_framework/System.Interactive.Async.dll] [denyAll()] - Access is denied
2021-11-02T17:05:13.854Z sports2000 ROOT:f:0000002a denied anonymousUser [/_framework/Microsoft.Win32.Primitives.dll] [denyAll()] - Access is denied
2021-11-02T17:05:13.835Z sports2000 ROOT:f:00000025 denied anonymousUser [/_framework/Progress.Messages.dll] [denyAll()] - Access is denied
2021-11-02T17:05:13.861Z sports2000 ROOT:f:0000002b denied anonymousUser [/_framework/System.Buffers.dll] [denyAll()] - Access is denied
2021-11-02T17:05:13.841Z sports2000 ROOT:f:00000028 denied anonymousUser [/_framework/System.IO.Pipelines.dll] [denyAll()] - Access is denied
2021-11-02T17:05:13.906Z sports2000 ROOT:f:0000002f denied anonymousUser [/_framework/System.Collections.dll] [denyAll()] - Access is denied
2021-11-02T17:05:13.915Z sports2000 ROOT:f:00000030 denied anonymousUser [/_framework/System.ComponentModel.Annotations.dll] [denyAll()] - Access is denied
2021-11-02T17:05:13.921Z sports2000 ROOT:f:00000031 denied anonymousUser [/_framework/System.ComponentModel.Primitives.dll] [denyAll()] - Access is denied
2021-11-02T17:05:13.935Z sports2000 ROOT:f:00000032 denied anonymousUser [/_framework/System.ComponentModel.TypeConverter.dll] [denyAll()] - Access is denied
2021-11-02T17:05:13.946Z sports2000 ROOT:f:00000033 denied anonymousUser [/_framework/System.ComponentModel.dll] [denyAll()] - Access is denied
2021-11-02T17:05:13.954Z sports2000 ROOT:f:00000034 denied anonymousUser [/_framework/System.Console.dll] [denyAll()] - Access is denied
2021-11-02T17:05:13.960Z sports2000 ROOT:f:00000035 denied anonymousUser [/_framework/System.Collections.Immutable.dll] [denyAll()] - Access is denied
2021-11-02T17:05:13.972Z sports2000 ROOT:f:00000036 denied anonymousUser [/_framework/System.Diagnostics.Debug.dll] [denyAll()] - Access is denied
2021-11-02T17:05:13.980Z sports2000 ROOT:f:00000037 denied anonymousUser [/_framework/System.Diagnostics.DiagnosticSource.dll] [denyAll()] - Access is denied
2021-11-02T17:05:13.993Z sports2000 ROOT:f:00000038 denied anonymousUser [/_framework/System.Diagnostics.Process.dll] [denyAll()] - Access is denied
2021-11-02T17:05:14.007Z sports2000 ROOT:f:00000039 denied anonymousUser [/_framework/System.Diagnostics.TraceSource.dll] [denyAll()] - Access is denied
2021-11-02T17:05:14.030Z sports2000 ROOT:f:0000003a denied anonymousUser [/_framework/System.Drawing.Primitives.dll] [denyAll()] - Access is denied
2021-11-02T17:05:14.040Z sports2000 ROOT:f:0000003b denied anonymousUser [/_framework/System.Drawing.dll] [denyAll()] - Access is denied
2021-11-02T17:05:13.891Z sports2000 ROOT:f:0000002e denied anonymousUser [/_framework/System.Collections.Concurrent.dll] [denyAll()] - Access is denied
2021-11-02T17:05:13.869Z sports2000 ROOT:f:00000029 denied anonymousUser [/_framework/sports2000.dll] [denyAll()] - Access is denied
2021-11-02T17:05:13.888Z sports2000 ROOT:f:0000002d denied anonymousUser [/_framework/System.Collections.NonGeneric.dll] [denyAll()] - Access is denied
2021-11-02T17:05:13.885Z sports2000 ROOT:f:0000002c denied anonymousUser [/_framework/System.Collections.Specialized.dll] [denyAll()] - Access is denied
2021-11-02T17:05:14.106Z sports2000 ROOT:f:0000003c denied anonymousUser [/_framework/System.Data.Common.dll] [denyAll()] - Access is denied
2021-11-02T17:05:14.113Z sports2000 ROOT:f:0000003d denied anonymousUser [/_framework/System.IO.Compression.dll] [denyAll()] - Access is denied
2021-11-02T17:05:14.124Z sports2000 ROOT:f:0000003e denied anonymousUser [/_framework/System.IO.FileSystem.dll] [denyAll()] - Access is denied
2021-11-02T17:05:14.126Z sports2000 ROOT:f:0000003f denied anonymousUser [/_framework/System.Linq.Expressions.dll] [denyAll()] - Access is denied
2021-11-02T17:05:14.131Z sports2000 ROOT:f:00000040 denied anonymousUser [/_framework/System.Linq.Queryable.dll] [denyAll()] - Access is denied
2021-11-02T17:05:14.156Z sports2000 ROOT:f:00000041 denied anonymousUser [/_framework/System.Linq.dll] [denyAll()] - Access is denied
2021-11-02T17:05:14.162Z sports2000 ROOT:f:00000042 denied anonymousUser [/_framework/System.Memory.dll] [denyAll()] - Access is denied
2021-11-02T17:05:14.176Z sports2000 ROOT:f:00000043 denied anonymousUser [/_framework/System.Net.Http.Json.dll] [denyAll()] - Access is denied
2021-11-02T17:05:14.183Z sports2000 ROOT:f:00000044 denied anonymousUser [/_framework/System.Net.Http.dll] [denyAll()] - Access is denied
2021-11-02T17:05:14.192Z sports2000 ROOT:f:00000045 denied anonymousUser [/_framework/System.Net.NameResolution.dll] [denyAll()] - Access is denied
2021-11-02T17:05:14.197Z sports2000 ROOT:f:00000046 denied anonymousUser [/_framework/System.Net.Primitives.dll] [denyAll()] - Access is denied
2021-11-02T17:05:14.202Z sports2000 ROOT:f:00000047 denied anonymousUser [/_framework/System.Net.Requests.dll] [denyAll()] - Access is denied
2021-11-02T17:05:14.206Z sports2000 ROOT:f:00000048 denied anonymousUser [/_framework/System.Net.Security.dll] [denyAll()] - Access is denied
2021-11-02T17:05:14.229Z sports2000 ROOT:f:00000049 denied anonymousUser [/_framework/System.Net.ServicePoint.dll] [denyAll()] - Access is denied
2021-11-02T17:05:14.235Z sports2000 ROOT:f:0000004a denied anonymousUser [/_framework/System.Net.Sockets.dll] [denyAll()] - Access is denied
2021-11-02T17:05:14.240Z sports2000 ROOT:f:0000004b denied anonymousUser [/_framework/System.Net.WebHeaderCollection.dll] [denyAll()] - Access is denied
2021-11-02T17:05:14.245Z sports2000 ROOT:f:0000004c denied anonymousUser [/_framework/System.Net.WebProxy.dll] [denyAll()] - Access is denied
2021-11-02T17:05:14.253Z sports2000 ROOT:f:0000004d denied anonymousUser [/_framework/System.ObjectModel.dll] [denyAll()] - Access is denied
2021-11-02T17:05:14.263Z sports2000 ROOT:f:0000004e denied anonymousUser [/_framework/System.Private.Runtime.InteropServices.JavaScript.dll] [denyAll()] - Access is denied
2021-11-02T17:05:14.280Z sports2000 ROOT:f:0000004f denied anonymousUser [/_framework/System.Private.Uri.dll] [denyAll()] - Access is denied
2021-11-02T17:05:14.283Z sports2000 ROOT:f:00000050 denied anonymousUser [/_framework/System.Private.Xml.dll] [denyAll()] - Access is denied
2021-11-02T17:05:14.286Z sports2000 ROOT:f:00000051 denied anonymousUser [/_framework/System.Reflection.Extensions.dll] [denyAll()] - Access is denied
2021-11-02T17:05:14.291Z sports2000 ROOT:f:00000052 denied anonymousUser [/_framework/System.Reflection.dll] [denyAll()] - Access is denied
2021-11-02T17:05:14.297Z sports2000 ROOT:f:00000053 denied anonymousUser [/_framework/System.Resources.ResourceManager.dll] [denyAll()] - Access is denied
2021-11-02T17:05:14.301Z sports2000 ROOT:f:00000054 denied anonymousUser [/_framework/System.Runtime.CompilerServices.Unsafe.dll] [denyAll()] - Access is denied
2021-11-02T17:05:14.327Z sports2000 ROOT:f:00000055 denied anonymousUser [/_framework/System.Runtime.Extensions.dll] [denyAll()] - Access is denied
2021-11-02T17:05:14.335Z sports2000 ROOT:f:00000056 denied anonymousUser [/_framework/System.Runtime.InteropServices.RuntimeInformation.dll] [denyAll()] - Access is denied
2021-11-02T17:05:14.339Z sports2000 ROOT:f:00000057 denied anonymousUser [/_framework/System.Runtime.InteropServices.dll] [denyAll()] - Access is denied
2021-11-02T17:05:14.346Z sports2000 ROOT:f:00000058 denied anonymousUser [/_framework/System.Runtime.Numerics.dll] [denyAll()] - Access is denied
2021-11-02T17:05:14.350Z sports2000 ROOT:f:00000059 denied anonymousUser [/_framework/System.Runtime.Serialization.Formatters.dll] [denyAll()] - Access is denied
2021-11-02T17:05:14.356Z sports2000 ROOT:f:0000005a denied anonymousUser [/_framework/System.Runtime.dll] [denyAll()] - Access is denied
2021-11-02T17:05:14.421Z sports2000 ROOT:f:0000005c denied anonymousUser [/_framework/System.Security.Cryptography.Encoding.dll] [denyAll()] - Access is denied
2021-11-02T17:05:14.424Z sports2000 ROOT:f:0000005b denied anonymousUser [/_framework/System.Security.Cryptography.Algorithms.dll] [denyAll()] - Access is denied
2021-11-02T17:05:14.432Z sports2000 ROOT:f:0000005d denied anonymousUser [/_framework/System.Security.Cryptography.X509Certificates.dll] [denyAll()] - Access is denied
2021-11-02T17:05:14.437Z sports2000 ROOT:f:0000005e denied anonymousUser [/_framework/System.Text.Encodings.Web.dll] [denyAll()] - Access is denied
2021-11-02T17:05:14.439Z sports2000 ROOT:f:0000005f denied anonymousUser [/_framework/System.Text.Json.dll] [denyAll()] - Access is denied
2021-11-02T17:05:14.442Z sports2000 ROOT:f:00000060 denied anonymousUser [/_framework/System.Text.RegularExpressions.dll] [denyAll()] - Access is denied
2021-11-02T17:05:14.489Z sports2000 ROOT:f:00000061 denied anonymousUser [/_framework/System.Threading.Tasks.dll] [denyAll()] - Access is denied
2021-11-02T17:05:14.500Z sports2000 ROOT:f:00000062 denied anonymousUser [/_framework/System.Threading.Thread.dll] [denyAll()] - Access is denied
2021-11-02T17:05:14.520Z sports2000 ROOT:f:00000063 denied anonymousUser [/_framework/System.Threading.ThreadPool.dll] [denyAll()] - Access is denied
2021-11-02T17:05:14.551Z sports2000 ROOT:f:00000064 denied anonymousUser [/_framework/System.Threading.Timer.dll] [denyAll()] - Access is denied
2021-11-02T17:05:14.563Z sports2000 ROOT:f:00000065 denied anonymousUser [/_framework/System.Threading.dll] [denyAll()] - Access is denied
2021-11-02T17:05:14.569Z sports2000 ROOT:f:00000066 denied anonymousUser [/_framework/System.Transactions.Local.dll] [denyAll()] - Access is denied
2021-11-02T17:05:14.584Z sports2000 ROOT:f:00000067 denied anonymousUser [/_framework/System.dll] [denyAll()] - Access is denied
2021-11-02T17:05:14.591Z sports2000 ROOT:f:00000068 denied anonymousUser [/_framework/netstandard.dll] [denyAll()] - Access is denied
2021-11-02T17:05:14.598Z sports2000 ROOT:f:00000069 denied anonymousUser [/_framework/System.Private.CoreLib.dll] [denyAll()] - Access is denied
2021-11-02T17:05:14.603Z sports2000 ROOT:f:0000006a denied anonymousUser [/_framework/dotnet.wasm] [denyAll()] - Access is denied
2021-11-02T17:05:14.608Z sports2000 ROOT:f:0000006b denied anonymousUser [/_framework/dotnet.timezones.blat] [denyAll()] - Access is denied
2021-11-02T17:05:14.618Z sports2000 ROOT:f:0000006c denied anonymousUser [/_framework/icudt_EFIGS.dat] [denyAll()] - Access is denied
2021-11-02T17:05:19.337Z sports2000 ROOT:f:00000071 denied anonymousUser [/css/bootstrap/bootstrap.min.css.map] [denyAll()] - Access is denied
