2021-11-02T10:55:48.374Z INFO  [main] org.apache.coyote.AbstractProtocol.init - Initializing ProtocolHandler ["http-nio-8080"]
2021-11-02T10:55:48.690Z INFO  [main] org.apache.coyote.AbstractProtocol.init - Initializing ProtocolHandler ["https-jsse-nio-8443"]
2021-11-02T10:55:48.715Z INFO  [main] org.apache.catalina.startup.Catalina.load - Server initialization in [20598] milliseconds
2021-11-02T10:55:48.723Z INFO  [main] c.p.a.s.l.OeLifecycleListener.runStartupScripts - Running startup scripts
2021-11-02T10:55:48.987Z INFO  [main] o.a.catalina.core.StandardService.startInternal - Starting service [Catalina]
2021-11-02T10:55:48.990Z INFO  [main] o.a.catalina.core.StandardEngine.startInternal - Starting Servlet engine: [Apache Tomcat/9.0.45]
2021-11-02T10:55:52.810Z INFO  [Catalina-utility-1] o.apache.catalina.startup.HostConfig.deployWAR - Deploying web application archive [C:\WorkDir\sports2000\OpenEdge\PAS\webapps\manager.war]
2021-11-02T10:55:56.294Z INFO  [Catalina-utility-1] o.apache.catalina.startup.HostConfig.deployWAR - Deployment of web application archive [C:\WorkDir\sports2000\OpenEdge\PAS\webapps\manager.war] has finished in [3,483] ms
2021-11-02T10:55:56.453Z INFO  [Catalina-utility-1] o.apache.catalina.startup.HostConfig.deployWAR - Deploying web application archive [C:\WorkDir\sports2000\OpenEdge\PAS\webapps\oedbg.war]
2021-11-02T10:56:00.790Z INFO  [Catalina-utility-1] o.apache.catalina.startup.HostConfig.deployWAR - Deployment of web application archive [C:\WorkDir\sports2000\OpenEdge\PAS\webapps\oedbg.war] has finished in [4,336] ms
2021-11-02T10:56:00.987Z INFO  [Catalina-utility-1] o.apache.catalina.startup.HostConfig.deployWAR - Deploying web application archive [C:\WorkDir\sports2000\OpenEdge\PAS\webapps\oemanager.war]
2021-11-02T10:56:38.036Z INFO  [Catalina-utility-1] o.apache.catalina.startup.HostConfig.deployWAR - Deployment of web application archive [C:\WorkDir\sports2000\OpenEdge\PAS\webapps\oemanager.war] has finished in [37,049] ms
2021-11-02T10:56:38.087Z INFO  [Catalina-utility-1] o.apache.catalina.startup.HostConfig.deployWAR - Deploying web application archive [C:\WorkDir\sports2000\OpenEdge\PAS\webapps\restWeb.war]
2021-11-02T10:57:05.543Z INFO  [Catalina-utility-1] o.apache.catalina.startup.HostConfig.deployWAR - Deployment of web application archive [C:\WorkDir\sports2000\OpenEdge\PAS\webapps\restWeb.war] has finished in [27,456] ms
2021-11-02T10:57:05.795Z INFO  [Catalina-utility-1] o.apache.catalina.startup.HostConfig.deployDirectory - Deploying web application directory [C:\WorkDir\sports2000\OpenEdge\PAS\webapps\ROOT]
2021-11-02T10:57:21.097Z INFO  [Catalina-utility-1] o.apache.catalina.startup.HostConfig.deployDirectory - Deployment of web application directory [C:\WorkDir\sports2000\OpenEdge\PAS\webapps\ROOT] has finished in [15,302] ms
2021-11-02T10:57:21.119Z INFO  [main] org.apache.coyote.AbstractProtocol.start - Starting ProtocolHandler ["http-nio-8080"]
2021-11-02T10:57:21.133Z INFO  [main] org.apache.coyote.AbstractProtocol.start - Starting ProtocolHandler ["https-jsse-nio-8443"]
2021-11-02T10:57:21.950Z INFO  [main] c.p.a.s.l.OeLifecycleListener.runStartedScripts - Running started scripts
2021-11-02T10:57:21.953Z INFO  [main] c.p.a.s.l.OeLifecycleListener.startHealthCollector - Health collector disabled
2021-11-02T10:57:21.953Z INFO  [main] org.apache.catalina.startup.Catalina.start - Server startup in [93232] milliseconds
2021-11-02T12:32:49.595Z INFO  [Thread-6] c.p.a.s.l.OeLifecycleListener.runStoppingScripts - Running stopping scripts
2021-11-02T12:32:50.084Z INFO  [Thread-6] org.apache.coyote.AbstractProtocol.pause - Pausing ProtocolHandler ["http-nio-8080"]
2021-11-02T12:32:50.084Z INFO  [Thread-6] org.apache.coyote.AbstractProtocol.pause - Pausing ProtocolHandler ["https-jsse-nio-8443"]
2021-11-02T12:32:50.084Z INFO  [Thread-6] o.a.catalina.core.StandardService.stopInternal - Stopping service [Catalina]
2021-11-02T12:32:54.616Z WARN  [Catalina-utility-2] o.a.c.loader.WebappClassLoaderBase.clearReferencesThreads - The web application [restWeb] appears to have started a thread named [PropertyFileMonitor] but has failed to stop it. This is very likely to create a memory leak. Stack trace of thread:
 java.base@11.0.4/java.lang.Thread.sleep(Native Method)
 com.progress.appserv.services.properties.ubimpl.ubWatchDog.run(ubWatchDog.java:122)
2021-11-02T12:32:54.631Z WARN  [Catalina-utility-2] o.a.c.loader.WebappClassLoaderBase.clearReferencesThreads - The web application [restWeb] appears to have started a thread named [PropertyFileMonitor] but has failed to stop it. This is very likely to create a memory leak. Stack trace of thread:
 java.base@11.0.4/java.lang.Thread.sleep(Native Method)
 com.progress.appserv.services.properties.ubimpl.ubWatchDog.run(ubWatchDog.java:122)
2021-11-02T12:32:54.631Z WARN  [Catalina-utility-2] o.a.c.loader.WebappClassLoaderBase.clearReferencesThreads - The web application [restWeb] appears to have started a thread named [X0xLikGQRBG_YsHgmq8tcQ-agent-watchdog] but has failed to stop it. This is very likely to create a memory leak. Stack trace of thread:
 java.base@11.0.4/sun.nio.ch.WindowsSelectorImpl$SubSelector.poll0(Native Method)
 java.base@11.0.4/sun.nio.ch.WindowsSelectorImpl$SubSelector.poll(WindowsSelectorImpl.java:339)
 java.base@11.0.4/sun.nio.ch.WindowsSelectorImpl.doSelect(WindowsSelectorImpl.java:167)
 java.base@11.0.4/sun.nio.ch.SelectorImpl.lockAndDoSelect(SelectorImpl.java:124)
 java.base@11.0.4/sun.nio.ch.SelectorImpl.select(SelectorImpl.java:136)
 com.progress.appserv.broker.agent.TcpAgentPool$AgentPoolWatchdog.run(TcpAgentPool.java:2933)
2021-11-02T12:32:54.631Z WARN  [Catalina-utility-2] o.a.c.loader.WebappClassLoaderBase.clearReferencesThreads - The web application [restWeb] appears to have started a thread named [X0xLikGQRBG_YsHgmq8tcQ-starter-0] but has failed to stop it. This is very likely to create a memory leak. Stack trace of thread:
 java.base@11.0.4/jdk.internal.misc.Unsafe.park(Native Method)
 java.base@11.0.4/java.util.concurrent.locks.LockSupport.park(LockSupport.java:194)
 java.base@11.0.4/java.util.concurrent.locks.AbstractQueuedSynchronizer$ConditionObject.await(AbstractQueuedSynchronizer.java:2081)
 java.base@11.0.4/java.util.concurrent.LinkedBlockingQueue.take(LinkedBlockingQueue.java:433)
 java.base@11.0.4/java.util.concurrent.ThreadPoolExecutor.getTask(ThreadPoolExecutor.java:1054)
 java.base@11.0.4/java.util.concurrent.ThreadPoolExecutor.runWorker(ThreadPoolExecutor.java:1114)
 java.base@11.0.4/java.util.concurrent.ThreadPoolExecutor$Worker.run(ThreadPoolExecutor.java:628)
 java.base@11.0.4/java.lang.Thread.run(Thread.java:834)
2021-11-02T12:32:54.631Z WARN  [Catalina-utility-2] o.a.c.loader.WebappClassLoaderBase.clearReferencesThreads - The web application [restWeb] appears to have started a thread named [{}[SP-2]idleSessionWatchdog] but has failed to stop it. This is very likely to create a memory leak. Stack trace of thread:
 java.base@11.0.4/java.lang.Thread.sleep(Native Method)
 com.progress.common.util.WatchDog.run(WatchDog.java:113)
2021-11-02T12:32:54.850Z WARN  [Catalina-utility-2] o.a.c.loader.WebappClassLoaderBase.clearReferencesThreads - The web application [oedbg] appears to have started a thread named [logback-1] but has failed to stop it. This is very likely to create a memory leak. Stack trace of thread:
 java.base@11.0.4/jdk.internal.misc.Unsafe.park(Native Method)
 java.base@11.0.4/java.util.concurrent.locks.LockSupport.park(LockSupport.java:194)
 java.base@11.0.4/java.util.concurrent.locks.AbstractQueuedSynchronizer$ConditionObject.await(AbstractQueuedSynchronizer.java:2081)
 java.base@11.0.4/java.util.concurrent.ScheduledThreadPoolExecutor$DelayedWorkQueue.take(ScheduledThreadPoolExecutor.java:1177)
 java.base@11.0.4/java.util.concurrent.ScheduledThreadPoolExecutor$DelayedWorkQueue.take(ScheduledThreadPoolExecutor.java:899)
 java.base@11.0.4/java.util.concurrent.ThreadPoolExecutor.getTask(ThreadPoolExecutor.java:1054)
 java.base@11.0.4/java.util.concurrent.ThreadPoolExecutor.runWorker(ThreadPoolExecutor.java:1114)
 java.base@11.0.4/java.util.concurrent.ThreadPoolExecutor$Worker.run(ThreadPoolExecutor.java:628)
 java.base@11.0.4/java.lang.Thread.run(Thread.java:834)
2021-11-02T12:32:54.871Z WARN  [Catalina-utility-2] o.a.c.loader.WebappClassLoaderBase.clearReferencesThreads - The web application [oedbg] appears to have started a thread named [logback-2] but has failed to stop it. This is very likely to create a memory leak. Stack trace of thread:
 java.base@11.0.4/jdk.internal.misc.Unsafe.park(Native Method)
 java.base@11.0.4/java.util.concurrent.locks.LockSupport.park(LockSupport.java:194)
 java.base@11.0.4/java.util.concurrent.locks.AbstractQueuedSynchronizer$ConditionObject.await(AbstractQueuedSynchronizer.java:2081)
 java.base@11.0.4/java.util.concurrent.ScheduledThreadPoolExecutor$DelayedWorkQueue.take(ScheduledThreadPoolExecutor.java:1177)
 java.base@11.0.4/java.util.concurrent.ScheduledThreadPoolExecutor$DelayedWorkQueue.take(ScheduledThreadPoolExecutor.java:899)
 java.base@11.0.4/java.util.concurrent.ThreadPoolExecutor.getTask(ThreadPoolExecutor.java:1054)
 java.base@11.0.4/java.util.concurrent.ThreadPoolExecutor.runWorker(ThreadPoolExecutor.java:1114)
 java.base@11.0.4/java.util.concurrent.ThreadPoolExecutor$Worker.run(ThreadPoolExecutor.java:628)
 java.base@11.0.4/java.lang.Thread.run(Thread.java:834)
2021-11-02T12:32:54.871Z WARN  [Catalina-utility-2] o.a.c.loader.WebappClassLoaderBase.clearReferencesThreads - The web application [oedbg] appears to have started a thread named [logback-3] but has failed to stop it. This is very likely to create a memory leak. Stack trace of thread:
 java.base@11.0.4/jdk.internal.misc.Unsafe.park(Native Method)
 java.base@11.0.4/java.util.concurrent.locks.LockSupport.parkNanos(LockSupport.java:234)
 java.base@11.0.4/java.util.concurrent.locks.AbstractQueuedSynchronizer$ConditionObject.awaitNanos(AbstractQueuedSynchronizer.java:2123)
 java.base@11.0.4/java.util.concurrent.ScheduledThreadPoolExecutor$DelayedWorkQueue.take(ScheduledThreadPoolExecutor.java:1182)
 java.base@11.0.4/java.util.concurrent.ScheduledThreadPoolExecutor$DelayedWorkQueue.take(ScheduledThreadPoolExecutor.java:899)
 java.base@11.0.4/java.util.concurrent.ThreadPoolExecutor.getTask(ThreadPoolExecutor.java:1054)
 java.base@11.0.4/java.util.concurrent.ThreadPoolExecutor.runWorker(ThreadPoolExecutor.java:1114)
 java.base@11.0.4/java.util.concurrent.ThreadPoolExecutor$Worker.run(ThreadPoolExecutor.java:628)
 java.base@11.0.4/java.lang.Thread.run(Thread.java:834)
2021-11-02T12:32:54.871Z WARN  [Catalina-utility-2] o.a.c.loader.WebappClassLoaderBase.clearReferencesThreads - The web application [oedbg] appears to have started a thread named [logback-4] but has failed to stop it. This is very likely to create a memory leak. Stack trace of thread:
 java.base@11.0.4/jdk.internal.misc.Unsafe.park(Native Method)
 java.base@11.0.4/java.util.concurrent.locks.LockSupport.park(LockSupport.java:194)
 java.base@11.0.4/java.util.concurrent.locks.AbstractQueuedSynchronizer$ConditionObject.await(AbstractQueuedSynchronizer.java:2081)
 java.base@11.0.4/java.util.concurrent.ScheduledThreadPoolExecutor$DelayedWorkQueue.take(ScheduledThreadPoolExecutor.java:1177)
 java.base@11.0.4/java.util.concurrent.ScheduledThreadPoolExecutor$DelayedWorkQueue.take(ScheduledThreadPoolExecutor.java:899)
 java.base@11.0.4/java.util.concurrent.ThreadPoolExecutor.getTask(ThreadPoolExecutor.java:1054)
 java.base@11.0.4/java.util.concurrent.ThreadPoolExecutor.runWorker(ThreadPoolExecutor.java:1114)
 java.base@11.0.4/java.util.concurrent.ThreadPoolExecutor$Worker.run(ThreadPoolExecutor.java:628)
 java.base@11.0.4/java.lang.Thread.run(Thread.java:834)
2021-11-02T12:32:54.871Z WARN  [Catalina-utility-2] o.a.c.loader.WebappClassLoaderBase.clearReferencesThreads - The web application [oedbg] appears to have started a thread named [logback-5] but has failed to stop it. This is very likely to create a memory leak. Stack trace of thread:
 java.base@11.0.4/jdk.internal.misc.Unsafe.park(Native Method)
 java.base@11.0.4/java.util.concurrent.locks.LockSupport.park(LockSupport.java:194)
 java.base@11.0.4/java.util.concurrent.locks.AbstractQueuedSynchronizer$ConditionObject.await(AbstractQueuedSynchronizer.java:2081)
 java.base@11.0.4/java.util.concurrent.ScheduledThreadPoolExecutor$DelayedWorkQueue.take(ScheduledThreadPoolExecutor.java:1177)
 java.base@11.0.4/java.util.concurrent.ScheduledThreadPoolExecutor$DelayedWorkQueue.take(ScheduledThreadPoolExecutor.java:899)
 java.base@11.0.4/java.util.concurrent.ThreadPoolExecutor.getTask(ThreadPoolExecutor.java:1054)
 java.base@11.0.4/java.util.concurrent.ThreadPoolExecutor.runWorker(ThreadPoolExecutor.java:1114)
 java.base@11.0.4/java.util.concurrent.ThreadPoolExecutor$Worker.run(ThreadPoolExecutor.java:628)
 java.base@11.0.4/java.lang.Thread.run(Thread.java:834)
2021-11-02T12:32:54.871Z WARN  [Catalina-utility-2] o.a.c.loader.WebappClassLoaderBase.clearReferencesThreads - The web application [oedbg] appears to have started a thread named [logback-6] but has failed to stop it. This is very likely to create a memory leak. Stack trace of thread:
 java.base@11.0.4/jdk.internal.misc.Unsafe.park(Native Method)
 java.base@11.0.4/java.util.concurrent.locks.LockSupport.park(LockSupport.java:194)
 java.base@11.0.4/java.util.concurrent.locks.AbstractQueuedSynchronizer$ConditionObject.await(AbstractQueuedSynchronizer.java:2081)
 java.base@11.0.4/java.util.concurrent.ScheduledThreadPoolExecutor$DelayedWorkQueue.take(ScheduledThreadPoolExecutor.java:1177)
 java.base@11.0.4/java.util.concurrent.ScheduledThreadPoolExecutor$DelayedWorkQueue.take(ScheduledThreadPoolExecutor.java:899)
 java.base@11.0.4/java.util.concurrent.ThreadPoolExecutor.getTask(ThreadPoolExecutor.java:1054)
 java.base@11.0.4/java.util.concurrent.ThreadPoolExecutor.runWorker(ThreadPoolExecutor.java:1114)
 java.base@11.0.4/java.util.concurrent.ThreadPoolExecutor$Worker.run(ThreadPoolExecutor.java:628)
 java.base@11.0.4/java.lang.Thread.run(Thread.java:834)
2021-11-02T12:32:54.871Z WARN  [Catalina-utility-2] o.a.c.loader.WebappClassLoaderBase.clearReferencesThreads - The web application [oedbg] appears to have started a thread named [logback-7] but has failed to stop it. This is very likely to create a memory leak. Stack trace of thread:
 java.base@11.0.4/jdk.internal.misc.Unsafe.park(Native Method)
 java.base@11.0.4/java.util.concurrent.locks.LockSupport.park(LockSupport.java:194)
 java.base@11.0.4/java.util.concurrent.locks.AbstractQueuedSynchronizer$ConditionObject.await(AbstractQueuedSynchronizer.java:2081)
 java.base@11.0.4/java.util.concurrent.ScheduledThreadPoolExecutor$DelayedWorkQueue.take(ScheduledThreadPoolExecutor.java:1177)
 java.base@11.0.4/java.util.concurrent.ScheduledThreadPoolExecutor$DelayedWorkQueue.take(ScheduledThreadPoolExecutor.java:899)
 java.base@11.0.4/java.util.concurrent.ThreadPoolExecutor.getTask(ThreadPoolExecutor.java:1054)
 java.base@11.0.4/java.util.concurrent.ThreadPoolExecutor.runWorker(ThreadPoolExecutor.java:1114)
 java.base@11.0.4/java.util.concurrent.ThreadPoolExecutor$Worker.run(ThreadPoolExecutor.java:628)
 java.base@11.0.4/java.lang.Thread.run(Thread.java:834)
2021-11-02T12:32:54.881Z WARN  [Catalina-utility-2] o.a.c.loader.WebappClassLoaderBase.clearReferencesThreads - The web application [oedbg] appears to have started a thread named [logback-8] but has failed to stop it. This is very likely to create a memory leak. Stack trace of thread:
 java.base@11.0.4/jdk.internal.misc.Unsafe.park(Native Method)
 java.base@11.0.4/java.util.concurrent.locks.LockSupport.park(LockSupport.java:194)
 java.base@11.0.4/java.util.concurrent.locks.AbstractQueuedSynchronizer$ConditionObject.await(AbstractQueuedSynchronizer.java:2081)
 java.base@11.0.4/java.util.concurrent.ScheduledThreadPoolExecutor$DelayedWorkQueue.take(ScheduledThreadPoolExecutor.java:1177)
 java.base@11.0.4/java.util.concurrent.ScheduledThreadPoolExecutor$DelayedWorkQueue.take(ScheduledThreadPoolExecutor.java:899)
 java.base@11.0.4/java.util.concurrent.ThreadPoolExecutor.getTask(ThreadPoolExecutor.java:1054)
 java.base@11.0.4/java.util.concurrent.ThreadPoolExecutor.runWorker(ThreadPoolExecutor.java:1114)
 java.base@11.0.4/java.util.concurrent.ThreadPoolExecutor$Worker.run(ThreadPoolExecutor.java:628)
 java.base@11.0.4/java.lang.Thread.run(Thread.java:834)
2021-11-02T12:32:54.928Z INFO  [Thread-6] org.apache.coyote.AbstractProtocol.stop - Stopping ProtocolHandler ["http-nio-8080"]
2021-11-02T12:32:54.928Z INFO  [Thread-6] org.apache.coyote.AbstractProtocol.stop - Stopping ProtocolHandler ["https-jsse-nio-8443"]
2021-11-02T12:32:54.944Z INFO  [Thread-6] c.p.a.s.l.OeLifecycleListener.runShutdownScripts - Running shutdown scripts
2021-11-02T12:32:54.959Z INFO  [Thread-6] org.apache.coyote.AbstractProtocol.destroy - Destroying ProtocolHandler ["http-nio-8080"]
2021-11-02T12:32:54.959Z INFO  [Thread-6] org.apache.coyote.AbstractProtocol.destroy - Destroying ProtocolHandler ["https-jsse-nio-8443"]
