0:0:0:0:0:0:0:1 - anonymousUser [2021-11-02T12:08:52.422Z] "GET /restWeb/web/employee HTTP/1.1" 200 - restWeb:w:00000001 
0:0:0:0:0:0:0:1 - anonymousUser [2021-11-02T12:11:27.625Z] "GET /restWeb/web/department HTTP/1.1" 200 - restWeb:w:00000002 
0:0:0:0:0:0:0:1 - anonymousUser [2021-11-02T12:11:27.788Z] "GET /restWeb/web/employee HTTP/1.1" 200 - restWeb:w:00000003 
0:0:0:0:0:0:0:1 - anonymousUser [2021-11-02T12:16:18.076Z] "GET /restWeb/ HTTP/1.1" 302 - restWeb:f:00000004 
0:0:0:0:0:0:0:1 - anonymousUser [2021-11-02T12:16:18.107Z] "GET /restWeb/static/index.html HTTP/1.1" 200 3645 restWeb:f:00000005 
0:0:0:0:0:0:0:1 - anonymousUser [2021-11-02T12:16:18.210Z] "GET /restWeb/static/commonStyle.css HTTP/1.1" 200 4418 restWeb:f:00000006 
0:0:0:0:0:0:0:1 - anonymousUser [2021-11-02T12:16:18.331Z] "GET /restWeb/static/images/progress.png HTTP/1.1" 200 15189 restWeb:f:00000007 
0:0:0:0:0:0:0:1 - anonymousUser [2021-11-02T12:16:18.336Z] "GET /restWeb/static/images/videos.png HTTP/1.1" 200 1445 restWeb:f:0000000c 
0:0:0:0:0:0:0:1 - anonymousUser [2021-11-02T12:16:18.340Z] "GET /restWeb/static/serverstatus.js HTTP/1.1" 200 3102 restWeb:f:00000008 
0:0:0:0:0:0:0:1 - anonymousUser [2021-11-02T12:16:18.355Z] "GET /restWeb/static/images/appserver2.png HTTP/1.1" 200 1627 restWeb:f:00000009 
0:0:0:0:0:0:0:1 - anonymousUser [2021-11-02T12:16:18.368Z] "GET /restWeb/static/images/gear.png HTTP/1.1" 200 17253 restWeb:f:0000000a 
0:0:0:0:0:0:0:1 - anonymousUser [2021-11-02T12:16:18.369Z] "GET /restWeb/static/images/appserver.png HTTP/1.1" 200 1619 restWeb:f:0000000b 
0:0:0:0:0:0:0:1 - anonymousUser [2021-11-02T12:16:18.418Z] "GET /restWeb/static/images/qstart.png HTTP/1.1" 200 3028 restWeb:f:0000000d 
0:0:0:0:0:0:0:1 - anonymousUser [2021-11-02T12:16:18.425Z] "GET /restWeb/static/images/documentation.png HTTP/1.1" 200 1201 restWeb:f:0000000e 
0:0:0:0:0:0:0:1 - anonymousUser [2021-11-02T12:16:18.461Z] "GET /restWeb/static/images/communities.png HTTP/1.1" 200 3328 restWeb:f:0000000f 
0:0:0:0:0:0:0:1 - anonymousUser [2021-11-02T12:16:18.473Z] "GET /restWeb/static/images/content.png HTTP/1.1" 200 2510 restWeb:f:00000010 
0:0:0:0:0:0:0:1 - anonymousUser [2021-11-02T12:16:18.506Z] "GET /restWeb/static/images/background.png HTTP/1.1" 200 243375 restWeb:f:00000011 
0:0:0:0:0:0:0:1 - anonymousUser [2021-11-02T12:16:18.834Z] "GET /restWeb/server HTTP/1.1" 200 - restWeb:f:00000012 
0:0:0:0:0:0:0:1 - anonymousUser [2021-11-02T12:22:01.751Z] "GET /restWeb/static/blazorApp HTTP/1.1" 302 - restWeb:f:00000013 
0:0:0:0:0:0:0:1 - anonymousUser [2021-11-02T12:22:02.311Z] "GET /restWeb/static/blazorApp/ HTTP/1.1" 404 2173 restWeb:f:00000014 
0:0:0:0:0:0:0:1 - anonymousUser [2021-11-02T12:22:02.374Z] "GET /restWeb/static/commonStyle.css HTTP/1.1" 200 4418 restWeb:f:00000015 
0:0:0:0:0:0:0:1 - anonymousUser [2021-11-02T12:22:02.401Z] "GET /restWeb/static/images/progress.png HTTP/1.1" 200 15189 restWeb:f:00000016 
0:0:0:0:0:0:0:1 - anonymousUser [2021-11-02T12:22:02.447Z] "GET /restWeb/static/images/background.png HTTP/1.1" 200 243375 restWeb:f:00000018 
0:0:0:0:0:0:0:1 - anonymousUser [2021-11-02T12:22:02.450Z] "GET /restWeb/static/images/appserver2.png HTTP/1.1" 200 1627 restWeb:f:00000017 
0:0:0:0:0:0:0:1 - anonymousUser [2021-11-02T12:22:16.457Z] "GET /restWeb/static/blazorApp/index.html HTTP/1.1" 404 2241 restWeb:f:00000019 
0:0:0:0:0:0:0:1 - anonymousUser [2021-11-02T12:22:16.534Z] "GET /restWeb/static/commonStyle.css HTTP/1.1" 200 4418 restWeb:f:0000001a 
0:0:0:0:0:0:0:1 - anonymousUser [2021-11-02T12:22:16.537Z] "GET /restWeb/static/images/progress.png HTTP/1.1" 200 15189 restWeb:f:0000001b 
0:0:0:0:0:0:0:1 - anonymousUser [2021-11-02T12:22:16.580Z] "GET /restWeb/static/images/appserver2.png HTTP/1.1" 200 1627 restWeb:f:0000001c 
0:0:0:0:0:0:0:1 - anonymousUser [2021-11-02T12:22:16.616Z] "GET /restWeb/static/images/background.png HTTP/1.1" 200 243375 restWeb:f:0000001d 
0:0:0:0:0:0:0:1 - anonymousUser [2021-11-02T12:22:38.173Z] "GET /restWeb/static/index.html HTTP/1.1" 200 3645 restWeb:f:0000001e 
0:0:0:0:0:0:0:1 - anonymousUser [2021-11-02T12:22:38.275Z] "GET /restWeb/static/commonStyle.css HTTP/1.1" 200 4418 restWeb:f:0000001f 
0:0:0:0:0:0:0:1 - anonymousUser [2021-11-02T12:22:38.299Z] "GET /restWeb/static/images/progress.png HTTP/1.1" 200 15189 restWeb:f:00000020 
0:0:0:0:0:0:0:1 - anonymousUser [2021-11-02T12:22:38.307Z] "GET /restWeb/static/serverstatus.js HTTP/1.1" 200 3102 restWeb:f:00000021 
0:0:0:0:0:0:0:1 - anonymousUser [2021-11-02T12:22:38.311Z] "GET /restWeb/static/images/appserver2.png HTTP/1.1" 200 1627 restWeb:f:00000022 
0:0:0:0:0:0:0:1 - anonymousUser [2021-11-02T12:22:38.320Z] "GET /restWeb/static/images/appserver.png HTTP/1.1" 200 1619 restWeb:f:00000023 
0:0:0:0:0:0:0:1 - anonymousUser [2021-11-02T12:22:38.329Z] "GET /restWeb/static/images/gear.png HTTP/1.1" 200 17253 restWeb:f:00000024 
0:0:0:0:0:0:0:1 - anonymousUser [2021-11-02T12:22:38.397Z] "GET /restWeb/static/images/videos.png HTTP/1.1" 200 1445 restWeb:f:00000025 
0:0:0:0:0:0:0:1 - anonymousUser [2021-11-02T12:22:38.406Z] "GET /restWeb/static/images/qstart.png HTTP/1.1" 200 3028 restWeb:f:00000026 
0:0:0:0:0:0:0:1 - anonymousUser [2021-11-02T12:22:38.421Z] "GET /restWeb/static/images/documentation.png HTTP/1.1" 200 1201 restWeb:f:00000027 
0:0:0:0:0:0:0:1 - anonymousUser [2021-11-02T12:22:38.441Z] "GET /restWeb/static/images/content.png HTTP/1.1" 200 2510 restWeb:f:00000028 
0:0:0:0:0:0:0:1 - anonymousUser [2021-11-02T12:22:38.441Z] "GET /restWeb/static/images/communities.png HTTP/1.1" 200 3328 restWeb:f:00000029 
0:0:0:0:0:0:0:1 - anonymousUser [2021-11-02T12:22:38.448Z] "GET /restWeb/server HTTP/1.1" 200 - restWeb:f:0000002a 
0:0:0:0:0:0:0:1 - anonymousUser [2021-11-02T12:22:38.506Z] "GET /restWeb/static/images/background.png HTTP/1.1" 200 243375 restWeb:f:0000002b 
0:0:0:0:0:0:0:1 - anonymousUser [2021-11-02T12:24:05.440Z] "GET /restWeb/static/index.html HTTP/1.1" 200 946 restWeb:f:0000002c 
0:0:0:0:0:0:0:1 - anonymousUser [2021-11-02T12:24:08.460Z] "GET /sports2000.styles.css HTTP/1.1" 404 2158 ROOT:f:00000003 
0:0:0:0:0:0:0:1 - anonymousUser [2021-11-02T12:24:08.459Z] "GET /_content/Radzen.Blazor/Radzen.Blazor.js HTTP/1.1" 404 2230 ROOT:f:00000006 
0:0:0:0:0:0:0:1 - anonymousUser [2021-11-02T12:24:08.461Z] "GET /_content/Radzen.Blazor/css/default-base.css HTTP/1.1" 404 2246 ROOT:f:00000004 
0:0:0:0:0:0:0:1 - anonymousUser [2021-11-02T12:24:08.462Z] "GET /css/app.css HTTP/1.1" 404 2118 ROOT:f:00000002 
0:0:0:0:0:0:0:1 - anonymousUser [2021-11-02T12:24:08.461Z] "GET /css/bootstrap/bootstrap.min.css HTTP/1.1" 404 2198 ROOT:f:00000001 
0:0:0:0:0:0:0:1 - anonymousUser [2021-11-02T12:24:08.462Z] "GET /_content/Radzen.Blazor/css/default.css HTTP/1.1" 404 2226 ROOT:f:00000005 
0:0:0:0:0:0:0:1 - anonymousUser [2021-11-02T12:24:08.504Z] "GET /_framework/blazor.webassembly.js HTTP/1.1" 404 2202 ROOT:f:00000007 
0:0:0:0:0:0:0:1 - anonymousUser [2021-11-02T12:24:08.710Z] "GET /favicon.ico HTTP/1.1" 200 370070 ROOT:f:00000008 
0:0:0:0:0:0:0:1 - anonymousUser [2021-11-02T12:24:15.465Z] "GET /sports2000.styles.css HTTP/1.1" 404 2158 ROOT:f:0000000b 
0:0:0:0:0:0:0:1 - anonymousUser [2021-11-02T12:24:15.466Z] "GET /css/bootstrap/bootstrap.min.css HTTP/1.1" 404 2198 ROOT:f:00000009 
0:0:0:0:0:0:0:1 - anonymousUser [2021-11-02T12:24:15.467Z] "GET /css/app.css HTTP/1.1" 404 2118 ROOT:f:0000000a 
0:0:0:0:0:0:0:1 - anonymousUser [2021-11-02T12:24:15.477Z] "GET /_content/Radzen.Blazor/css/default.css HTTP/1.1" 404 2226 ROOT:f:0000000d 
0:0:0:0:0:0:0:1 - anonymousUser [2021-11-02T12:24:15.479Z] "GET /_content/Radzen.Blazor/css/default-base.css HTTP/1.1" 404 2246 ROOT:f:0000000c 
0:0:0:0:0:0:0:1 - anonymousUser [2021-11-02T12:27:19.489Z] "GET /restWeb/static/index.html HTTP/1.1" 200 1000 restWeb:f:0000002d 
0:0:0:0:0:0:0:1 - anonymousUser [2021-11-02T12:27:19.656Z] "GET /css/bootstrap/bootstrap.min.css HTTP/1.1" 404 2198 ROOT:f:0000000e 
0:0:0:0:0:0:0:1 - anonymousUser [2021-11-02T12:27:19.845Z] "GET /css/app.css HTTP/1.1" 404 2118 ROOT:f:0000000f 
0:0:0:0:0:0:0:1 - anonymousUser [2021-11-02T12:27:19.861Z] "GET /sports2000.styles.css HTTP/1.1" 404 2158 ROOT:f:00000010 
0:0:0:0:0:0:0:1 - anonymousUser [2021-11-02T12:27:19.884Z] "GET /_content/Radzen.Blazor/css/default.css HTTP/1.1" 404 2226 ROOT:f:00000011 
0:0:0:0:0:0:0:1 - anonymousUser [2021-11-02T12:27:19.888Z] "GET /_content/Radzen.Blazor/css/default-base.css HTTP/1.1" 404 2246 ROOT:f:00000012 
0:0:0:0:0:0:0:1 - anonymousUser [2021-11-02T12:27:19.917Z] "GET /_content/Radzen.Blazor/Radzen.Blazor.js HTTP/1.1" 404 2230 ROOT:f:00000013 
0:0:0:0:0:0:0:1 - anonymousUser [2021-11-02T12:27:19.925Z] "GET /_framework/blazor.webassembly.js HTTP/1.1" 404 2202 ROOT:f:00000014 
0:0:0:0:0:0:0:1 - anonymousUser [2021-11-02T12:27:19.984Z] "GET /favicon.ico HTTP/1.1" 200 370070 ROOT:f:00000015 
0:0:0:0:0:0:0:1 - anonymousUser [2021-11-02T12:30:19.776Z] "GET /test.html HTTP/1.1" 200 93 ROOT:f:00000016 
0:0:0:0:0:0:0:1 - anonymousUser [2021-11-02T12:31:34.175Z] "GET / HTTP/1.1" 200 722 ROOT:f:00000017 
0:0:0:0:0:0:0:1 - anonymousUser [2021-11-02T12:31:34.310Z] "GET /css/app.css HTTP/1.1" 200 911 ROOT:f:00000019 
0:0:0:0:0:0:0:1 - anonymousUser [2021-11-02T12:31:34.342Z] "GET /sports2000.styles.css HTTP/1.1" 200 2784 ROOT:f:0000001a 
0:0:0:0:0:0:0:1 - anonymousUser [2021-11-02T12:31:34.342Z] "GET /css/bootstrap/bootstrap.min.css HTTP/1.1" 200 155764 ROOT:f:00000018 
0:0:0:0:0:0:0:1 - anonymousUser [2021-11-02T12:31:34.396Z] "GET /css/open-iconic/font/css/open-iconic-bootstrap.min.css HTTP/1.1" 200 9395 ROOT:f:0000001c 
0:0:0:0:0:0:0:1 - anonymousUser [2021-11-02T12:31:34.466Z] "GET /_framework/blazor.webassembly.js HTTP/1.1" 200 76966 ROOT:f:0000001b 
0:0:0:0:0:0:0:1 - anonymousUser [2021-11-02T12:31:34.648Z] "GET /_framework/blazor.boot.json HTTP/1.1" 200 9865 ROOT:f:0000001d 
0:0:0:0:0:0:0:1 - anonymousUser [2021-11-02T12:31:34.931Z] "GET /_framework/EntityFrameworkCore.OpenEdge.dll HTTP/1.1" 403 2189 ROOT:f:00000020 
0:0:0:0:0:0:0:1 - anonymousUser [2021-11-02T12:31:34.933Z] "GET /_framework/Microsoft.AspNetCore.Components.dll HTTP/1.1" 403 2198 ROOT:f:00000023 
0:0:0:0:0:0:0:1 - anonymousUser [2021-11-02T12:31:34.937Z] "GET /_framework/Microsoft.AspNetCore.Components.Web.dll HTTP/1.1" 403 2210 ROOT:f:00000021 
0:0:0:0:0:0:0:1 - anonymousUser [2021-11-02T12:31:34.949Z] "GET /_framework/Microsoft.EntityFrameworkCore.Relational.dll HTTP/1.1" 403 2225 ROOT:f:00000026 
0:0:0:0:0:0:0:1 - anonymousUser [2021-11-02T12:31:34.961Z] "GET /_framework/Microsoft.Extensions.Caching.Abstractions.dll HTTP/1.1" 403 2228 ROOT:f:00000027 
0:0:0:0:0:0:0:1 - anonymousUser [2021-11-02T12:31:34.969Z] "GET /_framework/Microsoft.EntityFrameworkCore.Abstractions.dll HTTP/1.1" 403 2231 ROOT:f:00000025 
0:0:0:0:0:0:0:1 - anonymousUser [2021-11-02T12:31:34.974Z] "GET /css/bootstrap/bootstrap.min.css.map HTTP/1.1" 403 2165 ROOT:f:0000001e 
0:0:0:0:0:0:0:1 - anonymousUser [2021-11-02T12:31:34.981Z] "GET /_framework/Microsoft.AspNetCore.Authorization.dll HTTP/1.1" 403 2207 ROOT:f:00000022 
0:0:0:0:0:0:0:1 - anonymousUser [2021-11-02T12:31:34.982Z] "GET /_framework/Microsoft.AspNetCore.Components.WebAssembly.dll HTTP/1.1" 403 2234 ROOT:f:00000024 
0:0:0:0:0:0:0:1 - anonymousUser [2021-11-02T12:31:34.986Z] "GET /_framework/Microsoft.EntityFrameworkCore.dll HTTP/1.1" 403 2192 ROOT:f:0000002a 
0:0:0:0:0:0:0:1 - anonymousUser [2021-11-02T12:31:34.997Z] "GET /_framework/Microsoft.Extensions.Configuration.Abstractions.dll HTTP/1.1" 403 2246 ROOT:f:00000029 
0:0:0:0:0:0:0:1 - anonymousUser [2021-11-02T12:31:35.008Z] "GET /_framework/Microsoft.Extensions.DependencyInjection.Abstractions.dll HTTP/1.1" 403 2264 ROOT:f:0000002b 
0:0:0:0:0:0:0:1 - anonymousUser [2021-11-02T12:31:35.012Z] "GET /_framework/Microsoft.Extensions.Caching.Memory.dll HTTP/1.1" 403 2210 ROOT:f:00000028 
0:0:0:0:0:0:0:1 - anonymousUser [2021-11-02T12:31:35.029Z] "GET /_framework/Microsoft.Extensions.Logging.dll HTTP/1.1" 403 2189 ROOT:f:0000002c 
0:0:0:0:0:0:0:1 - anonymousUser [2021-11-02T12:31:35.040Z] "GET /_framework/Microsoft.Extensions.DependencyInjection.dll HTTP/1.1" 403 2225 ROOT:f:0000002d 
0:0:0:0:0:0:0:1 - anonymousUser [2021-11-02T12:31:35.048Z] "GET /_framework/Microsoft.Extensions.Options.dll HTTP/1.1" 403 2189 ROOT:f:0000002f 
0:0:0:0:0:0:0:1 - anonymousUser [2021-11-02T12:31:35.070Z] "GET /_framework/Microsoft.Extensions.Primitives.dll HTTP/1.1" 403 2198 ROOT:f:00000031 
0:0:0:0:0:0:0:1 - anonymousUser [2021-11-02T12:31:35.078Z] "GET /_framework/Microsoft.JSInterop.dll HTTP/1.1" 403 2162 ROOT:f:00000032 
0:0:0:0:0:0:0:1 - anonymousUser [2021-11-02T12:31:35.084Z] "GET /_framework/Microsoft.Extensions.Configuration.dll HTTP/1.1" 403 2207 ROOT:f:00000033 
0:0:0:0:0:0:0:1 - anonymousUser [2021-11-02T12:31:35.088Z] "GET /_framework/Microsoft.Extensions.Logging.Abstractions.dll HTTP/1.1" 403 2228 ROOT:f:0000002e 
0:0:0:0:0:0:0:1 - anonymousUser [2021-11-02T12:31:35.104Z] "GET /_framework/Microsoft.Extensions.Configuration.Json.dll HTTP/1.1" 403 2222 ROOT:f:00000030 
0:0:0:0:0:0:0:1 - anonymousUser [2021-11-02T12:31:35.127Z] "GET /_framework/Microsoft.JSInterop.WebAssembly.dll HTTP/1.1" 403 2198 ROOT:f:00000034 
0:0:0:0:0:0:0:1 - anonymousUser [2021-11-02T12:31:35.167Z] "GET /_framework/dotnet.6.0.0-rc.1.21451.13.js HTTP/1.1" 200 242123 ROOT:f:0000001f 
0:0:0:0:0:0:0:1 - anonymousUser [2021-11-02T12:31:35.187Z] "GET /_framework/Remotion.Linq.dll HTTP/1.1" 403 2144 ROOT:f:00000035 
0:0:0:0:0:0:0:1 - anonymousUser [2021-11-02T12:31:35.199Z] "GET /_framework/System.Data.Odbc.dll HTTP/1.1" 403 2153 ROOT:f:00000036 
0:0:0:0:0:0:0:1 - anonymousUser [2021-11-02T12:31:35.209Z] "GET /_framework/System.Interactive.Async.dll HTTP/1.1" 403 2177 ROOT:f:00000037 
0:0:0:0:0:0:0:1 - anonymousUser [2021-11-02T12:31:35.216Z] "GET /_framework/System.IO.Pipelines.dll HTTP/1.1" 403 2162 ROOT:f:00000038 
0:0:0:0:0:0:0:1 - anonymousUser [2021-11-02T12:31:35.233Z] "GET /_framework/Progress.o4glrt.dll HTTP/1.1" 403 2150 ROOT:f:0000003a 
0:0:0:0:0:0:0:1 - anonymousUser [2021-11-02T12:31:35.237Z] "GET /_framework/Progress.Messages.dll HTTP/1.1" 403 2156 ROOT:f:00000039 
0:0:0:0:0:0:0:1 - anonymousUser [2021-11-02T12:31:35.253Z] "GET /_framework/sports2000.dll HTTP/1.1" 403 2135 ROOT:f:0000003b 
0:0:0:0:0:0:0:1 - anonymousUser [2021-11-02T12:31:35.269Z] "GET /_framework/Microsoft.Win32.Primitives.dll HTTP/1.1" 403 2183 ROOT:f:0000003c 
0:0:0:0:0:0:0:1 - anonymousUser [2021-11-02T12:31:35.277Z] "GET /_framework/System.Buffers.dll HTTP/1.1" 403 2147 ROOT:f:0000003d 
0:0:0:0:0:0:0:1 - anonymousUser [2021-11-02T12:31:35.286Z] "GET /_framework/System.Collections.Concurrent.dll HTTP/1.1" 403 2192 ROOT:f:0000003e 
0:0:0:0:0:0:0:1 - anonymousUser [2021-11-02T12:31:35.302Z] "GET /_framework/System.Collections.Immutable.dll HTTP/1.1" 403 2189 ROOT:f:0000003f 
0:0:0:0:0:0:0:1 - anonymousUser [2021-11-02T12:31:35.308Z] "GET /_framework/System.Collections.NonGeneric.dll HTTP/1.1" 403 2192 ROOT:f:00000040 
0:0:0:0:0:0:0:1 - anonymousUser [2021-11-02T12:31:35.311Z] "GET /_framework/System.Collections.Specialized.dll HTTP/1.1" 403 2195 ROOT:f:00000041 
0:0:0:0:0:0:0:1 - anonymousUser [2021-11-02T12:31:35.322Z] "GET /_framework/System.Collections.dll HTTP/1.1" 403 2159 ROOT:f:00000042 
0:0:0:0:0:0:0:1 - anonymousUser [2021-11-02T12:31:35.343Z] "GET /_framework/System.ComponentModel.Annotations.dll HTTP/1.1" 403 2204 ROOT:f:00000043 
0:0:0:0:0:0:0:1 - anonymousUser [2021-11-02T12:31:35.353Z] "GET /_framework/System.ComponentModel.Primitives.dll HTTP/1.1" 403 2201 ROOT:f:00000044 
0:0:0:0:0:0:0:1 - anonymousUser [2021-11-02T12:31:35.360Z] "GET /_framework/System.ComponentModel.TypeConverter.dll HTTP/1.1" 403 2210 ROOT:f:00000045 
0:0:0:0:0:0:0:1 - anonymousUser [2021-11-02T12:31:35.369Z] "GET /_framework/System.ComponentModel.dll HTTP/1.1" 403 2168 ROOT:f:00000046 
0:0:0:0:0:0:0:1 - anonymousUser [2021-11-02T12:31:35.380Z] "GET /_framework/System.Console.dll HTTP/1.1" 403 2147 ROOT:f:00000047 
0:0:0:0:0:0:0:1 - anonymousUser [2021-11-02T12:31:35.390Z] "GET /_framework/System.Data.Common.dll HTTP/1.1" 403 2159 ROOT:f:00000048 
0:0:0:0:0:0:0:1 - anonymousUser [2021-11-02T12:31:35.398Z] "GET /_framework/System.Diagnostics.Debug.dll HTTP/1.1" 403 2177 ROOT:f:00000049 
0:0:0:0:0:0:0:1 - anonymousUser [2021-11-02T12:31:35.405Z] "GET /_framework/System.Diagnostics.DiagnosticSource.dll HTTP/1.1" 403 2210 ROOT:f:0000004a 
0:0:0:0:0:0:0:1 - anonymousUser [2021-11-02T12:31:35.415Z] "GET /_framework/System.Diagnostics.Process.dll HTTP/1.1" 403 2183 ROOT:f:0000004b 
0:0:0:0:0:0:0:1 - anonymousUser [2021-11-02T12:31:35.437Z] "GET /_framework/System.Diagnostics.TraceSource.dll HTTP/1.1" 403 2195 ROOT:f:0000004c 
0:0:0:0:0:0:0:1 - anonymousUser [2021-11-02T12:31:35.450Z] "GET /_framework/System.Drawing.dll HTTP/1.1" 403 2147 ROOT:f:0000004d 
0:0:0:0:0:0:0:1 - anonymousUser [2021-11-02T12:31:35.460Z] "GET /_framework/System.Drawing.Primitives.dll HTTP/1.1" 403 2180 ROOT:f:0000004e 
0:0:0:0:0:0:0:1 - anonymousUser [2021-11-02T12:31:35.471Z] "GET /_framework/System.IO.Compression.dll HTTP/1.1" 403 2168 ROOT:f:0000004f 
0:0:0:0:0:0:0:1 - anonymousUser [2021-11-02T12:31:35.481Z] "GET /_framework/System.IO.FileSystem.dll HTTP/1.1" 403 2165 ROOT:f:00000050 
0:0:0:0:0:0:0:1 - anonymousUser [2021-11-02T12:31:35.496Z] "GET /_framework/System.Linq.Expressions.dll HTTP/1.1" 403 2174 ROOT:f:00000051 
0:0:0:0:0:0:0:1 - anonymousUser [2021-11-02T12:31:35.508Z] "GET /_framework/System.Linq.Queryable.dll HTTP/1.1" 403 2168 ROOT:f:00000052 
0:0:0:0:0:0:0:1 - anonymousUser [2021-11-02T12:31:35.544Z] "GET /_framework/System.Memory.dll HTTP/1.1" 403 2144 ROOT:f:00000054 
0:0:0:0:0:0:0:1 - anonymousUser [2021-11-02T12:31:35.538Z] "GET /_framework/System.Linq.dll HTTP/1.1" 403 2138 ROOT:f:00000053 
0:0:0:0:0:0:0:1 - anonymousUser [2021-11-02T12:31:35.554Z] "GET /_framework/System.Net.Http.Json.dll HTTP/1.1" 403 2165 ROOT:f:00000055 
0:0:0:0:0:0:0:1 - anonymousUser [2021-11-02T12:31:35.554Z] "GET /_framework/System.Net.Http.dll HTTP/1.1" 403 2150 ROOT:f:00000056 
0:0:0:0:0:0:0:1 - anonymousUser [2021-11-02T12:31:35.638Z] "GET /_framework/System.Net.NameResolution.dll HTTP/1.1" 403 2180 ROOT:f:00000057 
0:0:0:0:0:0:0:1 - anonymousUser [2021-11-02T12:31:35.654Z] "GET /_framework/System.Net.Primitives.dll HTTP/1.1" 403 2168 ROOT:f:00000058 
0:0:0:0:0:0:0:1 - anonymousUser [2021-11-02T12:31:35.670Z] "GET /_framework/System.Net.Requests.dll HTTP/1.1" 403 2162 ROOT:f:00000059 
0:0:0:0:0:0:0:1 - anonymousUser [2021-11-02T12:31:35.676Z] "GET /_framework/System.Net.ServicePoint.dll HTTP/1.1" 403 2174 ROOT:f:0000005b 
0:0:0:0:0:0:0:1 - anonymousUser [2021-11-02T12:31:35.685Z] "GET /_framework/System.Net.Sockets.dll HTTP/1.1" 403 2159 ROOT:f:0000005c 
0:0:0:0:0:0:0:1 - anonymousUser [2021-11-02T12:31:35.692Z] "GET /_framework/System.Net.WebProxy.dll HTTP/1.1" 403 2162 ROOT:f:0000005d 
0:0:0:0:0:0:0:1 - anonymousUser [2021-11-02T12:31:35.698Z] "GET /_framework/System.Net.Security.dll HTTP/1.1" 403 2162 ROOT:f:0000005a 
0:0:0:0:0:0:0:1 - anonymousUser [2021-11-02T12:31:35.705Z] "GET /_framework/System.Net.WebHeaderCollection.dll HTTP/1.1" 403 2195 ROOT:f:0000005e 
0:0:0:0:0:0:0:1 - anonymousUser [2021-11-02T12:31:35.717Z] "GET /_framework/System.Private.Runtime.InteropServices.JavaScript.dll HTTP/1.1" 403 2252 ROOT:f:0000005f 
0:0:0:0:0:0:0:1 - anonymousUser [2021-11-02T12:31:35.728Z] "GET /_framework/System.Private.Xml.dll HTTP/1.1" 403 2159 ROOT:f:00000062 
0:0:0:0:0:0:0:1 - anonymousUser [2021-11-02T12:31:35.730Z] "GET /_framework/System.ObjectModel.dll HTTP/1.1" 403 2159 ROOT:f:00000060 
0:0:0:0:0:0:0:1 - anonymousUser [2021-11-02T12:31:35.732Z] "GET /_framework/System.Private.Uri.dll HTTP/1.1" 403 2159 ROOT:f:00000061 
0:0:0:0:0:0:0:1 - anonymousUser [2021-11-02T12:31:35.824Z] "GET /_framework/System.Reflection.Extensions.dll HTTP/1.1" 403 2189 ROOT:f:00000063 
0:0:0:0:0:0:0:1 - anonymousUser [2021-11-02T12:31:35.826Z] "GET /_framework/System.Reflection.dll HTTP/1.1" 403 2156 ROOT:f:00000064 
0:0:0:0:0:0:0:1 - anonymousUser [2021-11-02T12:31:35.829Z] "GET /_framework/System.Resources.ResourceManager.dll HTTP/1.1" 403 2201 ROOT:f:00000065 
0:0:0:0:0:0:0:1 - anonymousUser [2021-11-02T12:31:35.834Z] "GET /_framework/System.Runtime.CompilerServices.Unsafe.dll HTTP/1.1" 403 2219 ROOT:f:00000066 
0:0:0:0:0:0:0:1 - anonymousUser [2021-11-02T12:31:35.838Z] "GET /_framework/System.Runtime.Extensions.dll HTTP/1.1" 403 2180 ROOT:f:00000067 
0:0:0:0:0:0:0:1 - anonymousUser [2021-11-02T12:31:35.843Z] "GET /_framework/System.Runtime.InteropServices.RuntimeInformation.dll HTTP/1.1" 403 2252 ROOT:f:00000068 
0:0:0:0:0:0:0:1 - anonymousUser [2021-11-02T12:31:35.864Z] "GET /_framework/System.Runtime.InteropServices.dll HTTP/1.1" 403 2195 ROOT:f:00000069 
0:0:0:0:0:0:0:1 - anonymousUser [2021-11-02T12:31:35.872Z] "GET /_framework/System.Runtime.Numerics.dll HTTP/1.1" 403 2174 ROOT:f:0000006a 
0:0:0:0:0:0:0:1 - anonymousUser [2021-11-02T12:31:35.881Z] "GET /_framework/System.Runtime.Serialization.Formatters.dll HTTP/1.1" 403 2222 ROOT:f:0000006b 
0:0:0:0:0:0:0:1 - anonymousUser [2021-11-02T12:31:35.890Z] "GET /_framework/System.Runtime.dll HTTP/1.1" 403 2147 ROOT:f:0000006c 
0:0:0:0:0:0:0:1 - anonymousUser [2021-11-02T12:31:35.893Z] "GET /_framework/System.Security.Cryptography.Algorithms.dll HTTP/1.1" 403 2222 ROOT:f:0000006d 
0:0:0:0:0:0:0:1 - anonymousUser [2021-11-02T12:31:35.918Z] "GET /_framework/System.Security.Cryptography.Encoding.dll HTTP/1.1" 403 2216 ROOT:f:0000006e 
0:0:0:0:0:0:0:1 - anonymousUser [2021-11-02T12:31:35.935Z] "GET /_framework/System.Security.Cryptography.X509Certificates.dll HTTP/1.1" 403 2240 ROOT:f:0000006f 
0:0:0:0:0:0:0:1 - anonymousUser [2021-11-02T12:31:35.942Z] "GET /_framework/System.Text.Encodings.Web.dll HTTP/1.1" 403 2180 ROOT:f:00000070 
0:0:0:0:0:0:0:1 - anonymousUser [2021-11-02T12:31:35.953Z] "GET /_framework/System.Text.Json.dll HTTP/1.1" 403 2153 ROOT:f:00000071 
0:0:0:0:0:0:0:1 - anonymousUser [2021-11-02T12:31:35.961Z] "GET /_framework/System.Text.RegularExpressions.dll HTTP/1.1" 403 2195 ROOT:f:00000072 
0:0:0:0:0:0:0:1 - anonymousUser [2021-11-02T12:31:35.968Z] "GET /_framework/System.Threading.Tasks.dll HTTP/1.1" 403 2171 ROOT:f:00000073 
0:0:0:0:0:0:0:1 - anonymousUser [2021-11-02T12:31:36.084Z] "GET /_framework/System.Threading.Thread.dll HTTP/1.1" 403 2174 ROOT:f:00000074 
0:0:0:0:0:0:0:1 - anonymousUser [2021-11-02T12:31:36.091Z] "GET /_framework/System.Threading.ThreadPool.dll HTTP/1.1" 403 2186 ROOT:f:00000075 
0:0:0:0:0:0:0:1 - anonymousUser [2021-11-02T12:31:36.093Z] "GET /_framework/System.Threading.Timer.dll HTTP/1.1" 403 2171 ROOT:f:00000076 
0:0:0:0:0:0:0:1 - anonymousUser [2021-11-02T12:31:36.097Z] "GET /_framework/System.Threading.dll HTTP/1.1" 403 2153 ROOT:f:00000077 
0:0:0:0:0:0:0:1 - anonymousUser [2021-11-02T12:31:36.102Z] "GET /_framework/System.Transactions.Local.dll HTTP/1.1" 403 2180 ROOT:f:00000078 
0:0:0:0:0:0:0:1 - anonymousUser [2021-11-02T12:31:36.108Z] "GET /_framework/System.dll HTTP/1.1" 403 2123 ROOT:f:00000079 
0:0:0:0:0:0:0:1 - anonymousUser [2021-11-02T12:31:36.117Z] "GET /_framework/netstandard.dll HTTP/1.1" 403 2138 ROOT:f:0000007a 
0:0:0:0:0:0:0:1 - anonymousUser [2021-11-02T12:31:36.129Z] "GET /_framework/System.Private.CoreLib.dll HTTP/1.1" 403 2171 ROOT:f:0000007b 
0:0:0:0:0:0:0:1 - anonymousUser [2021-11-02T12:31:36.140Z] "GET /_framework/dotnet.wasm HTTP/1.1" 403 2126 ROOT:f:0000007c 
0:0:0:0:0:0:0:1 - anonymousUser [2021-11-02T12:31:36.146Z] "GET /_framework/dotnet.timezones.blat HTTP/1.1" 403 2156 ROOT:f:0000007d 
0:0:0:0:0:0:0:1 - anonymousUser [2021-11-02T12:31:36.165Z] "GET /_framework/icudt_EFIGS.dat HTTP/1.1" 403 2138 ROOT:f:0000007e 
