2021-11-02T12:31:34.623Z sports2000 ROOT:f:0000001e denied anonymousUser [/css/bootstrap/bootstrap.min.css.map] [denyAll()] - Access is denied
2021-11-02T12:31:34.812Z sports2000 ROOT:f:00000021 denied anonymousUser [/_framework/Microsoft.AspNetCore.Components.Web.dll] [denyAll()] - Access is denied
2021-11-02T12:31:34.832Z sports2000 ROOT:f:00000023 denied anonymousUser [/_framework/Microsoft.AspNetCore.Components.dll] [denyAll()] - Access is denied
2021-11-02T12:31:34.831Z sports2000 ROOT:f:00000022 denied anonymousUser [/_framework/Microsoft.AspNetCore.Authorization.dll] [denyAll()] - Access is denied
2021-11-02T12:31:34.808Z sports2000 ROOT:f:00000020 denied anonymousUser [/_framework/EntityFrameworkCore.OpenEdge.dll] [denyAll()] - Access is denied
2021-11-02T12:31:34.939Z sports2000 ROOT:f:00000026 denied anonymousUser [/_framework/Microsoft.EntityFrameworkCore.Relational.dll] [denyAll()] - Access is denied
2021-11-02T12:31:34.954Z sports2000 ROOT:f:00000027 denied anonymousUser [/_framework/Microsoft.Extensions.Caching.Abstractions.dll] [denyAll()] - Access is denied
2021-11-02T12:31:34.965Z sports2000 ROOT:f:00000025 denied anonymousUser [/_framework/Microsoft.EntityFrameworkCore.Abstractions.dll] [denyAll()] - Access is denied
2021-11-02T12:31:34.967Z sports2000 ROOT:f:00000028 denied anonymousUser [/_framework/Microsoft.Extensions.Caching.Memory.dll] [denyAll()] - Access is denied
2021-11-02T12:31:34.977Z sports2000 ROOT:f:00000024 denied anonymousUser [/_framework/Microsoft.AspNetCore.Components.WebAssembly.dll] [denyAll()] - Access is denied
2021-11-02T12:31:34.979Z sports2000 ROOT:f:00000029 denied anonymousUser [/_framework/Microsoft.Extensions.Configuration.Abstractions.dll] [denyAll()] - Access is denied
2021-11-02T12:31:34.984Z sports2000 ROOT:f:0000002a denied anonymousUser [/_framework/Microsoft.EntityFrameworkCore.dll] [denyAll()] - Access is denied
2021-11-02T12:31:35.002Z sports2000 ROOT:f:0000002b denied anonymousUser [/_framework/Microsoft.Extensions.DependencyInjection.Abstractions.dll] [denyAll()] - Access is denied
2021-11-02T12:31:35.025Z sports2000 ROOT:f:0000002c denied anonymousUser [/_framework/Microsoft.Extensions.Logging.dll] [denyAll()] - Access is denied
2021-11-02T12:31:35.029Z sports2000 ROOT:f:0000002d denied anonymousUser [/_framework/Microsoft.Extensions.DependencyInjection.dll] [denyAll()] - Access is denied
2021-11-02T12:31:35.044Z sports2000 ROOT:f:0000002f denied anonymousUser [/_framework/Microsoft.Extensions.Options.dll] [denyAll()] - Access is denied
2021-11-02T12:31:35.065Z sports2000 ROOT:f:00000031 denied anonymousUser [/_framework/Microsoft.Extensions.Primitives.dll] [denyAll()] - Access is denied
2021-11-02T12:31:35.072Z sports2000 ROOT:f:00000032 denied anonymousUser [/_framework/Microsoft.JSInterop.dll] [denyAll()] - Access is denied
2021-11-02T12:31:35.080Z sports2000 ROOT:f:00000033 denied anonymousUser [/_framework/Microsoft.Extensions.Configuration.dll] [denyAll()] - Access is denied
2021-11-02T12:31:35.045Z sports2000 ROOT:f:0000002e denied anonymousUser [/_framework/Microsoft.Extensions.Logging.Abstractions.dll] [denyAll()] - Access is denied
2021-11-02T12:31:35.045Z sports2000 ROOT:f:00000030 denied anonymousUser [/_framework/Microsoft.Extensions.Configuration.Json.dll] [denyAll()] - Access is denied
2021-11-02T12:31:35.118Z sports2000 ROOT:f:00000034 denied anonymousUser [/_framework/Microsoft.JSInterop.WebAssembly.dll] [denyAll()] - Access is denied
2021-11-02T12:31:35.182Z sports2000 ROOT:f:00000035 denied anonymousUser [/_framework/Remotion.Linq.dll] [denyAll()] - Access is denied
2021-11-02T12:31:35.194Z sports2000 ROOT:f:00000036 denied anonymousUser [/_framework/System.Data.Odbc.dll] [denyAll()] - Access is denied
2021-11-02T12:31:35.203Z sports2000 ROOT:f:00000037 denied anonymousUser [/_framework/System.Interactive.Async.dll] [denyAll()] - Access is denied
2021-11-02T12:31:35.211Z sports2000 ROOT:f:00000039 denied anonymousUser [/_framework/Progress.Messages.dll] [denyAll()] - Access is denied
2021-11-02T12:31:35.211Z sports2000 ROOT:f:00000038 denied anonymousUser [/_framework/System.IO.Pipelines.dll] [denyAll()] - Access is denied
2021-11-02T12:31:35.214Z sports2000 ROOT:f:0000003a denied anonymousUser [/_framework/Progress.o4glrt.dll] [denyAll()] - Access is denied
2021-11-02T12:31:35.245Z sports2000 ROOT:f:0000003b denied anonymousUser [/_framework/sports2000.dll] [denyAll()] - Access is denied
2021-11-02T12:31:35.263Z sports2000 ROOT:f:0000003c denied anonymousUser [/_framework/Microsoft.Win32.Primitives.dll] [denyAll()] - Access is denied
2021-11-02T12:31:35.272Z sports2000 ROOT:f:0000003d denied anonymousUser [/_framework/System.Buffers.dll] [denyAll()] - Access is denied
2021-11-02T12:31:35.280Z sports2000 ROOT:f:0000003e denied anonymousUser [/_framework/System.Collections.Concurrent.dll] [denyAll()] - Access is denied
2021-11-02T12:31:35.291Z sports2000 ROOT:f:0000003f denied anonymousUser [/_framework/System.Collections.Immutable.dll] [denyAll()] - Access is denied
2021-11-02T12:31:35.295Z sports2000 ROOT:f:00000040 denied anonymousUser [/_framework/System.Collections.NonGeneric.dll] [denyAll()] - Access is denied
2021-11-02T12:31:35.298Z sports2000 ROOT:f:00000041 denied anonymousUser [/_framework/System.Collections.Specialized.dll] [denyAll()] - Access is denied
2021-11-02T12:31:35.314Z sports2000 ROOT:f:00000042 denied anonymousUser [/_framework/System.Collections.dll] [denyAll()] - Access is denied
2021-11-02T12:31:35.338Z sports2000 ROOT:f:00000043 denied anonymousUser [/_framework/System.ComponentModel.Annotations.dll] [denyAll()] - Access is denied
2021-11-02T12:31:35.349Z sports2000 ROOT:f:00000044 denied anonymousUser [/_framework/System.ComponentModel.Primitives.dll] [denyAll()] - Access is denied
2021-11-02T12:31:35.356Z sports2000 ROOT:f:00000045 denied anonymousUser [/_framework/System.ComponentModel.TypeConverter.dll] [denyAll()] - Access is denied
2021-11-02T12:31:35.364Z sports2000 ROOT:f:00000046 denied anonymousUser [/_framework/System.ComponentModel.dll] [denyAll()] - Access is denied
2021-11-02T12:31:35.376Z sports2000 ROOT:f:00000047 denied anonymousUser [/_framework/System.Console.dll] [denyAll()] - Access is denied
2021-11-02T12:31:35.384Z sports2000 ROOT:f:00000048 denied anonymousUser [/_framework/System.Data.Common.dll] [denyAll()] - Access is denied
2021-11-02T12:31:35.386Z sports2000 ROOT:f:00000049 denied anonymousUser [/_framework/System.Diagnostics.Debug.dll] [denyAll()] - Access is denied
2021-11-02T12:31:35.401Z sports2000 ROOT:f:0000004a denied anonymousUser [/_framework/System.Diagnostics.DiagnosticSource.dll] [denyAll()] - Access is denied
2021-11-02T12:31:35.410Z sports2000 ROOT:f:0000004b denied anonymousUser [/_framework/System.Diagnostics.Process.dll] [denyAll()] - Access is denied
2021-11-02T12:31:35.420Z sports2000 ROOT:f:0000004c denied anonymousUser [/_framework/System.Diagnostics.TraceSource.dll] [denyAll()] - Access is denied
2021-11-02T12:31:35.442Z sports2000 ROOT:f:0000004d denied anonymousUser [/_framework/System.Drawing.dll] [denyAll()] - Access is denied
2021-11-02T12:31:35.452Z sports2000 ROOT:f:0000004e denied anonymousUser [/_framework/System.Drawing.Primitives.dll] [denyAll()] - Access is denied
2021-11-02T12:31:35.466Z sports2000 ROOT:f:0000004f denied anonymousUser [/_framework/System.IO.Compression.dll] [denyAll()] - Access is denied
2021-11-02T12:31:35.476Z sports2000 ROOT:f:00000050 denied anonymousUser [/_framework/System.IO.FileSystem.dll] [denyAll()] - Access is denied
2021-11-02T12:31:35.490Z sports2000 ROOT:f:00000051 denied anonymousUser [/_framework/System.Linq.Expressions.dll] [denyAll()] - Access is denied
2021-11-02T12:31:35.503Z sports2000 ROOT:f:00000052 denied anonymousUser [/_framework/System.Linq.Queryable.dll] [denyAll()] - Access is denied
2021-11-02T12:31:35.524Z sports2000 ROOT:f:00000053 denied anonymousUser [/_framework/System.Linq.dll] [denyAll()] - Access is denied
2021-11-02T12:31:35.539Z sports2000 ROOT:f:00000054 denied anonymousUser [/_framework/System.Memory.dll] [denyAll()] - Access is denied
2021-11-02T12:31:35.550Z sports2000 ROOT:f:00000056 denied anonymousUser [/_framework/System.Net.Http.dll] [denyAll()] - Access is denied
2021-11-02T12:31:35.551Z sports2000 ROOT:f:00000055 denied anonymousUser [/_framework/System.Net.Http.Json.dll] [denyAll()] - Access is denied
2021-11-02T12:31:35.631Z sports2000 ROOT:f:00000057 denied anonymousUser [/_framework/System.Net.NameResolution.dll] [denyAll()] - Access is denied
2021-11-02T12:31:35.650Z sports2000 ROOT:f:00000058 denied anonymousUser [/_framework/System.Net.Primitives.dll] [denyAll()] - Access is denied
2021-11-02T12:31:35.664Z sports2000 ROOT:f:00000059 denied anonymousUser [/_framework/System.Net.Requests.dll] [denyAll()] - Access is denied
2021-11-02T12:31:35.672Z sports2000 ROOT:f:0000005b denied anonymousUser [/_framework/System.Net.ServicePoint.dll] [denyAll()] - Access is denied
2021-11-02T12:31:35.679Z sports2000 ROOT:f:0000005c denied anonymousUser [/_framework/System.Net.Sockets.dll] [denyAll()] - Access is denied
2021-11-02T12:31:35.688Z sports2000 ROOT:f:0000005d denied anonymousUser [/_framework/System.Net.WebProxy.dll] [denyAll()] - Access is denied
2021-11-02T12:31:35.693Z sports2000 ROOT:f:0000005a denied anonymousUser [/_framework/System.Net.Security.dll] [denyAll()] - Access is denied
2021-11-02T12:31:35.701Z sports2000 ROOT:f:0000005e denied anonymousUser [/_framework/System.Net.WebHeaderCollection.dll] [denyAll()] - Access is denied
2021-11-02T12:31:35.709Z sports2000 ROOT:f:0000005f denied anonymousUser [/_framework/System.Private.Runtime.InteropServices.JavaScript.dll] [denyAll()] - Access is denied
2021-11-02T12:31:35.710Z sports2000 ROOT:f:00000060 denied anonymousUser [/_framework/System.ObjectModel.dll] [denyAll()] - Access is denied
2021-11-02T12:31:35.724Z sports2000 ROOT:f:00000062 denied anonymousUser [/_framework/System.Private.Xml.dll] [denyAll()] - Access is denied
2021-11-02T12:31:35.718Z sports2000 ROOT:f:00000061 denied anonymousUser [/_framework/System.Private.Uri.dll] [denyAll()] - Access is denied
2021-11-02T12:31:35.819Z sports2000 ROOT:f:00000064 denied anonymousUser [/_framework/System.Reflection.dll] [denyAll()] - Access is denied
2021-11-02T12:31:35.819Z sports2000 ROOT:f:00000063 denied anonymousUser [/_framework/System.Reflection.Extensions.dll] [denyAll()] - Access is denied
2021-11-02T12:31:35.828Z sports2000 ROOT:f:00000065 denied anonymousUser [/_framework/System.Resources.ResourceManager.dll] [denyAll()] - Access is denied
2021-11-02T12:31:35.832Z sports2000 ROOT:f:00000066 denied anonymousUser [/_framework/System.Runtime.CompilerServices.Unsafe.dll] [denyAll()] - Access is denied
2021-11-02T12:31:35.836Z sports2000 ROOT:f:00000067 denied anonymousUser [/_framework/System.Runtime.Extensions.dll] [denyAll()] - Access is denied
2021-11-02T12:31:35.841Z sports2000 ROOT:f:00000068 denied anonymousUser [/_framework/System.Runtime.InteropServices.RuntimeInformation.dll] [denyAll()] - Access is denied
2021-11-02T12:31:35.861Z sports2000 ROOT:f:00000069 denied anonymousUser [/_framework/System.Runtime.InteropServices.dll] [denyAll()] - Access is denied
2021-11-02T12:31:35.869Z sports2000 ROOT:f:0000006a denied anonymousUser [/_framework/System.Runtime.Numerics.dll] [denyAll()] - Access is denied
2021-11-02T12:31:35.876Z sports2000 ROOT:f:0000006b denied anonymousUser [/_framework/System.Runtime.Serialization.Formatters.dll] [denyAll()] - Access is denied
2021-11-02T12:31:35.887Z sports2000 ROOT:f:0000006c denied anonymousUser [/_framework/System.Runtime.dll] [denyAll()] - Access is denied
2021-11-02T12:31:35.891Z sports2000 ROOT:f:0000006d denied anonymousUser [/_framework/System.Security.Cryptography.Algorithms.dll] [denyAll()] - Access is denied
2021-11-02T12:31:35.901Z sports2000 ROOT:f:0000006e denied anonymousUser [/_framework/System.Security.Cryptography.Encoding.dll] [denyAll()] - Access is denied
2021-11-02T12:31:35.932Z sports2000 ROOT:f:0000006f denied anonymousUser [/_framework/System.Security.Cryptography.X509Certificates.dll] [denyAll()] - Access is denied
2021-11-02T12:31:35.937Z sports2000 ROOT:f:00000070 denied anonymousUser [/_framework/System.Text.Encodings.Web.dll] [denyAll()] - Access is denied
2021-11-02T12:31:35.950Z sports2000 ROOT:f:00000071 denied anonymousUser [/_framework/System.Text.Json.dll] [denyAll()] - Access is denied
2021-11-02T12:31:35.953Z sports2000 ROOT:f:00000072 denied anonymousUser [/_framework/System.Text.RegularExpressions.dll] [denyAll()] - Access is denied
2021-11-02T12:31:35.964Z sports2000 ROOT:f:00000073 denied anonymousUser [/_framework/System.Threading.Tasks.dll] [denyAll()] - Access is denied
2021-11-02T12:31:36.080Z sports2000 ROOT:f:00000074 denied anonymousUser [/_framework/System.Threading.Thread.dll] [denyAll()] - Access is denied
2021-11-02T12:31:36.088Z sports2000 ROOT:f:00000075 denied anonymousUser [/_framework/System.Threading.ThreadPool.dll] [denyAll()] - Access is denied
2021-11-02T12:31:36.091Z sports2000 ROOT:f:00000076 denied anonymousUser [/_framework/System.Threading.Timer.dll] [denyAll()] - Access is denied
2021-11-02T12:31:36.094Z sports2000 ROOT:f:00000077 denied anonymousUser [/_framework/System.Threading.dll] [denyAll()] - Access is denied
2021-11-02T12:31:36.100Z sports2000 ROOT:f:00000078 denied anonymousUser [/_framework/System.Transactions.Local.dll] [denyAll()] - Access is denied
2021-11-02T12:31:36.104Z sports2000 ROOT:f:00000079 denied anonymousUser [/_framework/System.dll] [denyAll()] - Access is denied
2021-11-02T12:31:36.114Z sports2000 ROOT:f:0000007a denied anonymousUser [/_framework/netstandard.dll] [denyAll()] - Access is denied
2021-11-02T12:31:36.125Z sports2000 ROOT:f:0000007b denied anonymousUser [/_framework/System.Private.CoreLib.dll] [denyAll()] - Access is denied
2021-11-02T12:31:36.137Z sports2000 ROOT:f:0000007c denied anonymousUser [/_framework/dotnet.wasm] [denyAll()] - Access is denied
2021-11-02T12:31:36.143Z sports2000 ROOT:f:0000007d denied anonymousUser [/_framework/dotnet.timezones.blat] [denyAll()] - Access is denied
2021-11-02T12:31:36.150Z sports2000 ROOT:f:0000007e denied anonymousUser [/_framework/icudt_EFIGS.dat] [denyAll()] - Access is denied
