2021-11-02T17:27:08.166Z sports2000 ROOT:f:00000007 denied anonymousUser [/css/bootstrap/bootstrap.min.css.map] [denyAll()] - Access is denied
2021-11-02T17:27:08.473Z sports2000 ROOT:f:0000000b denied anonymousUser [/_framework/EntityFrameworkCore.OpenEdge.dll] [denyAll()] - Access is denied
2021-11-02T17:27:08.474Z sports2000 ROOT:f:0000000c denied anonymousUser [/_framework/Microsoft.AspNetCore.Authorization.dll] [denyAll()] - Access is denied
2021-11-02T17:27:08.478Z sports2000 ROOT:f:0000000d denied anonymousUser [/_framework/Microsoft.AspNetCore.Components.dll] [denyAll()] - Access is denied
2021-11-02T17:27:08.540Z sports2000 ROOT:f:0000000e denied anonymousUser [/_framework/Microsoft.AspNetCore.Components.Web.dll] [denyAll()] - Access is denied
2021-11-02T17:27:08.550Z sports2000 ROOT:f:0000000f denied anonymousUser [/_framework/Microsoft.AspNetCore.Components.WebAssembly.dll] [denyAll()] - Access is denied
2021-11-02T17:27:08.591Z sports2000 ROOT:f:00000010 denied anonymousUser [/_framework/Microsoft.EntityFrameworkCore.dll] [denyAll()] - Access is denied
2021-11-02T17:27:08.591Z sports2000 ROOT:f:00000011 denied anonymousUser [/_framework/Microsoft.EntityFrameworkCore.Abstractions.dll] [denyAll()] - Access is denied
2021-11-02T17:27:08.617Z sports2000 ROOT:f:00000013 denied anonymousUser [/_framework/Microsoft.Extensions.Caching.Abstractions.dll] [denyAll()] - Access is denied
2021-11-02T17:27:08.624Z sports2000 ROOT:f:00000012 denied anonymousUser [/_framework/Microsoft.EntityFrameworkCore.Relational.dll] [denyAll()] - Access is denied
2021-11-02T17:27:08.635Z sports2000 ROOT:f:00000014 denied anonymousUser [/_framework/Microsoft.Extensions.Caching.Memory.dll] [denyAll()] - Access is denied
2021-11-02T17:27:08.667Z sports2000 ROOT:f:00000015 denied anonymousUser [/_framework/Microsoft.Extensions.Configuration.dll] [denyAll()] - Access is denied
2021-11-02T17:27:08.688Z sports2000 ROOT:f:00000017 denied anonymousUser [/_framework/Microsoft.Extensions.Configuration.Abstractions.dll] [denyAll()] - Access is denied
2021-11-02T17:27:08.689Z sports2000 ROOT:f:00000016 denied anonymousUser [/_framework/Microsoft.Extensions.Configuration.Json.dll] [denyAll()] - Access is denied
2021-11-02T17:27:08.701Z sports2000 ROOT:f:00000018 denied anonymousUser [/_framework/Microsoft.Extensions.DependencyInjection.Abstractions.dll] [denyAll()] - Access is denied
2021-11-02T17:27:08.706Z sports2000 ROOT:f:00000019 denied anonymousUser [/_framework/Microsoft.Extensions.DependencyInjection.dll] [denyAll()] - Access is denied
2021-11-02T17:27:08.714Z sports2000 ROOT:f:0000001a denied anonymousUser [/_framework/Microsoft.Extensions.Logging.dll] [denyAll()] - Access is denied
2021-11-02T17:27:08.737Z sports2000 ROOT:f:0000001b denied anonymousUser [/_framework/Microsoft.Extensions.Logging.Abstractions.dll] [denyAll()] - Access is denied
2021-11-02T17:27:08.809Z sports2000 ROOT:f:0000001c denied anonymousUser [/_framework/Microsoft.Extensions.Options.dll] [denyAll()] - Access is denied
2021-11-02T17:27:08.818Z sports2000 ROOT:f:0000001d denied anonymousUser [/_framework/Microsoft.Extensions.Primitives.dll] [denyAll()] - Access is denied
2021-11-02T17:27:08.822Z sports2000 ROOT:f:0000001e denied anonymousUser [/_framework/Microsoft.JSInterop.dll] [denyAll()] - Access is denied
2021-11-02T17:27:08.831Z sports2000 ROOT:f:0000001f denied anonymousUser [/_framework/Microsoft.JSInterop.WebAssembly.dll] [denyAll()] - Access is denied
2021-11-02T17:27:08.839Z sports2000 ROOT:f:00000020 denied anonymousUser [/_framework/Remotion.Linq.dll] [denyAll()] - Access is denied
2021-11-02T17:27:08.854Z sports2000 ROOT:f:00000021 denied anonymousUser [/_framework/System.Data.Odbc.dll] [denyAll()] - Access is denied
2021-11-02T17:27:08.858Z sports2000 ROOT:f:00000022 denied anonymousUser [/_framework/System.Interactive.Async.dll] [denyAll()] - Access is denied
2021-11-02T17:27:08.864Z sports2000 ROOT:f:00000023 denied anonymousUser [/_framework/System.IO.Pipelines.dll] [denyAll()] - Access is denied
2021-11-02T17:27:08.873Z sports2000 ROOT:f:00000025 denied anonymousUser [/_framework/Progress.o4glrt.dll] [denyAll()] - Access is denied
2021-11-02T17:27:08.878Z sports2000 ROOT:f:00000024 denied anonymousUser [/_framework/Progress.Messages.dll] [denyAll()] - Access is denied
2021-11-02T17:27:08.951Z sports2000 ROOT:f:00000026 denied anonymousUser [/_framework/sports2000.dll] [denyAll()] - Access is denied
2021-11-02T17:27:08.963Z sports2000 ROOT:f:00000027 denied anonymousUser [/_framework/Microsoft.Win32.Primitives.dll] [denyAll()] - Access is denied
2021-11-02T17:27:08.967Z sports2000 ROOT:f:00000028 denied anonymousUser [/_framework/System.Buffers.dll] [denyAll()] - Access is denied
2021-11-02T17:27:08.971Z sports2000 ROOT:f:00000029 denied anonymousUser [/_framework/System.Collections.Concurrent.dll] [denyAll()] - Access is denied
2021-11-02T17:27:08.979Z sports2000 ROOT:f:0000002a denied anonymousUser [/_framework/System.Collections.Immutable.dll] [denyAll()] - Access is denied
2021-11-02T17:27:08.992Z sports2000 ROOT:f:0000002b denied anonymousUser [/_framework/System.Collections.NonGeneric.dll] [denyAll()] - Access is denied
2021-11-02T17:27:08.998Z sports2000 ROOT:f:0000002c denied anonymousUser [/_framework/System.Collections.Specialized.dll] [denyAll()] - Access is denied
2021-11-02T17:27:09.007Z sports2000 ROOT:f:0000002d denied anonymousUser [/_framework/System.Collections.dll] [denyAll()] - Access is denied
2021-11-02T17:27:09.022Z sports2000 ROOT:f:0000002f denied anonymousUser [/_framework/System.ComponentModel.Primitives.dll] [denyAll()] - Access is denied
2021-11-02T17:27:09.025Z sports2000 ROOT:f:00000030 denied anonymousUser [/_framework/System.ComponentModel.TypeConverter.dll] [denyAll()] - Access is denied
2021-11-02T17:27:09.022Z sports2000 ROOT:f:0000002e denied anonymousUser [/_framework/System.ComponentModel.Annotations.dll] [denyAll()] - Access is denied
2021-11-02T17:27:09.032Z sports2000 ROOT:f:00000032 denied anonymousUser [/_framework/System.Console.dll] [denyAll()] - Access is denied
2021-11-02T17:27:09.035Z sports2000 ROOT:f:00000031 denied anonymousUser [/_framework/System.ComponentModel.dll] [denyAll()] - Access is denied
2021-11-02T17:27:09.041Z sports2000 ROOT:f:00000033 denied anonymousUser [/_framework/System.Data.Common.dll] [denyAll()] - Access is denied
2021-11-02T17:27:09.050Z sports2000 ROOT:f:00000034 denied anonymousUser [/_framework/System.Diagnostics.Debug.dll] [denyAll()] - Access is denied
2021-11-02T17:27:09.051Z sports2000 ROOT:f:00000035 denied anonymousUser [/_framework/System.Diagnostics.DiagnosticSource.dll] [denyAll()] - Access is denied
2021-11-02T17:27:09.059Z sports2000 ROOT:f:00000036 denied anonymousUser [/_framework/System.Diagnostics.Process.dll] [denyAll()] - Access is denied
2021-11-02T17:27:09.062Z sports2000 ROOT:f:00000037 denied anonymousUser [/_framework/System.Diagnostics.TraceSource.dll] [denyAll()] - Access is denied
2021-11-02T17:27:09.065Z sports2000 ROOT:f:00000038 denied anonymousUser [/_framework/System.Drawing.Primitives.dll] [denyAll()] - Access is denied
2021-11-02T17:27:09.075Z sports2000 ROOT:f:00000039 denied anonymousUser [/_framework/System.Drawing.dll] [denyAll()] - Access is denied
2021-11-02T17:27:09.087Z sports2000 ROOT:f:0000003a denied anonymousUser [/_framework/System.IO.Compression.dll] [denyAll()] - Access is denied
2021-11-02T17:27:09.092Z sports2000 ROOT:f:0000003b denied anonymousUser [/_framework/System.IO.FileSystem.dll] [denyAll()] - Access is denied
2021-11-02T17:27:09.096Z sports2000 ROOT:f:0000003c denied anonymousUser [/_framework/System.Linq.Expressions.dll] [denyAll()] - Access is denied
2021-11-02T17:27:09.102Z sports2000 ROOT:f:0000003d denied anonymousUser [/_framework/System.Linq.Queryable.dll] [denyAll()] - Access is denied
2021-11-02T17:27:09.110Z sports2000 ROOT:f:0000003e denied anonymousUser [/_framework/System.Linq.dll] [denyAll()] - Access is denied
2021-11-02T17:27:09.123Z sports2000 ROOT:f:0000003f denied anonymousUser [/_framework/System.Memory.dll] [denyAll()] - Access is denied
2021-11-02T17:27:09.181Z sports2000 ROOT:f:00000040 denied anonymousUser [/_framework/System.Net.Http.Json.dll] [denyAll()] - Access is denied
2021-11-02T17:27:09.184Z sports2000 ROOT:f:00000041 denied anonymousUser [/_framework/System.Net.Http.dll] [denyAll()] - Access is denied
2021-11-02T17:27:09.192Z sports2000 ROOT:f:00000042 denied anonymousUser [/_framework/System.Net.NameResolution.dll] [denyAll()] - Access is denied
2021-11-02T17:27:09.200Z sports2000 ROOT:f:00000043 denied anonymousUser [/_framework/System.Net.Primitives.dll] [denyAll()] - Access is denied
2021-11-02T17:27:09.208Z sports2000 ROOT:f:00000044 denied anonymousUser [/_framework/System.Net.Requests.dll] [denyAll()] - Access is denied
2021-11-02T17:27:09.216Z sports2000 ROOT:f:00000045 denied anonymousUser [/_framework/System.Net.Security.dll] [denyAll()] - Access is denied
2021-11-02T17:27:09.226Z sports2000 ROOT:f:00000046 denied anonymousUser [/_framework/System.Net.ServicePoint.dll] [denyAll()] - Access is denied
2021-11-02T17:27:09.234Z sports2000 ROOT:f:00000047 denied anonymousUser [/_framework/System.Net.Sockets.dll] [denyAll()] - Access is denied
2021-11-02T17:27:09.240Z sports2000 ROOT:f:00000048 denied anonymousUser [/_framework/System.Net.WebHeaderCollection.dll] [denyAll()] - Access is denied
2021-11-02T17:27:09.245Z sports2000 ROOT:f:00000049 denied anonymousUser [/_framework/System.Net.WebProxy.dll] [denyAll()] - Access is denied
2021-11-02T17:27:09.254Z sports2000 ROOT:f:0000004a denied anonymousUser [/_framework/System.ObjectModel.dll] [denyAll()] - Access is denied
2021-11-02T17:27:09.263Z sports2000 ROOT:f:0000004b denied anonymousUser [/_framework/System.Private.Runtime.InteropServices.JavaScript.dll] [denyAll()] - Access is denied
2021-11-02T17:27:09.275Z sports2000 ROOT:f:0000004c denied anonymousUser [/_framework/System.Private.Uri.dll] [denyAll()] - Access is denied
2021-11-02T17:27:09.276Z sports2000 ROOT:f:0000004d denied anonymousUser [/_framework/System.Private.Xml.dll] [denyAll()] - Access is denied
2021-11-02T17:27:09.281Z sports2000 ROOT:f:0000004e denied anonymousUser [/_framework/System.Reflection.Extensions.dll] [denyAll()] - Access is denied
2021-11-02T17:27:09.286Z sports2000 ROOT:f:0000004f denied anonymousUser [/_framework/System.Reflection.dll] [denyAll()] - Access is denied
2021-11-02T17:27:09.291Z sports2000 ROOT:f:00000050 denied anonymousUser [/_framework/System.Resources.ResourceManager.dll] [denyAll()] - Access is denied
2021-11-02T17:27:09.298Z sports2000 ROOT:f:00000051 denied anonymousUser [/_framework/System.Runtime.CompilerServices.Unsafe.dll] [denyAll()] - Access is denied
2021-11-02T17:27:09.323Z sports2000 ROOT:f:00000052 denied anonymousUser [/_framework/System.Runtime.Extensions.dll] [denyAll()] - Access is denied
2021-11-02T17:27:09.335Z sports2000 ROOT:f:00000053 denied anonymousUser [/_framework/System.Runtime.InteropServices.RuntimeInformation.dll] [denyAll()] - Access is denied
2021-11-02T17:27:09.348Z sports2000 ROOT:f:00000054 denied anonymousUser [/_framework/System.Runtime.InteropServices.dll] [denyAll()] - Access is denied
2021-11-02T17:27:09.359Z sports2000 ROOT:f:00000055 denied anonymousUser [/_framework/System.Runtime.Numerics.dll] [denyAll()] - Access is denied
2021-11-02T17:27:09.380Z sports2000 ROOT:f:00000056 denied anonymousUser [/_framework/System.Runtime.Serialization.Formatters.dll] [denyAll()] - Access is denied
2021-11-02T17:27:09.387Z sports2000 ROOT:f:00000057 denied anonymousUser [/_framework/System.Runtime.dll] [denyAll()] - Access is denied
2021-11-02T17:27:09.391Z sports2000 ROOT:f:00000058 denied anonymousUser [/_framework/System.Security.Cryptography.Algorithms.dll] [denyAll()] - Access is denied
2021-11-02T17:27:09.396Z sports2000 ROOT:f:00000059 denied anonymousUser [/_framework/System.Security.Cryptography.Encoding.dll] [denyAll()] - Access is denied
2021-11-02T17:27:09.406Z sports2000 ROOT:f:0000005a denied anonymousUser [/_framework/System.Security.Cryptography.X509Certificates.dll] [denyAll()] - Access is denied
2021-11-02T17:27:09.412Z sports2000 ROOT:f:0000005b denied anonymousUser [/_framework/System.Text.Encodings.Web.dll] [denyAll()] - Access is denied
2021-11-02T17:27:09.418Z sports2000 ROOT:f:0000005c denied anonymousUser [/_framework/System.Text.Json.dll] [denyAll()] - Access is denied
2021-11-02T17:27:09.425Z sports2000 ROOT:f:0000005d denied anonymousUser [/_framework/System.Text.RegularExpressions.dll] [denyAll()] - Access is denied
2021-11-02T17:27:09.502Z sports2000 ROOT:f:0000005e denied anonymousUser [/_framework/System.Threading.Tasks.dll] [denyAll()] - Access is denied
2021-11-02T17:27:09.515Z sports2000 ROOT:f:0000005f denied anonymousUser [/_framework/System.Threading.Thread.dll] [denyAll()] - Access is denied
2021-11-02T17:27:09.519Z sports2000 ROOT:f:00000060 denied anonymousUser [/_framework/System.Threading.ThreadPool.dll] [denyAll()] - Access is denied
2021-11-02T17:27:09.524Z sports2000 ROOT:f:00000061 denied anonymousUser [/_framework/System.Threading.Timer.dll] [denyAll()] - Access is denied
2021-11-02T17:27:09.529Z sports2000 ROOT:f:00000062 denied anonymousUser [/_framework/System.Threading.dll] [denyAll()] - Access is denied
2021-11-02T17:27:09.534Z sports2000 ROOT:f:00000063 denied anonymousUser [/_framework/System.Transactions.Local.dll] [denyAll()] - Access is denied
2021-11-02T17:27:09.548Z sports2000 ROOT:f:00000064 denied anonymousUser [/_framework/System.dll] [denyAll()] - Access is denied
2021-11-02T17:27:09.557Z sports2000 ROOT:f:00000065 denied anonymousUser [/_framework/netstandard.dll] [denyAll()] - Access is denied
2021-11-02T17:27:09.559Z sports2000 ROOT:f:00000066 denied anonymousUser [/_framework/System.Private.CoreLib.dll] [denyAll()] - Access is denied
2021-11-02T17:27:09.573Z sports2000 ROOT:f:00000067 denied anonymousUser [/_framework/dotnet.wasm] [denyAll()] - Access is denied
2021-11-02T17:27:09.580Z sports2000 ROOT:f:00000068 denied anonymousUser [/_framework/dotnet.timezones.blat] [denyAll()] - Access is denied
2021-11-02T17:27:09.589Z sports2000 ROOT:f:00000069 denied anonymousUser [/_framework/icudt_EFIGS.dat] [denyAll()] - Access is denied
