127.0.0.1 - - [2021-11-02T14:35:53.725Z] "GET /manager/text/list HTTP/1.1" 200 - - 
0:0:0:0:0:0:0:1 - anonymousUser [2021-11-02T14:35:58.599Z] "GET /static HTTP/1.1" 302 - ROOT:f:00000001 
0:0:0:0:0:0:0:1 - anonymousUser [2021-11-02T14:35:58.626Z] "GET /static/ HTTP/1.1" 200 3645 ROOT:f:00000002 
0:0:0:0:0:0:0:1 - anonymousUser [2021-11-02T14:35:58.702Z] "GET /static/images/progress.png HTTP/1.1" 200 15189 ROOT:f:00000004 
0:0:0:0:0:0:0:1 - anonymousUser [2021-11-02T14:35:58.711Z] "GET /static/commonStyle.css HTTP/1.1" 200 4418 ROOT:f:00000003 
0:0:0:0:0:0:0:1 - anonymousUser [2021-11-02T14:35:58.759Z] "GET /static/serverstatus.js HTTP/1.1" 200 3102 ROOT:f:00000005 
0:0:0:0:0:0:0:1 - anonymousUser [2021-11-02T14:35:58.763Z] "GET /static/images/appserver2.png HTTP/1.1" 200 1627 ROOT:f:00000006 
0:0:0:0:0:0:0:1 - anonymousUser [2021-11-02T14:35:58.770Z] "GET /static/images/appserver.png HTTP/1.1" 200 1619 ROOT:f:00000007 
0:0:0:0:0:0:0:1 - anonymousUser [2021-11-02T14:35:58.780Z] "GET /static/images/gear.png HTTP/1.1" 200 17253 ROOT:f:00000008 
0:0:0:0:0:0:0:1 - anonymousUser [2021-11-02T14:35:58.856Z] "GET /static/images/qstart.png HTTP/1.1" 200 3028 ROOT:f:0000000a 
0:0:0:0:0:0:0:1 - anonymousUser [2021-11-02T14:35:58.857Z] "GET /static/images/videos.png HTTP/1.1" 200 1445 ROOT:f:00000009 
0:0:0:0:0:0:0:1 - anonymousUser [2021-11-02T14:35:58.866Z] "GET /static/images/documentation.png HTTP/1.1" 200 1201 ROOT:f:0000000b 
0:0:0:0:0:0:0:1 - anonymousUser [2021-11-02T14:35:58.870Z] "GET /static/images/content.png HTTP/1.1" 200 2510 ROOT:f:0000000c 
0:0:0:0:0:0:0:1 - anonymousUser [2021-11-02T14:35:58.875Z] "GET /static/images/communities.png HTTP/1.1" 200 3328 ROOT:f:0000000d 
0:0:0:0:0:0:0:1 - anonymousUser [2021-11-02T14:35:58.886Z] "GET /static/images/background.png HTTP/1.1" 200 243375 ROOT:f:0000000e 
0:0:0:0:0:0:0:1 - anonymousUser [2021-11-02T14:35:59.195Z] "GET /server HTTP/1.1" 200 - ROOT:f:0000000f 
0:0:0:0:0:0:0:1 - anonymousUser [2021-11-02T14:36:14.872Z] "GET / HTTP/1.1" 200 722 ROOT:f:00000010 
0:0:0:0:0:0:0:1 - anonymousUser [2021-11-02T14:36:14.972Z] "GET /css/bootstrap/bootstrap.min.css HTTP/1.1" 200 155764 ROOT:f:00000011 
0:0:0:0:0:0:0:1 - anonymousUser [2021-11-02T14:36:14.979Z] "GET /css/app.css HTTP/1.1" 200 911 ROOT:f:00000012 
0:0:0:0:0:0:0:1 - anonymousUser [2021-11-02T14:36:14.997Z] "GET /sports2000.styles.css HTTP/1.1" 200 2784 ROOT:f:00000013 
0:0:0:0:0:0:0:1 - anonymousUser [2021-11-02T14:36:15.006Z] "GET /_framework/blazor.webassembly.js HTTP/1.1" 200 76966 ROOT:f:00000014 
0:0:0:0:0:0:0:1 - anonymousUser [2021-11-02T14:36:15.011Z] "GET /css/open-iconic/font/css/open-iconic-bootstrap.min.css HTTP/1.1" 200 9395 ROOT:f:00000015 
0:0:0:0:0:0:0:1 - anonymousUser [2021-11-02T14:36:15.106Z] "GET /_framework/blazor.boot.json HTTP/1.1" 200 9865 ROOT:f:00000016 
0:0:0:0:0:0:0:1 - anonymousUser [2021-11-02T14:36:15.349Z] "GET /_framework/dotnet.6.0.0-rc.1.21451.13.js HTTP/1.1" 200 242123 ROOT:f:00000018 
0:0:0:0:0:0:0:1 - anonymousUser [2021-11-02T14:36:15.437Z] "GET /_framework/EntityFrameworkCore.OpenEdge.dll HTTP/1.1" 403 2189 ROOT:f:0000001a 
0:0:0:0:0:0:0:1 - anonymousUser [2021-11-02T14:36:15.438Z] "GET /_framework/Microsoft.AspNetCore.Components.Web.dll HTTP/1.1" 403 2210 ROOT:f:0000001b 
0:0:0:0:0:0:0:1 - anonymousUser [2021-11-02T14:36:15.439Z] "GET /_framework/Microsoft.AspNetCore.Components.dll HTTP/1.1" 403 2198 ROOT:f:0000001c 
0:0:0:0:0:0:0:1 - anonymousUser [2021-11-02T14:36:15.440Z] "GET /_framework/Microsoft.AspNetCore.Components.WebAssembly.dll HTTP/1.1" 403 2234 ROOT:f:00000019 
0:0:0:0:0:0:0:1 - anonymousUser [2021-11-02T14:36:15.444Z] "GET /_framework/Microsoft.AspNetCore.Authorization.dll HTTP/1.1" 403 2207 ROOT:f:0000001d 
0:0:0:0:0:0:0:1 - anonymousUser [2021-11-02T14:36:15.438Z] "GET /css/bootstrap/bootstrap.min.css.map HTTP/1.1" 403 2165 ROOT:f:00000017 
0:0:0:0:0:0:0:1 - anonymousUser [2021-11-02T14:36:15.458Z] "GET /_framework/Microsoft.EntityFrameworkCore.dll HTTP/1.1" 403 2192 ROOT:f:0000001e 
0:0:0:0:0:0:0:1 - anonymousUser [2021-11-02T14:36:15.469Z] "GET /_framework/Microsoft.Extensions.Configuration.Abstractions.dll HTTP/1.1" 403 2246 ROOT:f:0000001f 
0:0:0:0:0:0:0:1 - anonymousUser [2021-11-02T14:36:15.476Z] "GET /_framework/Microsoft.Extensions.Configuration.Json.dll HTTP/1.1" 403 2222 ROOT:f:00000020 
0:0:0:0:0:0:0:1 - anonymousUser [2021-11-02T14:36:15.488Z] "GET /_framework/Microsoft.Extensions.DependencyInjection.dll HTTP/1.1" 403 2225 ROOT:f:00000021 
0:0:0:0:0:0:0:1 - anonymousUser [2021-11-02T14:36:15.499Z] "GET /_framework/Microsoft.Extensions.DependencyInjection.Abstractions.dll HTTP/1.1" 403 2264 ROOT:f:00000022 
0:0:0:0:0:0:0:1 - anonymousUser [2021-11-02T14:36:15.512Z] "GET /_framework/Microsoft.EntityFrameworkCore.Relational.dll HTTP/1.1" 403 2225 ROOT:f:00000025 
0:0:0:0:0:0:0:1 - anonymousUser [2021-11-02T14:36:15.514Z] "GET /_framework/Microsoft.Extensions.Logging.dll HTTP/1.1" 403 2189 ROOT:f:00000024 
0:0:0:0:0:0:0:1 - anonymousUser [2021-11-02T14:36:15.522Z] "GET /_framework/Microsoft.Extensions.Logging.Abstractions.dll HTTP/1.1" 403 2228 ROOT:f:00000026 
0:0:0:0:0:0:0:1 - anonymousUser [2021-11-02T14:36:15.542Z] "GET /_framework/Microsoft.Extensions.Primitives.dll HTTP/1.1" 403 2198 ROOT:f:00000028 
0:0:0:0:0:0:0:1 - anonymousUser [2021-11-02T14:36:15.554Z] "GET /_framework/Microsoft.JSInterop.dll HTTP/1.1" 403 2162 ROOT:f:00000029 
0:0:0:0:0:0:0:1 - anonymousUser [2021-11-02T14:36:15.580Z] "GET /_framework/Microsoft.JSInterop.WebAssembly.dll HTTP/1.1" 403 2198 ROOT:f:0000002a 
0:0:0:0:0:0:0:1 - anonymousUser [2021-11-02T14:36:15.591Z] "GET /_framework/Microsoft.Extensions.Caching.Abstractions.dll HTTP/1.1" 403 2228 ROOT:f:0000002b 
0:0:0:0:0:0:0:1 - anonymousUser [2021-11-02T14:36:15.597Z] "GET /_framework/Microsoft.EntityFrameworkCore.Abstractions.dll HTTP/1.1" 403 2231 ROOT:f:00000023 
0:0:0:0:0:0:0:1 - anonymousUser [2021-11-02T14:36:15.645Z] "GET /_framework/Microsoft.Extensions.Options.dll HTTP/1.1" 403 2189 ROOT:f:00000027 
0:0:0:0:0:0:0:1 - anonymousUser [2021-11-02T14:36:15.646Z] "GET /_framework/Microsoft.Extensions.Caching.Memory.dll HTTP/1.1" 403 2210 ROOT:f:0000002c 
0:0:0:0:0:0:0:1 - anonymousUser [2021-11-02T14:36:15.650Z] "GET /_framework/Microsoft.Extensions.Configuration.dll HTTP/1.1" 403 2207 ROOT:f:0000002d 
0:0:0:0:0:0:0:1 - anonymousUser [2021-11-02T14:36:15.657Z] "GET /_framework/Remotion.Linq.dll HTTP/1.1" 403 2144 ROOT:f:0000002e 
0:0:0:0:0:0:0:1 - anonymousUser [2021-11-02T14:36:15.662Z] "GET /_framework/System.Interactive.Async.dll HTTP/1.1" 403 2177 ROOT:f:0000002f 
0:0:0:0:0:0:0:1 - anonymousUser [2021-11-02T14:36:15.667Z] "GET /_framework/System.Data.Odbc.dll HTTP/1.1" 403 2153 ROOT:f:00000030 
0:0:0:0:0:0:0:1 - anonymousUser [2021-11-02T14:36:15.744Z] "GET /_framework/System.IO.Pipelines.dll HTTP/1.1" 403 2162 ROOT:f:00000031 
0:0:0:0:0:0:0:1 - anonymousUser [2021-11-02T14:36:15.753Z] "GET /_framework/Progress.Messages.dll HTTP/1.1" 403 2156 ROOT:f:00000032 
0:0:0:0:0:0:0:1 - anonymousUser [2021-11-02T14:36:15.767Z] "GET /_framework/Progress.o4glrt.dll HTTP/1.1" 403 2150 ROOT:f:00000033 
0:0:0:0:0:0:0:1 - anonymousUser [2021-11-02T14:36:15.774Z] "GET /_framework/sports2000.dll HTTP/1.1" 403 2135 ROOT:f:00000034 
0:0:0:0:0:0:0:1 - anonymousUser [2021-11-02T14:36:15.780Z] "GET /_framework/Microsoft.Win32.Primitives.dll HTTP/1.1" 403 2183 ROOT:f:00000035 
0:0:0:0:0:0:0:1 - anonymousUser [2021-11-02T14:36:15.787Z] "GET /_framework/System.Buffers.dll HTTP/1.1" 403 2147 ROOT:f:00000036 
0:0:0:0:0:0:0:1 - anonymousUser [2021-11-02T14:36:15.797Z] "GET /_framework/System.Collections.Concurrent.dll HTTP/1.1" 403 2192 ROOT:f:00000037 
0:0:0:0:0:0:0:1 - anonymousUser [2021-11-02T14:36:15.803Z] "GET /_framework/System.Collections.Immutable.dll HTTP/1.1" 403 2189 ROOT:f:00000038 
0:0:0:0:0:0:0:1 - anonymousUser [2021-11-02T14:36:15.810Z] "GET /_framework/System.Collections.NonGeneric.dll HTTP/1.1" 403 2192 ROOT:f:00000039 
0:0:0:0:0:0:0:1 - anonymousUser [2021-11-02T14:36:15.815Z] "GET /_framework/System.Collections.dll HTTP/1.1" 403 2159 ROOT:f:0000003b 
0:0:0:0:0:0:0:1 - anonymousUser [2021-11-02T14:36:15.819Z] "GET /_framework/System.Collections.Specialized.dll HTTP/1.1" 403 2195 ROOT:f:0000003a 
0:0:0:0:0:0:0:1 - anonymousUser [2021-11-02T14:36:15.826Z] "GET /_framework/System.ComponentModel.Annotations.dll HTTP/1.1" 403 2204 ROOT:f:0000003c 
0:0:0:0:0:0:0:1 - anonymousUser [2021-11-02T14:36:15.883Z] "GET /_framework/System.ComponentModel.Primitives.dll HTTP/1.1" 403 2201 ROOT:f:0000003d 
0:0:0:0:0:0:0:1 - anonymousUser [2021-11-02T14:36:15.883Z] "GET /_framework/System.ComponentModel.TypeConverter.dll HTTP/1.1" 403 2210 ROOT:f:0000003e 
0:0:0:0:0:0:0:1 - anonymousUser [2021-11-02T14:36:15.890Z] "GET /_framework/System.ComponentModel.dll HTTP/1.1" 403 2168 ROOT:f:0000003f 
0:0:0:0:0:0:0:1 - anonymousUser [2021-11-02T14:36:15.900Z] "GET /_framework/System.Console.dll HTTP/1.1" 403 2147 ROOT:f:00000040 
0:0:0:0:0:0:0:1 - anonymousUser [2021-11-02T14:36:15.917Z] "GET /_framework/System.Data.Common.dll HTTP/1.1" 403 2159 ROOT:f:00000041 
0:0:0:0:0:0:0:1 - anonymousUser [2021-11-02T14:36:15.928Z] "GET /_framework/System.Diagnostics.Debug.dll HTTP/1.1" 403 2177 ROOT:f:00000042 
0:0:0:0:0:0:0:1 - anonymousUser [2021-11-02T14:36:15.936Z] "GET /_framework/System.Diagnostics.DiagnosticSource.dll HTTP/1.1" 403 2210 ROOT:f:00000043 
0:0:0:0:0:0:0:1 - anonymousUser [2021-11-02T14:36:15.969Z] "GET /_framework/System.Diagnostics.Process.dll HTTP/1.1" 403 2183 ROOT:f:00000044 
0:0:0:0:0:0:0:1 - anonymousUser [2021-11-02T14:36:15.982Z] "GET /_framework/System.Diagnostics.TraceSource.dll HTTP/1.1" 403 2195 ROOT:f:00000045 
0:0:0:0:0:0:0:1 - anonymousUser [2021-11-02T14:36:15.995Z] "GET /_framework/System.Drawing.Primitives.dll HTTP/1.1" 403 2180 ROOT:f:00000046 
0:0:0:0:0:0:0:1 - anonymousUser [2021-11-02T14:36:16.018Z] "GET /_framework/System.Drawing.dll HTTP/1.1" 403 2147 ROOT:f:00000047 
0:0:0:0:0:0:0:1 - anonymousUser [2021-11-02T14:36:16.026Z] "GET /_framework/System.IO.Compression.dll HTTP/1.1" 403 2168 ROOT:f:00000048 
0:0:0:0:0:0:0:1 - anonymousUser [2021-11-02T14:36:16.028Z] "GET /_framework/System.IO.FileSystem.dll HTTP/1.1" 403 2165 ROOT:f:00000049 
0:0:0:0:0:0:0:1 - anonymousUser [2021-11-02T14:36:16.034Z] "GET /_framework/System.Linq.Expressions.dll HTTP/1.1" 403 2174 ROOT:f:0000004a 
0:0:0:0:0:0:0:1 - anonymousUser [2021-11-02T14:36:16.140Z] "GET /_framework/System.Linq.dll HTTP/1.1" 403 2138 ROOT:f:0000004c 
0:0:0:0:0:0:0:1 - anonymousUser [2021-11-02T14:36:16.140Z] "GET /_framework/System.Linq.Queryable.dll HTTP/1.1" 403 2168 ROOT:f:0000004b 
0:0:0:0:0:0:0:1 - anonymousUser [2021-11-02T14:36:16.145Z] "GET /_framework/System.Memory.dll HTTP/1.1" 403 2144 ROOT:f:0000004d 
0:0:0:0:0:0:0:1 - anonymousUser [2021-11-02T14:36:16.156Z] "GET /_framework/System.Net.Http.Json.dll HTTP/1.1" 403 2165 ROOT:f:0000004e 
0:0:0:0:0:0:0:1 - anonymousUser [2021-11-02T14:36:16.161Z] "GET /_framework/System.Net.Http.dll HTTP/1.1" 403 2150 ROOT:f:0000004f 
0:0:0:0:0:0:0:1 - anonymousUser [2021-11-02T14:36:16.168Z] "GET /_framework/System.Net.NameResolution.dll HTTP/1.1" 403 2180 ROOT:f:00000050 
0:0:0:0:0:0:0:1 - anonymousUser [2021-11-02T14:36:16.197Z] "GET /_framework/System.Net.Primitives.dll HTTP/1.1" 403 2168 ROOT:f:00000051 
0:0:0:0:0:0:0:1 - anonymousUser [2021-11-02T14:36:16.200Z] "GET /_framework/System.Net.Requests.dll HTTP/1.1" 403 2162 ROOT:f:00000052 
0:0:0:0:0:0:0:1 - anonymousUser [2021-11-02T14:36:16.203Z] "GET /_framework/System.Net.ServicePoint.dll HTTP/1.1" 403 2174 ROOT:f:00000054 
0:0:0:0:0:0:0:1 - anonymousUser [2021-11-02T14:36:16.205Z] "GET /_framework/System.Net.Security.dll HTTP/1.1" 403 2162 ROOT:f:00000053 
0:0:0:0:0:0:0:1 - anonymousUser [2021-11-02T14:36:16.210Z] "GET /_framework/System.Net.Sockets.dll HTTP/1.1" 403 2159 ROOT:f:00000055 
0:0:0:0:0:0:0:1 - anonymousUser [2021-11-02T14:36:16.218Z] "GET /_framework/System.Net.WebHeaderCollection.dll HTTP/1.1" 403 2195 ROOT:f:00000056 
0:0:0:0:0:0:0:1 - anonymousUser [2021-11-02T14:36:16.235Z] "GET /_framework/System.Net.WebProxy.dll HTTP/1.1" 403 2162 ROOT:f:00000057 
0:0:0:0:0:0:0:1 - anonymousUser [2021-11-02T14:36:16.249Z] "GET /_framework/System.ObjectModel.dll HTTP/1.1" 403 2159 ROOT:f:00000058 
0:0:0:0:0:0:0:1 - anonymousUser [2021-11-02T14:36:16.255Z] "GET /_framework/System.Private.Runtime.InteropServices.JavaScript.dll HTTP/1.1" 403 2252 ROOT:f:00000059 
0:0:0:0:0:0:0:1 - anonymousUser [2021-11-02T14:36:16.263Z] "GET /_framework/System.Private.Uri.dll HTTP/1.1" 403 2159 ROOT:f:0000005a 
0:0:0:0:0:0:0:1 - anonymousUser [2021-11-02T14:36:16.269Z] "GET /_framework/System.Private.Xml.dll HTTP/1.1" 403 2159 ROOT:f:0000005b 
0:0:0:0:0:0:0:1 - anonymousUser [2021-11-02T14:36:16.274Z] "GET /_framework/System.Reflection.Extensions.dll HTTP/1.1" 403 2189 ROOT:f:0000005c 
0:0:0:0:0:0:0:1 - anonymousUser [2021-11-02T14:36:16.287Z] "GET /_framework/System.Reflection.dll HTTP/1.1" 403 2156 ROOT:f:0000005d 
0:0:0:0:0:0:0:1 - anonymousUser [2021-11-02T14:36:16.292Z] "GET /_framework/System.Resources.ResourceManager.dll HTTP/1.1" 403 2201 ROOT:f:0000005e 
0:0:0:0:0:0:0:1 - anonymousUser [2021-11-02T14:36:16.300Z] "GET /_framework/System.Runtime.CompilerServices.Unsafe.dll HTTP/1.1" 403 2219 ROOT:f:0000005f 
0:0:0:0:0:0:0:1 - anonymousUser [2021-11-02T14:36:16.306Z] "GET /_framework/System.Runtime.Extensions.dll HTTP/1.1" 403 2180 ROOT:f:00000060 
0:0:0:0:0:0:0:1 - anonymousUser [2021-11-02T14:36:16.311Z] "GET /_framework/System.Runtime.InteropServices.RuntimeInformation.dll HTTP/1.1" 403 2252 ROOT:f:00000061 
0:0:0:0:0:0:0:1 - anonymousUser [2021-11-02T14:36:16.315Z] "GET /_framework/System.Runtime.InteropServices.dll HTTP/1.1" 403 2195 ROOT:f:00000062 
0:0:0:0:0:0:0:1 - anonymousUser [2021-11-02T14:36:16.326Z] "GET /_framework/System.Runtime.Numerics.dll HTTP/1.1" 403 2174 ROOT:f:00000063 
0:0:0:0:0:0:0:1 - anonymousUser [2021-11-02T14:36:16.330Z] "GET /_framework/System.Runtime.Serialization.Formatters.dll HTTP/1.1" 403 2222 ROOT:f:00000064 
0:0:0:0:0:0:0:1 - anonymousUser [2021-11-02T14:36:16.334Z] "GET /_framework/System.Runtime.dll HTTP/1.1" 403 2147 ROOT:f:00000065 
0:0:0:0:0:0:0:1 - anonymousUser [2021-11-02T14:36:16.341Z] "GET /_framework/System.Security.Cryptography.Algorithms.dll HTTP/1.1" 403 2222 ROOT:f:00000066 
0:0:0:0:0:0:0:1 - anonymousUser [2021-11-02T14:36:16.347Z] "GET /_framework/System.Security.Cryptography.Encoding.dll HTTP/1.1" 403 2216 ROOT:f:00000067 
0:0:0:0:0:0:0:1 - anonymousUser [2021-11-02T14:36:16.353Z] "GET /_framework/System.Security.Cryptography.X509Certificates.dll HTTP/1.1" 403 2240 ROOT:f:00000068 
0:0:0:0:0:0:0:1 - anonymousUser [2021-11-02T14:36:16.361Z] "GET /_framework/System.Text.Encodings.Web.dll HTTP/1.1" 403 2180 ROOT:f:00000069 
0:0:0:0:0:0:0:1 - anonymousUser [2021-11-02T14:36:16.370Z] "GET /_framework/System.Text.Json.dll HTTP/1.1" 403 2153 ROOT:f:0000006a 
0:0:0:0:0:0:0:1 - anonymousUser [2021-11-02T14:36:16.385Z] "GET /_framework/System.Text.RegularExpressions.dll HTTP/1.1" 403 2195 ROOT:f:0000006b 
0:0:0:0:0:0:0:1 - anonymousUser [2021-11-02T14:36:16.398Z] "GET /_framework/System.Threading.Tasks.dll HTTP/1.1" 403 2171 ROOT:f:0000006c 
0:0:0:0:0:0:0:1 - anonymousUser [2021-11-02T14:36:16.409Z] "GET /_framework/System.Threading.Thread.dll HTTP/1.1" 403 2174 ROOT:f:0000006d 
0:0:0:0:0:0:0:1 - anonymousUser [2021-11-02T14:36:16.416Z] "GET /_framework/System.Threading.ThreadPool.dll HTTP/1.1" 403 2186 ROOT:f:0000006e 
0:0:0:0:0:0:0:1 - anonymousUser [2021-11-02T14:36:16.460Z] "GET /_framework/System.Threading.dll HTTP/1.1" 403 2153 ROOT:f:0000006f 
0:0:0:0:0:0:0:1 - anonymousUser [2021-11-02T14:36:16.468Z] "GET /_framework/System.Threading.Timer.dll HTTP/1.1" 403 2171 ROOT:f:00000070 
0:0:0:0:0:0:0:1 - anonymousUser [2021-11-02T14:36:16.475Z] "GET /_framework/System.Transactions.Local.dll HTTP/1.1" 403 2180 ROOT:f:00000071 
0:0:0:0:0:0:0:1 - anonymousUser [2021-11-02T14:36:16.475Z] "GET /_framework/System.dll HTTP/1.1" 403 2123 ROOT:f:00000072 
0:0:0:0:0:0:0:1 - anonymousUser [2021-11-02T14:36:16.479Z] "GET /_framework/netstandard.dll HTTP/1.1" 403 2138 ROOT:f:00000073 
0:0:0:0:0:0:0:1 - anonymousUser [2021-11-02T14:36:16.512Z] "GET /_framework/System.Private.CoreLib.dll HTTP/1.1" 403 2171 ROOT:f:00000074 
0:0:0:0:0:0:0:1 - anonymousUser [2021-11-02T14:36:16.517Z] "GET /_framework/dotnet.wasm HTTP/1.1" 403 2126 ROOT:f:00000075 
0:0:0:0:0:0:0:1 - anonymousUser [2021-11-02T14:36:16.523Z] "GET /_framework/dotnet.timezones.blat HTTP/1.1" 403 2156 ROOT:f:00000076 
0:0:0:0:0:0:0:1 - anonymousUser [2021-11-02T14:36:16.529Z] "GET /_framework/icudt_EFIGS.dat HTTP/1.1" 403 2138 ROOT:f:00000077 
127.0.0.1 - - [2021-11-02T15:44:51.109Z] "GET /manager/text/list HTTP/1.1" 200 - - 
