2021-11-02T14:36:15.116Z sports2000 ROOT:f:00000017 denied anonymousUser [/css/bootstrap/bootstrap.min.css.map] [denyAll()] - Access is denied
2021-11-02T14:36:15.393Z sports2000 ROOT:f:0000001a denied anonymousUser [/_framework/EntityFrameworkCore.OpenEdge.dll] [denyAll()] - Access is denied
2021-11-02T14:36:15.414Z sports2000 ROOT:f:0000001d denied anonymousUser [/_framework/Microsoft.AspNetCore.Authorization.dll] [denyAll()] - Access is denied
2021-11-02T14:36:15.402Z sports2000 ROOT:f:0000001c denied anonymousUser [/_framework/Microsoft.AspNetCore.Components.dll] [denyAll()] - Access is denied
2021-11-02T14:36:15.398Z sports2000 ROOT:f:0000001b denied anonymousUser [/_framework/Microsoft.AspNetCore.Components.Web.dll] [denyAll()] - Access is denied
2021-11-02T14:36:15.356Z sports2000 ROOT:f:00000019 denied anonymousUser [/_framework/Microsoft.AspNetCore.Components.WebAssembly.dll] [denyAll()] - Access is denied
2021-11-02T14:36:15.455Z sports2000 ROOT:f:0000001e denied anonymousUser [/_framework/Microsoft.EntityFrameworkCore.dll] [denyAll()] - Access is denied
2021-11-02T14:36:15.463Z sports2000 ROOT:f:0000001f denied anonymousUser [/_framework/Microsoft.Extensions.Configuration.Abstractions.dll] [denyAll()] - Access is denied
2021-11-02T14:36:15.471Z sports2000 ROOT:f:00000020 denied anonymousUser [/_framework/Microsoft.Extensions.Configuration.Json.dll] [denyAll()] - Access is denied
2021-11-02T14:36:15.481Z sports2000 ROOT:f:00000021 denied anonymousUser [/_framework/Microsoft.Extensions.DependencyInjection.dll] [denyAll()] - Access is denied
2021-11-02T14:36:15.491Z sports2000 ROOT:f:00000022 denied anonymousUser [/_framework/Microsoft.Extensions.DependencyInjection.Abstractions.dll] [denyAll()] - Access is denied
2021-11-02T14:36:15.504Z sports2000 ROOT:f:00000024 denied anonymousUser [/_framework/Microsoft.Extensions.Logging.dll] [denyAll()] - Access is denied
2021-11-02T14:36:15.507Z sports2000 ROOT:f:00000025 denied anonymousUser [/_framework/Microsoft.EntityFrameworkCore.Relational.dll] [denyAll()] - Access is denied
2021-11-02T14:36:15.516Z sports2000 ROOT:f:00000027 denied anonymousUser [/_framework/Microsoft.Extensions.Options.dll] [denyAll()] - Access is denied
2021-11-02T14:36:15.519Z sports2000 ROOT:f:00000026 denied anonymousUser [/_framework/Microsoft.Extensions.Logging.Abstractions.dll] [denyAll()] - Access is denied
2021-11-02T14:36:15.525Z sports2000 ROOT:f:00000028 denied anonymousUser [/_framework/Microsoft.Extensions.Primitives.dll] [denyAll()] - Access is denied
2021-11-02T14:36:15.548Z sports2000 ROOT:f:00000029 denied anonymousUser [/_framework/Microsoft.JSInterop.dll] [denyAll()] - Access is denied
2021-11-02T14:36:15.572Z sports2000 ROOT:f:0000002a denied anonymousUser [/_framework/Microsoft.JSInterop.WebAssembly.dll] [denyAll()] - Access is denied
2021-11-02T14:36:15.586Z sports2000 ROOT:f:0000002b denied anonymousUser [/_framework/Microsoft.Extensions.Caching.Abstractions.dll] [denyAll()] - Access is denied
2021-11-02T14:36:15.592Z sports2000 ROOT:f:0000002c denied anonymousUser [/_framework/Microsoft.Extensions.Caching.Memory.dll] [denyAll()] - Access is denied
2021-11-02T14:36:15.493Z sports2000 ROOT:f:00000023 denied anonymousUser [/_framework/Microsoft.EntityFrameworkCore.Abstractions.dll] [denyAll()] - Access is denied
2021-11-02T14:36:15.647Z sports2000 ROOT:f:0000002d denied anonymousUser [/_framework/Microsoft.Extensions.Configuration.dll] [denyAll()] - Access is denied
2021-11-02T14:36:15.652Z sports2000 ROOT:f:0000002e denied anonymousUser [/_framework/Remotion.Linq.dll] [denyAll()] - Access is denied
2021-11-02T14:36:15.659Z sports2000 ROOT:f:0000002f denied anonymousUser [/_framework/System.Interactive.Async.dll] [denyAll()] - Access is denied
2021-11-02T14:36:15.663Z sports2000 ROOT:f:00000030 denied anonymousUser [/_framework/System.Data.Odbc.dll] [denyAll()] - Access is denied
2021-11-02T14:36:15.737Z sports2000 ROOT:f:00000031 denied anonymousUser [/_framework/System.IO.Pipelines.dll] [denyAll()] - Access is denied
2021-11-02T14:36:15.750Z sports2000 ROOT:f:00000032 denied anonymousUser [/_framework/Progress.Messages.dll] [denyAll()] - Access is denied
2021-11-02T14:36:15.759Z sports2000 ROOT:f:00000033 denied anonymousUser [/_framework/Progress.o4glrt.dll] [denyAll()] - Access is denied
2021-11-02T14:36:15.771Z sports2000 ROOT:f:00000034 denied anonymousUser [/_framework/sports2000.dll] [denyAll()] - Access is denied
2021-11-02T14:36:15.778Z sports2000 ROOT:f:00000035 denied anonymousUser [/_framework/Microsoft.Win32.Primitives.dll] [denyAll()] - Access is denied
2021-11-02T14:36:15.783Z sports2000 ROOT:f:00000036 denied anonymousUser [/_framework/System.Buffers.dll] [denyAll()] - Access is denied
2021-11-02T14:36:15.794Z sports2000 ROOT:f:00000037 denied anonymousUser [/_framework/System.Collections.Concurrent.dll] [denyAll()] - Access is denied
2021-11-02T14:36:15.799Z sports2000 ROOT:f:00000038 denied anonymousUser [/_framework/System.Collections.Immutable.dll] [denyAll()] - Access is denied
2021-11-02T14:36:15.806Z sports2000 ROOT:f:00000039 denied anonymousUser [/_framework/System.Collections.NonGeneric.dll] [denyAll()] - Access is denied
2021-11-02T14:36:15.811Z sports2000 ROOT:f:0000003a denied anonymousUser [/_framework/System.Collections.Specialized.dll] [denyAll()] - Access is denied
2021-11-02T14:36:15.813Z sports2000 ROOT:f:0000003b denied anonymousUser [/_framework/System.Collections.dll] [denyAll()] - Access is denied
2021-11-02T14:36:15.823Z sports2000 ROOT:f:0000003c denied anonymousUser [/_framework/System.ComponentModel.Annotations.dll] [denyAll()] - Access is denied
2021-11-02T14:36:15.878Z sports2000 ROOT:f:0000003d denied anonymousUser [/_framework/System.ComponentModel.Primitives.dll] [denyAll()] - Access is denied
2021-11-02T14:36:15.880Z sports2000 ROOT:f:0000003e denied anonymousUser [/_framework/System.ComponentModel.TypeConverter.dll] [denyAll()] - Access is denied
2021-11-02T14:36:15.887Z sports2000 ROOT:f:0000003f denied anonymousUser [/_framework/System.ComponentModel.dll] [denyAll()] - Access is denied
2021-11-02T14:36:15.895Z sports2000 ROOT:f:00000040 denied anonymousUser [/_framework/System.Console.dll] [denyAll()] - Access is denied
2021-11-02T14:36:15.907Z sports2000 ROOT:f:00000041 denied anonymousUser [/_framework/System.Data.Common.dll] [denyAll()] - Access is denied
2021-11-02T14:36:15.925Z sports2000 ROOT:f:00000042 denied anonymousUser [/_framework/System.Diagnostics.Debug.dll] [denyAll()] - Access is denied
2021-11-02T14:36:15.932Z sports2000 ROOT:f:00000043 denied anonymousUser [/_framework/System.Diagnostics.DiagnosticSource.dll] [denyAll()] - Access is denied
2021-11-02T14:36:15.966Z sports2000 ROOT:f:00000044 denied anonymousUser [/_framework/System.Diagnostics.Process.dll] [denyAll()] - Access is denied
2021-11-02T14:36:15.976Z sports2000 ROOT:f:00000045 denied anonymousUser [/_framework/System.Diagnostics.TraceSource.dll] [denyAll()] - Access is denied
2021-11-02T14:36:15.990Z sports2000 ROOT:f:00000046 denied anonymousUser [/_framework/System.Drawing.Primitives.dll] [denyAll()] - Access is denied
2021-11-02T14:36:16.014Z sports2000 ROOT:f:00000047 denied anonymousUser [/_framework/System.Drawing.dll] [denyAll()] - Access is denied
2021-11-02T14:36:16.022Z sports2000 ROOT:f:00000048 denied anonymousUser [/_framework/System.IO.Compression.dll] [denyAll()] - Access is denied
2021-11-02T14:36:16.025Z sports2000 ROOT:f:00000049 denied anonymousUser [/_framework/System.IO.FileSystem.dll] [denyAll()] - Access is denied
2021-11-02T14:36:16.030Z sports2000 ROOT:f:0000004a denied anonymousUser [/_framework/System.Linq.Expressions.dll] [denyAll()] - Access is denied
2021-11-02T14:36:16.137Z sports2000 ROOT:f:0000004c denied anonymousUser [/_framework/System.Linq.dll] [denyAll()] - Access is denied
2021-11-02T14:36:16.138Z sports2000 ROOT:f:0000004b denied anonymousUser [/_framework/System.Linq.Queryable.dll] [denyAll()] - Access is denied
2021-11-02T14:36:16.143Z sports2000 ROOT:f:0000004d denied anonymousUser [/_framework/System.Memory.dll] [denyAll()] - Access is denied
2021-11-02T14:36:16.154Z sports2000 ROOT:f:0000004e denied anonymousUser [/_framework/System.Net.Http.Json.dll] [denyAll()] - Access is denied
2021-11-02T14:36:16.158Z sports2000 ROOT:f:0000004f denied anonymousUser [/_framework/System.Net.Http.dll] [denyAll()] - Access is denied
2021-11-02T14:36:16.165Z sports2000 ROOT:f:00000050 denied anonymousUser [/_framework/System.Net.NameResolution.dll] [denyAll()] - Access is denied
2021-11-02T14:36:16.194Z sports2000 ROOT:f:00000051 denied anonymousUser [/_framework/System.Net.Primitives.dll] [denyAll()] - Access is denied
2021-11-02T14:36:16.194Z sports2000 ROOT:f:00000052 denied anonymousUser [/_framework/System.Net.Requests.dll] [denyAll()] - Access is denied
2021-11-02T14:36:16.200Z sports2000 ROOT:f:00000054 denied anonymousUser [/_framework/System.Net.ServicePoint.dll] [denyAll()] - Access is denied
2021-11-02T14:36:16.198Z sports2000 ROOT:f:00000053 denied anonymousUser [/_framework/System.Net.Security.dll] [denyAll()] - Access is denied
2021-11-02T14:36:16.207Z sports2000 ROOT:f:00000055 denied anonymousUser [/_framework/System.Net.Sockets.dll] [denyAll()] - Access is denied
2021-11-02T14:36:16.216Z sports2000 ROOT:f:00000056 denied anonymousUser [/_framework/System.Net.WebHeaderCollection.dll] [denyAll()] - Access is denied
2021-11-02T14:36:16.231Z sports2000 ROOT:f:00000057 denied anonymousUser [/_framework/System.Net.WebProxy.dll] [denyAll()] - Access is denied
2021-11-02T14:36:16.237Z sports2000 ROOT:f:00000058 denied anonymousUser [/_framework/System.ObjectModel.dll] [denyAll()] - Access is denied
2021-11-02T14:36:16.252Z sports2000 ROOT:f:00000059 denied anonymousUser [/_framework/System.Private.Runtime.InteropServices.JavaScript.dll] [denyAll()] - Access is denied
2021-11-02T14:36:16.258Z sports2000 ROOT:f:0000005a denied anonymousUser [/_framework/System.Private.Uri.dll] [denyAll()] - Access is denied
2021-11-02T14:36:16.266Z sports2000 ROOT:f:0000005b denied anonymousUser [/_framework/System.Private.Xml.dll] [denyAll()] - Access is denied
2021-11-02T14:36:16.271Z sports2000 ROOT:f:0000005c denied anonymousUser [/_framework/System.Reflection.Extensions.dll] [denyAll()] - Access is denied
2021-11-02T14:36:16.284Z sports2000 ROOT:f:0000005d denied anonymousUser [/_framework/System.Reflection.dll] [denyAll()] - Access is denied
2021-11-02T14:36:16.290Z sports2000 ROOT:f:0000005e denied anonymousUser [/_framework/System.Resources.ResourceManager.dll] [denyAll()] - Access is denied
2021-11-02T14:36:16.297Z sports2000 ROOT:f:0000005f denied anonymousUser [/_framework/System.Runtime.CompilerServices.Unsafe.dll] [denyAll()] - Access is denied
2021-11-02T14:36:16.303Z sports2000 ROOT:f:00000060 denied anonymousUser [/_framework/System.Runtime.Extensions.dll] [denyAll()] - Access is denied
2021-11-02T14:36:16.309Z sports2000 ROOT:f:00000061 denied anonymousUser [/_framework/System.Runtime.InteropServices.RuntimeInformation.dll] [denyAll()] - Access is denied
2021-11-02T14:36:16.313Z sports2000 ROOT:f:00000062 denied anonymousUser [/_framework/System.Runtime.InteropServices.dll] [denyAll()] - Access is denied
2021-11-02T14:36:16.323Z sports2000 ROOT:f:00000063 denied anonymousUser [/_framework/System.Runtime.Numerics.dll] [denyAll()] - Access is denied
2021-11-02T14:36:16.328Z sports2000 ROOT:f:00000064 denied anonymousUser [/_framework/System.Runtime.Serialization.Formatters.dll] [denyAll()] - Access is denied
2021-11-02T14:36:16.332Z sports2000 ROOT:f:00000065 denied anonymousUser [/_framework/System.Runtime.dll] [denyAll()] - Access is denied
2021-11-02T14:36:16.338Z sports2000 ROOT:f:00000066 denied anonymousUser [/_framework/System.Security.Cryptography.Algorithms.dll] [denyAll()] - Access is denied
2021-11-02T14:36:16.344Z sports2000 ROOT:f:00000067 denied anonymousUser [/_framework/System.Security.Cryptography.Encoding.dll] [denyAll()] - Access is denied
2021-11-02T14:36:16.349Z sports2000 ROOT:f:00000068 denied anonymousUser [/_framework/System.Security.Cryptography.X509Certificates.dll] [denyAll()] - Access is denied
2021-11-02T14:36:16.359Z sports2000 ROOT:f:00000069 denied anonymousUser [/_framework/System.Text.Encodings.Web.dll] [denyAll()] - Access is denied
2021-11-02T14:36:16.365Z sports2000 ROOT:f:0000006a denied anonymousUser [/_framework/System.Text.Json.dll] [denyAll()] - Access is denied
2021-11-02T14:36:16.373Z sports2000 ROOT:f:0000006b denied anonymousUser [/_framework/System.Text.RegularExpressions.dll] [denyAll()] - Access is denied
2021-11-02T14:36:16.389Z sports2000 ROOT:f:0000006c denied anonymousUser [/_framework/System.Threading.Tasks.dll] [denyAll()] - Access is denied
2021-11-02T14:36:16.404Z sports2000 ROOT:f:0000006d denied anonymousUser [/_framework/System.Threading.Thread.dll] [denyAll()] - Access is denied
2021-11-02T14:36:16.413Z sports2000 ROOT:f:0000006e denied anonymousUser [/_framework/System.Threading.ThreadPool.dll] [denyAll()] - Access is denied
2021-11-02T14:36:16.457Z sports2000 ROOT:f:0000006f denied anonymousUser [/_framework/System.Threading.dll] [denyAll()] - Access is denied
2021-11-02T14:36:16.458Z sports2000 ROOT:f:00000070 denied anonymousUser [/_framework/System.Threading.Timer.dll] [denyAll()] - Access is denied
2021-11-02T14:36:16.471Z sports2000 ROOT:f:00000071 denied anonymousUser [/_framework/System.Transactions.Local.dll] [denyAll()] - Access is denied
2021-11-02T14:36:16.472Z sports2000 ROOT:f:00000072 denied anonymousUser [/_framework/System.dll] [denyAll()] - Access is denied
2021-11-02T14:36:16.477Z sports2000 ROOT:f:00000073 denied anonymousUser [/_framework/netstandard.dll] [denyAll()] - Access is denied
2021-11-02T14:36:16.509Z sports2000 ROOT:f:00000074 denied anonymousUser [/_framework/System.Private.CoreLib.dll] [denyAll()] - Access is denied
2021-11-02T14:36:16.515Z sports2000 ROOT:f:00000075 denied anonymousUser [/_framework/dotnet.wasm] [denyAll()] - Access is denied
2021-11-02T14:36:16.520Z sports2000 ROOT:f:00000076 denied anonymousUser [/_framework/dotnet.timezones.blat] [denyAll()] - Access is denied
2021-11-02T14:36:16.527Z sports2000 ROOT:f:00000077 denied anonymousUser [/_framework/icudt_EFIGS.dat] [denyAll()] - Access is denied
