127.0.0.1 - - [2021-11-02T17:14:41.159Z] "GET /manager/text/list HTTP/1.1" 200 - - 
0:0:0:0:0:0:0:1 - anonymousUser [2021-11-02T17:15:11.708Z] "GET / HTTP/1.1" 200 722 ROOT:f:00000001 
0:0:0:0:0:0:0:1 - anonymousUser [2021-11-02T17:15:11.777Z] "GET /css/bootstrap/bootstrap.min.css HTTP/1.1" 200 155764 ROOT:f:00000002 
0:0:0:0:0:0:0:1 - anonymousUser [2021-11-02T17:15:11.785Z] "GET /css/app.css HTTP/1.1" 200 911 ROOT:f:00000003 
0:0:0:0:0:0:0:1 - anonymousUser [2021-11-02T17:15:11.800Z] "GET /sports2000.styles.css HTTP/1.1" 200 2784 ROOT:f:00000004 
0:0:0:0:0:0:0:1 - anonymousUser [2021-11-02T17:15:11.815Z] "GET /_framework/blazor.webassembly.js HTTP/1.1" 200 76966 ROOT:f:00000005 
0:0:0:0:0:0:0:1 - anonymousUser [2021-11-02T17:15:11.819Z] "GET /css/open-iconic/font/css/open-iconic-bootstrap.min.css HTTP/1.1" 200 9395 ROOT:f:00000006 
0:0:0:0:0:0:0:1 - anonymousUser [2021-11-02T17:15:11.899Z] "GET /_framework/blazor.boot.json HTTP/1.1" 200 9865 ROOT:f:00000007 
0:0:0:0:0:0:0:1 - anonymousUser [2021-11-02T17:15:11.920Z] "GET /favicon.ico HTTP/1.1" 200 5430 ROOT:f:00000008 
0:0:0:0:0:0:0:1 - anonymousUser [2021-11-02T17:15:12.045Z] "GET /_framework/dotnet.6.0.0-rc.1.21451.13.js HTTP/1.1" 200 242123 ROOT:f:00000009 
0:0:0:0:0:0:0:1 - anonymousUser [2021-11-02T17:15:12.280Z] "GET /_framework/Microsoft.EntityFrameworkCore.dll HTTP/1.1" 403 2192 ROOT:f:0000000f 
0:0:0:0:0:0:0:1 - anonymousUser [2021-11-02T17:15:12.281Z] "GET /_framework/Microsoft.AspNetCore.Components.Web.dll HTTP/1.1" 403 2210 ROOT:f:0000000d 
0:0:0:0:0:0:0:1 - anonymousUser [2021-11-02T17:15:12.281Z] "GET /_framework/Microsoft.AspNetCore.Components.dll HTTP/1.1" 403 2198 ROOT:f:0000000c 
0:0:0:0:0:0:0:1 - anonymousUser [2021-11-02T17:15:12.282Z] "GET /_framework/Microsoft.AspNetCore.Authorization.dll HTTP/1.1" 403 2207 ROOT:f:0000000b 
0:0:0:0:0:0:0:1 - anonymousUser [2021-11-02T17:15:12.283Z] "GET /_framework/EntityFrameworkCore.OpenEdge.dll HTTP/1.1" 403 2189 ROOT:f:0000000a 
0:0:0:0:0:0:0:1 - anonymousUser [2021-11-02T17:15:12.301Z] "GET /css/bootstrap/bootstrap.min.css.map HTTP/1.1" 403 2165 ROOT:f:00000010 
0:0:0:0:0:0:0:1 - anonymousUser [2021-11-02T17:15:12.339Z] "GET /_framework/Microsoft.AspNetCore.Components.WebAssembly.dll HTTP/1.1" 403 2234 ROOT:f:0000000e 
0:0:0:0:0:0:0:1 - anonymousUser [2021-11-02T17:15:12.436Z] "GET /_framework/Microsoft.EntityFrameworkCore.Abstractions.dll HTTP/1.1" 403 2231 ROOT:f:00000011 
0:0:0:0:0:0:0:1 - anonymousUser [2021-11-02T17:15:12.437Z] "GET /_framework/Microsoft.EntityFrameworkCore.Relational.dll HTTP/1.1" 403 2225 ROOT:f:00000012 
0:0:0:0:0:0:0:1 - anonymousUser [2021-11-02T17:15:12.442Z] "GET /_framework/Microsoft.Extensions.Caching.Memory.dll HTTP/1.1" 403 2210 ROOT:f:00000013 
0:0:0:0:0:0:0:1 - anonymousUser [2021-11-02T17:15:12.449Z] "GET /_framework/Microsoft.Extensions.Caching.Abstractions.dll HTTP/1.1" 403 2228 ROOT:f:00000014 
0:0:0:0:0:0:0:1 - anonymousUser [2021-11-02T17:15:12.451Z] "GET /_framework/Microsoft.Extensions.Configuration.dll HTTP/1.1" 403 2207 ROOT:f:00000015 
0:0:0:0:0:0:0:1 - anonymousUser [2021-11-02T17:15:12.460Z] "GET /_framework/Microsoft.Extensions.Configuration.Abstractions.dll HTTP/1.1" 403 2246 ROOT:f:00000016 
0:0:0:0:0:0:0:1 - anonymousUser [2021-11-02T17:15:12.470Z] "GET /_framework/Microsoft.Extensions.Configuration.Json.dll HTTP/1.1" 403 2222 ROOT:f:00000017 
0:0:0:0:0:0:0:1 - anonymousUser [2021-11-02T17:15:12.485Z] "GET /_framework/Microsoft.Extensions.DependencyInjection.dll HTTP/1.1" 403 2225 ROOT:f:00000018 
0:0:0:0:0:0:0:1 - anonymousUser [2021-11-02T17:15:12.506Z] "GET /_framework/Microsoft.Extensions.DependencyInjection.Abstractions.dll HTTP/1.1" 403 2264 ROOT:f:00000019 
0:0:0:0:0:0:0:1 - anonymousUser [2021-11-02T17:15:12.507Z] "GET /_framework/Microsoft.Extensions.Logging.Abstractions.dll HTTP/1.1" 403 2228 ROOT:f:0000001b 
0:0:0:0:0:0:0:1 - anonymousUser [2021-11-02T17:15:12.509Z] "GET /_framework/Microsoft.Extensions.Logging.dll HTTP/1.1" 403 2189 ROOT:f:0000001a 
0:0:0:0:0:0:0:1 - anonymousUser [2021-11-02T17:15:12.518Z] "GET /_framework/Microsoft.Extensions.Primitives.dll HTTP/1.1" 403 2198 ROOT:f:0000001d 
0:0:0:0:0:0:0:1 - anonymousUser [2021-11-02T17:15:12.520Z] "GET /_framework/Microsoft.Extensions.Options.dll HTTP/1.1" 403 2189 ROOT:f:0000001c 
0:0:0:0:0:0:0:1 - anonymousUser [2021-11-02T17:15:12.543Z] "GET /_framework/Microsoft.JSInterop.dll HTTP/1.1" 403 2162 ROOT:f:0000001e 
0:0:0:0:0:0:0:1 - anonymousUser [2021-11-02T17:15:12.553Z] "GET /_framework/Microsoft.JSInterop.WebAssembly.dll HTTP/1.1" 403 2198 ROOT:f:0000001f 
0:0:0:0:0:0:0:1 - anonymousUser [2021-11-02T17:15:12.560Z] "GET /_framework/Remotion.Linq.dll HTTP/1.1" 403 2144 ROOT:f:00000020 
0:0:0:0:0:0:0:1 - anonymousUser [2021-11-02T17:15:12.567Z] "GET /_framework/System.Data.Odbc.dll HTTP/1.1" 403 2153 ROOT:f:00000021 
0:0:0:0:0:0:0:1 - anonymousUser [2021-11-02T17:15:12.576Z] "GET /_framework/System.Interactive.Async.dll HTTP/1.1" 403 2177 ROOT:f:00000022 
0:0:0:0:0:0:0:1 - anonymousUser [2021-11-02T17:15:12.580Z] "GET /_framework/System.IO.Pipelines.dll HTTP/1.1" 403 2162 ROOT:f:00000023 
0:0:0:0:0:0:0:1 - anonymousUser [2021-11-02T17:15:12.586Z] "GET /_framework/Progress.Messages.dll HTTP/1.1" 403 2156 ROOT:f:00000024 
0:0:0:0:0:0:0:1 - anonymousUser [2021-11-02T17:15:12.602Z] "GET /_framework/Progress.o4glrt.dll HTTP/1.1" 403 2150 ROOT:f:00000025 
0:0:0:0:0:0:0:1 - anonymousUser [2021-11-02T17:15:12.621Z] "GET /_framework/sports2000.dll HTTP/1.1" 403 2135 ROOT:f:00000026 
0:0:0:0:0:0:0:1 - anonymousUser [2021-11-02T17:15:12.627Z] "GET /_framework/Microsoft.Win32.Primitives.dll HTTP/1.1" 403 2183 ROOT:f:00000027 
0:0:0:0:0:0:0:1 - anonymousUser [2021-11-02T17:15:12.633Z] "GET /_framework/System.Buffers.dll HTTP/1.1" 403 2147 ROOT:f:00000028 
0:0:0:0:0:0:0:1 - anonymousUser [2021-11-02T17:15:12.646Z] "GET /_framework/System.Collections.Concurrent.dll HTTP/1.1" 403 2192 ROOT:f:00000029 
0:0:0:0:0:0:0:1 - anonymousUser [2021-11-02T17:15:12.648Z] "GET /_framework/System.Collections.Immutable.dll HTTP/1.1" 403 2189 ROOT:f:0000002a 
0:0:0:0:0:0:0:1 - anonymousUser [2021-11-02T17:15:12.654Z] "GET /_framework/System.Collections.NonGeneric.dll HTTP/1.1" 403 2192 ROOT:f:0000002b 
0:0:0:0:0:0:0:1 - anonymousUser [2021-11-02T17:15:12.662Z] "GET /_framework/System.Collections.Specialized.dll HTTP/1.1" 403 2195 ROOT:f:0000002c 
0:0:0:0:0:0:0:1 - anonymousUser [2021-11-02T17:15:12.664Z] "GET /_framework/System.Collections.dll HTTP/1.1" 403 2159 ROOT:f:0000002d 
0:0:0:0:0:0:0:1 - anonymousUser [2021-11-02T17:15:12.671Z] "GET /_framework/System.ComponentModel.Annotations.dll HTTP/1.1" 403 2204 ROOT:f:0000002e 
0:0:0:0:0:0:0:1 - anonymousUser [2021-11-02T17:15:12.677Z] "GET /_framework/System.ComponentModel.Primitives.dll HTTP/1.1" 403 2201 ROOT:f:0000002f 
0:0:0:0:0:0:0:1 - anonymousUser [2021-11-02T17:15:12.685Z] "GET /_framework/System.ComponentModel.TypeConverter.dll HTTP/1.1" 403 2210 ROOT:f:00000030 
0:0:0:0:0:0:0:1 - anonymousUser [2021-11-02T17:15:12.694Z] "GET /_framework/System.ComponentModel.dll HTTP/1.1" 403 2168 ROOT:f:00000031 
0:0:0:0:0:0:0:1 - anonymousUser [2021-11-02T17:15:12.703Z] "GET /_framework/System.Console.dll HTTP/1.1" 403 2147 ROOT:f:00000032 
0:0:0:0:0:0:0:1 - anonymousUser [2021-11-02T17:15:12.712Z] "GET /_framework/System.Data.Common.dll HTTP/1.1" 403 2159 ROOT:f:00000033 
0:0:0:0:0:0:0:1 - anonymousUser [2021-11-02T17:15:12.719Z] "GET /_framework/System.Diagnostics.Debug.dll HTTP/1.1" 403 2177 ROOT:f:00000034 
0:0:0:0:0:0:0:1 - anonymousUser [2021-11-02T17:15:12.726Z] "GET /_framework/System.Diagnostics.DiagnosticSource.dll HTTP/1.1" 403 2210 ROOT:f:00000035 
0:0:0:0:0:0:0:1 - anonymousUser [2021-11-02T17:15:12.736Z] "GET /_framework/System.Diagnostics.Process.dll HTTP/1.1" 403 2183 ROOT:f:00000036 
0:0:0:0:0:0:0:1 - anonymousUser [2021-11-02T17:15:12.776Z] "GET /_framework/System.Diagnostics.TraceSource.dll HTTP/1.1" 403 2195 ROOT:f:00000037 
0:0:0:0:0:0:0:1 - anonymousUser [2021-11-02T17:15:12.794Z] "GET /_framework/System.IO.Compression.dll HTTP/1.1" 403 2168 ROOT:f:0000003a 
0:0:0:0:0:0:0:1 - anonymousUser [2021-11-02T17:15:12.804Z] "GET /_framework/System.Linq.dll HTTP/1.1" 403 2138 ROOT:f:0000003b 
0:0:0:0:0:0:0:1 - anonymousUser [2021-11-02T17:15:12.813Z] "GET /_framework/System.Memory.dll HTTP/1.1" 403 2144 ROOT:f:0000003c 
0:0:0:0:0:0:0:1 - anonymousUser [2021-11-02T17:15:12.819Z] "GET /_framework/System.Drawing.dll HTTP/1.1" 403 2147 ROOT:f:00000039 
0:0:0:0:0:0:0:1 - anonymousUser [2021-11-02T17:15:12.823Z] "GET /_framework/System.Linq.Expressions.dll HTTP/1.1" 403 2174 ROOT:f:0000003f 
0:0:0:0:0:0:0:1 - anonymousUser [2021-11-02T17:15:12.827Z] "GET /_framework/System.Net.Http.dll HTTP/1.1" 403 2150 ROOT:f:00000040 
0:0:0:0:0:0:0:1 - anonymousUser [2021-11-02T17:15:12.828Z] "GET /_framework/System.Drawing.Primitives.dll HTTP/1.1" 403 2180 ROOT:f:00000038 
0:0:0:0:0:0:0:1 - anonymousUser [2021-11-02T17:15:12.831Z] "GET /_framework/System.Linq.Queryable.dll HTTP/1.1" 403 2168 ROOT:f:00000041 
0:0:0:0:0:0:0:1 - anonymousUser [2021-11-02T17:15:12.834Z] "GET /_framework/System.Net.NameResolution.dll HTTP/1.1" 403 2180 ROOT:f:00000042 
0:0:0:0:0:0:0:1 - anonymousUser [2021-11-02T17:15:12.836Z] "GET /_framework/System.Net.Requests.dll HTTP/1.1" 403 2162 ROOT:f:00000044 
0:0:0:0:0:0:0:1 - anonymousUser [2021-11-02T17:15:12.853Z] "GET /_framework/System.Net.Security.dll HTTP/1.1" 403 2162 ROOT:f:00000043 
0:0:0:0:0:0:0:1 - anonymousUser [2021-11-02T17:15:12.860Z] "GET /_framework/System.Net.WebHeaderCollection.dll HTTP/1.1" 403 2195 ROOT:f:00000048 
0:0:0:0:0:0:0:1 - anonymousUser [2021-11-02T17:15:12.868Z] "GET /_framework/System.Net.WebProxy.dll HTTP/1.1" 403 2162 ROOT:f:00000049 
0:0:0:0:0:0:0:1 - anonymousUser [2021-11-02T17:15:12.880Z] "GET /_framework/System.ObjectModel.dll HTTP/1.1" 403 2159 ROOT:f:0000004a 
0:0:0:0:0:0:0:1 - anonymousUser [2021-11-02T17:15:12.891Z] "GET /_framework/System.Net.Http.Json.dll HTTP/1.1" 403 2165 ROOT:f:0000003d 
0:0:0:0:0:0:0:1 - anonymousUser [2021-11-02T17:15:12.899Z] "GET /_framework/System.Private.Uri.dll HTTP/1.1" 403 2159 ROOT:f:0000004c 
0:0:0:0:0:0:0:1 - anonymousUser [2021-11-02T17:15:12.906Z] "GET /_framework/System.Private.Xml.dll HTTP/1.1" 403 2159 ROOT:f:0000004d 
0:0:0:0:0:0:0:1 - anonymousUser [2021-11-02T17:15:12.916Z] "GET /_framework/System.Reflection.Extensions.dll HTTP/1.1" 403 2189 ROOT:f:0000004e 
0:0:0:0:0:0:0:1 - anonymousUser [2021-11-02T17:15:12.925Z] "GET /_framework/System.Private.Runtime.InteropServices.JavaScript.dll HTTP/1.1" 403 2252 ROOT:f:0000004b 
0:0:0:0:0:0:0:1 - anonymousUser [2021-11-02T17:15:12.933Z] "GET /_framework/System.IO.FileSystem.dll HTTP/1.1" 403 2165 ROOT:f:0000003e 
0:0:0:0:0:0:0:1 - anonymousUser [2021-11-02T17:15:13.042Z] "GET /_framework/System.Reflection.dll HTTP/1.1" 403 2156 ROOT:f:0000004f 
0:0:0:0:0:0:0:1 - anonymousUser [2021-11-02T17:15:13.048Z] "GET /_framework/System.Net.Sockets.dll HTTP/1.1" 403 2159 ROOT:f:00000046 
0:0:0:0:0:0:0:1 - anonymousUser [2021-11-02T17:15:13.052Z] "GET /_framework/System.Net.Primitives.dll HTTP/1.1" 403 2168 ROOT:f:00000047 
0:0:0:0:0:0:0:1 - anonymousUser [2021-11-02T17:15:13.061Z] "GET /_framework/System.Net.ServicePoint.dll HTTP/1.1" 403 2174 ROOT:f:00000045 
0:0:0:0:0:0:0:1 - anonymousUser [2021-11-02T17:15:13.065Z] "GET /_framework/System.Runtime.InteropServices.RuntimeInformation.dll HTTP/1.1" 403 2252 ROOT:f:00000053 
0:0:0:0:0:0:0:1 - anonymousUser [2021-11-02T17:15:13.074Z] "GET /_framework/System.Runtime.InteropServices.dll HTTP/1.1" 403 2195 ROOT:f:00000054 
0:0:0:0:0:0:0:1 - anonymousUser [2021-11-02T17:15:13.085Z] "GET /_framework/System.Runtime.Extensions.dll HTTP/1.1" 403 2180 ROOT:f:00000052 
0:0:0:0:0:0:0:1 - anonymousUser [2021-11-02T17:15:13.103Z] "GET /_framework/System.Runtime.Numerics.dll HTTP/1.1" 403 2174 ROOT:f:00000055 
0:0:0:0:0:0:0:1 - anonymousUser [2021-11-02T17:15:13.116Z] "GET /_framework/System.Runtime.Serialization.Formatters.dll HTTP/1.1" 403 2222 ROOT:f:00000056 
0:0:0:0:0:0:0:1 - anonymousUser [2021-11-02T17:15:13.121Z] "GET /_framework/System.Runtime.dll HTTP/1.1" 403 2147 ROOT:f:00000057 
0:0:0:0:0:0:0:1 - anonymousUser [2021-11-02T17:15:13.129Z] "GET /_framework/System.Security.Cryptography.Algorithms.dll HTTP/1.1" 403 2222 ROOT:f:00000058 
0:0:0:0:0:0:0:1 - anonymousUser [2021-11-02T17:15:13.136Z] "GET /_framework/System.Runtime.CompilerServices.Unsafe.dll HTTP/1.1" 403 2219 ROOT:f:00000051 
0:0:0:0:0:0:0:1 - anonymousUser [2021-11-02T17:15:13.150Z] "GET /_framework/System.Resources.ResourceManager.dll HTTP/1.1" 403 2201 ROOT:f:00000050 
0:0:0:0:0:0:0:1 - anonymousUser [2021-11-02T17:15:13.159Z] "GET /_framework/System.Security.Cryptography.Encoding.dll HTTP/1.1" 403 2216 ROOT:f:00000059 
0:0:0:0:0:0:0:1 - anonymousUser [2021-11-02T17:15:13.168Z] "GET /_framework/System.Text.Json.dll HTTP/1.1" 403 2153 ROOT:f:0000005a 
0:0:0:0:0:0:0:1 - anonymousUser [2021-11-02T17:15:13.173Z] "GET /_framework/System.Text.Encodings.Web.dll HTTP/1.1" 403 2180 ROOT:f:0000005b 
0:0:0:0:0:0:0:1 - anonymousUser [2021-11-02T17:15:13.177Z] "GET /_framework/System.Security.Cryptography.X509Certificates.dll HTTP/1.1" 403 2240 ROOT:f:0000005c 
0:0:0:0:0:0:0:1 - anonymousUser [2021-11-02T17:15:13.195Z] "GET /_framework/System.Threading.Tasks.dll HTTP/1.1" 403 2171 ROOT:f:0000005d 
0:0:0:0:0:0:0:1 - anonymousUser [2021-11-02T17:15:13.205Z] "GET /_framework/System.Threading.Thread.dll HTTP/1.1" 403 2174 ROOT:f:0000005e 
0:0:0:0:0:0:0:1 - anonymousUser [2021-11-02T17:15:13.215Z] "GET /_framework/System.Threading.ThreadPool.dll HTTP/1.1" 403 2186 ROOT:f:0000005f 
0:0:0:0:0:0:0:1 - anonymousUser [2021-11-02T17:15:13.222Z] "GET /_framework/System.Threading.Timer.dll HTTP/1.1" 403 2171 ROOT:f:00000060 
0:0:0:0:0:0:0:1 - anonymousUser [2021-11-02T17:15:13.226Z] "GET /_framework/System.Threading.dll HTTP/1.1" 403 2153 ROOT:f:00000061 
0:0:0:0:0:0:0:1 - anonymousUser [2021-11-02T17:15:13.233Z] "GET /_framework/System.Text.RegularExpressions.dll HTTP/1.1" 403 2195 ROOT:f:00000062 
0:0:0:0:0:0:0:1 - anonymousUser [2021-11-02T17:15:13.251Z] "GET /_framework/System.dll HTTP/1.1" 403 2123 ROOT:f:00000063 
0:0:0:0:0:0:0:1 - anonymousUser [2021-11-02T17:15:13.256Z] "GET /_framework/netstandard.dll HTTP/1.1" 403 2138 ROOT:f:00000064 
0:0:0:0:0:0:0:1 - anonymousUser [2021-11-02T17:15:13.261Z] "GET /_framework/System.Private.CoreLib.dll HTTP/1.1" 403 2171 ROOT:f:00000065 
0:0:0:0:0:0:0:1 - anonymousUser [2021-11-02T17:15:13.266Z] "GET /_framework/dotnet.timezones.blat HTTP/1.1" 403 2156 ROOT:f:00000066 
0:0:0:0:0:0:0:1 - anonymousUser [2021-11-02T17:15:13.271Z] "GET /_framework/System.Transactions.Local.dll HTTP/1.1" 403 2180 ROOT:f:00000067 
0:0:0:0:0:0:0:1 - anonymousUser [2021-11-02T17:15:13.276Z] "GET /_framework/dotnet.wasm HTTP/1.1" 403 2126 ROOT:f:00000068 
0:0:0:0:0:0:0:1 - anonymousUser [2021-11-02T17:15:13.286Z] "GET /_framework/icudt_EFIGS.dat HTTP/1.1" 403 2138 ROOT:f:00000069 
