0:0:0:0:0:0:0:1 - anonymousUser [2021-11-02T13:51:26.834Z] "GET / HTTP/1.1" 200 722 ROOT:f:00000001 
0:0:0:0:0:0:0:1 - anonymousUser [2021-11-02T13:51:26.979Z] "GET /css/app.css HTTP/1.1" 200 911 ROOT:f:00000003 
0:0:0:0:0:0:0:1 - anonymousUser [2021-11-02T13:51:27.010Z] "GET /sports2000.styles.css HTTP/1.1" 200 2784 ROOT:f:00000004 
0:0:0:0:0:0:0:1 - anonymousUser [2021-11-02T13:51:27.134Z] "GET /css/bootstrap/bootstrap.min.css HTTP/1.1" 200 155764 ROOT:f:00000002 
0:0:0:0:0:0:0:1 - anonymousUser [2021-11-02T13:51:27.174Z] "GET /_framework/blazor.webassembly.js HTTP/1.1" 200 76966 ROOT:f:00000005 
0:0:0:0:0:0:0:1 - anonymousUser [2021-11-02T13:51:27.219Z] "GET /css/open-iconic/font/css/open-iconic-bootstrap.min.css HTTP/1.1" 200 9395 ROOT:f:00000006 
0:0:0:0:0:0:0:1 - anonymousUser [2021-11-02T13:51:27.337Z] "GET /_framework/blazor.boot.json HTTP/1.1" 200 9865 ROOT:f:00000007 
0:0:0:0:0:0:0:1 - anonymousUser [2021-11-02T13:51:27.654Z] "GET /_framework/dotnet.6.0.0-rc.1.21451.13.js HTTP/1.1" 200 242123 ROOT:f:00000008 
0:0:0:0:0:0:0:1 - anonymousUser [2021-11-02T13:51:28.072Z] "GET /_framework/Microsoft.AspNetCore.Components.WebAssembly.dll HTTP/1.1" 403 2234 ROOT:f:0000000d 
0:0:0:0:0:0:0:1 - anonymousUser [2021-11-02T13:51:28.077Z] "GET /_framework/Microsoft.AspNetCore.Components.dll HTTP/1.1" 403 2198 ROOT:f:0000000b 
0:0:0:0:0:0:0:1 - anonymousUser [2021-11-02T13:51:28.085Z] "GET /_framework/Microsoft.EntityFrameworkCore.dll HTTP/1.1" 403 2192 ROOT:f:0000000e 
0:0:0:0:0:0:0:1 - anonymousUser [2021-11-02T13:51:28.090Z] "GET /_framework/Microsoft.Extensions.Caching.Abstractions.dll HTTP/1.1" 403 2228 ROOT:f:00000010 
0:0:0:0:0:0:0:1 - anonymousUser [2021-11-02T13:51:28.092Z] "GET /_framework/Microsoft.AspNetCore.Authorization.dll HTTP/1.1" 403 2207 ROOT:f:0000000a 
0:0:0:0:0:0:0:1 - anonymousUser [2021-11-02T13:51:28.093Z] "GET /_framework/EntityFrameworkCore.OpenEdge.dll HTTP/1.1" 403 2189 ROOT:f:00000009 
0:0:0:0:0:0:0:1 - anonymousUser [2021-11-02T13:51:28.101Z] "GET /_framework/Microsoft.Extensions.Configuration.dll HTTP/1.1" 403 2207 ROOT:f:00000011 
0:0:0:0:0:0:0:1 - anonymousUser [2021-11-02T13:51:28.114Z] "GET /_framework/Microsoft.EntityFrameworkCore.Relational.dll HTTP/1.1" 403 2225 ROOT:f:0000000f 
0:0:0:0:0:0:0:1 - anonymousUser [2021-11-02T13:51:28.118Z] "GET /_framework/Microsoft.Extensions.Caching.Memory.dll HTTP/1.1" 403 2210 ROOT:f:00000012 
0:0:0:0:0:0:0:1 - anonymousUser [2021-11-02T13:51:28.110Z] "GET /_framework/Microsoft.Extensions.Configuration.Abstractions.dll HTTP/1.1" 403 2246 ROOT:f:00000014 
0:0:0:0:0:0:0:1 - anonymousUser [2021-11-02T13:51:28.144Z] "GET /_framework/Microsoft.AspNetCore.Components.Web.dll HTTP/1.1" 403 2210 ROOT:f:0000000c 
0:0:0:0:0:0:0:1 - anonymousUser [2021-11-02T13:51:28.151Z] "GET /_framework/Microsoft.Extensions.Configuration.Json.dll HTTP/1.1" 403 2222 ROOT:f:00000013 
0:0:0:0:0:0:0:1 - anonymousUser [2021-11-02T13:51:28.153Z] "GET /_framework/Microsoft.EntityFrameworkCore.Abstractions.dll HTTP/1.1" 403 2231 ROOT:f:00000015 
0:0:0:0:0:0:0:1 - anonymousUser [2021-11-02T13:51:28.165Z] "GET /_framework/Microsoft.Extensions.DependencyInjection.dll HTTP/1.1" 403 2225 ROOT:f:00000016 
0:0:0:0:0:0:0:1 - anonymousUser [2021-11-02T13:51:28.174Z] "GET /_framework/Microsoft.Extensions.DependencyInjection.Abstractions.dll HTTP/1.1" 403 2264 ROOT:f:00000017 
0:0:0:0:0:0:0:1 - anonymousUser [2021-11-02T13:51:28.177Z] "GET /_framework/Microsoft.Extensions.Logging.dll HTTP/1.1" 403 2189 ROOT:f:00000018 
0:0:0:0:0:0:0:1 - anonymousUser [2021-11-02T13:51:28.184Z] "GET /_framework/Microsoft.Extensions.Logging.Abstractions.dll HTTP/1.1" 403 2228 ROOT:f:00000019 
0:0:0:0:0:0:0:1 - anonymousUser [2021-11-02T13:51:28.188Z] "GET /_framework/Microsoft.Extensions.Options.dll HTTP/1.1" 403 2189 ROOT:f:0000001a 
0:0:0:0:0:0:0:1 - anonymousUser [2021-11-02T13:51:28.192Z] "GET /_framework/Microsoft.Extensions.Primitives.dll HTTP/1.1" 403 2198 ROOT:f:0000001b 
0:0:0:0:0:0:0:1 - anonymousUser [2021-11-02T13:51:28.198Z] "GET /_framework/Microsoft.JSInterop.dll HTTP/1.1" 403 2162 ROOT:f:0000001c 
0:0:0:0:0:0:0:1 - anonymousUser [2021-11-02T13:51:28.204Z] "GET /_framework/Microsoft.JSInterop.WebAssembly.dll HTTP/1.1" 403 2198 ROOT:f:0000001d 
0:0:0:0:0:0:0:1 - anonymousUser [2021-11-02T13:51:28.214Z] "GET /_framework/Remotion.Linq.dll HTTP/1.1" 403 2144 ROOT:f:0000001e 
0:0:0:0:0:0:0:1 - anonymousUser [2021-11-02T13:51:28.228Z] "GET /_framework/System.Data.Odbc.dll HTTP/1.1" 403 2153 ROOT:f:0000001f 
0:0:0:0:0:0:0:1 - anonymousUser [2021-11-02T13:51:28.235Z] "GET /_framework/System.Interactive.Async.dll HTTP/1.1" 403 2177 ROOT:f:00000020 
0:0:0:0:0:0:0:1 - anonymousUser [2021-11-02T13:51:28.247Z] "GET /_framework/System.IO.Pipelines.dll HTTP/1.1" 403 2162 ROOT:f:00000021 
0:0:0:0:0:0:0:1 - anonymousUser [2021-11-02T13:51:28.259Z] "GET /_framework/Progress.Messages.dll HTTP/1.1" 403 2156 ROOT:f:00000022 
0:0:0:0:0:0:0:1 - anonymousUser [2021-11-02T13:51:28.265Z] "GET /_framework/Progress.o4glrt.dll HTTP/1.1" 403 2150 ROOT:f:00000023 
0:0:0:0:0:0:0:1 - anonymousUser [2021-11-02T13:51:28.271Z] "GET /_framework/Microsoft.Win32.Primitives.dll HTTP/1.1" 403 2183 ROOT:f:00000025 
0:0:0:0:0:0:0:1 - anonymousUser [2021-11-02T13:51:28.272Z] "GET /_framework/sports2000.dll HTTP/1.1" 403 2135 ROOT:f:00000024 
0:0:0:0:0:0:0:1 - anonymousUser [2021-11-02T13:51:28.277Z] "GET /_framework/System.Buffers.dll HTTP/1.1" 403 2147 ROOT:f:00000026 
0:0:0:0:0:0:0:1 - anonymousUser [2021-11-02T13:51:28.280Z] "GET /_framework/System.Collections.Concurrent.dll HTTP/1.1" 403 2192 ROOT:f:00000027 
0:0:0:0:0:0:0:1 - anonymousUser [2021-11-02T13:51:28.285Z] "GET /_framework/System.Collections.Immutable.dll HTTP/1.1" 403 2189 ROOT:f:00000028 
0:0:0:0:0:0:0:1 - anonymousUser [2021-11-02T13:51:28.295Z] "GET /_framework/System.Collections.Specialized.dll HTTP/1.1" 403 2195 ROOT:f:0000002a 
0:0:0:0:0:0:0:1 - anonymousUser [2021-11-02T13:51:28.298Z] "GET /_framework/System.Collections.NonGeneric.dll HTTP/1.1" 403 2192 ROOT:f:00000029 
0:0:0:0:0:0:0:1 - anonymousUser [2021-11-02T13:51:28.326Z] "GET /_framework/System.Console.dll HTTP/1.1" 403 2147 ROOT:f:00000030 
0:0:0:0:0:0:0:1 - anonymousUser [2021-11-02T13:51:28.328Z] "GET /_framework/System.ComponentModel.dll HTTP/1.1" 403 2168 ROOT:f:0000002f 
0:0:0:0:0:0:0:1 - anonymousUser [2021-11-02T13:51:28.331Z] "GET /_framework/System.ComponentModel.TypeConverter.dll HTTP/1.1" 403 2210 ROOT:f:0000002e 
0:0:0:0:0:0:0:1 - anonymousUser [2021-11-02T13:51:28.333Z] "GET /_framework/System.Collections.dll HTTP/1.1" 403 2159 ROOT:f:0000002b 
0:0:0:0:0:0:0:1 - anonymousUser [2021-11-02T13:51:28.342Z] "GET /_framework/System.ComponentModel.Annotations.dll HTTP/1.1" 403 2204 ROOT:f:0000002c 
0:0:0:0:0:0:0:1 - anonymousUser [2021-11-02T13:51:28.345Z] "GET /_framework/System.ComponentModel.Primitives.dll HTTP/1.1" 403 2201 ROOT:f:0000002d 
0:0:0:0:0:0:0:1 - anonymousUser [2021-11-02T13:51:28.365Z] "GET /_framework/System.Data.Common.dll HTTP/1.1" 403 2159 ROOT:f:00000031 
0:0:0:0:0:0:0:1 - anonymousUser [2021-11-02T13:51:28.371Z] "GET /_framework/System.Diagnostics.Debug.dll HTTP/1.1" 403 2177 ROOT:f:00000032 
0:0:0:0:0:0:0:1 - anonymousUser [2021-11-02T13:51:28.382Z] "GET /_framework/System.Diagnostics.DiagnosticSource.dll HTTP/1.1" 403 2210 ROOT:f:00000033 
0:0:0:0:0:0:0:1 - anonymousUser [2021-11-02T13:51:28.391Z] "GET /_framework/System.Diagnostics.Process.dll HTTP/1.1" 403 2183 ROOT:f:00000034 
0:0:0:0:0:0:0:1 - anonymousUser [2021-11-02T13:51:28.402Z] "GET /_framework/System.Diagnostics.TraceSource.dll HTTP/1.1" 403 2195 ROOT:f:00000035 
0:0:0:0:0:0:0:1 - anonymousUser [2021-11-02T13:51:28.410Z] "GET /_framework/System.Drawing.Primitives.dll HTTP/1.1" 403 2180 ROOT:f:00000036 
0:0:0:0:0:0:0:1 - anonymousUser [2021-11-02T13:51:28.425Z] "GET /_framework/System.Drawing.dll HTTP/1.1" 403 2147 ROOT:f:00000037 
0:0:0:0:0:0:0:1 - anonymousUser [2021-11-02T13:51:28.430Z] "GET /_framework/System.IO.Compression.dll HTTP/1.1" 403 2168 ROOT:f:00000038 
0:0:0:0:0:0:0:1 - anonymousUser [2021-11-02T13:51:28.434Z] "GET /_framework/System.IO.FileSystem.dll HTTP/1.1" 403 2165 ROOT:f:00000039 
0:0:0:0:0:0:0:1 - anonymousUser [2021-11-02T13:51:28.440Z] "GET /_framework/System.Linq.Expressions.dll HTTP/1.1" 403 2174 ROOT:f:0000003a 
0:0:0:0:0:0:0:1 - anonymousUser [2021-11-02T13:51:28.446Z] "GET /_framework/System.Linq.Queryable.dll HTTP/1.1" 403 2168 ROOT:f:0000003b 
0:0:0:0:0:0:0:1 - anonymousUser [2021-11-02T13:51:28.453Z] "GET /_framework/System.Linq.dll HTTP/1.1" 403 2138 ROOT:f:0000003c 
0:0:0:0:0:0:0:1 - anonymousUser [2021-11-02T13:51:28.462Z] "GET /_framework/System.Memory.dll HTTP/1.1" 403 2144 ROOT:f:0000003d 
0:0:0:0:0:0:0:1 - anonymousUser [2021-11-02T13:51:28.464Z] "GET /_framework/System.Net.Http.Json.dll HTTP/1.1" 403 2165 ROOT:f:0000003e 
0:0:0:0:0:0:0:1 - anonymousUser [2021-11-02T13:51:28.470Z] "GET /_framework/System.Net.Http.dll HTTP/1.1" 403 2150 ROOT:f:0000003f 
0:0:0:0:0:0:0:1 - anonymousUser [2021-11-02T13:51:28.486Z] "GET /_framework/System.Net.NameResolution.dll HTTP/1.1" 403 2180 ROOT:f:00000040 
0:0:0:0:0:0:0:1 - anonymousUser [2021-11-02T13:51:28.491Z] "GET /_framework/System.Net.Primitives.dll HTTP/1.1" 403 2168 ROOT:f:00000041 
0:0:0:0:0:0:0:1 - anonymousUser [2021-11-02T13:51:28.502Z] "GET /_framework/System.Net.Requests.dll HTTP/1.1" 403 2162 ROOT:f:00000042 
0:0:0:0:0:0:0:1 - anonymousUser [2021-11-02T13:51:28.520Z] "GET /_framework/System.Net.Security.dll HTTP/1.1" 403 2162 ROOT:f:00000043 
0:0:0:0:0:0:0:1 - anonymousUser [2021-11-02T13:51:28.531Z] "GET /_framework/System.Net.ServicePoint.dll HTTP/1.1" 403 2174 ROOT:f:00000044 
0:0:0:0:0:0:0:1 - anonymousUser [2021-11-02T13:51:28.543Z] "GET /_framework/System.Net.Sockets.dll HTTP/1.1" 403 2159 ROOT:f:00000045 
0:0:0:0:0:0:0:1 - anonymousUser [2021-11-02T13:51:28.549Z] "GET /_framework/System.Net.WebHeaderCollection.dll HTTP/1.1" 403 2195 ROOT:f:00000046 
0:0:0:0:0:0:0:1 - anonymousUser [2021-11-02T13:51:28.557Z] "GET /_framework/System.Net.WebProxy.dll HTTP/1.1" 403 2162 ROOT:f:00000047 
0:0:0:0:0:0:0:1 - anonymousUser [2021-11-02T13:51:28.570Z] "GET /_framework/System.ObjectModel.dll HTTP/1.1" 403 2159 ROOT:f:00000048 
0:0:0:0:0:0:0:1 - anonymousUser [2021-11-02T13:51:28.580Z] "GET /_framework/System.Private.Runtime.InteropServices.JavaScript.dll HTTP/1.1" 403 2252 ROOT:f:00000049 
0:0:0:0:0:0:0:1 - anonymousUser [2021-11-02T13:51:28.585Z] "GET /_framework/System.Private.Uri.dll HTTP/1.1" 403 2159 ROOT:f:0000004a 
0:0:0:0:0:0:0:1 - anonymousUser [2021-11-02T13:51:28.593Z] "GET /_framework/System.Private.Xml.dll HTTP/1.1" 403 2159 ROOT:f:0000004b 
0:0:0:0:0:0:0:1 - anonymousUser [2021-11-02T13:51:28.602Z] "GET /_framework/System.Reflection.Extensions.dll HTTP/1.1" 403 2189 ROOT:f:0000004c 
0:0:0:0:0:0:0:1 - anonymousUser [2021-11-02T13:51:28.611Z] "GET /_framework/System.Reflection.dll HTTP/1.1" 403 2156 ROOT:f:0000004d 
0:0:0:0:0:0:0:1 - anonymousUser [2021-11-02T13:51:28.625Z] "GET /_framework/System.Resources.ResourceManager.dll HTTP/1.1" 403 2201 ROOT:f:0000004e 
0:0:0:0:0:0:0:1 - anonymousUser [2021-11-02T13:51:28.639Z] "GET /_framework/System.Runtime.CompilerServices.Unsafe.dll HTTP/1.1" 403 2219 ROOT:f:0000004f 
0:0:0:0:0:0:0:1 - anonymousUser [2021-11-02T13:51:28.645Z] "GET /_framework/System.Runtime.Extensions.dll HTTP/1.1" 403 2180 ROOT:f:00000050 
0:0:0:0:0:0:0:1 - anonymousUser [2021-11-02T13:51:28.650Z] "GET /_framework/System.Runtime.InteropServices.RuntimeInformation.dll HTTP/1.1" 403 2252 ROOT:f:00000051 
0:0:0:0:0:0:0:1 - anonymousUser [2021-11-02T13:51:28.654Z] "GET /_framework/System.Runtime.InteropServices.dll HTTP/1.1" 403 2195 ROOT:f:00000052 
0:0:0:0:0:0:0:1 - anonymousUser [2021-11-02T13:51:28.658Z] "GET /_framework/System.Runtime.Numerics.dll HTTP/1.1" 403 2174 ROOT:f:00000053 
0:0:0:0:0:0:0:1 - anonymousUser [2021-11-02T13:51:28.666Z] "GET /_framework/System.Runtime.Serialization.Formatters.dll HTTP/1.1" 403 2222 ROOT:f:00000054 
0:0:0:0:0:0:0:1 - anonymousUser [2021-11-02T13:51:28.676Z] "GET /_framework/System.Runtime.dll HTTP/1.1" 403 2147 ROOT:f:00000055 
0:0:0:0:0:0:0:1 - anonymousUser [2021-11-02T13:51:28.688Z] "GET /_framework/System.Security.Cryptography.Algorithms.dll HTTP/1.1" 403 2222 ROOT:f:00000056 
0:0:0:0:0:0:0:1 - anonymousUser [2021-11-02T13:51:28.694Z] "GET /_framework/System.Security.Cryptography.Encoding.dll HTTP/1.1" 403 2216 ROOT:f:00000057 
0:0:0:0:0:0:0:1 - anonymousUser [2021-11-02T13:51:28.714Z] "GET /_framework/System.Security.Cryptography.X509Certificates.dll HTTP/1.1" 403 2240 ROOT:f:00000058 
0:0:0:0:0:0:0:1 - anonymousUser [2021-11-02T13:51:28.723Z] "GET /_framework/System.Text.Encodings.Web.dll HTTP/1.1" 403 2180 ROOT:f:00000059 
0:0:0:0:0:0:0:1 - anonymousUser [2021-11-02T13:51:28.748Z] "GET /_framework/System.Text.Json.dll HTTP/1.1" 403 2153 ROOT:f:0000005a 
0:0:0:0:0:0:0:1 - anonymousUser [2021-11-02T13:51:28.758Z] "GET /_framework/System.Text.RegularExpressions.dll HTTP/1.1" 403 2195 ROOT:f:0000005b 
0:0:0:0:0:0:0:1 - anonymousUser [2021-11-02T13:51:28.763Z] "GET /_framework/System.Threading.Tasks.dll HTTP/1.1" 403 2171 ROOT:f:0000005c 
0:0:0:0:0:0:0:1 - anonymousUser [2021-11-02T13:51:28.768Z] "GET /_framework/System.Threading.Thread.dll HTTP/1.1" 403 2174 ROOT:f:0000005d 
0:0:0:0:0:0:0:1 - anonymousUser [2021-11-02T13:51:28.773Z] "GET /_framework/System.Threading.ThreadPool.dll HTTP/1.1" 403 2186 ROOT:f:0000005e 
0:0:0:0:0:0:0:1 - anonymousUser [2021-11-02T13:51:28.779Z] "GET /_framework/System.Threading.Timer.dll HTTP/1.1" 403 2171 ROOT:f:0000005f 
0:0:0:0:0:0:0:1 - anonymousUser [2021-11-02T13:51:28.783Z] "GET /_framework/System.Threading.dll HTTP/1.1" 403 2153 ROOT:f:00000060 
0:0:0:0:0:0:0:1 - anonymousUser [2021-11-02T13:51:28.791Z] "GET /_framework/System.Transactions.Local.dll HTTP/1.1" 403 2180 ROOT:f:00000061 
0:0:0:0:0:0:0:1 - anonymousUser [2021-11-02T13:51:28.796Z] "GET /_framework/System.dll HTTP/1.1" 403 2123 ROOT:f:00000062 
0:0:0:0:0:0:0:1 - anonymousUser [2021-11-02T13:51:28.801Z] "GET /_framework/netstandard.dll HTTP/1.1" 403 2138 ROOT:f:00000063 
0:0:0:0:0:0:0:1 - anonymousUser [2021-11-02T13:51:28.818Z] "GET /_framework/System.Private.CoreLib.dll HTTP/1.1" 403 2171 ROOT:f:00000064 
0:0:0:0:0:0:0:1 - anonymousUser [2021-11-02T13:51:28.827Z] "GET /_framework/dotnet.wasm HTTP/1.1" 403 2126 ROOT:f:00000065 
0:0:0:0:0:0:0:1 - anonymousUser [2021-11-02T13:51:28.831Z] "GET /_framework/dotnet.timezones.blat HTTP/1.1" 403 2156 ROOT:f:00000066 
0:0:0:0:0:0:0:1 - anonymousUser [2021-11-02T13:51:28.834Z] "GET /_framework/icudt_EFIGS.dat HTTP/1.1" 403 2138 ROOT:f:00000067 
0:0:0:0:0:0:0:1 - anonymousUser [2021-11-02T13:51:32.954Z] "GET /css/app.css HTTP/1.1" 200 911 ROOT:f:0000006a 
0:0:0:0:0:0:0:1 - anonymousUser [2021-11-02T13:51:32.959Z] "GET /sports2000.styles.css HTTP/1.1" 200 2784 ROOT:f:0000006b 
0:0:0:0:0:0:0:1 - anonymousUser [2021-11-02T13:51:32.971Z] "GET /css/bootstrap/bootstrap.min.css HTTP/1.1" 200 155764 ROOT:f:00000068 
0:0:0:0:0:0:0:1 - anonymousUser [2021-11-02T13:51:32.976Z] "GET /css/open-iconic/font/css/open-iconic-bootstrap.min.css HTTP/1.1" 200 9395 ROOT:f:00000069 
0:0:0:0:0:0:0:1 - anonymousUser [2021-11-02T13:51:33.684Z] "GET /css/bootstrap/bootstrap.min.css.map HTTP/1.1" 403 2165 ROOT:f:0000006c 
0:0:0:0:0:0:0:1 - anonymousUser [2021-11-02T13:54:22.880Z] "GET / HTTP/1.1" 200 722 ROOT:f:0000006d 
0:0:0:0:0:0:0:1 - anonymousUser [2021-11-02T13:54:22.939Z] "GET /css/bootstrap/bootstrap.min.css HTTP/1.1" 200 155764 ROOT:f:0000006e 
0:0:0:0:0:0:0:1 - anonymousUser [2021-11-02T13:54:22.953Z] "GET /css/app.css HTTP/1.1" 200 911 ROOT:f:0000006f 
0:0:0:0:0:0:0:1 - anonymousUser [2021-11-02T13:54:22.959Z] "GET /sports2000.styles.css HTTP/1.1" 200 2784 ROOT:f:00000070 
0:0:0:0:0:0:0:1 - anonymousUser [2021-11-02T13:54:22.970Z] "GET /_framework/blazor.webassembly.js HTTP/1.1" 200 76966 ROOT:f:00000071 
0:0:0:0:0:0:0:1 - anonymousUser [2021-11-02T13:54:22.978Z] "GET /css/open-iconic/font/css/open-iconic-bootstrap.min.css HTTP/1.1" 200 9395 ROOT:f:00000072 
0:0:0:0:0:0:0:1 - anonymousUser [2021-11-02T13:54:23.052Z] "GET /_framework/blazor.boot.json HTTP/1.1" 200 9865 ROOT:f:00000073 
0:0:0:0:0:0:0:1 - anonymousUser [2021-11-02T13:54:23.065Z] "GET /favicon.ico HTTP/1.1" 200 5430 ROOT:f:00000074 
0:0:0:0:0:0:0:1 - anonymousUser [2021-11-02T13:54:23.171Z] "GET /css/bootstrap/bootstrap.min.css.map HTTP/1.1" 403 2165 ROOT:f:00000075 
0:0:0:0:0:0:0:1 - anonymousUser [2021-11-02T13:54:23.193Z] "GET /_framework/dotnet.6.0.0-rc.1.21451.13.js HTTP/1.1" 200 242123 ROOT:f:00000076 
0:0:0:0:0:0:0:1 - anonymousUser [2021-11-02T13:54:23.222Z] "GET /_framework/EntityFrameworkCore.OpenEdge.dll HTTP/1.1" 403 2189 ROOT:f:00000077 
0:0:0:0:0:0:0:1 - anonymousUser [2021-11-02T13:54:23.228Z] "GET /_framework/Microsoft.AspNetCore.Components.dll HTTP/1.1" 403 2198 ROOT:f:00000079 
0:0:0:0:0:0:0:1 - anonymousUser [2021-11-02T13:54:23.232Z] "GET /_framework/Microsoft.AspNetCore.Authorization.dll HTTP/1.1" 403 2207 ROOT:f:00000078 
0:0:0:0:0:0:0:1 - anonymousUser [2021-11-02T13:54:23.239Z] "GET /_framework/Microsoft.AspNetCore.Components.WebAssembly.dll HTTP/1.1" 403 2234 ROOT:f:0000007b 
0:0:0:0:0:0:0:1 - anonymousUser [2021-11-02T13:54:23.248Z] "GET /_framework/Microsoft.EntityFrameworkCore.dll HTTP/1.1" 403 2192 ROOT:f:0000007c 
0:0:0:0:0:0:0:1 - anonymousUser [2021-11-02T13:54:23.257Z] "GET /_framework/Microsoft.AspNetCore.Components.Web.dll HTTP/1.1" 403 2210 ROOT:f:0000007a 
0:0:0:0:0:0:0:1 - anonymousUser [2021-11-02T13:54:23.271Z] "GET /_framework/Microsoft.EntityFrameworkCore.Abstractions.dll HTTP/1.1" 403 2231 ROOT:f:0000007d 
0:0:0:0:0:0:0:1 - anonymousUser [2021-11-02T13:54:23.282Z] "GET /_framework/Microsoft.EntityFrameworkCore.Relational.dll HTTP/1.1" 403 2225 ROOT:f:0000007e 
0:0:0:0:0:0:0:1 - anonymousUser [2021-11-02T13:54:23.286Z] "GET /_framework/Microsoft.Extensions.Caching.Abstractions.dll HTTP/1.1" 403 2228 ROOT:f:0000007f 
0:0:0:0:0:0:0:1 - anonymousUser [2021-11-02T13:54:23.295Z] "GET /_framework/Microsoft.Extensions.Caching.Memory.dll HTTP/1.1" 403 2210 ROOT:f:00000080 
0:0:0:0:0:0:0:1 - anonymousUser [2021-11-02T13:54:23.310Z] "GET /_framework/Microsoft.Extensions.Configuration.dll HTTP/1.1" 403 2207 ROOT:f:00000081 
0:0:0:0:0:0:0:1 - anonymousUser [2021-11-02T13:54:23.317Z] "GET /_framework/Microsoft.Extensions.Configuration.Abstractions.dll HTTP/1.1" 403 2246 ROOT:f:00000082 
0:0:0:0:0:0:0:1 - anonymousUser [2021-11-02T13:54:23.326Z] "GET /_framework/Microsoft.Extensions.Configuration.Json.dll HTTP/1.1" 403 2222 ROOT:f:00000083 
0:0:0:0:0:0:0:1 - anonymousUser [2021-11-02T13:54:23.332Z] "GET /_framework/Microsoft.Extensions.DependencyInjection.dll HTTP/1.1" 403 2225 ROOT:f:00000084 
0:0:0:0:0:0:0:1 - anonymousUser [2021-11-02T13:54:23.340Z] "GET /_framework/Microsoft.Extensions.Logging.Abstractions.dll HTTP/1.1" 403 2228 ROOT:f:00000087 
0:0:0:0:0:0:0:1 - anonymousUser [2021-11-02T13:54:23.345Z] "GET /_framework/Microsoft.Extensions.Options.dll HTTP/1.1" 403 2189 ROOT:f:00000088 
0:0:0:0:0:0:0:1 - anonymousUser [2021-11-02T13:54:23.350Z] "GET /_framework/Microsoft.Extensions.Logging.dll HTTP/1.1" 403 2189 ROOT:f:00000086 
0:0:0:0:0:0:0:1 - anonymousUser [2021-11-02T13:54:23.352Z] "GET /_framework/Microsoft.Extensions.DependencyInjection.Abstractions.dll HTTP/1.1" 403 2264 ROOT:f:00000085 
0:0:0:0:0:0:0:1 - anonymousUser [2021-11-02T13:54:23.360Z] "GET /_framework/Microsoft.Extensions.Primitives.dll HTTP/1.1" 403 2198 ROOT:f:00000089 
0:0:0:0:0:0:0:1 - anonymousUser [2021-11-02T13:54:23.419Z] "GET /_framework/Microsoft.JSInterop.dll HTTP/1.1" 403 2162 ROOT:f:0000008a 
0:0:0:0:0:0:0:1 - anonymousUser [2021-11-02T13:54:23.435Z] "GET /_framework/Microsoft.JSInterop.WebAssembly.dll HTTP/1.1" 403 2198 ROOT:f:0000008b 
0:0:0:0:0:0:0:1 - anonymousUser [2021-11-02T13:54:23.442Z] "GET /_framework/Remotion.Linq.dll HTTP/1.1" 403 2144 ROOT:f:0000008c 
0:0:0:0:0:0:0:1 - anonymousUser [2021-11-02T13:54:23.445Z] "GET /_framework/System.Data.Odbc.dll HTTP/1.1" 403 2153 ROOT:f:0000008d 
0:0:0:0:0:0:0:1 - anonymousUser [2021-11-02T13:54:23.450Z] "GET /_framework/System.Interactive.Async.dll HTTP/1.1" 403 2177 ROOT:f:0000008e 
0:0:0:0:0:0:0:1 - anonymousUser [2021-11-02T13:54:23.452Z] "GET /_framework/Progress.Messages.dll HTTP/1.1" 403 2156 ROOT:f:00000090 
0:0:0:0:0:0:0:1 - anonymousUser [2021-11-02T13:54:23.454Z] "GET /_framework/System.IO.Pipelines.dll HTTP/1.1" 403 2162 ROOT:f:0000008f 
0:0:0:0:0:0:0:1 - anonymousUser [2021-11-02T13:54:23.454Z] "GET /_framework/Progress.o4glrt.dll HTTP/1.1" 403 2150 ROOT:f:00000091 
0:0:0:0:0:0:0:1 - anonymousUser [2021-11-02T13:54:23.535Z] "GET /_framework/sports2000.dll HTTP/1.1" 403 2135 ROOT:f:00000092 
0:0:0:0:0:0:0:1 - anonymousUser [2021-11-02T13:54:23.543Z] "GET /_framework/Microsoft.Win32.Primitives.dll HTTP/1.1" 403 2183 ROOT:f:00000093 
0:0:0:0:0:0:0:1 - anonymousUser [2021-11-02T13:54:23.553Z] "GET /_framework/System.Collections.Concurrent.dll HTTP/1.1" 403 2192 ROOT:f:00000095 
0:0:0:0:0:0:0:1 - anonymousUser [2021-11-02T13:54:23.566Z] "GET /_framework/System.Collections.NonGeneric.dll HTTP/1.1" 403 2192 ROOT:f:00000097 
0:0:0:0:0:0:0:1 - anonymousUser [2021-11-02T13:54:23.572Z] "GET /_framework/System.Buffers.dll HTTP/1.1" 403 2147 ROOT:f:00000094 
0:0:0:0:0:0:0:1 - anonymousUser [2021-11-02T13:54:23.606Z] "GET /_framework/System.Collections.Immutable.dll HTTP/1.1" 403 2189 ROOT:f:00000096 
0:0:0:0:0:0:0:1 - anonymousUser [2021-11-02T13:54:23.614Z] "GET /_framework/System.Collections.Specialized.dll HTTP/1.1" 403 2195 ROOT:f:00000098 
0:0:0:0:0:0:0:1 - anonymousUser [2021-11-02T13:54:23.620Z] "GET /_framework/System.Collections.dll HTTP/1.1" 403 2159 ROOT:f:00000099 
0:0:0:0:0:0:0:1 - anonymousUser [2021-11-02T13:54:23.626Z] "GET /_framework/System.ComponentModel.Annotations.dll HTTP/1.1" 403 2204 ROOT:f:0000009a 
0:0:0:0:0:0:0:1 - anonymousUser [2021-11-02T13:54:23.633Z] "GET /_framework/System.ComponentModel.Primitives.dll HTTP/1.1" 403 2201 ROOT:f:0000009b 
0:0:0:0:0:0:0:1 - anonymousUser [2021-11-02T13:54:23.640Z] "GET /_framework/System.ComponentModel.TypeConverter.dll HTTP/1.1" 403 2210 ROOT:f:0000009c 
0:0:0:0:0:0:0:1 - anonymousUser [2021-11-02T13:54:23.646Z] "GET /_framework/System.ComponentModel.dll HTTP/1.1" 403 2168 ROOT:f:0000009d 
0:0:0:0:0:0:0:1 - anonymousUser [2021-11-02T13:54:23.652Z] "GET /_framework/System.Console.dll HTTP/1.1" 403 2147 ROOT:f:0000009e 
0:0:0:0:0:0:0:1 - anonymousUser [2021-11-02T13:54:23.658Z] "GET /_framework/System.Data.Common.dll HTTP/1.1" 403 2159 ROOT:f:0000009f 
0:0:0:0:0:0:0:1 - anonymousUser [2021-11-02T13:54:23.666Z] "GET /_framework/System.Diagnostics.Debug.dll HTTP/1.1" 403 2177 ROOT:f:000000a0 
0:0:0:0:0:0:0:1 - anonymousUser [2021-11-02T13:54:23.671Z] "GET /_framework/System.Diagnostics.DiagnosticSource.dll HTTP/1.1" 403 2210 ROOT:f:000000a1 
0:0:0:0:0:0:0:1 - anonymousUser [2021-11-02T13:54:23.679Z] "GET /_framework/System.Diagnostics.Process.dll HTTP/1.1" 403 2183 ROOT:f:000000a2 
0:0:0:0:0:0:0:1 - anonymousUser [2021-11-02T13:54:23.681Z] "GET /_framework/System.Diagnostics.TraceSource.dll HTTP/1.1" 403 2195 ROOT:f:000000a3 
0:0:0:0:0:0:0:1 - anonymousUser [2021-11-02T13:54:23.685Z] "GET /_framework/System.Drawing.Primitives.dll HTTP/1.1" 403 2180 ROOT:f:000000a4 
0:0:0:0:0:0:0:1 - anonymousUser [2021-11-02T13:54:23.691Z] "GET /_framework/System.Drawing.dll HTTP/1.1" 403 2147 ROOT:f:000000a5 
0:0:0:0:0:0:0:1 - anonymousUser [2021-11-02T13:54:23.697Z] "GET /_framework/System.IO.Compression.dll HTTP/1.1" 403 2168 ROOT:f:000000a6 
0:0:0:0:0:0:0:1 - anonymousUser [2021-11-02T13:54:23.701Z] "GET /_framework/System.IO.FileSystem.dll HTTP/1.1" 403 2165 ROOT:f:000000a7 
0:0:0:0:0:0:0:1 - anonymousUser [2021-11-02T13:54:23.706Z] "GET /_framework/System.Linq.Expressions.dll HTTP/1.1" 403 2174 ROOT:f:000000a8 
0:0:0:0:0:0:0:1 - anonymousUser [2021-11-02T13:54:23.714Z] "GET /_framework/System.Linq.Queryable.dll HTTP/1.1" 403 2168 ROOT:f:000000a9 
0:0:0:0:0:0:0:1 - anonymousUser [2021-11-02T13:54:23.718Z] "GET /_framework/System.Linq.dll HTTP/1.1" 403 2138 ROOT:f:000000aa 
0:0:0:0:0:0:0:1 - anonymousUser [2021-11-02T13:54:23.723Z] "GET /_framework/System.Memory.dll HTTP/1.1" 403 2144 ROOT:f:000000ab 
0:0:0:0:0:0:0:1 - anonymousUser [2021-11-02T13:54:23.734Z] "GET /_framework/System.Net.Http.Json.dll HTTP/1.1" 403 2165 ROOT:f:000000ac 
0:0:0:0:0:0:0:1 - anonymousUser [2021-11-02T13:54:23.739Z] "GET /_framework/System.Net.Http.dll HTTP/1.1" 403 2150 ROOT:f:000000ad 
0:0:0:0:0:0:0:1 - anonymousUser [2021-11-02T13:54:23.744Z] "GET /_framework/System.Net.NameResolution.dll HTTP/1.1" 403 2180 ROOT:f:000000ae 
0:0:0:0:0:0:0:1 - anonymousUser [2021-11-02T13:54:23.748Z] "GET /_framework/System.Net.Primitives.dll HTTP/1.1" 403 2168 ROOT:f:000000af 
0:0:0:0:0:0:0:1 - anonymousUser [2021-11-02T13:54:23.752Z] "GET /_framework/System.Net.Requests.dll HTTP/1.1" 403 2162 ROOT:f:000000b0 
0:0:0:0:0:0:0:1 - anonymousUser [2021-11-02T13:54:23.760Z] "GET /_framework/System.Net.Security.dll HTTP/1.1" 403 2162 ROOT:f:000000b1 
0:0:0:0:0:0:0:1 - anonymousUser [2021-11-02T13:54:23.769Z] "GET /_framework/System.Net.Sockets.dll HTTP/1.1" 403 2159 ROOT:f:000000b3 
0:0:0:0:0:0:0:1 - anonymousUser [2021-11-02T13:54:23.769Z] "GET /_framework/System.Net.ServicePoint.dll HTTP/1.1" 403 2174 ROOT:f:000000b2 
0:0:0:0:0:0:0:1 - anonymousUser [2021-11-02T13:54:23.776Z] "GET /_framework/System.Net.WebHeaderCollection.dll HTTP/1.1" 403 2195 ROOT:f:000000b4 
0:0:0:0:0:0:0:1 - anonymousUser [2021-11-02T13:54:23.781Z] "GET /_framework/System.Net.WebProxy.dll HTTP/1.1" 403 2162 ROOT:f:000000b5 
0:0:0:0:0:0:0:1 - anonymousUser [2021-11-02T13:54:23.788Z] "GET /_framework/System.ObjectModel.dll HTTP/1.1" 403 2159 ROOT:f:000000b6 
0:0:0:0:0:0:0:1 - anonymousUser [2021-11-02T13:54:23.791Z] "GET /_framework/System.Private.Runtime.InteropServices.JavaScript.dll HTTP/1.1" 403 2252 ROOT:f:000000b7 
0:0:0:0:0:0:0:1 - anonymousUser [2021-11-02T13:54:23.795Z] "GET /_framework/System.Private.Uri.dll HTTP/1.1" 403 2159 ROOT:f:000000b8 
0:0:0:0:0:0:0:1 - anonymousUser [2021-11-02T13:54:23.799Z] "GET /_framework/System.Reflection.Extensions.dll HTTP/1.1" 403 2189 ROOT:f:000000ba 
0:0:0:0:0:0:0:1 - anonymousUser [2021-11-02T13:54:23.803Z] "GET /_framework/System.Reflection.dll HTTP/1.1" 403 2156 ROOT:f:000000bb 
0:0:0:0:0:0:0:1 - anonymousUser [2021-11-02T13:54:23.807Z] "GET /_framework/System.Resources.ResourceManager.dll HTTP/1.1" 403 2201 ROOT:f:000000bc 
0:0:0:0:0:0:0:1 - anonymousUser [2021-11-02T13:54:23.810Z] "GET /_framework/System.Private.Xml.dll HTTP/1.1" 403 2159 ROOT:f:000000b9 
0:0:0:0:0:0:0:1 - anonymousUser [2021-11-02T13:54:23.871Z] "GET /_framework/System.Runtime.CompilerServices.Unsafe.dll HTTP/1.1" 403 2219 ROOT:f:000000bd 
0:0:0:0:0:0:0:1 - anonymousUser [2021-11-02T13:54:23.884Z] "GET /_framework/System.Runtime.InteropServices.RuntimeInformation.dll HTTP/1.1" 403 2252 ROOT:f:000000be 
0:0:0:0:0:0:0:1 - anonymousUser [2021-11-02T13:54:23.892Z] "GET /_framework/System.Runtime.Numerics.dll HTTP/1.1" 403 2174 ROOT:f:000000c1 
0:0:0:0:0:0:0:1 - anonymousUser [2021-11-02T13:54:23.900Z] "GET /_framework/System.Runtime.InteropServices.dll HTTP/1.1" 403 2195 ROOT:f:000000c0 
0:0:0:0:0:0:0:1 - anonymousUser [2021-11-02T13:54:23.907Z] "GET /_framework/System.Runtime.Extensions.dll HTTP/1.1" 403 2180 ROOT:f:000000bf 
0:0:0:0:0:0:0:1 - anonymousUser [2021-11-02T13:54:23.913Z] "GET /_framework/System.Runtime.Serialization.Formatters.dll HTTP/1.1" 403 2222 ROOT:f:000000c2 
0:0:0:0:0:0:0:1 - anonymousUser [2021-11-02T13:54:23.918Z] "GET /_framework/System.Runtime.dll HTTP/1.1" 403 2147 ROOT:f:000000c3 
0:0:0:0:0:0:0:1 - anonymousUser [2021-11-02T13:54:23.932Z] "GET /_framework/System.Security.Cryptography.Algorithms.dll HTTP/1.1" 403 2222 ROOT:f:000000c4 
0:0:0:0:0:0:0:1 - anonymousUser [2021-11-02T13:54:23.939Z] "GET /_framework/System.Security.Cryptography.Encoding.dll HTTP/1.1" 403 2216 ROOT:f:000000c5 
0:0:0:0:0:0:0:1 - anonymousUser [2021-11-02T13:54:23.941Z] "GET /_framework/System.Security.Cryptography.X509Certificates.dll HTTP/1.1" 403 2240 ROOT:f:000000c6 
0:0:0:0:0:0:0:1 - anonymousUser [2021-11-02T13:54:23.946Z] "GET /_framework/System.Text.Encodings.Web.dll HTTP/1.1" 403 2180 ROOT:f:000000c7 
0:0:0:0:0:0:0:1 - anonymousUser [2021-11-02T13:54:23.961Z] "GET /_framework/System.Text.Json.dll HTTP/1.1" 403 2153 ROOT:f:000000c8 
0:0:0:0:0:0:0:1 - anonymousUser [2021-11-02T13:54:23.967Z] "GET /_framework/System.Text.RegularExpressions.dll HTTP/1.1" 403 2195 ROOT:f:000000c9 
0:0:0:0:0:0:0:1 - anonymousUser [2021-11-02T13:54:23.974Z] "GET /_framework/System.Threading.Thread.dll HTTP/1.1" 403 2174 ROOT:f:000000ca 
0:0:0:0:0:0:0:1 - anonymousUser [2021-11-02T13:54:23.985Z] "GET /_framework/System.Threading.Tasks.dll HTTP/1.1" 403 2171 ROOT:f:000000cb 
0:0:0:0:0:0:0:1 - anonymousUser [2021-11-02T13:54:23.991Z] "GET /_framework/System.Threading.ThreadPool.dll HTTP/1.1" 403 2186 ROOT:f:000000cc 
0:0:0:0:0:0:0:1 - anonymousUser [2021-11-02T13:54:23.997Z] "GET /_framework/System.Threading.Timer.dll HTTP/1.1" 403 2171 ROOT:f:000000cd 
0:0:0:0:0:0:0:1 - anonymousUser [2021-11-02T13:54:24.003Z] "GET /_framework/System.Threading.dll HTTP/1.1" 403 2153 ROOT:f:000000ce 
0:0:0:0:0:0:0:1 - anonymousUser [2021-11-02T13:54:24.009Z] "GET /_framework/System.Transactions.Local.dll HTTP/1.1" 403 2180 ROOT:f:000000cf 
0:0:0:0:0:0:0:1 - anonymousUser [2021-11-02T13:54:24.015Z] "GET /_framework/System.dll HTTP/1.1" 403 2123 ROOT:f:000000d0 
0:0:0:0:0:0:0:1 - anonymousUser [2021-11-02T13:54:24.019Z] "GET /_framework/netstandard.dll HTTP/1.1" 403 2138 ROOT:f:000000d1 
0:0:0:0:0:0:0:1 - anonymousUser [2021-11-02T13:54:24.026Z] "GET /_framework/System.Private.CoreLib.dll HTTP/1.1" 403 2171 ROOT:f:000000d2 
0:0:0:0:0:0:0:1 - anonymousUser [2021-11-02T13:54:24.029Z] "GET /_framework/dotnet.timezones.blat HTTP/1.1" 403 2156 ROOT:f:000000d4 
0:0:0:0:0:0:0:1 - anonymousUser [2021-11-02T13:54:24.033Z] "GET /_framework/dotnet.wasm HTTP/1.1" 403 2126 ROOT:f:000000d3 
0:0:0:0:0:0:0:1 - anonymousUser [2021-11-02T13:54:24.034Z] "GET /_framework/icudt_EFIGS.dat HTTP/1.1" 403 2138 ROOT:f:000000d5 
