2021-11-02T13:51:27.556Z sports2000 ROOT:f:00000009 denied anonymousUser [/_framework/EntityFrameworkCore.OpenEdge.dll] [denyAll()] - Access is denied
2021-11-02T13:51:27.575Z sports2000 ROOT:f:0000000a denied anonymousUser [/_framework/Microsoft.AspNetCore.Authorization.dll] [denyAll()] - Access is denied
2021-11-02T13:51:27.602Z sports2000 ROOT:f:0000000b denied anonymousUser [/_framework/Microsoft.AspNetCore.Components.dll] [denyAll()] - Access is denied
2021-11-02T13:51:27.668Z sports2000 ROOT:f:0000000c denied anonymousUser [/_framework/Microsoft.AspNetCore.Components.Web.dll] [denyAll()] - Access is denied
2021-11-02T13:51:27.676Z sports2000 ROOT:f:0000000e denied anonymousUser [/_framework/Microsoft.EntityFrameworkCore.dll] [denyAll()] - Access is denied
2021-11-02T13:51:27.670Z sports2000 ROOT:f:0000000d denied anonymousUser [/_framework/Microsoft.AspNetCore.Components.WebAssembly.dll] [denyAll()] - Access is denied
2021-11-02T13:51:28.080Z sports2000 ROOT:f:0000000f denied anonymousUser [/_framework/Microsoft.EntityFrameworkCore.Relational.dll] [denyAll()] - Access is denied
2021-11-02T13:51:28.087Z sports2000 ROOT:f:00000010 denied anonymousUser [/_framework/Microsoft.Extensions.Caching.Abstractions.dll] [denyAll()] - Access is denied
2021-11-02T13:51:28.095Z sports2000 ROOT:f:00000011 denied anonymousUser [/_framework/Microsoft.Extensions.Configuration.dll] [denyAll()] - Access is denied
2021-11-02T13:51:28.104Z sports2000 ROOT:f:00000014 denied anonymousUser [/_framework/Microsoft.Extensions.Configuration.Abstractions.dll] [denyAll()] - Access is denied
2021-11-02T13:51:28.095Z sports2000 ROOT:f:00000012 denied anonymousUser [/_framework/Microsoft.Extensions.Caching.Memory.dll] [denyAll()] - Access is denied
2021-11-02T13:51:28.143Z sports2000 ROOT:f:00000013 denied anonymousUser [/_framework/Microsoft.Extensions.Configuration.Json.dll] [denyAll()] - Access is denied
2021-11-02T13:51:28.146Z sports2000 ROOT:f:00000015 denied anonymousUser [/_framework/Microsoft.EntityFrameworkCore.Abstractions.dll] [denyAll()] - Access is denied
2021-11-02T13:51:28.159Z sports2000 ROOT:f:00000016 denied anonymousUser [/_framework/Microsoft.Extensions.DependencyInjection.dll] [denyAll()] - Access is denied
2021-11-02T13:51:28.171Z sports2000 ROOT:f:00000017 denied anonymousUser [/_framework/Microsoft.Extensions.DependencyInjection.Abstractions.dll] [denyAll()] - Access is denied
2021-11-02T13:51:28.175Z sports2000 ROOT:f:00000018 denied anonymousUser [/_framework/Microsoft.Extensions.Logging.dll] [denyAll()] - Access is denied
2021-11-02T13:51:28.181Z sports2000 ROOT:f:00000019 denied anonymousUser [/_framework/Microsoft.Extensions.Logging.Abstractions.dll] [denyAll()] - Access is denied
2021-11-02T13:51:28.185Z sports2000 ROOT:f:0000001a denied anonymousUser [/_framework/Microsoft.Extensions.Options.dll] [denyAll()] - Access is denied
2021-11-02T13:51:28.189Z sports2000 ROOT:f:0000001b denied anonymousUser [/_framework/Microsoft.Extensions.Primitives.dll] [denyAll()] - Access is denied
2021-11-02T13:51:28.195Z sports2000 ROOT:f:0000001c denied anonymousUser [/_framework/Microsoft.JSInterop.dll] [denyAll()] - Access is denied
2021-11-02T13:51:28.201Z sports2000 ROOT:f:0000001d denied anonymousUser [/_framework/Microsoft.JSInterop.WebAssembly.dll] [denyAll()] - Access is denied
2021-11-02T13:51:28.205Z sports2000 ROOT:f:0000001e denied anonymousUser [/_framework/Remotion.Linq.dll] [denyAll()] - Access is denied
2021-11-02T13:51:28.220Z sports2000 ROOT:f:0000001f denied anonymousUser [/_framework/System.Data.Odbc.dll] [denyAll()] - Access is denied
2021-11-02T13:51:28.231Z sports2000 ROOT:f:00000020 denied anonymousUser [/_framework/System.Interactive.Async.dll] [denyAll()] - Access is denied
2021-11-02T13:51:28.244Z sports2000 ROOT:f:00000021 denied anonymousUser [/_framework/System.IO.Pipelines.dll] [denyAll()] - Access is denied
2021-11-02T13:51:28.255Z sports2000 ROOT:f:00000022 denied anonymousUser [/_framework/Progress.Messages.dll] [denyAll()] - Access is denied
2021-11-02T13:51:28.262Z sports2000 ROOT:f:00000023 denied anonymousUser [/_framework/Progress.o4glrt.dll] [denyAll()] - Access is denied
2021-11-02T13:51:28.267Z sports2000 ROOT:f:00000024 denied anonymousUser [/_framework/sports2000.dll] [denyAll()] - Access is denied
2021-11-02T13:51:28.269Z sports2000 ROOT:f:00000025 denied anonymousUser [/_framework/Microsoft.Win32.Primitives.dll] [denyAll()] - Access is denied
2021-11-02T13:51:28.274Z sports2000 ROOT:f:00000026 denied anonymousUser [/_framework/System.Buffers.dll] [denyAll()] - Access is denied
2021-11-02T13:51:28.277Z sports2000 ROOT:f:00000027 denied anonymousUser [/_framework/System.Collections.Concurrent.dll] [denyAll()] - Access is denied
2021-11-02T13:51:28.283Z sports2000 ROOT:f:00000028 denied anonymousUser [/_framework/System.Collections.Immutable.dll] [denyAll()] - Access is denied
2021-11-02T13:51:28.292Z sports2000 ROOT:f:0000002a denied anonymousUser [/_framework/System.Collections.Specialized.dll] [denyAll()] - Access is denied
2021-11-02T13:51:28.296Z sports2000 ROOT:f:00000029 denied anonymousUser [/_framework/System.Collections.NonGeneric.dll] [denyAll()] - Access is denied
2021-11-02T13:51:28.301Z sports2000 ROOT:f:0000002b denied anonymousUser [/_framework/System.Collections.dll] [denyAll()] - Access is denied
2021-11-02T13:51:28.316Z sports2000 ROOT:f:00000030 denied anonymousUser [/_framework/System.Console.dll] [denyAll()] - Access is denied
2021-11-02T13:51:28.313Z sports2000 ROOT:f:0000002f denied anonymousUser [/_framework/System.ComponentModel.dll] [denyAll()] - Access is denied
2021-11-02T13:51:28.312Z sports2000 ROOT:f:0000002e denied anonymousUser [/_framework/System.ComponentModel.TypeConverter.dll] [denyAll()] - Access is denied
2021-11-02T13:51:28.307Z sports2000 ROOT:f:0000002c denied anonymousUser [/_framework/System.ComponentModel.Annotations.dll] [denyAll()] - Access is denied
2021-11-02T13:51:28.309Z sports2000 ROOT:f:0000002d denied anonymousUser [/_framework/System.ComponentModel.Primitives.dll] [denyAll()] - Access is denied
2021-11-02T13:51:28.361Z sports2000 ROOT:f:00000031 denied anonymousUser [/_framework/System.Data.Common.dll] [denyAll()] - Access is denied
2021-11-02T13:51:28.368Z sports2000 ROOT:f:00000032 denied anonymousUser [/_framework/System.Diagnostics.Debug.dll] [denyAll()] - Access is denied
2021-11-02T13:51:28.374Z sports2000 ROOT:f:00000033 denied anonymousUser [/_framework/System.Diagnostics.DiagnosticSource.dll] [denyAll()] - Access is denied
2021-11-02T13:51:28.387Z sports2000 ROOT:f:00000034 denied anonymousUser [/_framework/System.Diagnostics.Process.dll] [denyAll()] - Access is denied
2021-11-02T13:51:28.398Z sports2000 ROOT:f:00000035 denied anonymousUser [/_framework/System.Diagnostics.TraceSource.dll] [denyAll()] - Access is denied
2021-11-02T13:51:28.406Z sports2000 ROOT:f:00000036 denied anonymousUser [/_framework/System.Drawing.Primitives.dll] [denyAll()] - Access is denied
2021-11-02T13:51:28.422Z sports2000 ROOT:f:00000037 denied anonymousUser [/_framework/System.Drawing.dll] [denyAll()] - Access is denied
2021-11-02T13:51:28.428Z sports2000 ROOT:f:00000038 denied anonymousUser [/_framework/System.IO.Compression.dll] [denyAll()] - Access is denied
2021-11-02T13:51:28.432Z sports2000 ROOT:f:00000039 denied anonymousUser [/_framework/System.IO.FileSystem.dll] [denyAll()] - Access is denied
2021-11-02T13:51:28.437Z sports2000 ROOT:f:0000003a denied anonymousUser [/_framework/System.Linq.Expressions.dll] [denyAll()] - Access is denied
2021-11-02T13:51:28.443Z sports2000 ROOT:f:0000003b denied anonymousUser [/_framework/System.Linq.Queryable.dll] [denyAll()] - Access is denied
2021-11-02T13:51:28.449Z sports2000 ROOT:f:0000003c denied anonymousUser [/_framework/System.Linq.dll] [denyAll()] - Access is denied
2021-11-02T13:51:28.460Z sports2000 ROOT:f:0000003d denied anonymousUser [/_framework/System.Memory.dll] [denyAll()] - Access is denied
2021-11-02T13:51:28.460Z sports2000 ROOT:f:0000003e denied anonymousUser [/_framework/System.Net.Http.Json.dll] [denyAll()] - Access is denied
2021-11-02T13:51:28.467Z sports2000 ROOT:f:0000003f denied anonymousUser [/_framework/System.Net.Http.dll] [denyAll()] - Access is denied
2021-11-02T13:51:28.478Z sports2000 ROOT:f:00000040 denied anonymousUser [/_framework/System.Net.NameResolution.dll] [denyAll()] - Access is denied
2021-11-02T13:51:28.489Z sports2000 ROOT:f:00000041 denied anonymousUser [/_framework/System.Net.Primitives.dll] [denyAll()] - Access is denied
2021-11-02T13:51:28.498Z sports2000 ROOT:f:00000042 denied anonymousUser [/_framework/System.Net.Requests.dll] [denyAll()] - Access is denied
2021-11-02T13:51:28.517Z sports2000 ROOT:f:00000043 denied anonymousUser [/_framework/System.Net.Security.dll] [denyAll()] - Access is denied
2021-11-02T13:51:28.523Z sports2000 ROOT:f:00000044 denied anonymousUser [/_framework/System.Net.ServicePoint.dll] [denyAll()] - Access is denied
2021-11-02T13:51:28.534Z sports2000 ROOT:f:00000045 denied anonymousUser [/_framework/System.Net.Sockets.dll] [denyAll()] - Access is denied
2021-11-02T13:51:28.545Z sports2000 ROOT:f:00000046 denied anonymousUser [/_framework/System.Net.WebHeaderCollection.dll] [denyAll()] - Access is denied
2021-11-02T13:51:28.554Z sports2000 ROOT:f:00000047 denied anonymousUser [/_framework/System.Net.WebProxy.dll] [denyAll()] - Access is denied
2021-11-02T13:51:28.566Z sports2000 ROOT:f:00000048 denied anonymousUser [/_framework/System.ObjectModel.dll] [denyAll()] - Access is denied
2021-11-02T13:51:28.578Z sports2000 ROOT:f:00000049 denied anonymousUser [/_framework/System.Private.Runtime.InteropServices.JavaScript.dll] [denyAll()] - Access is denied
2021-11-02T13:51:28.582Z sports2000 ROOT:f:0000004a denied anonymousUser [/_framework/System.Private.Uri.dll] [denyAll()] - Access is denied
2021-11-02T13:51:28.591Z sports2000 ROOT:f:0000004b denied anonymousUser [/_framework/System.Private.Xml.dll] [denyAll()] - Access is denied
2021-11-02T13:51:28.600Z sports2000 ROOT:f:0000004c denied anonymousUser [/_framework/System.Reflection.Extensions.dll] [denyAll()] - Access is denied
2021-11-02T13:51:28.607Z sports2000 ROOT:f:0000004d denied anonymousUser [/_framework/System.Reflection.dll] [denyAll()] - Access is denied
2021-11-02T13:51:28.621Z sports2000 ROOT:f:0000004e denied anonymousUser [/_framework/System.Resources.ResourceManager.dll] [denyAll()] - Access is denied
2021-11-02T13:51:28.636Z sports2000 ROOT:f:0000004f denied anonymousUser [/_framework/System.Runtime.CompilerServices.Unsafe.dll] [denyAll()] - Access is denied
2021-11-02T13:51:28.642Z sports2000 ROOT:f:00000050 denied anonymousUser [/_framework/System.Runtime.Extensions.dll] [denyAll()] - Access is denied
2021-11-02T13:51:28.648Z sports2000 ROOT:f:00000051 denied anonymousUser [/_framework/System.Runtime.InteropServices.RuntimeInformation.dll] [denyAll()] - Access is denied
2021-11-02T13:51:28.652Z sports2000 ROOT:f:00000052 denied anonymousUser [/_framework/System.Runtime.InteropServices.dll] [denyAll()] - Access is denied
2021-11-02T13:51:28.657Z sports2000 ROOT:f:00000053 denied anonymousUser [/_framework/System.Runtime.Numerics.dll] [denyAll()] - Access is denied
2021-11-02T13:51:28.664Z sports2000 ROOT:f:00000054 denied anonymousUser [/_framework/System.Runtime.Serialization.Formatters.dll] [denyAll()] - Access is denied
2021-11-02T13:51:28.673Z sports2000 ROOT:f:00000055 denied anonymousUser [/_framework/System.Runtime.dll] [denyAll()] - Access is denied
2021-11-02T13:51:28.684Z sports2000 ROOT:f:00000056 denied anonymousUser [/_framework/System.Security.Cryptography.Algorithms.dll] [denyAll()] - Access is denied
2021-11-02T13:51:28.692Z sports2000 ROOT:f:00000057 denied anonymousUser [/_framework/System.Security.Cryptography.Encoding.dll] [denyAll()] - Access is denied
2021-11-02T13:51:28.697Z sports2000 ROOT:f:00000058 denied anonymousUser [/_framework/System.Security.Cryptography.X509Certificates.dll] [denyAll()] - Access is denied
2021-11-02T13:51:28.720Z sports2000 ROOT:f:00000059 denied anonymousUser [/_framework/System.Text.Encodings.Web.dll] [denyAll()] - Access is denied
2021-11-02T13:51:28.745Z sports2000 ROOT:f:0000005a denied anonymousUser [/_framework/System.Text.Json.dll] [denyAll()] - Access is denied
2021-11-02T13:51:28.755Z sports2000 ROOT:f:0000005b denied anonymousUser [/_framework/System.Text.RegularExpressions.dll] [denyAll()] - Access is denied
2021-11-02T13:51:28.761Z sports2000 ROOT:f:0000005c denied anonymousUser [/_framework/System.Threading.Tasks.dll] [denyAll()] - Access is denied
2021-11-02T13:51:28.766Z sports2000 ROOT:f:0000005d denied anonymousUser [/_framework/System.Threading.Thread.dll] [denyAll()] - Access is denied
2021-11-02T13:51:28.771Z sports2000 ROOT:f:0000005e denied anonymousUser [/_framework/System.Threading.ThreadPool.dll] [denyAll()] - Access is denied
2021-11-02T13:51:28.775Z sports2000 ROOT:f:0000005f denied anonymousUser [/_framework/System.Threading.Timer.dll] [denyAll()] - Access is denied
2021-11-02T13:51:28.781Z sports2000 ROOT:f:00000060 denied anonymousUser [/_framework/System.Threading.dll] [denyAll()] - Access is denied
2021-11-02T13:51:28.788Z sports2000 ROOT:f:00000061 denied anonymousUser [/_framework/System.Transactions.Local.dll] [denyAll()] - Access is denied
2021-11-02T13:51:28.794Z sports2000 ROOT:f:00000062 denied anonymousUser [/_framework/System.dll] [denyAll()] - Access is denied
2021-11-02T13:51:28.799Z sports2000 ROOT:f:00000063 denied anonymousUser [/_framework/netstandard.dll] [denyAll()] - Access is denied
2021-11-02T13:51:28.815Z sports2000 ROOT:f:00000064 denied anonymousUser [/_framework/System.Private.CoreLib.dll] [denyAll()] - Access is denied
2021-11-02T13:51:28.823Z sports2000 ROOT:f:00000065 denied anonymousUser [/_framework/dotnet.wasm] [denyAll()] - Access is denied
2021-11-02T13:51:28.829Z sports2000 ROOT:f:00000066 denied anonymousUser [/_framework/dotnet.timezones.blat] [denyAll()] - Access is denied
2021-11-02T13:51:28.832Z sports2000 ROOT:f:00000067 denied anonymousUser [/_framework/icudt_EFIGS.dat] [denyAll()] - Access is denied
2021-11-02T13:51:33.670Z sports2000 ROOT:f:0000006c denied anonymousUser [/css/bootstrap/bootstrap.min.css.map] [denyAll()] - Access is denied
2021-11-02T13:54:23.156Z sports2000 ROOT:f:00000075 denied anonymousUser [/css/bootstrap/bootstrap.min.css.map] [denyAll()] - Access is denied
2021-11-02T13:54:23.211Z sports2000 ROOT:f:00000077 denied anonymousUser [/_framework/EntityFrameworkCore.OpenEdge.dll] [denyAll()] - Access is denied
2021-11-02T13:54:23.224Z sports2000 ROOT:f:00000079 denied anonymousUser [/_framework/Microsoft.AspNetCore.Components.dll] [denyAll()] - Access is denied
2021-11-02T13:54:23.229Z sports2000 ROOT:f:00000078 denied anonymousUser [/_framework/Microsoft.AspNetCore.Authorization.dll] [denyAll()] - Access is denied
2021-11-02T13:54:23.235Z sports2000 ROOT:f:0000007b denied anonymousUser [/_framework/Microsoft.AspNetCore.Components.WebAssembly.dll] [denyAll()] - Access is denied
2021-11-02T13:54:23.244Z sports2000 ROOT:f:0000007c denied anonymousUser [/_framework/Microsoft.EntityFrameworkCore.dll] [denyAll()] - Access is denied
2021-11-02T13:54:23.235Z sports2000 ROOT:f:0000007a denied anonymousUser [/_framework/Microsoft.AspNetCore.Components.Web.dll] [denyAll()] - Access is denied
2021-11-02T13:54:23.262Z sports2000 ROOT:f:0000007d denied anonymousUser [/_framework/Microsoft.EntityFrameworkCore.Abstractions.dll] [denyAll()] - Access is denied
2021-11-02T13:54:23.277Z sports2000 ROOT:f:0000007e denied anonymousUser [/_framework/Microsoft.EntityFrameworkCore.Relational.dll] [denyAll()] - Access is denied
2021-11-02T13:54:23.282Z sports2000 ROOT:f:0000007f denied anonymousUser [/_framework/Microsoft.Extensions.Caching.Abstractions.dll] [denyAll()] - Access is denied
2021-11-02T13:54:23.292Z sports2000 ROOT:f:00000080 denied anonymousUser [/_framework/Microsoft.Extensions.Caching.Memory.dll] [denyAll()] - Access is denied
2021-11-02T13:54:23.301Z sports2000 ROOT:f:00000081 denied anonymousUser [/_framework/Microsoft.Extensions.Configuration.dll] [denyAll()] - Access is denied
2021-11-02T13:54:23.309Z sports2000 ROOT:f:00000082 denied anonymousUser [/_framework/Microsoft.Extensions.Configuration.Abstractions.dll] [denyAll()] - Access is denied
2021-11-02T13:54:23.323Z sports2000 ROOT:f:00000083 denied anonymousUser [/_framework/Microsoft.Extensions.Configuration.Json.dll] [denyAll()] - Access is denied
2021-11-02T13:54:23.326Z sports2000 ROOT:f:00000084 denied anonymousUser [/_framework/Microsoft.Extensions.DependencyInjection.dll] [denyAll()] - Access is denied
2021-11-02T13:54:23.334Z sports2000 ROOT:f:00000087 denied anonymousUser [/_framework/Microsoft.Extensions.Logging.Abstractions.dll] [denyAll()] - Access is denied
2021-11-02T13:54:23.342Z sports2000 ROOT:f:00000088 denied anonymousUser [/_framework/Microsoft.Extensions.Options.dll] [denyAll()] - Access is denied
2021-11-02T13:54:23.329Z sports2000 ROOT:f:00000085 denied anonymousUser [/_framework/Microsoft.Extensions.DependencyInjection.Abstractions.dll] [denyAll()] - Access is denied
2021-11-02T13:54:23.346Z sports2000 ROOT:f:00000086 denied anonymousUser [/_framework/Microsoft.Extensions.Logging.dll] [denyAll()] - Access is denied
2021-11-02T13:54:23.356Z sports2000 ROOT:f:00000089 denied anonymousUser [/_framework/Microsoft.Extensions.Primitives.dll] [denyAll()] - Access is denied
2021-11-02T13:54:23.416Z sports2000 ROOT:f:0000008a denied anonymousUser [/_framework/Microsoft.JSInterop.dll] [denyAll()] - Access is denied
2021-11-02T13:54:23.425Z sports2000 ROOT:f:0000008b denied anonymousUser [/_framework/Microsoft.JSInterop.WebAssembly.dll] [denyAll()] - Access is denied
2021-11-02T13:54:23.437Z sports2000 ROOT:f:0000008c denied anonymousUser [/_framework/Remotion.Linq.dll] [denyAll()] - Access is denied
2021-11-02T13:54:23.439Z sports2000 ROOT:f:0000008d denied anonymousUser [/_framework/System.Data.Odbc.dll] [denyAll()] - Access is denied
2021-11-02T13:54:23.448Z sports2000 ROOT:f:0000008e denied anonymousUser [/_framework/System.Interactive.Async.dll] [denyAll()] - Access is denied
2021-11-02T13:54:23.450Z sports2000 ROOT:f:00000090 denied anonymousUser [/_framework/Progress.Messages.dll] [denyAll()] - Access is denied
2021-11-02T13:54:23.449Z sports2000 ROOT:f:0000008f denied anonymousUser [/_framework/System.IO.Pipelines.dll] [denyAll()] - Access is denied
2021-11-02T13:54:23.452Z sports2000 ROOT:f:00000091 denied anonymousUser [/_framework/Progress.o4glrt.dll] [denyAll()] - Access is denied
2021-11-02T13:54:23.532Z sports2000 ROOT:f:00000092 denied anonymousUser [/_framework/sports2000.dll] [denyAll()] - Access is denied
2021-11-02T13:54:23.539Z sports2000 ROOT:f:00000093 denied anonymousUser [/_framework/Microsoft.Win32.Primitives.dll] [denyAll()] - Access is denied
2021-11-02T13:54:23.542Z sports2000 ROOT:f:00000094 denied anonymousUser [/_framework/System.Buffers.dll] [denyAll()] - Access is denied
2021-11-02T13:54:23.548Z sports2000 ROOT:f:00000095 denied anonymousUser [/_framework/System.Collections.Concurrent.dll] [denyAll()] - Access is denied
2021-11-02T13:54:23.556Z sports2000 ROOT:f:00000097 denied anonymousUser [/_framework/System.Collections.NonGeneric.dll] [denyAll()] - Access is denied
2021-11-02T13:54:23.549Z sports2000 ROOT:f:00000096 denied anonymousUser [/_framework/System.Collections.Immutable.dll] [denyAll()] - Access is denied
2021-11-02T13:54:23.610Z sports2000 ROOT:f:00000098 denied anonymousUser [/_framework/System.Collections.Specialized.dll] [denyAll()] - Access is denied
2021-11-02T13:54:23.616Z sports2000 ROOT:f:00000099 denied anonymousUser [/_framework/System.Collections.dll] [denyAll()] - Access is denied
2021-11-02T13:54:23.623Z sports2000 ROOT:f:0000009a denied anonymousUser [/_framework/System.ComponentModel.Annotations.dll] [denyAll()] - Access is denied
2021-11-02T13:54:23.628Z sports2000 ROOT:f:0000009b denied anonymousUser [/_framework/System.ComponentModel.Primitives.dll] [denyAll()] - Access is denied
2021-11-02T13:54:23.637Z sports2000 ROOT:f:0000009c denied anonymousUser [/_framework/System.ComponentModel.TypeConverter.dll] [denyAll()] - Access is denied
2021-11-02T13:54:23.643Z sports2000 ROOT:f:0000009d denied anonymousUser [/_framework/System.ComponentModel.dll] [denyAll()] - Access is denied
2021-11-02T13:54:23.649Z sports2000 ROOT:f:0000009e denied anonymousUser [/_framework/System.Console.dll] [denyAll()] - Access is denied
2021-11-02T13:54:23.654Z sports2000 ROOT:f:0000009f denied anonymousUser [/_framework/System.Data.Common.dll] [denyAll()] - Access is denied
2021-11-02T13:54:23.660Z sports2000 ROOT:f:000000a0 denied anonymousUser [/_framework/System.Diagnostics.Debug.dll] [denyAll()] - Access is denied
2021-11-02T13:54:23.668Z sports2000 ROOT:f:000000a1 denied anonymousUser [/_framework/System.Diagnostics.DiagnosticSource.dll] [denyAll()] - Access is denied
2021-11-02T13:54:23.670Z sports2000 ROOT:f:000000a3 denied anonymousUser [/_framework/System.Diagnostics.TraceSource.dll] [denyAll()] - Access is denied
2021-11-02T13:54:23.669Z sports2000 ROOT:f:000000a2 denied anonymousUser [/_framework/System.Diagnostics.Process.dll] [denyAll()] - Access is denied
2021-11-02T13:54:23.673Z sports2000 ROOT:f:000000a4 denied anonymousUser [/_framework/System.Drawing.Primitives.dll] [denyAll()] - Access is denied
2021-11-02T13:54:23.688Z sports2000 ROOT:f:000000a5 denied anonymousUser [/_framework/System.Drawing.dll] [denyAll()] - Access is denied
2021-11-02T13:54:23.694Z sports2000 ROOT:f:000000a6 denied anonymousUser [/_framework/System.IO.Compression.dll] [denyAll()] - Access is denied
2021-11-02T13:54:23.699Z sports2000 ROOT:f:000000a7 denied anonymousUser [/_framework/System.IO.FileSystem.dll] [denyAll()] - Access is denied
2021-11-02T13:54:23.704Z sports2000 ROOT:f:000000a8 denied anonymousUser [/_framework/System.Linq.Expressions.dll] [denyAll()] - Access is denied
2021-11-02T13:54:23.711Z sports2000 ROOT:f:000000a9 denied anonymousUser [/_framework/System.Linq.Queryable.dll] [denyAll()] - Access is denied
2021-11-02T13:54:23.716Z sports2000 ROOT:f:000000aa denied anonymousUser [/_framework/System.Linq.dll] [denyAll()] - Access is denied
2021-11-02T13:54:23.720Z sports2000 ROOT:f:000000ab denied anonymousUser [/_framework/System.Memory.dll] [denyAll()] - Access is denied
2021-11-02T13:54:23.725Z sports2000 ROOT:f:000000ac denied anonymousUser [/_framework/System.Net.Http.Json.dll] [denyAll()] - Access is denied
2021-11-02T13:54:23.736Z sports2000 ROOT:f:000000ad denied anonymousUser [/_framework/System.Net.Http.dll] [denyAll()] - Access is denied
2021-11-02T13:54:23.741Z sports2000 ROOT:f:000000ae denied anonymousUser [/_framework/System.Net.NameResolution.dll] [denyAll()] - Access is denied
2021-11-02T13:54:23.746Z sports2000 ROOT:f:000000af denied anonymousUser [/_framework/System.Net.Primitives.dll] [denyAll()] - Access is denied
2021-11-02T13:54:23.750Z sports2000 ROOT:f:000000b0 denied anonymousUser [/_framework/System.Net.Requests.dll] [denyAll()] - Access is denied
2021-11-02T13:54:23.756Z sports2000 ROOT:f:000000b1 denied anonymousUser [/_framework/System.Net.Security.dll] [denyAll()] - Access is denied
2021-11-02T13:54:23.764Z sports2000 ROOT:f:000000b2 denied anonymousUser [/_framework/System.Net.ServicePoint.dll] [denyAll()] - Access is denied
2021-11-02T13:54:23.765Z sports2000 ROOT:f:000000b3 denied anonymousUser [/_framework/System.Net.Sockets.dll] [denyAll()] - Access is denied
2021-11-02T13:54:23.774Z sports2000 ROOT:f:000000b4 denied anonymousUser [/_framework/System.Net.WebHeaderCollection.dll] [denyAll()] - Access is denied
2021-11-02T13:54:23.780Z sports2000 ROOT:f:000000b5 denied anonymousUser [/_framework/System.Net.WebProxy.dll] [denyAll()] - Access is denied
2021-11-02T13:54:23.784Z sports2000 ROOT:f:000000b6 denied anonymousUser [/_framework/System.ObjectModel.dll] [denyAll()] - Access is denied
2021-11-02T13:54:23.786Z sports2000 ROOT:f:000000b7 denied anonymousUser [/_framework/System.Private.Runtime.InteropServices.JavaScript.dll] [denyAll()] - Access is denied
2021-11-02T13:54:23.792Z sports2000 ROOT:f:000000b8 denied anonymousUser [/_framework/System.Private.Uri.dll] [denyAll()] - Access is denied
2021-11-02T13:54:23.796Z sports2000 ROOT:f:000000ba denied anonymousUser [/_framework/System.Reflection.Extensions.dll] [denyAll()] - Access is denied
2021-11-02T13:54:23.800Z sports2000 ROOT:f:000000bb denied anonymousUser [/_framework/System.Reflection.dll] [denyAll()] - Access is denied
2021-11-02T13:54:23.804Z sports2000 ROOT:f:000000bc denied anonymousUser [/_framework/System.Resources.ResourceManager.dll] [denyAll()] - Access is denied
2021-11-02T13:54:23.793Z sports2000 ROOT:f:000000b9 denied anonymousUser [/_framework/System.Private.Xml.dll] [denyAll()] - Access is denied
2021-11-02T13:54:23.867Z sports2000 ROOT:f:000000bd denied anonymousUser [/_framework/System.Runtime.CompilerServices.Unsafe.dll] [denyAll()] - Access is denied
2021-11-02T13:54:23.874Z sports2000 ROOT:f:000000be denied anonymousUser [/_framework/System.Runtime.InteropServices.RuntimeInformation.dll] [denyAll()] - Access is denied
2021-11-02T13:54:23.888Z sports2000 ROOT:f:000000c1 denied anonymousUser [/_framework/System.Runtime.Numerics.dll] [denyAll()] - Access is denied
2021-11-02T13:54:23.880Z sports2000 ROOT:f:000000c0 denied anonymousUser [/_framework/System.Runtime.InteropServices.dll] [denyAll()] - Access is denied
2021-11-02T13:54:23.874Z sports2000 ROOT:f:000000bf denied anonymousUser [/_framework/System.Runtime.Extensions.dll] [denyAll()] - Access is denied
2021-11-02T13:54:23.910Z sports2000 ROOT:f:000000c2 denied anonymousUser [/_framework/System.Runtime.Serialization.Formatters.dll] [denyAll()] - Access is denied
2021-11-02T13:54:23.916Z sports2000 ROOT:f:000000c3 denied anonymousUser [/_framework/System.Runtime.dll] [denyAll()] - Access is denied
2021-11-02T13:54:23.923Z sports2000 ROOT:f:000000c4 denied anonymousUser [/_framework/System.Security.Cryptography.Algorithms.dll] [denyAll()] - Access is denied
2021-11-02T13:54:23.936Z sports2000 ROOT:f:000000c5 denied anonymousUser [/_framework/System.Security.Cryptography.Encoding.dll] [denyAll()] - Access is denied
2021-11-02T13:54:23.939Z sports2000 ROOT:f:000000c6 denied anonymousUser [/_framework/System.Security.Cryptography.X509Certificates.dll] [denyAll()] - Access is denied
2021-11-02T13:54:23.944Z sports2000 ROOT:f:000000c7 denied anonymousUser [/_framework/System.Text.Encodings.Web.dll] [denyAll()] - Access is denied
2021-11-02T13:54:23.958Z sports2000 ROOT:f:000000c8 denied anonymousUser [/_framework/System.Text.Json.dll] [denyAll()] - Access is denied
2021-11-02T13:54:23.964Z sports2000 ROOT:f:000000c9 denied anonymousUser [/_framework/System.Text.RegularExpressions.dll] [denyAll()] - Access is denied
2021-11-02T13:54:23.970Z sports2000 ROOT:f:000000ca denied anonymousUser [/_framework/System.Threading.Thread.dll] [denyAll()] - Access is denied
2021-11-02T13:54:23.978Z sports2000 ROOT:f:000000cb denied anonymousUser [/_framework/System.Threading.Tasks.dll] [denyAll()] - Access is denied
2021-11-02T13:54:23.988Z sports2000 ROOT:f:000000cc denied anonymousUser [/_framework/System.Threading.ThreadPool.dll] [denyAll()] - Access is denied
2021-11-02T13:54:23.993Z sports2000 ROOT:f:000000cd denied anonymousUser [/_framework/System.Threading.Timer.dll] [denyAll()] - Access is denied
2021-11-02T13:54:24.000Z sports2000 ROOT:f:000000ce denied anonymousUser [/_framework/System.Threading.dll] [denyAll()] - Access is denied
2021-11-02T13:54:24.006Z sports2000 ROOT:f:000000cf denied anonymousUser [/_framework/System.Transactions.Local.dll] [denyAll()] - Access is denied
2021-11-02T13:54:24.011Z sports2000 ROOT:f:000000d0 denied anonymousUser [/_framework/System.dll] [denyAll()] - Access is denied
2021-11-02T13:54:24.017Z sports2000 ROOT:f:000000d1 denied anonymousUser [/_framework/netstandard.dll] [denyAll()] - Access is denied
2021-11-02T13:54:24.024Z sports2000 ROOT:f:000000d2 denied anonymousUser [/_framework/System.Private.CoreLib.dll] [denyAll()] - Access is denied
2021-11-02T13:54:24.027Z sports2000 ROOT:f:000000d4 denied anonymousUser [/_framework/dotnet.timezones.blat] [denyAll()] - Access is denied
2021-11-02T13:54:24.029Z sports2000 ROOT:f:000000d3 denied anonymousUser [/_framework/dotnet.wasm] [denyAll()] - Access is denied
2021-11-02T13:54:24.031Z sports2000 ROOT:f:000000d5 denied anonymousUser [/_framework/icudt_EFIGS.dat] [denyAll()] - Access is denied
