2021-11-02T17:54:57.962Z INFO  [Catalina-utility-1] o.a.catalina.core.ApplicationContext.log - No Spring WebApplicationInitializer types detected on classpath
2021-11-02T17:54:58.322Z INFO  [Catalina-utility-1] o.a.catalina.core.ApplicationContext.log - No Spring WebApplicationInitializer types detected on classpath
2021-11-02T17:54:58.387Z INFO  [Catalina-utility-1] o.a.catalina.core.ApplicationContext.log - Initializing Spring root WebApplicationContext
2021-11-02T17:55:05.817Z INFO  [Catalina-utility-1] o.a.catalina.core.ApplicationContext.log - Initializing Spring DispatcherServlet 'mvc-dispatch'
2021-11-02T17:55:09.055Z INFO  [Catalina-utility-1] o.a.catalina.core.ApplicationContext.log - No Spring WebApplicationInitializer types detected on classpath
2021-11-02T17:55:09.315Z INFO  [Catalina-utility-1] o.a.catalina.core.ApplicationContext.log - Initializing Spring root WebApplicationContext
2021-11-02T17:55:20.323Z INFO  [Catalina-utility-1] o.a.catalina.core.ApplicationContext.log - Initializing Spring DispatcherServlet 'mvc-dispatch'
2021-11-02T17:55:21.873Z INFO  [Catalina-utility-1] o.a.catalina.core.ApplicationContext.log - No Spring WebApplicationInitializer types detected on classpath
2021-11-02T17:55:21.947Z INFO  [Catalina-utility-1] o.a.catalina.core.ApplicationContext.log - Initializing Spring root WebApplicationContext
2021-11-02T17:55:22.949Z ERROR [Catalina-utility-1] o.a.catalina.core.StandardContext.filterStart - Exception starting filter [springSecurityFilterChain]
org.springframework.beans.factory.parsing.BeanDefinitionParsingException: Configuration problem: Failed to import bean definitions from URL location [pasoe:anonymousLoginModel.xml]
Offending resource: ServletContext resource [/WEB-INF/oeablSecurity.xml]; nested exception is org.springframework.beans.factory.parsing.BeanDefinitionParsingException: Configuration problem: Failed to import bean definitions from relative location [soap-none-extern.xml]
Offending resource: URL [file:C:/WorkDir/sports2000/OpenEdge/PAS/webapps/ROOT/WEB-INF/spring/anonymousLoginModel.xml]; nested exception is org.springframework.beans.factory.BeanDefinitionStoreException: IOException parsing XML document from URL [file:C:/WorkDir/sports2000/OpenEdge/PAS/webapps/ROOT/WEB-INF/spring/soap-none-extern.xml]; nested exception is java.io.FileNotFoundException: C:\WorkDir\sports2000\OpenEdge\PAS\webapps\ROOT\WEB-INF\spring\soap-none-extern.xml (The system cannot find the file specified)
	at org.springframework.beans.factory.parsing.FailFastProblemReporter.error(FailFastProblemReporter.java:72)
	at org.springframework.beans.factory.parsing.ReaderContext.error(ReaderContext.java:119)
	at org.springframework.beans.factory.parsing.ReaderContext.error(ReaderContext.java:104)
	at org.springframework.beans.factory.xml.DefaultBeanDefinitionDocumentReader.importBeanDefinitionResource(DefaultBeanDefinitionDocumentReader.java:240)
	at org.springframework.beans.factory.xml.DefaultBeanDefinitionDocumentReader.parseDefaultElement(DefaultBeanDefinitionDocumentReader.java:191)
	at org.springframework.beans.factory.xml.DefaultBeanDefinitionDocumentReader.parseBeanDefinitions(DefaultBeanDefinitionDocumentReader.java:176)
	at org.springframework.beans.factory.xml.DefaultBeanDefinitionDocumentReader.doRegisterBeanDefinitions(DefaultBeanDefinitionDocumentReader.java:149)
	at org.springframework.beans.factory.xml.DefaultBeanDefinitionDocumentReader.registerBeanDefinitions(DefaultBeanDefinitionDocumentReader.java:96)
	at org.springframework.beans.factory.xml.XmlBeanDefinitionReader.registerBeanDefinitions(XmlBeanDefinitionReader.java:511)
	at org.springframework.beans.factory.xml.XmlBeanDefinitionReader.doLoadBeanDefinitions(XmlBeanDefinitionReader.java:391)
	at org.springframework.beans.factory.xml.XmlBeanDefinitionReader.loadBeanDefinitions(XmlBeanDefinitionReader.java:338)
	at org.springframework.beans.factory.xml.XmlBeanDefinitionReader.loadBeanDefinitions(XmlBeanDefinitionReader.java:310)
	at org.springframework.beans.factory.support.AbstractBeanDefinitionReader.loadBeanDefinitions(AbstractBeanDefinitionReader.java:188)
	at org.springframework.beans.factory.support.AbstractBeanDefinitionReader.loadBeanDefinitions(AbstractBeanDefinitionReader.java:224)
	at org.springframework.beans.factory.support.AbstractBeanDefinitionReader.loadBeanDefinitions(AbstractBeanDefinitionReader.java:195)
	at org.springframework.web.context.support.XmlWebApplicationContext.loadBeanDefinitions(XmlWebApplicationContext.java:125)
	at com.progress.appserv.services.security.OEXmlWebApplicationContext.loadBeanDefinitions(OEXmlWebApplicationContext.java:63)
	at org.springframework.context.support.AbstractRefreshableApplicationContext.refreshBeanFactory(AbstractRefreshableApplicationContext.java:130)
	at org.springframework.context.support.AbstractApplicationContext.obtainFreshBeanFactory(AbstractApplicationContext.java:676)
	at org.springframework.context.support.AbstractApplicationContext.refresh(AbstractApplicationContext.java:558)
	at org.springframework.web.context.ContextLoader.configureAndRefreshWebApplicationContext(ContextLoader.java:401)
	at org.springframework.web.context.ContextLoader.initWebApplicationContext(ContextLoader.java:292)
	at org.springframework.web.context.ContextLoaderListener.contextInitialized(ContextLoaderListener.java:103)
	at com.progress.appserv.services.security.OESpringContextLoaderListener.contextInitialized(OESpringContextLoaderListener.java:24)
	at org.apache.catalina.core.StandardContext.listenerStart(StandardContext.java:4716)
	at org.apache.catalina.core.StandardContext.startInternal(StandardContext.java:5172)
	at org.apache.catalina.util.LifecycleBase.start(LifecycleBase.java:183)
	at org.apache.catalina.core.ContainerBase.addChildInternal(ContainerBase.java:717)
	at org.apache.catalina.core.ContainerBase.addChild(ContainerBase.java:690)
	at org.apache.catalina.core.StandardHost.addChild(StandardHost.java:706)
	at org.apache.catalina.startup.HostConfig.deployDirectory(HostConfig.java:1184)
	at org.apache.catalina.startup.HostConfig$DeployDirectory.run(HostConfig.java:1925)
	at java.base/java.util.concurrent.Executors$RunnableAdapter.call(Executors.java:515)
	at java.base/java.util.concurrent.FutureTask.run(FutureTask.java:264)
	at org.apache.tomcat.util.threads.InlineExecutorService.execute(InlineExecutorService.java:75)
	at java.base/java.util.concurrent.AbstractExecutorService.submit(AbstractExecutorService.java:118)
	at org.apache.catalina.startup.HostConfig.deployDirectories(HostConfig.java:1094)
	at org.apache.catalina.startup.HostConfig.deployApps(HostConfig.java:476)
	at org.apache.catalina.startup.HostConfig.start(HostConfig.java:1611)
	at org.apache.catalina.startup.HostConfig.lifecycleEvent(HostConfig.java:319)
	at org.apache.catalina.util.LifecycleBase.fireLifecycleEvent(LifecycleBase.java:123)
	at org.apache.catalina.util.LifecycleBase.setStateInternal(LifecycleBase.java:423)
	at org.apache.catalina.util.LifecycleBase.setState(LifecycleBase.java:366)
	at org.apache.catalina.core.ContainerBase.startInternal(ContainerBase.java:936)
	at org.apache.catalina.core.StandardHost.startInternal(StandardHost.java:843)
	at org.apache.catalina.util.LifecycleBase.start(LifecycleBase.java:183)
	at org.apache.catalina.core.ContainerBase$StartChild.call(ContainerBase.java:1384)
	at org.apache.catalina.core.ContainerBase$StartChild.call(ContainerBase.java:1374)
	at java.base/java.util.concurrent.FutureTask.run(FutureTask.java:264)
	at java.base/java.util.concurrent.ScheduledThreadPoolExecutor$ScheduledFutureTask.run(ScheduledThreadPoolExecutor.java:304)
	at java.base/java.util.concurrent.ThreadPoolExecutor.runWorker(ThreadPoolExecutor.java:1128)
	at java.base/java.util.concurrent.ThreadPoolExecutor$Worker.run(ThreadPoolExecutor.java:628)
	at org.apache.tomcat.util.threads.TaskThread$WrappingRunnable.run(TaskThread.java:61)
	at java.base/java.lang.Thread.run(Thread.java:834)
Caused by: org.springframework.beans.factory.parsing.BeanDefinitionParsingException: Configuration problem: Failed to import bean definitions from relative location [soap-none-extern.xml]
Offending resource: URL [file:C:/WorkDir/sports2000/OpenEdge/PAS/webapps/ROOT/WEB-INF/spring/anonymousLoginModel.xml]; nested exception is org.springframework.beans.factory.BeanDefinitionStoreException: IOException parsing XML document from URL [file:C:/WorkDir/sports2000/OpenEdge/PAS/webapps/ROOT/WEB-INF/spring/soap-none-extern.xml]; nested exception is java.io.FileNotFoundException: C:\WorkDir\sports2000\OpenEdge\PAS\webapps\ROOT\WEB-INF\spring\soap-none-extern.xml (The system cannot find the file specified)
	at org.springframework.beans.factory.parsing.FailFastProblemReporter.error(FailFastProblemReporter.java:72)
	at org.springframework.beans.factory.parsing.ReaderContext.error(ReaderContext.java:119)
	at org.springframework.beans.factory.parsing.ReaderContext.error(ReaderContext.java:104)
	at org.springframework.beans.factory.xml.DefaultBeanDefinitionDocumentReader.importBeanDefinitionResource(DefaultBeanDefinitionDocumentReader.java:266)
	at org.springframework.beans.factory.xml.DefaultBeanDefinitionDocumentReader.parseDefaultElement(DefaultBeanDefinitionDocumentReader.java:191)
	at org.springframework.beans.factory.xml.DefaultBeanDefinitionDocumentReader.parseBeanDefinitions(DefaultBeanDefinitionDocumentReader.java:176)
	at org.springframework.beans.factory.xml.DefaultBeanDefinitionDocumentReader.doRegisterBeanDefinitions(DefaultBeanDefinitionDocumentReader.java:149)
	at org.springframework.beans.factory.xml.DefaultBeanDefinitionDocumentReader.registerBeanDefinitions(DefaultBeanDefinitionDocumentReader.java:96)
	at org.springframework.beans.factory.xml.XmlBeanDefinitionReader.registerBeanDefinitions(XmlBeanDefinitionReader.java:511)
	at org.springframework.beans.factory.xml.XmlBeanDefinitionReader.doLoadBeanDefinitions(XmlBeanDefinitionReader.java:391)
	at org.springframework.beans.factory.xml.XmlBeanDefinitionReader.loadBeanDefinitions(XmlBeanDefinitionReader.java:338)
	at org.springframework.beans.factory.xml.XmlBeanDefinitionReader.loadBeanDefinitions(XmlBeanDefinitionReader.java:310)
	at org.springframework.beans.factory.support.AbstractBeanDefinitionReader.loadBeanDefinitions(AbstractBeanDefinitionReader.java:188)
	at org.springframework.beans.factory.support.AbstractBeanDefinitionReader.loadBeanDefinitions(AbstractBeanDefinitionReader.java:224)
	at org.springframework.beans.factory.xml.DefaultBeanDefinitionDocumentReader.importBeanDefinitionResource(DefaultBeanDefinitionDocumentReader.java:234)
	... 50 common frames omitted
Caused by: org.springframework.beans.factory.BeanDefinitionStoreException: IOException parsing XML document from URL [file:C:/WorkDir/sports2000/OpenEdge/PAS/webapps/ROOT/WEB-INF/spring/soap-none-extern.xml]; nested exception is java.io.FileNotFoundException: C:\WorkDir\sports2000\OpenEdge\PAS\webapps\ROOT\WEB-INF\spring\soap-none-extern.xml (The system cannot find the file specified)
	at org.springframework.beans.factory.xml.XmlBeanDefinitionReader.loadBeanDefinitions(XmlBeanDefinitionReader.java:342)
	at org.springframework.beans.factory.xml.XmlBeanDefinitionReader.loadBeanDefinitions(XmlBeanDefinitionReader.java:310)
	at org.springframework.beans.factory.support.AbstractBeanDefinitionReader.loadBeanDefinitions(AbstractBeanDefinitionReader.java:188)
	at org.springframework.beans.factory.support.AbstractBeanDefinitionReader.loadBeanDefinitions(AbstractBeanDefinitionReader.java:224)
	at org.springframework.beans.factory.xml.DefaultBeanDefinitionDocumentReader.importBeanDefinitionResource(DefaultBeanDefinitionDocumentReader.java:255)
	... 61 common frames omitted
Caused by: java.io.FileNotFoundException: C:\WorkDir\sports2000\OpenEdge\PAS\webapps\ROOT\WEB-INF\spring\soap-none-extern.xml (The system cannot find the file specified)
	at java.base/java.io.FileInputStream.open0(Native Method)
	at java.base/java.io.FileInputStream.open(FileInputStream.java:219)
	at java.base/java.io.FileInputStream.<init>(FileInputStream.java:157)
	at java.base/java.io.FileInputStream.<init>(FileInputStream.java:112)
	at java.base/sun.net.www.protocol.file.FileURLConnection.connect(FileURLConnection.java:86)
	at java.base/sun.net.www.protocol.file.FileURLConnection.getInputStream(FileURLConnection.java:184)
	at org.springframework.core.io.UrlResource.getInputStream(UrlResource.java:186)
	at org.springframework.beans.factory.xml.XmlBeanDefinitionReader.loadBeanDefinitions(XmlBeanDefinitionReader.java:333)
	... 65 common frames omitted
2021-11-02T17:55:23.065Z INFO  [Catalina-utility-1] o.a.catalina.core.ApplicationContext.log - Closing Spring root WebApplicationContext
2021-11-02T17:55:23.066Z ERROR [Catalina-utility-1] o.a.catalina.core.StandardContext.listenerStop - Exception sending context destroyed event to listener instance of class [com.progress.appserv.services.security.OESpringContextLoaderListener]
java.lang.IllegalStateException: BeanFactory not initialized or already closed - call 'refresh' before accessing beans via the ApplicationContext
	at org.springframework.context.support.AbstractRefreshableApplicationContext.getBeanFactory(AbstractRefreshableApplicationContext.java:168)
	at org.springframework.context.support.AbstractApplicationContext.destroyBeans(AbstractApplicationContext.java:1113)
	at org.springframework.context.support.AbstractApplicationContext.doClose(AbstractApplicationContext.java:1082)
	at org.springframework.context.support.AbstractApplicationContext.close(AbstractApplicationContext.java:1028)
	at org.springframework.web.context.ContextLoader.closeWebApplicationContext(ContextLoader.java:517)
	at org.springframework.web.context.ContextLoaderListener.contextDestroyed(ContextLoaderListener.java:112)
	at com.progress.appserv.services.security.OESpringContextLoaderListener.contextDestroyed(OESpringContextLoaderListener.java:63)
	at org.apache.catalina.core.StandardContext.listenerStop(StandardContext.java:4762)
	at org.apache.catalina.core.StandardContext.stopInternal(StandardContext.java:5418)
	at org.apache.catalina.util.LifecycleBase.stop(LifecycleBase.java:257)
	at org.apache.catalina.util.LifecycleBase.start(LifecycleBase.java:187)
	at org.apache.catalina.core.ContainerBase.addChildInternal(ContainerBase.java:717)
	at org.apache.catalina.core.ContainerBase.addChild(ContainerBase.java:690)
	at org.apache.catalina.core.StandardHost.addChild(StandardHost.java:706)
	at org.apache.catalina.startup.HostConfig.deployDirectory(HostConfig.java:1184)
	at org.apache.catalina.startup.HostConfig$DeployDirectory.run(HostConfig.java:1925)
	at java.base/java.util.concurrent.Executors$RunnableAdapter.call(Executors.java:515)
	at java.base/java.util.concurrent.FutureTask.run(FutureTask.java:264)
	at org.apache.tomcat.util.threads.InlineExecutorService.execute(InlineExecutorService.java:75)
	at java.base/java.util.concurrent.AbstractExecutorService.submit(AbstractExecutorService.java:118)
	at org.apache.catalina.startup.HostConfig.deployDirectories(HostConfig.java:1094)
	at org.apache.catalina.startup.HostConfig.deployApps(HostConfig.java:476)
	at org.apache.catalina.startup.HostConfig.start(HostConfig.java:1611)
	at org.apache.catalina.startup.HostConfig.lifecycleEvent(HostConfig.java:319)
	at org.apache.catalina.util.LifecycleBase.fireLifecycleEvent(LifecycleBase.java:123)
	at org.apache.catalina.util.LifecycleBase.setStateInternal(LifecycleBase.java:423)
	at org.apache.catalina.util.LifecycleBase.setState(LifecycleBase.java:366)
	at org.apache.catalina.core.ContainerBase.startInternal(ContainerBase.java:936)
	at org.apache.catalina.core.StandardHost.startInternal(StandardHost.java:843)
	at org.apache.catalina.util.LifecycleBase.start(LifecycleBase.java:183)
	at org.apache.catalina.core.ContainerBase$StartChild.call(ContainerBase.java:1384)
	at org.apache.catalina.core.ContainerBase$StartChild.call(ContainerBase.java:1374)
	at java.base/java.util.concurrent.FutureTask.run(FutureTask.java:264)
	at java.base/java.util.concurrent.ScheduledThreadPoolExecutor$ScheduledFutureTask.run(ScheduledThreadPoolExecutor.java:304)
	at java.base/java.util.concurrent.ThreadPoolExecutor.runWorker(ThreadPoolExecutor.java:1128)
	at java.base/java.util.concurrent.ThreadPoolExecutor$Worker.run(ThreadPoolExecutor.java:628)
	at org.apache.tomcat.util.threads.TaskThread$WrappingRunnable.run(TaskThread.java:61)
	at java.base/java.lang.Thread.run(Thread.java:834)
