2021-11-02T17:16:39.415Z INFO  [main] org.apache.coyote.AbstractProtocol.init - Initializing ProtocolHandler ["http-nio-8080"]
2021-11-02T17:16:39.470Z INFO  [main] org.apache.coyote.AbstractProtocol.init - Initializing ProtocolHandler ["https-jsse-nio-8443"]
2021-11-02T17:16:39.474Z INFO  [main] org.apache.catalina.startup.Catalina.load - Server initialization in [1615] milliseconds
2021-11-02T17:16:39.476Z INFO  [main] c.p.a.s.l.OeLifecycleListener.runStartupScripts - Running startup scripts
2021-11-02T17:16:39.575Z INFO  [main] o.a.catalina.core.StandardService.startInternal - Starting service [Catalina]
2021-11-02T17:16:39.576Z INFO  [main] o.a.catalina.core.StandardEngine.startInternal - Starting Servlet engine: [Apache Tomcat/9.0.45]
2021-11-02T17:16:40.542Z INFO  [Catalina-utility-1] o.apache.catalina.startup.HostConfig.deployWAR - Deploying web application archive [C:\WorkDir\sports2000\OpenEdge\PAS\webapps\manager.war]
2021-11-02T17:16:42.147Z INFO  [Catalina-utility-1] o.apache.catalina.startup.HostConfig.deployWAR - Deployment of web application archive [C:\WorkDir\sports2000\OpenEdge\PAS\webapps\manager.war] has finished in [1,603] ms
2021-11-02T17:16:42.163Z INFO  [Catalina-utility-1] o.apache.catalina.startup.HostConfig.deployWAR - Deploying web application archive [C:\WorkDir\sports2000\OpenEdge\PAS\webapps\oedbg.war]
2021-11-02T17:16:42.891Z INFO  [Catalina-utility-1] o.apache.catalina.startup.HostConfig.deployWAR - Deployment of web application archive [C:\WorkDir\sports2000\OpenEdge\PAS\webapps\oedbg.war] has finished in [728] ms
2021-11-02T17:16:42.895Z INFO  [Catalina-utility-1] o.apache.catalina.startup.HostConfig.deployWAR - Deploying web application archive [C:\WorkDir\sports2000\OpenEdge\PAS\webapps\oemanager.war]
2021-11-02T17:16:52.531Z INFO  [Catalina-utility-1] o.apache.catalina.startup.HostConfig.deployWAR - Deployment of web application archive [C:\WorkDir\sports2000\OpenEdge\PAS\webapps\oemanager.war] has finished in [9,636] ms
2021-11-02T17:16:52.544Z INFO  [Catalina-utility-1] o.apache.catalina.startup.HostConfig.deployWAR - Deploying web application archive [C:\WorkDir\sports2000\OpenEdge\PAS\webapps\restWeb.war]
2021-11-02T17:17:05.422Z INFO  [Catalina-utility-1] o.apache.catalina.startup.HostConfig.deployWAR - Deployment of web application archive [C:\WorkDir\sports2000\OpenEdge\PAS\webapps\restWeb.war] has finished in [12,878] ms
2021-11-02T17:17:05.426Z INFO  [Catalina-utility-1] o.apache.catalina.startup.HostConfig.deployDirectory - Deploying web application directory [C:\WorkDir\sports2000\OpenEdge\PAS\webapps\ROOT]
2021-11-02T17:17:08.686Z INFO  [Catalina-utility-1] o.apache.catalina.startup.HostConfig.deployDirectory - Deployment of web application directory [C:\WorkDir\sports2000\OpenEdge\PAS\webapps\ROOT] has finished in [3,260] ms
2021-11-02T17:17:08.700Z INFO  [main] org.apache.coyote.AbstractProtocol.start - Starting ProtocolHandler ["http-nio-8080"]
2021-11-02T17:17:08.730Z INFO  [main] org.apache.coyote.AbstractProtocol.start - Starting ProtocolHandler ["https-jsse-nio-8443"]
2021-11-02T17:17:09.364Z INFO  [main] c.p.a.s.l.OeLifecycleListener.runStartedScripts - Running started scripts
2021-11-02T17:17:09.369Z INFO  [main] c.p.a.s.l.OeLifecycleListener.startHealthCollector - Health collector disabled
2021-11-02T17:17:09.371Z INFO  [main] org.apache.catalina.startup.Catalina.start - Server startup in [29896] milliseconds
2021-11-02T17:17:41.356Z INFO  [main] o.a.catalina.core.StandardServer.await - A valid shutdown command was received via the shutdown port. Stopping the Server instance.
2021-11-02T17:17:41.357Z INFO  [main] c.p.a.s.l.OeLifecycleListener.runStoppingScripts - Running stopping scripts
2021-11-02T17:17:41.456Z INFO  [main] org.apache.coyote.AbstractProtocol.pause - Pausing ProtocolHandler ["http-nio-8080"]
2021-11-02T17:17:41.457Z INFO  [main] org.apache.coyote.AbstractProtocol.pause - Pausing ProtocolHandler ["https-jsse-nio-8443"]
2021-11-02T17:17:41.457Z INFO  [main] o.a.catalina.core.StandardService.stopInternal - Stopping service [Catalina]
2021-11-02T17:17:41.782Z WARN  [Catalina-utility-2] o.a.c.loader.WebappClassLoaderBase.clearReferencesThreads - The web application [restWeb] appears to have started a thread named [PropertyFileMonitor] but has failed to stop it. This is very likely to create a memory leak. Stack trace of thread:
 java.base@11.0.4/java.lang.Thread.sleep(Native Method)
 com.progress.appserv.services.properties.ubimpl.ubWatchDog.run(ubWatchDog.java:122)
2021-11-02T17:17:41.784Z WARN  [Catalina-utility-2] o.a.c.loader.WebappClassLoaderBase.clearReferencesThreads - The web application [restWeb] appears to have started a thread named [PropertyFileMonitor] but has failed to stop it. This is very likely to create a memory leak. Stack trace of thread:
 java.base@11.0.4/java.lang.Thread.sleep(Native Method)
 com.progress.appserv.services.properties.ubimpl.ubWatchDog.run(ubWatchDog.java:122)
2021-11-02T17:17:41.785Z WARN  [Catalina-utility-2] o.a.c.loader.WebappClassLoaderBase.clearReferencesThreads - The web application [restWeb] appears to have started a thread named [WztFnb3xRpqKZ4pStLvcEw-agent-watchdog] but has failed to stop it. This is very likely to create a memory leak. Stack trace of thread:
 java.base@11.0.4/sun.nio.ch.WindowsSelectorImpl$SubSelector.poll0(Native Method)
 java.base@11.0.4/sun.nio.ch.WindowsSelectorImpl$SubSelector.poll(WindowsSelectorImpl.java:339)
 java.base@11.0.4/sun.nio.ch.WindowsSelectorImpl.doSelect(WindowsSelectorImpl.java:167)
 java.base@11.0.4/sun.nio.ch.SelectorImpl.lockAndDoSelect(SelectorImpl.java:124)
 java.base@11.0.4/sun.nio.ch.SelectorImpl.select(SelectorImpl.java:136)
 com.progress.appserv.broker.agent.TcpAgentPool$AgentPoolWatchdog.run(TcpAgentPool.java:2933)
2021-11-02T17:17:41.786Z WARN  [Catalina-utility-2] o.a.c.loader.WebappClassLoaderBase.clearReferencesThreads - The web application [restWeb] appears to have started a thread named [WztFnb3xRpqKZ4pStLvcEw-starter-0] but has failed to stop it. This is very likely to create a memory leak. Stack trace of thread:
 java.base@11.0.4/jdk.internal.misc.Unsafe.park(Native Method)
 java.base@11.0.4/java.util.concurrent.locks.LockSupport.park(LockSupport.java:194)
 java.base@11.0.4/java.util.concurrent.locks.AbstractQueuedSynchronizer$ConditionObject.await(AbstractQueuedSynchronizer.java:2081)
 java.base@11.0.4/java.util.concurrent.LinkedBlockingQueue.take(LinkedBlockingQueue.java:433)
 java.base@11.0.4/java.util.concurrent.ThreadPoolExecutor.getTask(ThreadPoolExecutor.java:1054)
 java.base@11.0.4/java.util.concurrent.ThreadPoolExecutor.runWorker(ThreadPoolExecutor.java:1114)
 java.base@11.0.4/java.util.concurrent.ThreadPoolExecutor$Worker.run(ThreadPoolExecutor.java:628)
 java.base@11.0.4/java.lang.Thread.run(Thread.java:834)
2021-11-02T17:17:41.942Z WARN  [Catalina-utility-2] o.a.c.loader.WebappClassLoaderBase.clearReferencesThreads - The web application [oedbg] appears to have started a thread named [logback-1] but has failed to stop it. This is very likely to create a memory leak. Stack trace of thread:
 java.base@11.0.4/jdk.internal.misc.Unsafe.park(Native Method)
 java.base@11.0.4/java.util.concurrent.locks.LockSupport.park(LockSupport.java:194)
 java.base@11.0.4/java.util.concurrent.locks.AbstractQueuedSynchronizer$ConditionObject.await(AbstractQueuedSynchronizer.java:2081)
 java.base@11.0.4/java.util.concurrent.ScheduledThreadPoolExecutor$DelayedWorkQueue.take(ScheduledThreadPoolExecutor.java:1177)
 java.base@11.0.4/java.util.concurrent.ScheduledThreadPoolExecutor$DelayedWorkQueue.take(ScheduledThreadPoolExecutor.java:899)
 java.base@11.0.4/java.util.concurrent.ThreadPoolExecutor.getTask(ThreadPoolExecutor.java:1054)
 java.base@11.0.4/java.util.concurrent.ThreadPoolExecutor.runWorker(ThreadPoolExecutor.java:1114)
 java.base@11.0.4/java.util.concurrent.ThreadPoolExecutor$Worker.run(ThreadPoolExecutor.java:628)
 java.base@11.0.4/java.lang.Thread.run(Thread.java:834)
2021-11-02T17:17:41.944Z WARN  [Catalina-utility-2] o.a.c.loader.WebappClassLoaderBase.clearReferencesThreads - The web application [oedbg] appears to have started a thread named [logback-2] but has failed to stop it. This is very likely to create a memory leak. Stack trace of thread:
 java.base@11.0.4/jdk.internal.misc.Unsafe.park(Native Method)
 java.base@11.0.4/java.util.concurrent.locks.LockSupport.parkNanos(LockSupport.java:234)
 java.base@11.0.4/java.util.concurrent.locks.AbstractQueuedSynchronizer$ConditionObject.awaitNanos(AbstractQueuedSynchronizer.java:2123)
 java.base@11.0.4/java.util.concurrent.ScheduledThreadPoolExecutor$DelayedWorkQueue.take(ScheduledThreadPoolExecutor.java:1182)
 java.base@11.0.4/java.util.concurrent.ScheduledThreadPoolExecutor$DelayedWorkQueue.take(ScheduledThreadPoolExecutor.java:899)
 java.base@11.0.4/java.util.concurrent.ThreadPoolExecutor.getTask(ThreadPoolExecutor.java:1054)
 java.base@11.0.4/java.util.concurrent.ThreadPoolExecutor.runWorker(ThreadPoolExecutor.java:1114)
 java.base@11.0.4/java.util.concurrent.ThreadPoolExecutor$Worker.run(ThreadPoolExecutor.java:628)
 java.base@11.0.4/java.lang.Thread.run(Thread.java:834)
2021-11-02T17:17:41.945Z WARN  [Catalina-utility-2] o.a.c.loader.WebappClassLoaderBase.clearReferencesThreads - The web application [oedbg] appears to have started a thread named [logback-3] but has failed to stop it. This is very likely to create a memory leak. Stack trace of thread:
 java.base@11.0.4/jdk.internal.misc.Unsafe.park(Native Method)
 java.base@11.0.4/java.util.concurrent.locks.LockSupport.park(LockSupport.java:194)
 java.base@11.0.4/java.util.concurrent.locks.AbstractQueuedSynchronizer$ConditionObject.await(AbstractQueuedSynchronizer.java:2081)
 java.base@11.0.4/java.util.concurrent.ScheduledThreadPoolExecutor$DelayedWorkQueue.take(ScheduledThreadPoolExecutor.java:1177)
 java.base@11.0.4/java.util.concurrent.ScheduledThreadPoolExecutor$DelayedWorkQueue.take(ScheduledThreadPoolExecutor.java:899)
 java.base@11.0.4/java.util.concurrent.ThreadPoolExecutor.getTask(ThreadPoolExecutor.java:1054)
 java.base@11.0.4/java.util.concurrent.ThreadPoolExecutor.runWorker(ThreadPoolExecutor.java:1114)
 java.base@11.0.4/java.util.concurrent.ThreadPoolExecutor$Worker.run(ThreadPoolExecutor.java:628)
 java.base@11.0.4/java.lang.Thread.run(Thread.java:834)
2021-11-02T17:17:41.946Z WARN  [Catalina-utility-2] o.a.c.loader.WebappClassLoaderBase.clearReferencesThreads - The web application [oedbg] appears to have started a thread named [logback-4] but has failed to stop it. This is very likely to create a memory leak. Stack trace of thread:
 java.base@11.0.4/jdk.internal.misc.Unsafe.park(Native Method)
 java.base@11.0.4/java.util.concurrent.locks.LockSupport.park(LockSupport.java:194)
 java.base@11.0.4/java.util.concurrent.locks.AbstractQueuedSynchronizer$ConditionObject.await(AbstractQueuedSynchronizer.java:2081)
 java.base@11.0.4/java.util.concurrent.ScheduledThreadPoolExecutor$DelayedWorkQueue.take(ScheduledThreadPoolExecutor.java:1177)
 java.base@11.0.4/java.util.concurrent.ScheduledThreadPoolExecutor$DelayedWorkQueue.take(ScheduledThreadPoolExecutor.java:899)
 java.base@11.0.4/java.util.concurrent.ThreadPoolExecutor.getTask(ThreadPoolExecutor.java:1054)
 java.base@11.0.4/java.util.concurrent.ThreadPoolExecutor.runWorker(ThreadPoolExecutor.java:1114)
 java.base@11.0.4/java.util.concurrent.ThreadPoolExecutor$Worker.run(ThreadPoolExecutor.java:628)
 java.base@11.0.4/java.lang.Thread.run(Thread.java:834)
2021-11-02T17:17:41.975Z WARN  [Catalina-utility-2] o.a.c.loader.WebappClassLoaderBase.clearReferencesThreads - The web application [oedbg] appears to have started a thread named [logback-5] but has failed to stop it. This is very likely to create a memory leak. Stack trace of thread:
 java.base@11.0.4/jdk.internal.misc.Unsafe.park(Native Method)
 java.base@11.0.4/java.util.concurrent.locks.LockSupport.park(LockSupport.java:194)
 java.base@11.0.4/java.util.concurrent.locks.AbstractQueuedSynchronizer$ConditionObject.await(AbstractQueuedSynchronizer.java:2081)
 java.base@11.0.4/java.util.concurrent.ScheduledThreadPoolExecutor$DelayedWorkQueue.take(ScheduledThreadPoolExecutor.java:1177)
 java.base@11.0.4/java.util.concurrent.ScheduledThreadPoolExecutor$DelayedWorkQueue.take(ScheduledThreadPoolExecutor.java:899)
 java.base@11.0.4/java.util.concurrent.ThreadPoolExecutor.getTask(ThreadPoolExecutor.java:1054)
 java.base@11.0.4/java.util.concurrent.ThreadPoolExecutor.runWorker(ThreadPoolExecutor.java:1114)
 java.base@11.0.4/java.util.concurrent.ThreadPoolExecutor$Worker.run(ThreadPoolExecutor.java:628)
 java.base@11.0.4/java.lang.Thread.run(Thread.java:834)
2021-11-02T17:17:41.976Z WARN  [Catalina-utility-2] o.a.c.loader.WebappClassLoaderBase.clearReferencesThreads - The web application [oedbg] appears to have started a thread named [logback-6] but has failed to stop it. This is very likely to create a memory leak. Stack trace of thread:
 java.base@11.0.4/jdk.internal.misc.Unsafe.park(Native Method)
 java.base@11.0.4/java.util.concurrent.locks.LockSupport.park(LockSupport.java:194)
 java.base@11.0.4/java.util.concurrent.locks.AbstractQueuedSynchronizer$ConditionObject.await(AbstractQueuedSynchronizer.java:2081)
 java.base@11.0.4/java.util.concurrent.ScheduledThreadPoolExecutor$DelayedWorkQueue.take(ScheduledThreadPoolExecutor.java:1177)
 java.base@11.0.4/java.util.concurrent.ScheduledThreadPoolExecutor$DelayedWorkQueue.take(ScheduledThreadPoolExecutor.java:899)
 java.base@11.0.4/java.util.concurrent.ThreadPoolExecutor.getTask(ThreadPoolExecutor.java:1054)
 java.base@11.0.4/java.util.concurrent.ThreadPoolExecutor.runWorker(ThreadPoolExecutor.java:1114)
 java.base@11.0.4/java.util.concurrent.ThreadPoolExecutor$Worker.run(ThreadPoolExecutor.java:628)
 java.base@11.0.4/java.lang.Thread.run(Thread.java:834)
2021-11-02T17:17:41.977Z WARN  [Catalina-utility-2] o.a.c.loader.WebappClassLoaderBase.clearReferencesThreads - The web application [oedbg] appears to have started a thread named [logback-7] but has failed to stop it. This is very likely to create a memory leak. Stack trace of thread:
 java.base@11.0.4/jdk.internal.misc.Unsafe.park(Native Method)
 java.base@11.0.4/java.util.concurrent.locks.LockSupport.park(LockSupport.java:194)
 java.base@11.0.4/java.util.concurrent.locks.AbstractQueuedSynchronizer$ConditionObject.await(AbstractQueuedSynchronizer.java:2081)
 java.base@11.0.4/java.util.concurrent.ScheduledThreadPoolExecutor$DelayedWorkQueue.take(ScheduledThreadPoolExecutor.java:1177)
 java.base@11.0.4/java.util.concurrent.ScheduledThreadPoolExecutor$DelayedWorkQueue.take(ScheduledThreadPoolExecutor.java:899)
 java.base@11.0.4/java.util.concurrent.ThreadPoolExecutor.getTask(ThreadPoolExecutor.java:1054)
 java.base@11.0.4/java.util.concurrent.ThreadPoolExecutor.runWorker(ThreadPoolExecutor.java:1114)
 java.base@11.0.4/java.util.concurrent.ThreadPoolExecutor$Worker.run(ThreadPoolExecutor.java:628)
 java.base@11.0.4/java.lang.Thread.run(Thread.java:834)
2021-11-02T17:17:41.978Z WARN  [Catalina-utility-2] o.a.c.loader.WebappClassLoaderBase.clearReferencesThreads - The web application [oedbg] appears to have started a thread named [logback-8] but has failed to stop it. This is very likely to create a memory leak. Stack trace of thread:
 java.base@11.0.4/jdk.internal.misc.Unsafe.park(Native Method)
 java.base@11.0.4/java.util.concurrent.locks.LockSupport.park(LockSupport.java:194)
 java.base@11.0.4/java.util.concurrent.locks.AbstractQueuedSynchronizer$ConditionObject.await(AbstractQueuedSynchronizer.java:2081)
 java.base@11.0.4/java.util.concurrent.ScheduledThreadPoolExecutor$DelayedWorkQueue.take(ScheduledThreadPoolExecutor.java:1177)
 java.base@11.0.4/java.util.concurrent.ScheduledThreadPoolExecutor$DelayedWorkQueue.take(ScheduledThreadPoolExecutor.java:899)
 java.base@11.0.4/java.util.concurrent.ThreadPoolExecutor.getTask(ThreadPoolExecutor.java:1054)
 java.base@11.0.4/java.util.concurrent.ThreadPoolExecutor.runWorker(ThreadPoolExecutor.java:1114)
 java.base@11.0.4/java.util.concurrent.ThreadPoolExecutor$Worker.run(ThreadPoolExecutor.java:628)
 java.base@11.0.4/java.lang.Thread.run(Thread.java:834)
2021-11-02T17:17:42.043Z INFO  [main] org.apache.coyote.AbstractProtocol.stop - Stopping ProtocolHandler ["http-nio-8080"]
2021-11-02T17:17:42.049Z INFO  [main] org.apache.coyote.AbstractProtocol.stop - Stopping ProtocolHandler ["https-jsse-nio-8443"]
2021-11-02T17:17:42.052Z INFO  [main] c.p.a.s.l.OeLifecycleListener.runShutdownScripts - Running shutdown scripts
2021-11-02T17:17:42.066Z INFO  [main] org.apache.coyote.AbstractProtocol.destroy - Destroying ProtocolHandler ["http-nio-8080"]
2021-11-02T17:17:42.067Z INFO  [main] org.apache.coyote.AbstractProtocol.destroy - Destroying ProtocolHandler ["https-jsse-nio-8443"]
