0:0:0:0:0:0:0:1 - anonymousUser [2021-11-02T17:17:19.191Z] "GET / HTTP/1.1" 200 722 ROOT:f:00000001 
0:0:0:0:0:0:0:1 - anonymousUser [2021-11-02T17:17:19.254Z] "GET /css/bootstrap/bootstrap.min.css HTTP/1.1" 200 155764 ROOT:f:00000002 
0:0:0:0:0:0:0:1 - anonymousUser [2021-11-02T17:17:19.271Z] "GET /css/app.css HTTP/1.1" 200 911 ROOT:f:00000003 
0:0:0:0:0:0:0:1 - anonymousUser [2021-11-02T17:17:19.285Z] "GET /_framework/blazor.webassembly.js HTTP/1.1" 200 76966 ROOT:f:00000005 
0:0:0:0:0:0:0:1 - anonymousUser [2021-11-02T17:17:19.281Z] "GET /sports2000.styles.css HTTP/1.1" 200 2784 ROOT:f:00000004 
0:0:0:0:0:0:0:1 - anonymousUser [2021-11-02T17:17:19.326Z] "GET /css/open-iconic/font/css/open-iconic-bootstrap.min.css HTTP/1.1" 200 9395 ROOT:f:00000006 
0:0:0:0:0:0:0:1 - anonymousUser [2021-11-02T17:17:19.455Z] "GET /_framework/blazor.boot.json HTTP/1.1" 200 9865 ROOT:f:00000007 
0:0:0:0:0:0:0:1 - anonymousUser [2021-11-02T17:17:19.459Z] "GET /favicon.ico HTTP/1.1" 200 5430 ROOT:f:00000008 
0:0:0:0:0:0:0:1 - anonymousUser [2021-11-02T17:17:19.565Z] "GET /_framework/dotnet.6.0.0-rc.1.21451.13.js HTTP/1.1" 200 242123 ROOT:f:00000009 
0:0:0:0:0:0:0:1 - anonymousUser [2021-11-02T17:17:19.872Z] "GET /_framework/Microsoft.AspNetCore.Authorization.dll HTTP/1.1" 403 2207 ROOT:f:0000000c 
0:0:0:0:0:0:0:1 - anonymousUser [2021-11-02T17:17:19.876Z] "GET /_framework/Microsoft.AspNetCore.Components.dll HTTP/1.1" 403 2198 ROOT:f:0000000d 
0:0:0:0:0:0:0:1 - anonymousUser [2021-11-02T17:17:19.879Z] "GET /css/bootstrap/bootstrap.min.css.map HTTP/1.1" 403 2165 ROOT:f:0000000a 
0:0:0:0:0:0:0:1 - anonymousUser [2021-11-02T17:17:19.889Z] "GET /_framework/Microsoft.AspNetCore.Components.Web.dll HTTP/1.1" 403 2210 ROOT:f:0000000e 
0:0:0:0:0:0:0:1 - anonymousUser [2021-11-02T17:17:19.902Z] "GET /_framework/Microsoft.EntityFrameworkCore.dll HTTP/1.1" 403 2192 ROOT:f:00000011 
0:0:0:0:0:0:0:1 - anonymousUser [2021-11-02T17:17:19.908Z] "GET /_framework/Microsoft.Extensions.Caching.Abstractions.dll HTTP/1.1" 403 2228 ROOT:f:00000012 
0:0:0:0:0:0:0:1 - anonymousUser [2021-11-02T17:17:19.913Z] "GET /_framework/Microsoft.EntityFrameworkCore.Abstractions.dll HTTP/1.1" 403 2231 ROOT:f:00000013 
0:0:0:0:0:0:0:1 - anonymousUser [2021-11-02T17:17:19.917Z] "GET /_framework/Microsoft.EntityFrameworkCore.Relational.dll HTTP/1.1" 403 2225 ROOT:f:00000010 
0:0:0:0:0:0:0:1 - anonymousUser [2021-11-02T17:17:19.934Z] "GET /_framework/Microsoft.Extensions.Caching.Memory.dll HTTP/1.1" 403 2210 ROOT:f:00000014 
0:0:0:0:0:0:0:1 - anonymousUser [2021-11-02T17:17:19.944Z] "GET /_framework/Microsoft.Extensions.Configuration.Abstractions.dll HTTP/1.1" 403 2246 ROOT:f:00000015 
0:0:0:0:0:0:0:1 - anonymousUser [2021-11-02T17:17:19.963Z] "GET /_framework/Microsoft.Extensions.DependencyInjection.dll HTTP/1.1" 403 2225 ROOT:f:00000016 
0:0:0:0:0:0:0:1 - anonymousUser [2021-11-02T17:17:19.971Z] "GET /_framework/Microsoft.Extensions.DependencyInjection.Abstractions.dll HTTP/1.1" 403 2264 ROOT:f:00000017 
0:0:0:0:0:0:0:1 - anonymousUser [2021-11-02T17:17:19.984Z] "GET /_framework/Microsoft.Extensions.Logging.dll HTTP/1.1" 403 2189 ROOT:f:00000018 
0:0:0:0:0:0:0:1 - anonymousUser [2021-11-02T17:17:19.993Z] "GET /_framework/Microsoft.Extensions.Logging.Abstractions.dll HTTP/1.1" 403 2228 ROOT:f:00000019 
0:0:0:0:0:0:0:1 - anonymousUser [2021-11-02T17:17:20.005Z] "GET /_framework/Microsoft.Extensions.Configuration.dll HTTP/1.1" 403 2207 ROOT:f:0000001a 
0:0:0:0:0:0:0:1 - anonymousUser [2021-11-02T17:17:20.007Z] "GET /_framework/Microsoft.Extensions.Primitives.dll HTTP/1.1" 403 2198 ROOT:f:0000001b 
0:0:0:0:0:0:0:1 - anonymousUser [2021-11-02T17:17:20.017Z] "GET /_framework/Microsoft.Extensions.Options.dll HTTP/1.1" 403 2189 ROOT:f:0000001d 
0:0:0:0:0:0:0:1 - anonymousUser [2021-11-02T17:17:20.019Z] "GET /_framework/Microsoft.Extensions.Configuration.Json.dll HTTP/1.1" 403 2222 ROOT:f:0000001c 
0:0:0:0:0:0:0:1 - anonymousUser [2021-11-02T17:17:20.025Z] "GET /_framework/Microsoft.JSInterop.dll HTTP/1.1" 403 2162 ROOT:f:0000001e 
0:0:0:0:0:0:0:1 - anonymousUser [2021-11-02T17:17:20.031Z] "GET /_framework/EntityFrameworkCore.OpenEdge.dll HTTP/1.1" 403 2189 ROOT:f:0000000b 
0:0:0:0:0:0:0:1 - anonymousUser [2021-11-02T17:17:20.035Z] "GET /_framework/System.Interactive.Async.dll HTTP/1.1" 403 2177 ROOT:f:00000021 
0:0:0:0:0:0:0:1 - anonymousUser [2021-11-02T17:17:20.037Z] "GET /_framework/Microsoft.JSInterop.WebAssembly.dll HTTP/1.1" 403 2198 ROOT:f:0000001f 
0:0:0:0:0:0:0:1 - anonymousUser [2021-11-02T17:17:20.039Z] "GET /_framework/System.Data.Odbc.dll HTTP/1.1" 403 2153 ROOT:f:00000020 
0:0:0:0:0:0:0:1 - anonymousUser [2021-11-02T17:17:20.044Z] "GET /_framework/Remotion.Linq.dll HTTP/1.1" 403 2144 ROOT:f:00000022 
0:0:0:0:0:0:0:1 - anonymousUser [2021-11-02T17:17:20.059Z] "GET /_framework/System.IO.Pipelines.dll HTTP/1.1" 403 2162 ROOT:f:00000023 
0:0:0:0:0:0:0:1 - anonymousUser [2021-11-02T17:17:20.066Z] "GET /_framework/Progress.Messages.dll HTTP/1.1" 403 2156 ROOT:f:00000024 
0:0:0:0:0:0:0:1 - anonymousUser [2021-11-02T17:17:20.079Z] "GET /_framework/System.Collections.Concurrent.dll HTTP/1.1" 403 2192 ROOT:f:00000026 
0:0:0:0:0:0:0:1 - anonymousUser [2021-11-02T17:17:20.090Z] "GET /_framework/Progress.o4glrt.dll HTTP/1.1" 403 2150 ROOT:f:00000027 
0:0:0:0:0:0:0:1 - anonymousUser [2021-11-02T17:17:20.093Z] "GET /_framework/System.Buffers.dll HTTP/1.1" 403 2147 ROOT:f:00000025 
0:0:0:0:0:0:0:1 - anonymousUser [2021-11-02T17:17:20.098Z] "GET /_framework/sports2000.dll HTTP/1.1" 403 2135 ROOT:f:00000028 
0:0:0:0:0:0:0:1 - anonymousUser [2021-11-02T17:17:20.100Z] "GET /_framework/Microsoft.Win32.Primitives.dll HTTP/1.1" 403 2183 ROOT:f:00000029 
0:0:0:0:0:0:0:1 - anonymousUser [2021-11-02T17:17:20.147Z] "GET /_framework/Microsoft.AspNetCore.Components.WebAssembly.dll HTTP/1.1" 403 2234 ROOT:f:0000000f 
0:0:0:0:0:0:0:1 - anonymousUser [2021-11-02T17:17:20.164Z] "GET /_framework/System.ComponentModel.Primitives.dll HTTP/1.1" 403 2201 ROOT:f:0000002a 
0:0:0:0:0:0:0:1 - anonymousUser [2021-11-02T17:17:20.172Z] "GET /_framework/System.ComponentModel.TypeConverter.dll HTTP/1.1" 403 2210 ROOT:f:0000002b 
0:0:0:0:0:0:0:1 - anonymousUser [2021-11-02T17:17:20.188Z] "GET /_framework/System.ComponentModel.Annotations.dll HTTP/1.1" 403 2204 ROOT:f:0000002c 
0:0:0:0:0:0:0:1 - anonymousUser [2021-11-02T17:17:20.202Z] "GET /_framework/System.Console.dll HTTP/1.1" 403 2147 ROOT:f:0000002d 
0:0:0:0:0:0:0:1 - anonymousUser [2021-11-02T17:17:20.210Z] "GET /_framework/System.Data.Common.dll HTTP/1.1" 403 2159 ROOT:f:0000002e 
0:0:0:0:0:0:0:1 - anonymousUser [2021-11-02T17:17:20.221Z] "GET /_framework/System.Collections.dll HTTP/1.1" 403 2159 ROOT:f:0000002f 
0:0:0:0:0:0:0:1 - anonymousUser [2021-11-02T17:17:20.229Z] "GET /_framework/System.Collections.Specialized.dll HTTP/1.1" 403 2195 ROOT:f:00000030 
0:0:0:0:0:0:0:1 - anonymousUser [2021-11-02T17:17:20.234Z] "GET /_framework/System.Collections.Immutable.dll HTTP/1.1" 403 2189 ROOT:f:00000031 
0:0:0:0:0:0:0:1 - anonymousUser [2021-11-02T17:17:20.247Z] "GET /_framework/System.ComponentModel.dll HTTP/1.1" 403 2168 ROOT:f:00000032 
0:0:0:0:0:0:0:1 - anonymousUser [2021-11-02T17:17:20.253Z] "GET /_framework/System.Collections.NonGeneric.dll HTTP/1.1" 403 2192 ROOT:f:00000033 
0:0:0:0:0:0:0:1 - anonymousUser [2021-11-02T17:17:20.418Z] "GET /_framework/System.Diagnostics.Debug.dll HTTP/1.1" 403 2177 ROOT:f:00000034 
0:0:0:0:0:0:0:1 - anonymousUser [2021-11-02T17:17:20.427Z] "GET /_framework/System.Diagnostics.Process.dll HTTP/1.1" 403 2183 ROOT:f:00000036 
0:0:0:0:0:0:0:1 - anonymousUser [2021-11-02T17:17:20.430Z] "GET /_framework/System.Diagnostics.DiagnosticSource.dll HTTP/1.1" 403 2210 ROOT:f:00000035 
0:0:0:0:0:0:0:1 - anonymousUser [2021-11-02T17:17:20.435Z] "GET /_framework/System.Drawing.Primitives.dll HTTP/1.1" 403 2180 ROOT:f:00000038 
0:0:0:0:0:0:0:1 - anonymousUser [2021-11-02T17:17:20.434Z] "GET /_framework/System.Diagnostics.TraceSource.dll HTTP/1.1" 403 2195 ROOT:f:00000037 
0:0:0:0:0:0:0:1 - anonymousUser [2021-11-02T17:17:20.446Z] "GET /_framework/System.Drawing.dll HTTP/1.1" 403 2147 ROOT:f:00000039 
0:0:0:0:0:0:0:1 - anonymousUser [2021-11-02T17:17:20.457Z] "GET /_framework/System.IO.Compression.dll HTTP/1.1" 403 2168 ROOT:f:0000003a 
0:0:0:0:0:0:0:1 - anonymousUser [2021-11-02T17:17:20.469Z] "GET /_framework/System.IO.FileSystem.dll HTTP/1.1" 403 2165 ROOT:f:0000003b 
0:0:0:0:0:0:0:1 - anonymousUser [2021-11-02T17:17:20.483Z] "GET /_framework/System.Linq.Expressions.dll HTTP/1.1" 403 2174 ROOT:f:0000003c 
0:0:0:0:0:0:0:1 - anonymousUser [2021-11-02T17:17:20.489Z] "GET /_framework/System.Linq.dll HTTP/1.1" 403 2138 ROOT:f:0000003e 
0:0:0:0:0:0:0:1 - anonymousUser [2021-11-02T17:17:20.503Z] "GET /_framework/System.Linq.Queryable.dll HTTP/1.1" 403 2168 ROOT:f:0000003d 
0:0:0:0:0:0:0:1 - anonymousUser [2021-11-02T17:17:20.510Z] "GET /_framework/System.Memory.dll HTTP/1.1" 403 2144 ROOT:f:0000003f 
0:0:0:0:0:0:0:1 - anonymousUser [2021-11-02T17:17:20.514Z] "GET /_framework/System.Net.Http.Json.dll HTTP/1.1" 403 2165 ROOT:f:00000040 
0:0:0:0:0:0:0:1 - anonymousUser [2021-11-02T17:17:20.524Z] "GET /_framework/System.Net.Http.dll HTTP/1.1" 403 2150 ROOT:f:00000041 
0:0:0:0:0:0:0:1 - anonymousUser [2021-11-02T17:17:20.527Z] "GET /_framework/System.Net.NameResolution.dll HTTP/1.1" 403 2180 ROOT:f:00000042 
0:0:0:0:0:0:0:1 - anonymousUser [2021-11-02T17:17:20.539Z] "GET /_framework/System.Net.Primitives.dll HTTP/1.1" 403 2168 ROOT:f:00000043 
0:0:0:0:0:0:0:1 - anonymousUser [2021-11-02T17:17:20.550Z] "GET /_framework/System.Net.Requests.dll HTTP/1.1" 403 2162 ROOT:f:00000044 
0:0:0:0:0:0:0:1 - anonymousUser [2021-11-02T17:17:20.562Z] "GET /_framework/System.Net.Security.dll HTTP/1.1" 403 2162 ROOT:f:00000045 
0:0:0:0:0:0:0:1 - anonymousUser [2021-11-02T17:17:20.568Z] "GET /_framework/System.Net.ServicePoint.dll HTTP/1.1" 403 2174 ROOT:f:00000046 
0:0:0:0:0:0:0:1 - anonymousUser [2021-11-02T17:17:20.575Z] "GET /_framework/System.Net.Sockets.dll HTTP/1.1" 403 2159 ROOT:f:00000047 
0:0:0:0:0:0:0:1 - anonymousUser [2021-11-02T17:17:20.590Z] "GET /_framework/System.Net.WebHeaderCollection.dll HTTP/1.1" 403 2195 ROOT:f:00000048 
0:0:0:0:0:0:0:1 - anonymousUser [2021-11-02T17:17:20.599Z] "GET /_framework/System.Net.WebProxy.dll HTTP/1.1" 403 2162 ROOT:f:00000049 
0:0:0:0:0:0:0:1 - anonymousUser [2021-11-02T17:17:20.605Z] "GET /_framework/System.ObjectModel.dll HTTP/1.1" 403 2159 ROOT:f:0000004a 
0:0:0:0:0:0:0:1 - anonymousUser [2021-11-02T17:17:20.615Z] "GET /_framework/System.Private.Runtime.InteropServices.JavaScript.dll HTTP/1.1" 403 2252 ROOT:f:0000004b 
0:0:0:0:0:0:0:1 - anonymousUser [2021-11-02T17:17:20.629Z] "GET /_framework/System.Private.Uri.dll HTTP/1.1" 403 2159 ROOT:f:0000004c 
0:0:0:0:0:0:0:1 - anonymousUser [2021-11-02T17:17:20.636Z] "GET /_framework/System.Private.Xml.dll HTTP/1.1" 403 2159 ROOT:f:0000004d 
0:0:0:0:0:0:0:1 - anonymousUser [2021-11-02T17:17:20.650Z] "GET /_framework/System.Reflection.Extensions.dll HTTP/1.1" 403 2189 ROOT:f:0000004e 
0:0:0:0:0:0:0:1 - anonymousUser [2021-11-02T17:17:20.656Z] "GET /_framework/System.Resources.ResourceManager.dll HTTP/1.1" 403 2201 ROOT:f:00000050 
0:0:0:0:0:0:0:1 - anonymousUser [2021-11-02T17:17:20.658Z] "GET /_framework/System.Reflection.dll HTTP/1.1" 403 2156 ROOT:f:0000004f 
0:0:0:0:0:0:0:1 - anonymousUser [2021-11-02T17:17:20.667Z] "GET /_framework/System.Runtime.CompilerServices.Unsafe.dll HTTP/1.1" 403 2219 ROOT:f:00000051 
0:0:0:0:0:0:0:1 - anonymousUser [2021-11-02T17:17:20.676Z] "GET /_framework/System.Runtime.Extensions.dll HTTP/1.1" 403 2180 ROOT:f:00000052 
0:0:0:0:0:0:0:1 - anonymousUser [2021-11-02T17:17:20.701Z] "GET /_framework/System.Runtime.InteropServices.RuntimeInformation.dll HTTP/1.1" 403 2252 ROOT:f:00000053 
0:0:0:0:0:0:0:1 - anonymousUser [2021-11-02T17:17:20.713Z] "GET /_framework/System.Runtime.InteropServices.dll HTTP/1.1" 403 2195 ROOT:f:00000054 
0:0:0:0:0:0:0:1 - anonymousUser [2021-11-02T17:17:20.721Z] "GET /_framework/System.Runtime.Numerics.dll HTTP/1.1" 403 2174 ROOT:f:00000055 
0:0:0:0:0:0:0:1 - anonymousUser [2021-11-02T17:17:20.733Z] "GET /_framework/System.Runtime.Serialization.Formatters.dll HTTP/1.1" 403 2222 ROOT:f:00000056 
0:0:0:0:0:0:0:1 - anonymousUser [2021-11-02T17:17:20.741Z] "GET /_framework/System.Runtime.dll HTTP/1.1" 403 2147 ROOT:f:00000057 
0:0:0:0:0:0:0:1 - anonymousUser [2021-11-02T17:17:20.748Z] "GET /_framework/System.Security.Cryptography.Algorithms.dll HTTP/1.1" 403 2222 ROOT:f:00000058 
0:0:0:0:0:0:0:1 - anonymousUser [2021-11-02T17:17:20.757Z] "GET /_framework/System.Security.Cryptography.Encoding.dll HTTP/1.1" 403 2216 ROOT:f:00000059 
0:0:0:0:0:0:0:1 - anonymousUser [2021-11-02T17:17:20.764Z] "GET /_framework/System.Security.Cryptography.X509Certificates.dll HTTP/1.1" 403 2240 ROOT:f:0000005a 
0:0:0:0:0:0:0:1 - anonymousUser [2021-11-02T17:17:20.781Z] "GET /_framework/System.Text.Encodings.Web.dll HTTP/1.1" 403 2180 ROOT:f:0000005b 
0:0:0:0:0:0:0:1 - anonymousUser [2021-11-02T17:17:20.789Z] "GET /_framework/System.Text.Json.dll HTTP/1.1" 403 2153 ROOT:f:0000005c 
0:0:0:0:0:0:0:1 - anonymousUser [2021-11-02T17:17:20.801Z] "GET /_framework/System.Text.RegularExpressions.dll HTTP/1.1" 403 2195 ROOT:f:0000005d 
0:0:0:0:0:0:0:1 - anonymousUser [2021-11-02T17:17:20.818Z] "GET /_framework/System.Threading.Tasks.dll HTTP/1.1" 403 2171 ROOT:f:0000005e 
0:0:0:0:0:0:0:1 - anonymousUser [2021-11-02T17:17:20.828Z] "GET /_framework/System.Threading.Thread.dll HTTP/1.1" 403 2174 ROOT:f:0000005f 
0:0:0:0:0:0:0:1 - anonymousUser [2021-11-02T17:17:20.839Z] "GET /_framework/System.Threading.ThreadPool.dll HTTP/1.1" 403 2186 ROOT:f:00000060 
0:0:0:0:0:0:0:1 - anonymousUser [2021-11-02T17:17:20.848Z] "GET /_framework/System.Threading.Timer.dll HTTP/1.1" 403 2171 ROOT:f:00000061 
0:0:0:0:0:0:0:1 - anonymousUser [2021-11-02T17:17:20.855Z] "GET /_framework/System.Threading.dll HTTP/1.1" 403 2153 ROOT:f:00000062 
0:0:0:0:0:0:0:1 - anonymousUser [2021-11-02T17:17:20.868Z] "GET /_framework/System.Transactions.Local.dll HTTP/1.1" 403 2180 ROOT:f:00000063 
0:0:0:0:0:0:0:1 - anonymousUser [2021-11-02T17:17:20.884Z] "GET /_framework/System.dll HTTP/1.1" 403 2123 ROOT:f:00000064 
0:0:0:0:0:0:0:1 - anonymousUser [2021-11-02T17:17:20.893Z] "GET /_framework/netstandard.dll HTTP/1.1" 403 2138 ROOT:f:00000065 
0:0:0:0:0:0:0:1 - anonymousUser [2021-11-02T17:17:20.989Z] "GET /_framework/System.Private.CoreLib.dll HTTP/1.1" 403 2171 ROOT:f:00000066 
0:0:0:0:0:0:0:1 - anonymousUser [2021-11-02T17:17:20.995Z] "GET /_framework/dotnet.wasm HTTP/1.1" 403 2126 ROOT:f:00000067 
0:0:0:0:0:0:0:1 - anonymousUser [2021-11-02T17:17:21.045Z] "GET /_framework/dotnet.timezones.blat HTTP/1.1" 403 2156 ROOT:f:00000068 
0:0:0:0:0:0:0:1 - anonymousUser [2021-11-02T17:17:21.049Z] "GET /_framework/icudt_EFIGS.dat HTTP/1.1" 403 2138 ROOT:f:00000069 
127.0.0.1 - - [2021-11-02T17:17:24.195Z] "GET /manager/text/list HTTP/1.1" 200 - - 
