2021-11-02T17:17:19.579Z sports2000 ROOT:f:0000000a denied anonymousUser [/css/bootstrap/bootstrap.min.css.map] [denyAll()] - Access is denied
2021-11-02T17:17:19.586Z sports2000 ROOT:f:0000000b denied anonymousUser [/_framework/EntityFrameworkCore.OpenEdge.dll] [denyAll()] - Access is denied
2021-11-02T17:17:19.593Z sports2000 ROOT:f:0000000c denied anonymousUser [/_framework/Microsoft.AspNetCore.Authorization.dll] [denyAll()] - Access is denied
2021-11-02T17:17:19.611Z sports2000 ROOT:f:0000000d denied anonymousUser [/_framework/Microsoft.AspNetCore.Components.dll] [denyAll()] - Access is denied
2021-11-02T17:17:19.646Z sports2000 ROOT:f:0000000e denied anonymousUser [/_framework/Microsoft.AspNetCore.Components.Web.dll] [denyAll()] - Access is denied
2021-11-02T17:17:19.649Z sports2000 ROOT:f:0000000f denied anonymousUser [/_framework/Microsoft.AspNetCore.Components.WebAssembly.dll] [denyAll()] - Access is denied
2021-11-02T17:17:19.896Z sports2000 ROOT:f:00000010 denied anonymousUser [/_framework/Microsoft.EntityFrameworkCore.Relational.dll] [denyAll()] - Access is denied
2021-11-02T17:17:19.899Z sports2000 ROOT:f:00000011 denied anonymousUser [/_framework/Microsoft.EntityFrameworkCore.dll] [denyAll()] - Access is denied
2021-11-02T17:17:19.905Z sports2000 ROOT:f:00000012 denied anonymousUser [/_framework/Microsoft.Extensions.Caching.Abstractions.dll] [denyAll()] - Access is denied
2021-11-02T17:17:19.910Z sports2000 ROOT:f:00000013 denied anonymousUser [/_framework/Microsoft.EntityFrameworkCore.Abstractions.dll] [denyAll()] - Access is denied
2021-11-02T17:17:19.930Z sports2000 ROOT:f:00000014 denied anonymousUser [/_framework/Microsoft.Extensions.Caching.Memory.dll] [denyAll()] - Access is denied
2021-11-02T17:17:19.939Z sports2000 ROOT:f:00000015 denied anonymousUser [/_framework/Microsoft.Extensions.Configuration.Abstractions.dll] [denyAll()] - Access is denied
2021-11-02T17:17:19.959Z sports2000 ROOT:f:00000016 denied anonymousUser [/_framework/Microsoft.Extensions.DependencyInjection.dll] [denyAll()] - Access is denied
2021-11-02T17:17:19.966Z sports2000 ROOT:f:00000017 denied anonymousUser [/_framework/Microsoft.Extensions.DependencyInjection.Abstractions.dll] [denyAll()] - Access is denied
2021-11-02T17:17:19.980Z sports2000 ROOT:f:00000018 denied anonymousUser [/_framework/Microsoft.Extensions.Logging.dll] [denyAll()] - Access is denied
2021-11-02T17:17:19.989Z sports2000 ROOT:f:00000019 denied anonymousUser [/_framework/Microsoft.Extensions.Logging.Abstractions.dll] [denyAll()] - Access is denied
2021-11-02T17:17:20.002Z sports2000 ROOT:f:0000001a denied anonymousUser [/_framework/Microsoft.Extensions.Configuration.dll] [denyAll()] - Access is denied
2021-11-02T17:17:20.004Z sports2000 ROOT:f:0000001b denied anonymousUser [/_framework/Microsoft.Extensions.Primitives.dll] [denyAll()] - Access is denied
2021-11-02T17:17:20.006Z sports2000 ROOT:f:0000001c denied anonymousUser [/_framework/Microsoft.Extensions.Configuration.Json.dll] [denyAll()] - Access is denied
2021-11-02T17:17:20.012Z sports2000 ROOT:f:0000001d denied anonymousUser [/_framework/Microsoft.Extensions.Options.dll] [denyAll()] - Access is denied
2021-11-02T17:17:20.017Z sports2000 ROOT:f:0000001e denied anonymousUser [/_framework/Microsoft.JSInterop.dll] [denyAll()] - Access is denied
2021-11-02T17:17:20.027Z sports2000 ROOT:f:00000020 denied anonymousUser [/_framework/System.Data.Odbc.dll] [denyAll()] - Access is denied
2021-11-02T17:17:20.020Z sports2000 ROOT:f:0000001f denied anonymousUser [/_framework/Microsoft.JSInterop.WebAssembly.dll] [denyAll()] - Access is denied
2021-11-02T17:17:20.033Z sports2000 ROOT:f:00000021 denied anonymousUser [/_framework/System.Interactive.Async.dll] [denyAll()] - Access is denied
2021-11-02T17:17:20.041Z sports2000 ROOT:f:00000022 denied anonymousUser [/_framework/Remotion.Linq.dll] [denyAll()] - Access is denied
2021-11-02T17:17:20.051Z sports2000 ROOT:f:00000023 denied anonymousUser [/_framework/System.IO.Pipelines.dll] [denyAll()] - Access is denied
2021-11-02T17:17:20.057Z sports2000 ROOT:f:00000024 denied anonymousUser [/_framework/Progress.Messages.dll] [denyAll()] - Access is denied
2021-11-02T17:17:20.074Z sports2000 ROOT:f:00000026 denied anonymousUser [/_framework/System.Collections.Concurrent.dll] [denyAll()] - Access is denied
2021-11-02T17:17:20.083Z sports2000 ROOT:f:00000027 denied anonymousUser [/_framework/Progress.o4glrt.dll] [denyAll()] - Access is denied
2021-11-02T17:17:20.087Z sports2000 ROOT:f:00000025 denied anonymousUser [/_framework/System.Buffers.dll] [denyAll()] - Access is denied
2021-11-02T17:17:20.092Z sports2000 ROOT:f:00000028 denied anonymousUser [/_framework/sports2000.dll] [denyAll()] - Access is denied
2021-11-02T17:17:20.095Z sports2000 ROOT:f:00000029 denied anonymousUser [/_framework/Microsoft.Win32.Primitives.dll] [denyAll()] - Access is denied
2021-11-02T17:17:20.158Z sports2000 ROOT:f:0000002a denied anonymousUser [/_framework/System.ComponentModel.Primitives.dll] [denyAll()] - Access is denied
2021-11-02T17:17:20.168Z sports2000 ROOT:f:0000002b denied anonymousUser [/_framework/System.ComponentModel.TypeConverter.dll] [denyAll()] - Access is denied
2021-11-02T17:17:20.179Z sports2000 ROOT:f:0000002c denied anonymousUser [/_framework/System.ComponentModel.Annotations.dll] [denyAll()] - Access is denied
2021-11-02T17:17:20.192Z sports2000 ROOT:f:0000002d denied anonymousUser [/_framework/System.Console.dll] [denyAll()] - Access is denied
2021-11-02T17:17:20.204Z sports2000 ROOT:f:0000002e denied anonymousUser [/_framework/System.Data.Common.dll] [denyAll()] - Access is denied
2021-11-02T17:17:20.217Z sports2000 ROOT:f:0000002f denied anonymousUser [/_framework/System.Collections.dll] [denyAll()] - Access is denied
2021-11-02T17:17:20.225Z sports2000 ROOT:f:00000030 denied anonymousUser [/_framework/System.Collections.Specialized.dll] [denyAll()] - Access is denied
2021-11-02T17:17:20.231Z sports2000 ROOT:f:00000031 denied anonymousUser [/_framework/System.Collections.Immutable.dll] [denyAll()] - Access is denied
2021-11-02T17:17:20.241Z sports2000 ROOT:f:00000032 denied anonymousUser [/_framework/System.ComponentModel.dll] [denyAll()] - Access is denied
2021-11-02T17:17:20.250Z sports2000 ROOT:f:00000033 denied anonymousUser [/_framework/System.Collections.NonGeneric.dll] [denyAll()] - Access is denied
2021-11-02T17:17:20.411Z sports2000 ROOT:f:00000034 denied anonymousUser [/_framework/System.Diagnostics.Debug.dll] [denyAll()] - Access is denied
2021-11-02T17:17:20.424Z sports2000 ROOT:f:00000036 denied anonymousUser [/_framework/System.Diagnostics.Process.dll] [denyAll()] - Access is denied
2021-11-02T17:17:20.426Z sports2000 ROOT:f:00000035 denied anonymousUser [/_framework/System.Diagnostics.DiagnosticSource.dll] [denyAll()] - Access is denied
2021-11-02T17:17:20.431Z sports2000 ROOT:f:00000037 denied anonymousUser [/_framework/System.Diagnostics.TraceSource.dll] [denyAll()] - Access is denied
2021-11-02T17:17:20.432Z sports2000 ROOT:f:00000038 denied anonymousUser [/_framework/System.Drawing.Primitives.dll] [denyAll()] - Access is denied
2021-11-02T17:17:20.440Z sports2000 ROOT:f:00000039 denied anonymousUser [/_framework/System.Drawing.dll] [denyAll()] - Access is denied
2021-11-02T17:17:20.454Z sports2000 ROOT:f:0000003a denied anonymousUser [/_framework/System.IO.Compression.dll] [denyAll()] - Access is denied
2021-11-02T17:17:20.463Z sports2000 ROOT:f:0000003b denied anonymousUser [/_framework/System.IO.FileSystem.dll] [denyAll()] - Access is denied
2021-11-02T17:17:20.478Z sports2000 ROOT:f:0000003c denied anonymousUser [/_framework/System.Linq.Expressions.dll] [denyAll()] - Access is denied
2021-11-02T17:17:20.484Z sports2000 ROOT:f:0000003e denied anonymousUser [/_framework/System.Linq.dll] [denyAll()] - Access is denied
2021-11-02T17:17:20.478Z sports2000 ROOT:f:0000003d denied anonymousUser [/_framework/System.Linq.Queryable.dll] [denyAll()] - Access is denied
2021-11-02T17:17:20.507Z sports2000 ROOT:f:0000003f denied anonymousUser [/_framework/System.Memory.dll] [denyAll()] - Access is denied
2021-11-02T17:17:20.507Z sports2000 ROOT:f:00000040 denied anonymousUser [/_framework/System.Net.Http.Json.dll] [denyAll()] - Access is denied
2021-11-02T17:17:20.520Z sports2000 ROOT:f:00000041 denied anonymousUser [/_framework/System.Net.Http.dll] [denyAll()] - Access is denied
2021-11-02T17:17:20.523Z sports2000 ROOT:f:00000042 denied anonymousUser [/_framework/System.Net.NameResolution.dll] [denyAll()] - Access is denied
2021-11-02T17:17:20.533Z sports2000 ROOT:f:00000043 denied anonymousUser [/_framework/System.Net.Primitives.dll] [denyAll()] - Access is denied
2021-11-02T17:17:20.545Z sports2000 ROOT:f:00000044 denied anonymousUser [/_framework/System.Net.Requests.dll] [denyAll()] - Access is denied
2021-11-02T17:17:20.558Z sports2000 ROOT:f:00000045 denied anonymousUser [/_framework/System.Net.Security.dll] [denyAll()] - Access is denied
2021-11-02T17:17:20.566Z sports2000 ROOT:f:00000046 denied anonymousUser [/_framework/System.Net.ServicePoint.dll] [denyAll()] - Access is denied
2021-11-02T17:17:20.571Z sports2000 ROOT:f:00000047 denied anonymousUser [/_framework/System.Net.Sockets.dll] [denyAll()] - Access is denied
2021-11-02T17:17:20.586Z sports2000 ROOT:f:00000048 denied anonymousUser [/_framework/System.Net.WebHeaderCollection.dll] [denyAll()] - Access is denied
2021-11-02T17:17:20.593Z sports2000 ROOT:f:00000049 denied anonymousUser [/_framework/System.Net.WebProxy.dll] [denyAll()] - Access is denied
2021-11-02T17:17:20.602Z sports2000 ROOT:f:0000004a denied anonymousUser [/_framework/System.ObjectModel.dll] [denyAll()] - Access is denied
2021-11-02T17:17:20.611Z sports2000 ROOT:f:0000004b denied anonymousUser [/_framework/System.Private.Runtime.InteropServices.JavaScript.dll] [denyAll()] - Access is denied
2021-11-02T17:17:20.625Z sports2000 ROOT:f:0000004c denied anonymousUser [/_framework/System.Private.Uri.dll] [denyAll()] - Access is denied
2021-11-02T17:17:20.633Z sports2000 ROOT:f:0000004d denied anonymousUser [/_framework/System.Private.Xml.dll] [denyAll()] - Access is denied
2021-11-02T17:17:20.647Z sports2000 ROOT:f:0000004e denied anonymousUser [/_framework/System.Reflection.Extensions.dll] [denyAll()] - Access is denied
2021-11-02T17:17:20.654Z sports2000 ROOT:f:00000050 denied anonymousUser [/_framework/System.Resources.ResourceManager.dll] [denyAll()] - Access is denied
2021-11-02T17:17:20.655Z sports2000 ROOT:f:0000004f denied anonymousUser [/_framework/System.Reflection.dll] [denyAll()] - Access is denied
2021-11-02T17:17:20.661Z sports2000 ROOT:f:00000051 denied anonymousUser [/_framework/System.Runtime.CompilerServices.Unsafe.dll] [denyAll()] - Access is denied
2021-11-02T17:17:20.674Z sports2000 ROOT:f:00000052 denied anonymousUser [/_framework/System.Runtime.Extensions.dll] [denyAll()] - Access is denied
2021-11-02T17:17:20.696Z sports2000 ROOT:f:00000053 denied anonymousUser [/_framework/System.Runtime.InteropServices.RuntimeInformation.dll] [denyAll()] - Access is denied
2021-11-02T17:17:20.697Z sports2000 ROOT:f:00000054 denied anonymousUser [/_framework/System.Runtime.InteropServices.dll] [denyAll()] - Access is denied
2021-11-02T17:17:20.718Z sports2000 ROOT:f:00000055 denied anonymousUser [/_framework/System.Runtime.Numerics.dll] [denyAll()] - Access is denied
2021-11-02T17:17:20.729Z sports2000 ROOT:f:00000056 denied anonymousUser [/_framework/System.Runtime.Serialization.Formatters.dll] [denyAll()] - Access is denied
2021-11-02T17:17:20.737Z sports2000 ROOT:f:00000057 denied anonymousUser [/_framework/System.Runtime.dll] [denyAll()] - Access is denied
2021-11-02T17:17:20.745Z sports2000 ROOT:f:00000058 denied anonymousUser [/_framework/System.Security.Cryptography.Algorithms.dll] [denyAll()] - Access is denied
2021-11-02T17:17:20.752Z sports2000 ROOT:f:00000059 denied anonymousUser [/_framework/System.Security.Cryptography.Encoding.dll] [denyAll()] - Access is denied
2021-11-02T17:17:20.762Z sports2000 ROOT:f:0000005a denied anonymousUser [/_framework/System.Security.Cryptography.X509Certificates.dll] [denyAll()] - Access is denied
2021-11-02T17:17:20.778Z sports2000 ROOT:f:0000005b denied anonymousUser [/_framework/System.Text.Encodings.Web.dll] [denyAll()] - Access is denied
2021-11-02T17:17:20.786Z sports2000 ROOT:f:0000005c denied anonymousUser [/_framework/System.Text.Json.dll] [denyAll()] - Access is denied
2021-11-02T17:17:20.797Z sports2000 ROOT:f:0000005d denied anonymousUser [/_framework/System.Text.RegularExpressions.dll] [denyAll()] - Access is denied
2021-11-02T17:17:20.812Z sports2000 ROOT:f:0000005e denied anonymousUser [/_framework/System.Threading.Tasks.dll] [denyAll()] - Access is denied
2021-11-02T17:17:20.823Z sports2000 ROOT:f:0000005f denied anonymousUser [/_framework/System.Threading.Thread.dll] [denyAll()] - Access is denied
2021-11-02T17:17:20.835Z sports2000 ROOT:f:00000060 denied anonymousUser [/_framework/System.Threading.ThreadPool.dll] [denyAll()] - Access is denied
2021-11-02T17:17:20.845Z sports2000 ROOT:f:00000061 denied anonymousUser [/_framework/System.Threading.Timer.dll] [denyAll()] - Access is denied
2021-11-02T17:17:20.852Z sports2000 ROOT:f:00000062 denied anonymousUser [/_framework/System.Threading.dll] [denyAll()] - Access is denied
2021-11-02T17:17:20.864Z sports2000 ROOT:f:00000063 denied anonymousUser [/_framework/System.Transactions.Local.dll] [denyAll()] - Access is denied
2021-11-02T17:17:20.880Z sports2000 ROOT:f:00000064 denied anonymousUser [/_framework/System.dll] [denyAll()] - Access is denied
2021-11-02T17:17:20.890Z sports2000 ROOT:f:00000065 denied anonymousUser [/_framework/netstandard.dll] [denyAll()] - Access is denied
2021-11-02T17:17:20.986Z sports2000 ROOT:f:00000066 denied anonymousUser [/_framework/System.Private.CoreLib.dll] [denyAll()] - Access is denied
2021-11-02T17:17:20.991Z sports2000 ROOT:f:00000067 denied anonymousUser [/_framework/dotnet.wasm] [denyAll()] - Access is denied
2021-11-02T17:17:21.042Z sports2000 ROOT:f:00000068 denied anonymousUser [/_framework/dotnet.timezones.blat] [denyAll()] - Access is denied
2021-11-02T17:17:21.043Z sports2000 ROOT:f:00000069 denied anonymousUser [/_framework/icudt_EFIGS.dat] [denyAll()] - Access is denied
