2021-11-02T17:21:06.313Z INFO  [main] org.apache.coyote.AbstractProtocol.init - Initializing ProtocolHandler ["http-nio-8080"]
2021-11-02T17:21:06.394Z INFO  [main] org.apache.coyote.AbstractProtocol.init - Initializing ProtocolHandler ["https-jsse-nio-8443"]
2021-11-02T17:21:06.397Z INFO  [main] org.apache.catalina.startup.Catalina.load - Server initialization in [1650] milliseconds
2021-11-02T17:21:06.400Z INFO  [main] c.p.a.s.l.OeLifecycleListener.runStartupScripts - Running startup scripts
2021-11-02T17:21:06.525Z INFO  [main] o.a.catalina.core.StandardService.startInternal - Starting service [Catalina]
2021-11-02T17:21:06.533Z INFO  [main] o.a.catalina.core.StandardEngine.startInternal - Starting Servlet engine: [Apache Tomcat/9.0.45]
2021-11-02T17:21:07.372Z INFO  [Catalina-utility-1] o.apache.catalina.startup.HostConfig.deployWAR - Deploying web application archive [C:\WorkDir\sports2000\OpenEdge\PAS\webapps\manager.war]
2021-11-02T17:21:08.799Z INFO  [Catalina-utility-1] o.apache.catalina.startup.HostConfig.deployWAR - Deployment of web application archive [C:\WorkDir\sports2000\OpenEdge\PAS\webapps\manager.war] has finished in [1,426] ms
2021-11-02T17:21:08.933Z INFO  [Catalina-utility-1] o.apache.catalina.startup.HostConfig.deployWAR - Deploying web application archive [C:\WorkDir\sports2000\OpenEdge\PAS\webapps\oedbg.war]
2021-11-02T17:21:09.667Z INFO  [Catalina-utility-1] o.apache.catalina.startup.HostConfig.deployWAR - Deployment of web application archive [C:\WorkDir\sports2000\OpenEdge\PAS\webapps\oedbg.war] has finished in [734] ms
2021-11-02T17:21:09.671Z INFO  [Catalina-utility-1] o.apache.catalina.startup.HostConfig.deployWAR - Deploying web application archive [C:\WorkDir\sports2000\OpenEdge\PAS\webapps\oemanager.war]
2021-11-02T17:21:19.665Z INFO  [Catalina-utility-1] o.apache.catalina.startup.HostConfig.deployWAR - Deployment of web application archive [C:\WorkDir\sports2000\OpenEdge\PAS\webapps\oemanager.war] has finished in [9,993] ms
2021-11-02T17:21:19.680Z INFO  [Catalina-utility-1] o.apache.catalina.startup.HostConfig.deployWAR - Deploying web application archive [C:\WorkDir\sports2000\OpenEdge\PAS\webapps\restWeb.war]
2021-11-02T17:21:32.239Z INFO  [Catalina-utility-1] o.apache.catalina.startup.HostConfig.deployWAR - Deployment of web application archive [C:\WorkDir\sports2000\OpenEdge\PAS\webapps\restWeb.war] has finished in [12,559] ms
2021-11-02T17:21:32.244Z INFO  [Catalina-utility-1] o.apache.catalina.startup.HostConfig.deployDirectory - Deploying web application directory [C:\WorkDir\sports2000\OpenEdge\PAS\webapps\ROOT]
2021-11-02T17:21:35.571Z INFO  [Catalina-utility-1] o.apache.catalina.startup.HostConfig.deployDirectory - Deployment of web application directory [C:\WorkDir\sports2000\OpenEdge\PAS\webapps\ROOT] has finished in [3,327] ms
2021-11-02T17:21:35.586Z INFO  [main] org.apache.coyote.AbstractProtocol.start - Starting ProtocolHandler ["http-nio-8080"]
2021-11-02T17:21:35.617Z INFO  [main] org.apache.coyote.AbstractProtocol.start - Starting ProtocolHandler ["https-jsse-nio-8443"]
2021-11-02T17:21:36.166Z INFO  [main] c.p.a.s.l.OeLifecycleListener.runStartedScripts - Running started scripts
2021-11-02T17:21:36.170Z INFO  [main] c.p.a.s.l.OeLifecycleListener.startHealthCollector - Health collector disabled
2021-11-02T17:21:36.207Z INFO  [main] org.apache.catalina.startup.Catalina.start - Server startup in [29808] milliseconds
2021-11-02T17:26:08.936Z INFO  [main] o.a.catalina.core.StandardServer.await - A valid shutdown command was received via the shutdown port. Stopping the Server instance.
2021-11-02T17:26:08.938Z INFO  [main] c.p.a.s.l.OeLifecycleListener.runStoppingScripts - Running stopping scripts
2021-11-02T17:26:09.004Z INFO  [main] org.apache.coyote.AbstractProtocol.pause - Pausing ProtocolHandler ["http-nio-8080"]
2021-11-02T17:26:09.005Z INFO  [main] org.apache.coyote.AbstractProtocol.pause - Pausing ProtocolHandler ["https-jsse-nio-8443"]
2021-11-02T17:26:09.006Z INFO  [main] o.a.catalina.core.StandardService.stopInternal - Stopping service [Catalina]
2021-11-02T17:26:09.356Z WARN  [Catalina-utility-2] o.a.c.loader.WebappClassLoaderBase.clearReferencesThreads - The web application [restWeb] appears to have started a thread named [PropertyFileMonitor] but has failed to stop it. This is very likely to create a memory leak. Stack trace of thread:
 java.base@11.0.4/java.lang.Thread.sleep(Native Method)
 com.progress.appserv.services.properties.ubimpl.ubWatchDog.run(ubWatchDog.java:122)
2021-11-02T17:26:09.357Z WARN  [Catalina-utility-2] o.a.c.loader.WebappClassLoaderBase.clearReferencesThreads - The web application [restWeb] appears to have started a thread named [PropertyFileMonitor] but has failed to stop it. This is very likely to create a memory leak. Stack trace of thread:
 java.base@11.0.4/java.lang.Thread.sleep(Native Method)
 com.progress.appserv.services.properties.ubimpl.ubWatchDog.run(ubWatchDog.java:122)
2021-11-02T17:26:09.358Z WARN  [Catalina-utility-2] o.a.c.loader.WebappClassLoaderBase.clearReferencesThreads - The web application [restWeb] appears to have started a thread named [na_RSYwsQJqRoVXTjEjfUg-agent-watchdog] but has failed to stop it. This is very likely to create a memory leak. Stack trace of thread:
 java.base@11.0.4/sun.nio.ch.WindowsSelectorImpl$SubSelector.poll0(Native Method)
 java.base@11.0.4/sun.nio.ch.WindowsSelectorImpl$SubSelector.poll(WindowsSelectorImpl.java:339)
 java.base@11.0.4/sun.nio.ch.WindowsSelectorImpl.doSelect(WindowsSelectorImpl.java:167)
 java.base@11.0.4/sun.nio.ch.SelectorImpl.lockAndDoSelect(SelectorImpl.java:124)
 java.base@11.0.4/sun.nio.ch.SelectorImpl.select(SelectorImpl.java:136)
 com.progress.appserv.broker.agent.TcpAgentPool$AgentPoolWatchdog.run(TcpAgentPool.java:2933)
2021-11-02T17:26:09.360Z WARN  [Catalina-utility-2] o.a.c.loader.WebappClassLoaderBase.clearReferencesThreads - The web application [restWeb] appears to have started a thread named [na_RSYwsQJqRoVXTjEjfUg-starter-0] but has failed to stop it. This is very likely to create a memory leak. Stack trace of thread:
 java.base@11.0.4/jdk.internal.misc.Unsafe.park(Native Method)
 java.base@11.0.4/java.util.concurrent.locks.LockSupport.park(LockSupport.java:194)
 java.base@11.0.4/java.util.concurrent.locks.AbstractQueuedSynchronizer$ConditionObject.await(AbstractQueuedSynchronizer.java:2081)
 java.base@11.0.4/java.util.concurrent.LinkedBlockingQueue.take(LinkedBlockingQueue.java:433)
 java.base@11.0.4/java.util.concurrent.ThreadPoolExecutor.getTask(ThreadPoolExecutor.java:1054)
 java.base@11.0.4/java.util.concurrent.ThreadPoolExecutor.runWorker(ThreadPoolExecutor.java:1114)
 java.base@11.0.4/java.util.concurrent.ThreadPoolExecutor$Worker.run(ThreadPoolExecutor.java:628)
 java.base@11.0.4/java.lang.Thread.run(Thread.java:834)
2021-11-02T17:26:09.565Z WARN  [Catalina-utility-2] o.a.c.loader.WebappClassLoaderBase.clearReferencesThreads - The web application [oedbg] appears to have started a thread named [logback-1] but has failed to stop it. This is very likely to create a memory leak. Stack trace of thread:
 java.base@11.0.4/jdk.internal.misc.Unsafe.park(Native Method)
 java.base@11.0.4/java.util.concurrent.locks.LockSupport.park(LockSupport.java:194)
 java.base@11.0.4/java.util.concurrent.locks.AbstractQueuedSynchronizer$ConditionObject.await(AbstractQueuedSynchronizer.java:2081)
 java.base@11.0.4/java.util.concurrent.ScheduledThreadPoolExecutor$DelayedWorkQueue.take(ScheduledThreadPoolExecutor.java:1177)
 java.base@11.0.4/java.util.concurrent.ScheduledThreadPoolExecutor$DelayedWorkQueue.take(ScheduledThreadPoolExecutor.java:899)
 java.base@11.0.4/java.util.concurrent.ThreadPoolExecutor.getTask(ThreadPoolExecutor.java:1054)
 java.base@11.0.4/java.util.concurrent.ThreadPoolExecutor.runWorker(ThreadPoolExecutor.java:1114)
 java.base@11.0.4/java.util.concurrent.ThreadPoolExecutor$Worker.run(ThreadPoolExecutor.java:628)
 java.base@11.0.4/java.lang.Thread.run(Thread.java:834)
2021-11-02T17:26:09.566Z WARN  [Catalina-utility-2] o.a.c.loader.WebappClassLoaderBase.clearReferencesThreads - The web application [oedbg] appears to have started a thread named [logback-2] but has failed to stop it. This is very likely to create a memory leak. Stack trace of thread:
 java.base@11.0.4/jdk.internal.misc.Unsafe.park(Native Method)
 java.base@11.0.4/java.util.concurrent.locks.LockSupport.parkNanos(LockSupport.java:234)
 java.base@11.0.4/java.util.concurrent.locks.AbstractQueuedSynchronizer$ConditionObject.awaitNanos(AbstractQueuedSynchronizer.java:2123)
 java.base@11.0.4/java.util.concurrent.ScheduledThreadPoolExecutor$DelayedWorkQueue.take(ScheduledThreadPoolExecutor.java:1182)
 java.base@11.0.4/java.util.concurrent.ScheduledThreadPoolExecutor$DelayedWorkQueue.take(ScheduledThreadPoolExecutor.java:899)
 java.base@11.0.4/java.util.concurrent.ThreadPoolExecutor.getTask(ThreadPoolExecutor.java:1054)
 java.base@11.0.4/java.util.concurrent.ThreadPoolExecutor.runWorker(ThreadPoolExecutor.java:1114)
 java.base@11.0.4/java.util.concurrent.ThreadPoolExecutor$Worker.run(ThreadPoolExecutor.java:628)
 java.base@11.0.4/java.lang.Thread.run(Thread.java:834)
2021-11-02T17:26:09.567Z WARN  [Catalina-utility-2] o.a.c.loader.WebappClassLoaderBase.clearReferencesThreads - The web application [oedbg] appears to have started a thread named [logback-3] but has failed to stop it. This is very likely to create a memory leak. Stack trace of thread:
 java.base@11.0.4/jdk.internal.misc.Unsafe.park(Native Method)
 java.base@11.0.4/java.util.concurrent.locks.LockSupport.park(LockSupport.java:194)
 java.base@11.0.4/java.util.concurrent.locks.AbstractQueuedSynchronizer$ConditionObject.await(AbstractQueuedSynchronizer.java:2081)
 java.base@11.0.4/java.util.concurrent.ScheduledThreadPoolExecutor$DelayedWorkQueue.take(ScheduledThreadPoolExecutor.java:1177)
 java.base@11.0.4/java.util.concurrent.ScheduledThreadPoolExecutor$DelayedWorkQueue.take(ScheduledThreadPoolExecutor.java:899)
 java.base@11.0.4/java.util.concurrent.ThreadPoolExecutor.getTask(ThreadPoolExecutor.java:1054)
 java.base@11.0.4/java.util.concurrent.ThreadPoolExecutor.runWorker(ThreadPoolExecutor.java:1114)
 java.base@11.0.4/java.util.concurrent.ThreadPoolExecutor$Worker.run(ThreadPoolExecutor.java:628)
 java.base@11.0.4/java.lang.Thread.run(Thread.java:834)
2021-11-02T17:26:09.568Z WARN  [Catalina-utility-2] o.a.c.loader.WebappClassLoaderBase.clearReferencesThreads - The web application [oedbg] appears to have started a thread named [logback-4] but has failed to stop it. This is very likely to create a memory leak. Stack trace of thread:
 java.base@11.0.4/jdk.internal.misc.Unsafe.park(Native Method)
 java.base@11.0.4/java.util.concurrent.locks.LockSupport.park(LockSupport.java:194)
 java.base@11.0.4/java.util.concurrent.locks.AbstractQueuedSynchronizer$ConditionObject.await(AbstractQueuedSynchronizer.java:2081)
 java.base@11.0.4/java.util.concurrent.ScheduledThreadPoolExecutor$DelayedWorkQueue.take(ScheduledThreadPoolExecutor.java:1177)
 java.base@11.0.4/java.util.concurrent.ScheduledThreadPoolExecutor$DelayedWorkQueue.take(ScheduledThreadPoolExecutor.java:899)
 java.base@11.0.4/java.util.concurrent.ThreadPoolExecutor.getTask(ThreadPoolExecutor.java:1054)
 java.base@11.0.4/java.util.concurrent.ThreadPoolExecutor.runWorker(ThreadPoolExecutor.java:1114)
 java.base@11.0.4/java.util.concurrent.ThreadPoolExecutor$Worker.run(ThreadPoolExecutor.java:628)
 java.base@11.0.4/java.lang.Thread.run(Thread.java:834)
2021-11-02T17:26:09.593Z WARN  [Catalina-utility-2] o.a.c.loader.WebappClassLoaderBase.clearReferencesThreads - The web application [oedbg] appears to have started a thread named [logback-5] but has failed to stop it. This is very likely to create a memory leak. Stack trace of thread:
 java.base@11.0.4/jdk.internal.misc.Unsafe.park(Native Method)
 java.base@11.0.4/java.util.concurrent.locks.LockSupport.park(LockSupport.java:194)
 java.base@11.0.4/java.util.concurrent.locks.AbstractQueuedSynchronizer$ConditionObject.await(AbstractQueuedSynchronizer.java:2081)
 java.base@11.0.4/java.util.concurrent.ScheduledThreadPoolExecutor$DelayedWorkQueue.take(ScheduledThreadPoolExecutor.java:1177)
 java.base@11.0.4/java.util.concurrent.ScheduledThreadPoolExecutor$DelayedWorkQueue.take(ScheduledThreadPoolExecutor.java:899)
 java.base@11.0.4/java.util.concurrent.ThreadPoolExecutor.getTask(ThreadPoolExecutor.java:1054)
 java.base@11.0.4/java.util.concurrent.ThreadPoolExecutor.runWorker(ThreadPoolExecutor.java:1114)
 java.base@11.0.4/java.util.concurrent.ThreadPoolExecutor$Worker.run(ThreadPoolExecutor.java:628)
 java.base@11.0.4/java.lang.Thread.run(Thread.java:834)
2021-11-02T17:26:09.594Z WARN  [Catalina-utility-2] o.a.c.loader.WebappClassLoaderBase.clearReferencesThreads - The web application [oedbg] appears to have started a thread named [logback-6] but has failed to stop it. This is very likely to create a memory leak. Stack trace of thread:
 java.base@11.0.4/jdk.internal.misc.Unsafe.park(Native Method)
 java.base@11.0.4/java.util.concurrent.locks.LockSupport.park(LockSupport.java:194)
 java.base@11.0.4/java.util.concurrent.locks.AbstractQueuedSynchronizer$ConditionObject.await(AbstractQueuedSynchronizer.java:2081)
 java.base@11.0.4/java.util.concurrent.ScheduledThreadPoolExecutor$DelayedWorkQueue.take(ScheduledThreadPoolExecutor.java:1177)
 java.base@11.0.4/java.util.concurrent.ScheduledThreadPoolExecutor$DelayedWorkQueue.take(ScheduledThreadPoolExecutor.java:899)
 java.base@11.0.4/java.util.concurrent.ThreadPoolExecutor.getTask(ThreadPoolExecutor.java:1054)
 java.base@11.0.4/java.util.concurrent.ThreadPoolExecutor.runWorker(ThreadPoolExecutor.java:1114)
 java.base@11.0.4/java.util.concurrent.ThreadPoolExecutor$Worker.run(ThreadPoolExecutor.java:628)
 java.base@11.0.4/java.lang.Thread.run(Thread.java:834)
2021-11-02T17:26:09.595Z WARN  [Catalina-utility-2] o.a.c.loader.WebappClassLoaderBase.clearReferencesThreads - The web application [oedbg] appears to have started a thread named [logback-7] but has failed to stop it. This is very likely to create a memory leak. Stack trace of thread:
 java.base@11.0.4/jdk.internal.misc.Unsafe.park(Native Method)
 java.base@11.0.4/java.util.concurrent.locks.LockSupport.park(LockSupport.java:194)
 java.base@11.0.4/java.util.concurrent.locks.AbstractQueuedSynchronizer$ConditionObject.await(AbstractQueuedSynchronizer.java:2081)
 java.base@11.0.4/java.util.concurrent.ScheduledThreadPoolExecutor$DelayedWorkQueue.take(ScheduledThreadPoolExecutor.java:1177)
 java.base@11.0.4/java.util.concurrent.ScheduledThreadPoolExecutor$DelayedWorkQueue.take(ScheduledThreadPoolExecutor.java:899)
 java.base@11.0.4/java.util.concurrent.ThreadPoolExecutor.getTask(ThreadPoolExecutor.java:1054)
 java.base@11.0.4/java.util.concurrent.ThreadPoolExecutor.runWorker(ThreadPoolExecutor.java:1114)
 java.base@11.0.4/java.util.concurrent.ThreadPoolExecutor$Worker.run(ThreadPoolExecutor.java:628)
 java.base@11.0.4/java.lang.Thread.run(Thread.java:834)
2021-11-02T17:26:09.596Z WARN  [Catalina-utility-2] o.a.c.loader.WebappClassLoaderBase.clearReferencesThreads - The web application [oedbg] appears to have started a thread named [logback-8] but has failed to stop it. This is very likely to create a memory leak. Stack trace of thread:
 java.base@11.0.4/jdk.internal.misc.Unsafe.park(Native Method)
 java.base@11.0.4/java.util.concurrent.locks.LockSupport.park(LockSupport.java:194)
 java.base@11.0.4/java.util.concurrent.locks.AbstractQueuedSynchronizer$ConditionObject.await(AbstractQueuedSynchronizer.java:2081)
 java.base@11.0.4/java.util.concurrent.ScheduledThreadPoolExecutor$DelayedWorkQueue.take(ScheduledThreadPoolExecutor.java:1177)
 java.base@11.0.4/java.util.concurrent.ScheduledThreadPoolExecutor$DelayedWorkQueue.take(ScheduledThreadPoolExecutor.java:899)
 java.base@11.0.4/java.util.concurrent.ThreadPoolExecutor.getTask(ThreadPoolExecutor.java:1054)
 java.base@11.0.4/java.util.concurrent.ThreadPoolExecutor.runWorker(ThreadPoolExecutor.java:1114)
 java.base@11.0.4/java.util.concurrent.ThreadPoolExecutor$Worker.run(ThreadPoolExecutor.java:628)
 java.base@11.0.4/java.lang.Thread.run(Thread.java:834)
2021-11-02T17:26:09.640Z INFO  [main] org.apache.coyote.AbstractProtocol.stop - Stopping ProtocolHandler ["http-nio-8080"]
2021-11-02T17:26:09.643Z INFO  [main] org.apache.coyote.AbstractProtocol.stop - Stopping ProtocolHandler ["https-jsse-nio-8443"]
2021-11-02T17:26:09.648Z INFO  [main] c.p.a.s.l.OeLifecycleListener.runShutdownScripts - Running shutdown scripts
2021-11-02T17:26:09.658Z INFO  [main] org.apache.coyote.AbstractProtocol.destroy - Destroying ProtocolHandler ["http-nio-8080"]
2021-11-02T17:26:09.659Z INFO  [main] org.apache.coyote.AbstractProtocol.destroy - Destroying ProtocolHandler ["https-jsse-nio-8443"]
