127.0.0.1 - - [2021-11-02T17:21:43.853Z] "GET /manager/text/list HTTP/1.1" 200 - - 
0:0:0:0:0:0:0:1 - anonymousUser [2021-11-02T17:24:50.384Z] "GET / HTTP/1.1" 200 722 ROOT:f:00000001 
0:0:0:0:0:0:0:1 - anonymousUser [2021-11-02T17:24:50.463Z] "GET /css/bootstrap/bootstrap.min.css HTTP/1.1" 200 155764 ROOT:f:00000002 
0:0:0:0:0:0:0:1 - anonymousUser [2021-11-02T17:24:50.472Z] "GET /css/app.css HTTP/1.1" 200 911 ROOT:f:00000003 
0:0:0:0:0:0:0:1 - anonymousUser [2021-11-02T17:24:50.488Z] "GET /sports2000.styles.css HTTP/1.1" 200 2784 ROOT:f:00000004 
0:0:0:0:0:0:0:1 - anonymousUser [2021-11-02T17:24:50.498Z] "GET /_framework/blazor.webassembly.js HTTP/1.1" 200 76966 ROOT:f:00000005 
0:0:0:0:0:0:0:1 - anonymousUser [2021-11-02T17:24:50.579Z] "GET /css/open-iconic/font/css/open-iconic-bootstrap.min.css HTTP/1.1" 200 9395 ROOT:f:00000006 
0:0:0:0:0:0:0:1 - anonymousUser [2021-11-02T17:24:50.719Z] "GET /favicon.ico HTTP/1.1" 200 5430 ROOT:f:00000008 
0:0:0:0:0:0:0:1 - anonymousUser [2021-11-02T17:24:50.734Z] "GET /_framework/blazor.boot.json HTTP/1.1" 200 9865 ROOT:f:00000009 
0:0:0:0:0:0:0:1 - anonymousUser [2021-11-02T17:24:50.938Z] "GET /_framework/dotnet.6.0.0-rc.1.21451.13.js HTTP/1.1" 200 242123 ROOT:f:0000000a 
0:0:0:0:0:0:0:1 - anonymousUser [2021-11-02T17:24:51.044Z] "GET /_framework/EntityFrameworkCore.OpenEdge.dll HTTP/1.1" 403 2189 ROOT:f:0000000b 
0:0:0:0:0:0:0:1 - anonymousUser [2021-11-02T17:24:51.052Z] "GET /_framework/Microsoft.EntityFrameworkCore.dll HTTP/1.1" 403 2192 ROOT:f:00000010 
0:0:0:0:0:0:0:1 - anonymousUser [2021-11-02T17:24:51.066Z] "GET /_framework/Microsoft.EntityFrameworkCore.Relational.dll HTTP/1.1" 403 2225 ROOT:f:00000011 
0:0:0:0:0:0:0:1 - anonymousUser [2021-11-02T17:24:51.077Z] "GET /_framework/Microsoft.Extensions.Caching.Abstractions.dll HTTP/1.1" 403 2228 ROOT:f:00000012 
0:0:0:0:0:0:0:1 - anonymousUser [2021-11-02T17:24:51.052Z] "GET /_framework/Microsoft.AspNetCore.Components.WebAssembly.dll HTTP/1.1" 403 2234 ROOT:f:0000000f 
0:0:0:0:0:0:0:1 - anonymousUser [2021-11-02T17:24:51.094Z] "GET /_framework/Microsoft.EntityFrameworkCore.Abstractions.dll HTTP/1.1" 403 2231 ROOT:f:00000014 
0:0:0:0:0:0:0:1 - anonymousUser [2021-11-02T17:24:51.113Z] "GET /_framework/Microsoft.Extensions.Configuration.dll HTTP/1.1" 403 2207 ROOT:f:00000015 
0:0:0:0:0:0:0:1 - anonymousUser [2021-11-02T17:24:51.127Z] "GET /_framework/Microsoft.AspNetCore.Components.dll HTTP/1.1" 403 2198 ROOT:f:0000000e 
0:0:0:0:0:0:0:1 - anonymousUser [2021-11-02T17:24:51.137Z] "GET /_framework/Microsoft.Extensions.Configuration.Json.dll HTTP/1.1" 403 2222 ROOT:f:00000017 
0:0:0:0:0:0:0:1 - anonymousUser [2021-11-02T17:24:51.144Z] "GET /_framework/Microsoft.Extensions.DependencyInjection.dll HTTP/1.1" 403 2225 ROOT:f:00000018 
0:0:0:0:0:0:0:1 - anonymousUser [2021-11-02T17:24:51.155Z] "GET /_framework/Microsoft.Extensions.DependencyInjection.Abstractions.dll HTTP/1.1" 403 2264 ROOT:f:00000019 
0:0:0:0:0:0:0:1 - anonymousUser [2021-11-02T17:24:51.163Z] "GET /_framework/Microsoft.Extensions.Logging.dll HTTP/1.1" 403 2189 ROOT:f:0000001a 
0:0:0:0:0:0:0:1 - anonymousUser [2021-11-02T17:24:51.170Z] "GET /_framework/Microsoft.Extensions.Logging.Abstractions.dll HTTP/1.1" 403 2228 ROOT:f:0000001b 
0:0:0:0:0:0:0:1 - anonymousUser [2021-11-02T17:24:51.176Z] "GET /_framework/Microsoft.Extensions.Options.dll HTTP/1.1" 403 2189 ROOT:f:0000001c 
0:0:0:0:0:0:0:1 - anonymousUser [2021-11-02T17:24:51.193Z] "GET /_framework/Microsoft.AspNetCore.Components.Web.dll HTTP/1.1" 403 2210 ROOT:f:0000000d 
0:0:0:0:0:0:0:1 - anonymousUser [2021-11-02T17:24:51.198Z] "GET /css/bootstrap/bootstrap.min.css.map HTTP/1.1" 403 2165 ROOT:f:00000007 
0:0:0:0:0:0:0:1 - anonymousUser [2021-11-02T17:24:51.199Z] "GET /_framework/Microsoft.AspNetCore.Authorization.dll HTTP/1.1" 403 2207 ROOT:f:0000000c 
0:0:0:0:0:0:0:1 - anonymousUser [2021-11-02T17:24:51.206Z] "GET /_framework/Microsoft.Extensions.Caching.Memory.dll HTTP/1.1" 403 2210 ROOT:f:00000013 
0:0:0:0:0:0:0:1 - anonymousUser [2021-11-02T17:24:51.215Z] "GET /_framework/Microsoft.Extensions.Configuration.Abstractions.dll HTTP/1.1" 403 2246 ROOT:f:00000016 
0:0:0:0:0:0:0:1 - anonymousUser [2021-11-02T17:24:51.231Z] "GET /_framework/Microsoft.Extensions.Primitives.dll HTTP/1.1" 403 2198 ROOT:f:0000001d 
0:0:0:0:0:0:0:1 - anonymousUser [2021-11-02T17:24:51.235Z] "GET /_framework/System.Data.Odbc.dll HTTP/1.1" 403 2153 ROOT:f:00000021 
0:0:0:0:0:0:0:1 - anonymousUser [2021-11-02T17:24:51.239Z] "GET /_framework/Microsoft.JSInterop.WebAssembly.dll HTTP/1.1" 403 2198 ROOT:f:00000020 
0:0:0:0:0:0:0:1 - anonymousUser [2021-11-02T17:24:51.242Z] "GET /_framework/Remotion.Linq.dll HTTP/1.1" 403 2144 ROOT:f:0000001f 
0:0:0:0:0:0:0:1 - anonymousUser [2021-11-02T17:24:51.304Z] "GET /_framework/System.Interactive.Async.dll HTTP/1.1" 403 2177 ROOT:f:00000022 
0:0:0:0:0:0:0:1 - anonymousUser [2021-11-02T17:24:51.374Z] "GET /_framework/System.IO.Pipelines.dll HTTP/1.1" 403 2162 ROOT:f:00000023 
0:0:0:0:0:0:0:1 - anonymousUser [2021-11-02T17:24:51.422Z] "GET /_framework/Progress.Messages.dll HTTP/1.1" 403 2156 ROOT:f:00000024 
0:0:0:0:0:0:0:1 - anonymousUser [2021-11-02T17:24:51.433Z] "GET /_framework/Progress.o4glrt.dll HTTP/1.1" 403 2150 ROOT:f:00000025 
0:0:0:0:0:0:0:1 - anonymousUser [2021-11-02T17:24:51.446Z] "GET /_framework/sports2000.dll HTTP/1.1" 403 2135 ROOT:f:00000026 
0:0:0:0:0:0:0:1 - anonymousUser [2021-11-02T17:24:51.457Z] "GET /_framework/Microsoft.Win32.Primitives.dll HTTP/1.1" 403 2183 ROOT:f:00000027 
0:0:0:0:0:0:0:1 - anonymousUser [2021-11-02T17:24:51.463Z] "GET /_framework/System.Buffers.dll HTTP/1.1" 403 2147 ROOT:f:00000028 
0:0:0:0:0:0:0:1 - anonymousUser [2021-11-02T17:24:51.470Z] "GET /_framework/System.Collections.Concurrent.dll HTTP/1.1" 403 2192 ROOT:f:00000029 
0:0:0:0:0:0:0:1 - anonymousUser [2021-11-02T17:24:51.476Z] "GET /_framework/System.Collections.Immutable.dll HTTP/1.1" 403 2189 ROOT:f:0000002a 
0:0:0:0:0:0:0:1 - anonymousUser [2021-11-02T17:24:51.484Z] "GET /_framework/System.Collections.NonGeneric.dll HTTP/1.1" 403 2192 ROOT:f:0000002b 
0:0:0:0:0:0:0:1 - anonymousUser [2021-11-02T17:24:51.496Z] "GET /_framework/System.Collections.Specialized.dll HTTP/1.1" 403 2195 ROOT:f:0000002c 
0:0:0:0:0:0:0:1 - anonymousUser [2021-11-02T17:24:51.512Z] "GET /_framework/System.Collections.dll HTTP/1.1" 403 2159 ROOT:f:0000002d 
0:0:0:0:0:0:0:1 - anonymousUser [2021-11-02T17:24:51.520Z] "GET /_framework/System.ComponentModel.Annotations.dll HTTP/1.1" 403 2204 ROOT:f:0000002e 
0:0:0:0:0:0:0:1 - anonymousUser [2021-11-02T17:24:51.526Z] "GET /_framework/System.ComponentModel.Primitives.dll HTTP/1.1" 403 2201 ROOT:f:0000002f 
0:0:0:0:0:0:0:1 - anonymousUser [2021-11-02T17:24:51.531Z] "GET /_framework/System.ComponentModel.TypeConverter.dll HTTP/1.1" 403 2210 ROOT:f:00000030 
0:0:0:0:0:0:0:1 - anonymousUser [2021-11-02T17:24:51.551Z] "GET /_framework/Microsoft.JSInterop.dll HTTP/1.1" 403 2162 ROOT:f:0000001e 
0:0:0:0:0:0:0:1 - anonymousUser [2021-11-02T17:24:51.633Z] "GET /_framework/System.ComponentModel.dll HTTP/1.1" 403 2168 ROOT:f:00000031 
0:0:0:0:0:0:0:1 - anonymousUser [2021-11-02T17:24:51.642Z] "GET /_framework/System.Console.dll HTTP/1.1" 403 2147 ROOT:f:00000032 
0:0:0:0:0:0:0:1 - anonymousUser [2021-11-02T17:24:51.653Z] "GET /_framework/System.Data.Common.dll HTTP/1.1" 403 2159 ROOT:f:00000033 
0:0:0:0:0:0:0:1 - anonymousUser [2021-11-02T17:24:51.661Z] "GET /_framework/System.Diagnostics.Debug.dll HTTP/1.1" 403 2177 ROOT:f:00000034 
0:0:0:0:0:0:0:1 - anonymousUser [2021-11-02T17:24:51.666Z] "GET /_framework/System.Diagnostics.DiagnosticSource.dll HTTP/1.1" 403 2210 ROOT:f:00000035 
0:0:0:0:0:0:0:1 - anonymousUser [2021-11-02T17:24:51.689Z] "GET /_framework/System.Diagnostics.Process.dll HTTP/1.1" 403 2183 ROOT:f:00000036 
0:0:0:0:0:0:0:1 - anonymousUser [2021-11-02T17:24:51.701Z] "GET /_framework/System.Diagnostics.TraceSource.dll HTTP/1.1" 403 2195 ROOT:f:00000037 
0:0:0:0:0:0:0:1 - anonymousUser [2021-11-02T17:24:51.706Z] "GET /_framework/System.Drawing.Primitives.dll HTTP/1.1" 403 2180 ROOT:f:00000038 
0:0:0:0:0:0:0:1 - anonymousUser [2021-11-02T17:24:51.712Z] "GET /_framework/System.Drawing.dll HTTP/1.1" 403 2147 ROOT:f:00000039 
0:0:0:0:0:0:0:1 - anonymousUser [2021-11-02T17:24:51.718Z] "GET /_framework/System.IO.Compression.dll HTTP/1.1" 403 2168 ROOT:f:0000003a 
0:0:0:0:0:0:0:1 - anonymousUser [2021-11-02T17:24:51.726Z] "GET /_framework/System.IO.FileSystem.dll HTTP/1.1" 403 2165 ROOT:f:0000003b 
0:0:0:0:0:0:0:1 - anonymousUser [2021-11-02T17:24:51.736Z] "GET /_framework/System.Linq.Expressions.dll HTTP/1.1" 403 2174 ROOT:f:0000003c 
0:0:0:0:0:0:0:1 - anonymousUser [2021-11-02T17:24:51.745Z] "GET /_framework/System.Linq.Queryable.dll HTTP/1.1" 403 2168 ROOT:f:0000003d 
0:0:0:0:0:0:0:1 - anonymousUser [2021-11-02T17:24:51.754Z] "GET /_framework/System.Linq.dll HTTP/1.1" 403 2138 ROOT:f:0000003e 
0:0:0:0:0:0:0:1 - anonymousUser [2021-11-02T17:24:51.759Z] "GET /_framework/System.Memory.dll HTTP/1.1" 403 2144 ROOT:f:0000003f 
0:0:0:0:0:0:0:1 - anonymousUser [2021-11-02T17:24:51.768Z] "GET /_framework/System.Net.Http.Json.dll HTTP/1.1" 403 2165 ROOT:f:00000040 
0:0:0:0:0:0:0:1 - anonymousUser [2021-11-02T17:24:51.780Z] "GET /_framework/System.Net.Http.dll HTTP/1.1" 403 2150 ROOT:f:00000041 
0:0:0:0:0:0:0:1 - anonymousUser [2021-11-02T17:24:51.788Z] "GET /_framework/System.Net.NameResolution.dll HTTP/1.1" 403 2180 ROOT:f:00000042 
0:0:0:0:0:0:0:1 - anonymousUser [2021-11-02T17:24:51.795Z] "GET /_framework/System.Net.Primitives.dll HTTP/1.1" 403 2168 ROOT:f:00000043 
0:0:0:0:0:0:0:1 - anonymousUser [2021-11-02T17:24:51.800Z] "GET /_framework/System.Net.Requests.dll HTTP/1.1" 403 2162 ROOT:f:00000044 
0:0:0:0:0:0:0:1 - anonymousUser [2021-11-02T17:24:51.805Z] "GET /_framework/System.Net.Security.dll HTTP/1.1" 403 2162 ROOT:f:00000045 
0:0:0:0:0:0:0:1 - anonymousUser [2021-11-02T17:24:51.811Z] "GET /_framework/System.Net.ServicePoint.dll HTTP/1.1" 403 2174 ROOT:f:00000046 
0:0:0:0:0:0:0:1 - anonymousUser [2021-11-02T17:24:51.819Z] "GET /_framework/System.Net.Sockets.dll HTTP/1.1" 403 2159 ROOT:f:00000047 
0:0:0:0:0:0:0:1 - anonymousUser [2021-11-02T17:24:51.921Z] "GET /_framework/System.Net.WebHeaderCollection.dll HTTP/1.1" 403 2195 ROOT:f:00000048 
0:0:0:0:0:0:0:1 - anonymousUser [2021-11-02T17:24:51.933Z] "GET /_framework/System.Net.WebProxy.dll HTTP/1.1" 403 2162 ROOT:f:00000049 
0:0:0:0:0:0:0:1 - anonymousUser [2021-11-02T17:24:51.944Z] "GET /_framework/System.ObjectModel.dll HTTP/1.1" 403 2159 ROOT:f:0000004a 
0:0:0:0:0:0:0:1 - anonymousUser [2021-11-02T17:24:51.953Z] "GET /_framework/System.Private.Runtime.InteropServices.JavaScript.dll HTTP/1.1" 403 2252 ROOT:f:0000004b 
0:0:0:0:0:0:0:1 - anonymousUser [2021-11-02T17:24:51.958Z] "GET /_framework/System.Private.Uri.dll HTTP/1.1" 403 2159 ROOT:f:0000004c 
0:0:0:0:0:0:0:1 - anonymousUser [2021-11-02T17:24:51.965Z] "GET /_framework/System.Private.Xml.dll HTTP/1.1" 403 2159 ROOT:f:0000004d 
0:0:0:0:0:0:0:1 - anonymousUser [2021-11-02T17:24:51.973Z] "GET /_framework/System.Reflection.Extensions.dll HTTP/1.1" 403 2189 ROOT:f:0000004e 
0:0:0:0:0:0:0:1 - anonymousUser [2021-11-02T17:24:51.983Z] "GET /_framework/System.Reflection.dll HTTP/1.1" 403 2156 ROOT:f:0000004f 
0:0:0:0:0:0:0:1 - anonymousUser [2021-11-02T17:24:51.988Z] "GET /_framework/System.Resources.ResourceManager.dll HTTP/1.1" 403 2201 ROOT:f:00000050 
0:0:0:0:0:0:0:1 - anonymousUser [2021-11-02T17:24:52.002Z] "GET /_framework/System.Runtime.CompilerServices.Unsafe.dll HTTP/1.1" 403 2219 ROOT:f:00000051 
0:0:0:0:0:0:0:1 - anonymousUser [2021-11-02T17:24:52.007Z] "GET /_framework/System.Runtime.Extensions.dll HTTP/1.1" 403 2180 ROOT:f:00000052 
0:0:0:0:0:0:0:1 - anonymousUser [2021-11-02T17:24:52.018Z] "GET /_framework/System.Runtime.InteropServices.RuntimeInformation.dll HTTP/1.1" 403 2252 ROOT:f:00000053 
0:0:0:0:0:0:0:1 - anonymousUser [2021-11-02T17:24:52.027Z] "GET /_framework/System.Runtime.InteropServices.dll HTTP/1.1" 403 2195 ROOT:f:00000054 
0:0:0:0:0:0:0:1 - anonymousUser [2021-11-02T17:24:52.039Z] "GET /_framework/System.Runtime.Numerics.dll HTTP/1.1" 403 2174 ROOT:f:00000055 
0:0:0:0:0:0:0:1 - anonymousUser [2021-11-02T17:24:52.051Z] "GET /_framework/System.Runtime.Serialization.Formatters.dll HTTP/1.1" 403 2222 ROOT:f:00000056 
0:0:0:0:0:0:0:1 - anonymousUser [2021-11-02T17:24:52.056Z] "GET /_framework/System.Runtime.dll HTTP/1.1" 403 2147 ROOT:f:00000057 
0:0:0:0:0:0:0:1 - anonymousUser [2021-11-02T17:24:52.065Z] "GET /_framework/System.Security.Cryptography.Algorithms.dll HTTP/1.1" 403 2222 ROOT:f:00000058 
0:0:0:0:0:0:0:1 - anonymousUser [2021-11-02T17:24:52.072Z] "GET /_framework/System.Security.Cryptography.Encoding.dll HTTP/1.1" 403 2216 ROOT:f:00000059 
0:0:0:0:0:0:0:1 - anonymousUser [2021-11-02T17:24:52.079Z] "GET /_framework/System.Security.Cryptography.X509Certificates.dll HTTP/1.1" 403 2240 ROOT:f:0000005a 
0:0:0:0:0:0:0:1 - anonymousUser [2021-11-02T17:24:52.089Z] "GET /_framework/System.Text.Encodings.Web.dll HTTP/1.1" 403 2180 ROOT:f:0000005b 
0:0:0:0:0:0:0:1 - anonymousUser [2021-11-02T17:24:52.101Z] "GET /_framework/System.Text.Json.dll HTTP/1.1" 403 2153 ROOT:f:0000005c 
0:0:0:0:0:0:0:1 - anonymousUser [2021-11-02T17:24:52.111Z] "GET /_framework/System.Text.RegularExpressions.dll HTTP/1.1" 403 2195 ROOT:f:0000005d 
0:0:0:0:0:0:0:1 - anonymousUser [2021-11-02T17:24:52.118Z] "GET /_framework/System.Threading.Tasks.dll HTTP/1.1" 403 2171 ROOT:f:0000005e 
0:0:0:0:0:0:0:1 - anonymousUser [2021-11-02T17:24:52.125Z] "GET /_framework/System.Threading.Thread.dll HTTP/1.1" 403 2174 ROOT:f:0000005f 
0:0:0:0:0:0:0:1 - anonymousUser [2021-11-02T17:24:52.259Z] "GET /_framework/System.Threading.ThreadPool.dll HTTP/1.1" 403 2186 ROOT:f:00000060 
0:0:0:0:0:0:0:1 - anonymousUser [2021-11-02T17:24:52.290Z] "GET /_framework/System.Threading.Timer.dll HTTP/1.1" 403 2171 ROOT:f:00000061 
0:0:0:0:0:0:0:1 - anonymousUser [2021-11-02T17:24:52.296Z] "GET /_framework/System.Threading.dll HTTP/1.1" 403 2153 ROOT:f:00000062 
0:0:0:0:0:0:0:1 - anonymousUser [2021-11-02T17:24:52.301Z] "GET /_framework/System.Transactions.Local.dll HTTP/1.1" 403 2180 ROOT:f:00000063 
0:0:0:0:0:0:0:1 - anonymousUser [2021-11-02T17:24:52.305Z] "GET /_framework/System.dll HTTP/1.1" 403 2123 ROOT:f:00000064 
0:0:0:0:0:0:0:1 - anonymousUser [2021-11-02T17:24:52.313Z] "GET /_framework/netstandard.dll HTTP/1.1" 403 2138 ROOT:f:00000065 
0:0:0:0:0:0:0:1 - anonymousUser [2021-11-02T17:24:52.322Z] "GET /_framework/System.Private.CoreLib.dll HTTP/1.1" 403 2171 ROOT:f:00000066 
0:0:0:0:0:0:0:1 - anonymousUser [2021-11-02T17:24:52.339Z] "GET /_framework/dotnet.wasm HTTP/1.1" 403 2126 ROOT:f:00000067 
0:0:0:0:0:0:0:1 - anonymousUser [2021-11-02T17:24:52.343Z] "GET /_framework/dotnet.timezones.blat HTTP/1.1" 403 2156 ROOT:f:00000068 
0:0:0:0:0:0:0:1 - anonymousUser [2021-11-02T17:24:52.348Z] "GET /_framework/icudt_EFIGS.dat HTTP/1.1" 403 2138 ROOT:f:00000069 
