2021-11-02 12:05:53,631 [ERROR]  - An internal error occurred
org.eclipse.core.runtime.CoreException: Progress Application Server for OpenEdge explorer plugin not found at localhost:9090
	at com.openedge.pdt.server.broker.OpenEdgeBroker.getUBrokerPlugin(OpenEdgeBroker.java:324)
	at com.openedge.pdt.server.broker.OpenEdgeBroker.fetchUBrokerService(OpenEdgeBroker.java:362)
	at com.openedge.pdt.server.broker.OpenEdgeBroker.fetchUBrokerService(OpenEdgeBroker.java:345)
	at com.progress.openedge.pdt.pasoe.servertype.PASOEBroker.fetchUBrokerService(PASOEBroker.java:163)
	at com.progress.openedge.pdt.pasoe.utils.PASOEUtils.getPASOEManager(PASOEUtils.java:64)
	at com.progress.openedge.pdt.pasoe.commands.LogViewerCommand.selectionChanged(LogViewerCommand.java:65)
	at com.openedge.pdt.core.action.OEBaseHandler.<init>(OEBaseHandler.java:49)
	at com.progress.openedge.pdt.pasoe.commands.LogViewerCommand.<init>(LogViewerCommand.java:31)
	at java.base/jdk.internal.reflect.NativeConstructorAccessorImpl.newInstance0(Native Method)
	at java.base/jdk.internal.reflect.NativeConstructorAccessorImpl.newInstance(NativeConstructorAccessorImpl.java:62)
	at java.base/jdk.internal.reflect.DelegatingConstructorAccessorImpl.newInstance(DelegatingConstructorAccessorImpl.java:45)
	at java.base/java.lang.reflect.Constructor.newInstance(Constructor.java:490)
	at org.eclipse.core.internal.registry.osgi.RegistryStrategyOSGI.createExecutableExtension(RegistryStrategyOSGI.java:204)
	at org.eclipse.core.internal.registry.ExtensionRegistry.createExecutableExtension(ExtensionRegistry.java:934)
	at org.eclipse.core.internal.registry.ConfigurationElement.createExecutableExtension(ConfigurationElement.java:246)
	at org.eclipse.core.internal.registry.ConfigurationElementHandle.createExecutableExtension(ConfigurationElementHandle.java:63)
	at org.eclipse.ui.internal.handlers.HandlerProxy.loadHandler(HandlerProxy.java:342)
	at org.eclipse.ui.internal.handlers.HandlerProxy.setEnabled(HandlerProxy.java:227)
	at org.eclipse.ui.internal.handlers.E4HandlerProxy.setEnabled(E4HandlerProxy.java:131)
	at jdk.internal.reflect.GeneratedMethodAccessor9.invoke(Unknown Source)
	at java.base/jdk.internal.reflect.DelegatingMethodAccessorImpl.invoke(DelegatingMethodAccessorImpl.java:43)
	at java.base/java.lang.reflect.Method.invoke(Method.java:566)
	at org.eclipse.e4.core.internal.di.MethodRequestor.execute(MethodRequestor.java:58)
	at org.eclipse.e4.core.internal.di.InjectorImpl.invokeUsingClass(InjectorImpl.java:318)
	at org.eclipse.e4.core.internal.di.InjectorImpl.invoke(InjectorImpl.java:252)
	at org.eclipse.e4.core.contexts.ContextInjectionFactory.invoke(ContextInjectionFactory.java:173)
	at org.eclipse.e4.core.commands.internal.HandlerServiceHandler.setEnabled(HandlerServiceHandler.java:84)
	at org.eclipse.core.commands.Command.setEnabled(Command.java:866)
	at org.eclipse.e4.core.commands.internal.HandlerServiceImpl.canExecute(HandlerServiceImpl.java:179)
	at org.eclipse.e4.ui.workbench.renderers.swt.MenuManagerRendererFilter.updateElementVisibility(MenuManagerRendererFilter.java:223)
	at org.eclipse.e4.ui.workbench.renderers.swt.MenuManagerShowProcessor.showMenu(MenuManagerShowProcessor.java:258)
	at org.eclipse.e4.ui.workbench.renderers.swt.MenuManagerShowProcessor.menuAboutToHide(MenuManagerShowProcessor.java:115)
	at org.eclipse.jface.internal.MenuManagerEventHelper.showEventPostHelper(MenuManagerEventHelper.java:95)
	at org.eclipse.jface.action.MenuManager.handleAboutToShow(MenuManager.java:472)
	at org.eclipse.jface.action.MenuManager.access$1(MenuManager.java:466)
	at org.eclipse.jface.action.MenuManager$2.menuShown(MenuManager.java:498)
	at org.eclipse.swt.widgets.TypedListener.handleEvent(TypedListener.java:259)
	at org.eclipse.swt.widgets.EventTable.sendEvent(EventTable.java:89)
	at org.eclipse.swt.widgets.Display.sendEvent(Display.java:4173)
	at org.eclipse.swt.widgets.Widget.sendEvent(Widget.java:1057)
	at org.eclipse.swt.widgets.Widget.sendEvent(Widget.java:1081)
	at org.eclipse.swt.widgets.Widget.sendEvent(Widget.java:1062)
	at org.eclipse.swt.widgets.Control.WM_INITMENUPOPUP(Control.java:5134)
	at org.eclipse.swt.widgets.Control.windowProc(Control.java:4790)
	at org.eclipse.swt.widgets.Canvas.windowProc(Canvas.java:348)
	at org.eclipse.swt.widgets.Decorations.windowProc(Decorations.java:1501)
	at org.eclipse.swt.widgets.Shell.windowProc(Shell.java:2138)
	at org.eclipse.swt.widgets.Display.windowProc(Display.java:4812)
	at org.eclipse.swt.internal.win32.OS.TrackPopupMenu(Native Method)
	at org.eclipse.swt.widgets.Menu._setVisible(Menu.java:253)
	at org.eclipse.swt.widgets.Display.runPopups(Display.java:4027)
	at org.eclipse.swt.widgets.Display.readAndDispatch(Display.java:3579)
	at org.eclipse.e4.ui.internal.workbench.swt.PartRenderingEngine$5.run(PartRenderingEngine.java:1160)
	at org.eclipse.core.databinding.observable.Realm.runWithDefault(Realm.java:338)
	at org.eclipse.e4.ui.internal.workbench.swt.PartRenderingEngine.run(PartRenderingEngine.java:1049)
	at org.eclipse.e4.ui.internal.workbench.E4Workbench.createAndRunUI(E4Workbench.java:155)
	at org.eclipse.ui.internal.Workbench.lambda$3(Workbench.java:633)
	at org.eclipse.core.databinding.observable.Realm.runWithDefault(Realm.java:338)
	at org.eclipse.ui.internal.Workbench.createAndRunWorkbench(Workbench.java:557)
	at org.eclipse.ui.PlatformUI.createAndRunWorkbench(PlatformUI.java:150)
	at org.eclipse.ui.internal.ide.application.IDEApplication.start(IDEApplication.java:150)
	at org.eclipse.equinox.internal.app.EclipseAppHandle.run(EclipseAppHandle.java:203)
	at org.eclipse.core.runtime.internal.adaptor.EclipseAppLauncher.runApplication(EclipseAppLauncher.java:137)
	at org.eclipse.core.runtime.internal.adaptor.EclipseAppLauncher.start(EclipseAppLauncher.java:107)
	at org.eclipse.core.runtime.adaptor.EclipseStarter.run(EclipseStarter.java:400)
	at org.eclipse.core.runtime.adaptor.EclipseStarter.run(EclipseStarter.java:255)
	at java.base/jdk.internal.reflect.NativeMethodAccessorImpl.invoke0(Native Method)
	at java.base/jdk.internal.reflect.NativeMethodAccessorImpl.invoke(NativeMethodAccessorImpl.java:62)
	at java.base/jdk.internal.reflect.DelegatingMethodAccessorImpl.invoke(DelegatingMethodAccessorImpl.java:43)
	at java.base/java.lang.reflect.Method.invoke(Method.java:566)
	at org.eclipse.equinox.launcher.Main.invokeFramework(Main.java:660)
	at org.eclipse.equinox.launcher.Main.basicRun(Main.java:597)
	at org.eclipse.equinox.launcher.Main.run(Main.java:1468)
	at org.eclipse.equinox.launcher.Main.main(Main.java:1441)
Caused by: com.openedge.pdt.explorer.model.ProgressExplorerException: com.openedge.pdt.explorer.model.ProgressExplorerException: Container blazordemo is offline.
URL invoked: http://localhost:9090/oem/containers/blazordemo/pas/localhost:resource.openedge.pas.oepas1/properties

	at com.progress.openedge.pdt.explorer.model.oem.plugin.AbstractExplorerPlugin.cacheServices(AbstractExplorerPlugin.java:175)
	at com.progress.openedge.pdt.explorer.model.oem.plugin.AbstractExplorerPlugin.setPlugin(AbstractExplorerPlugin.java:63)
	at com.progress.openedge.pdt.explorer.model.oem.plugin.AbstractExplorerPlugin.<init>(AbstractExplorerPlugin.java:49)
	at com.progress.openedge.pdt.explorer.model.oem.plugin.AbstractBrokerPlugin.<init>(AbstractBrokerPlugin.java:23)
	at com.progress.openedge.pdt.explorer.oem.pasoe.PASOEBrokerPlugin.<init>(PASOEBrokerPlugin.java:27)
	at com.progress.openedge.pdt.explorer.oem.http.OEExplorerConnection.loadPlugin(OEExplorerConnection.java:191)
	at com.progress.openedge.pdt.explorer.oem.http.OEExplorerConnection.getPluginByName(OEExplorerConnection.java:129)
	at com.openedge.pdt.server.broker.OpenEdgeBroker.getUBrokerPlugin(OpenEdgeBroker.java:313)
	... 73 more
Caused by: com.openedge.pdt.explorer.model.ProgressExplorerException: Container blazordemo is offline.
URL invoked: http://localhost:9090/oem/containers/blazordemo/pas/localhost:resource.openedge.pas.oepas1/properties

	at com.progress.openedge.pdt.explorer.oem.communication.response.ResponseValidator.validateResponse(ResponseValidator.java:97)
	at com.progress.openedge.pdt.explorer.oem.communication.command.OEMHTTPCommand.validateResponse(OEMHTTPCommand.java:277)
	at com.progress.openedge.pdt.explorer.oem.communication.command.OEMHTTPCommand.doGet(OEMHTTPCommand.java:179)
	at com.progress.openedge.pdt.explorer.oem.pasoe.commands.GetPASOEAdditionalPropertiesCommand.execute(GetPASOEAdditionalPropertiesCommand.java:34)
	at com.progress.openedge.pdt.explorer.oem.pasoe.commands.GetPASOEInstancesCommand.isProductionServer(GetPASOEInstancesCommand.java:104)
	at com.progress.openedge.pdt.explorer.oem.pasoe.commands.GetPASOEInstancesCommand.parseInstances(GetPASOEInstancesCommand.java:91)
	at com.progress.openedge.pdt.explorer.oem.pasoe.commands.GetPASOEInstancesCommand.getPASInstances(GetPASOEInstancesCommand.java:48)
	at com.progress.openedge.pdt.explorer.oem.communication.OEContainer.fetchPASOEInstances(OEContainer.java:283)
	at com.progress.openedge.pdt.explorer.oem.communication.OEContainer.getPASOEInstances(OEContainer.java:270)
	at com.progress.openedge.pdt.explorer.oem.communication.HTTPExplorerConnection.getPASOEInstances(HTTPExplorerConnection.java:927)
	at com.progress.openedge.pdt.explorer.oem.pasoe.PASOEBrokerPluginInput.getServersList(PASOEBrokerPluginInput.java:50)
	at com.progress.openedge.pdt.explorer.oem.pasoe.PASOEBrokerPluginInput.getChildren(PASOEBrokerPluginInput.java:43)
	at com.progress.openedge.pdt.explorer.model.oem.plugin.AbstractExplorerPlugin.cacheServices(AbstractExplorerPlugin.java:157)
	... 80 more
2021-11-02 12:13:40,181 [ERROR]  - An internal error occurred
org.eclipse.core.runtime.CoreException: Progress Application Server for OpenEdge explorer plugin not found at localhost:9090
	at com.openedge.pdt.server.broker.OpenEdgeBroker.getUBrokerPlugin(OpenEdgeBroker.java:324)
	at com.openedge.pdt.server.broker.OpenEdgeBroker.fetchUBrokerService(OpenEdgeBroker.java:362)
	at com.openedge.pdt.server.broker.OpenEdgeBroker.fetchUBrokerService(OpenEdgeBroker.java:345)
	at com.progress.openedge.pdt.pasoe.servertype.PASOEBroker.fetchUBrokerService(PASOEBroker.java:163)
	at com.progress.openedge.pdt.pasoe.utils.PASOEUtils.getPASOEManager(PASOEUtils.java:64)
	at com.progress.openedge.pdt.pasoe.commands.LogViewerCommand.selectionChanged(LogViewerCommand.java:65)
	at com.openedge.pdt.core.action.OEBaseHandler.<init>(OEBaseHandler.java:49)
	at com.progress.openedge.pdt.pasoe.commands.LogViewerCommand.<init>(LogViewerCommand.java:31)
	at java.base/jdk.internal.reflect.NativeConstructorAccessorImpl.newInstance0(Native Method)
	at java.base/jdk.internal.reflect.NativeConstructorAccessorImpl.newInstance(NativeConstructorAccessorImpl.java:62)
	at java.base/jdk.internal.reflect.DelegatingConstructorAccessorImpl.newInstance(DelegatingConstructorAccessorImpl.java:45)
	at java.base/java.lang.reflect.Constructor.newInstance(Constructor.java:490)
	at org.eclipse.core.internal.registry.osgi.RegistryStrategyOSGI.createExecutableExtension(RegistryStrategyOSGI.java:204)
	at org.eclipse.core.internal.registry.ExtensionRegistry.createExecutableExtension(ExtensionRegistry.java:934)
	at org.eclipse.core.internal.registry.ConfigurationElement.createExecutableExtension(ConfigurationElement.java:246)
	at org.eclipse.core.internal.registry.ConfigurationElementHandle.createExecutableExtension(ConfigurationElementHandle.java:63)
	at org.eclipse.ui.internal.handlers.HandlerProxy.loadHandler(HandlerProxy.java:342)
	at org.eclipse.ui.internal.handlers.HandlerProxy.setEnabled(HandlerProxy.java:227)
	at org.eclipse.ui.internal.handlers.E4HandlerProxy.setEnabled(E4HandlerProxy.java:131)
	at jdk.internal.reflect.GeneratedMethodAccessor9.invoke(Unknown Source)
	at java.base/jdk.internal.reflect.DelegatingMethodAccessorImpl.invoke(DelegatingMethodAccessorImpl.java:43)
	at java.base/java.lang.reflect.Method.invoke(Method.java:566)
	at org.eclipse.e4.core.internal.di.MethodRequestor.execute(MethodRequestor.java:58)
	at org.eclipse.e4.core.internal.di.InjectorImpl.invokeUsingClass(InjectorImpl.java:318)
	at org.eclipse.e4.core.internal.di.InjectorImpl.invoke(InjectorImpl.java:252)
	at org.eclipse.e4.core.contexts.ContextInjectionFactory.invoke(ContextInjectionFactory.java:173)
	at org.eclipse.e4.core.commands.internal.HandlerServiceHandler.setEnabled(HandlerServiceHandler.java:84)
	at org.eclipse.core.commands.Command.setEnabled(Command.java:866)
	at org.eclipse.e4.core.commands.internal.HandlerServiceImpl.canExecute(HandlerServiceImpl.java:179)
	at org.eclipse.e4.ui.workbench.renderers.swt.MenuManagerRendererFilter.updateElementVisibility(MenuManagerRendererFilter.java:223)
	at org.eclipse.e4.ui.workbench.renderers.swt.MenuManagerShowProcessor.showMenu(MenuManagerShowProcessor.java:258)
	at org.eclipse.e4.ui.workbench.renderers.swt.MenuManagerShowProcessor.menuAboutToHide(MenuManagerShowProcessor.java:115)
	at org.eclipse.jface.internal.MenuManagerEventHelper.showEventPostHelper(MenuManagerEventHelper.java:95)
	at org.eclipse.jface.action.MenuManager.handleAboutToShow(MenuManager.java:472)
	at org.eclipse.jface.action.MenuManager.access$1(MenuManager.java:466)
	at org.eclipse.jface.action.MenuManager$2.menuShown(MenuManager.java:498)
	at org.eclipse.swt.widgets.TypedListener.handleEvent(TypedListener.java:259)
	at org.eclipse.swt.widgets.EventTable.sendEvent(EventTable.java:89)
	at org.eclipse.swt.widgets.Display.sendEvent(Display.java:4173)
	at org.eclipse.swt.widgets.Widget.sendEvent(Widget.java:1057)
	at org.eclipse.swt.widgets.Widget.sendEvent(Widget.java:1081)
	at org.eclipse.swt.widgets.Widget.sendEvent(Widget.java:1062)
	at org.eclipse.swt.widgets.Control.WM_INITMENUPOPUP(Control.java:5134)
	at org.eclipse.swt.widgets.Control.windowProc(Control.java:4790)
	at org.eclipse.swt.widgets.Canvas.windowProc(Canvas.java:348)
	at org.eclipse.swt.widgets.Decorations.windowProc(Decorations.java:1501)
	at org.eclipse.swt.widgets.Shell.windowProc(Shell.java:2138)
	at org.eclipse.swt.widgets.Display.windowProc(Display.java:4812)
	at org.eclipse.swt.internal.win32.OS.TrackPopupMenu(Native Method)
	at org.eclipse.swt.widgets.Menu._setVisible(Menu.java:253)
	at org.eclipse.swt.widgets.Display.runPopups(Display.java:4027)
	at org.eclipse.swt.widgets.Display.readAndDispatch(Display.java:3579)
	at org.eclipse.e4.ui.internal.workbench.swt.PartRenderingEngine$5.run(PartRenderingEngine.java:1160)
	at org.eclipse.core.databinding.observable.Realm.runWithDefault(Realm.java:338)
	at org.eclipse.e4.ui.internal.workbench.swt.PartRenderingEngine.run(PartRenderingEngine.java:1049)
	at org.eclipse.e4.ui.internal.workbench.E4Workbench.createAndRunUI(E4Workbench.java:155)
	at org.eclipse.ui.internal.Workbench.lambda$3(Workbench.java:633)
	at org.eclipse.core.databinding.observable.Realm.runWithDefault(Realm.java:338)
	at org.eclipse.ui.internal.Workbench.createAndRunWorkbench(Workbench.java:557)
	at org.eclipse.ui.PlatformUI.createAndRunWorkbench(PlatformUI.java:150)
	at org.eclipse.ui.internal.ide.application.IDEApplication.start(IDEApplication.java:150)
	at org.eclipse.equinox.internal.app.EclipseAppHandle.run(EclipseAppHandle.java:203)
	at org.eclipse.core.runtime.internal.adaptor.EclipseAppLauncher.runApplication(EclipseAppLauncher.java:137)
	at org.eclipse.core.runtime.internal.adaptor.EclipseAppLauncher.start(EclipseAppLauncher.java:107)
	at org.eclipse.core.runtime.adaptor.EclipseStarter.run(EclipseStarter.java:400)
	at org.eclipse.core.runtime.adaptor.EclipseStarter.run(EclipseStarter.java:255)
	at java.base/jdk.internal.reflect.NativeMethodAccessorImpl.invoke0(Native Method)
	at java.base/jdk.internal.reflect.NativeMethodAccessorImpl.invoke(NativeMethodAccessorImpl.java:62)
	at java.base/jdk.internal.reflect.DelegatingMethodAccessorImpl.invoke(DelegatingMethodAccessorImpl.java:43)
	at java.base/java.lang.reflect.Method.invoke(Method.java:566)
	at org.eclipse.equinox.launcher.Main.invokeFramework(Main.java:660)
	at org.eclipse.equinox.launcher.Main.basicRun(Main.java:597)
	at org.eclipse.equinox.launcher.Main.run(Main.java:1468)
	at org.eclipse.equinox.launcher.Main.main(Main.java:1441)
Caused by: com.openedge.pdt.explorer.model.ProgressExplorerException: com.openedge.pdt.explorer.model.ProgressExplorerException: Container blazordemo is offline.
URL invoked: http://localhost:9090/oem/containers/blazordemo/pas/localhost:resource.openedge.pas.oepas1/properties

	at com.progress.openedge.pdt.explorer.model.oem.plugin.AbstractExplorerPlugin.cacheServices(AbstractExplorerPlugin.java:175)
	at com.progress.openedge.pdt.explorer.model.oem.plugin.AbstractExplorerPlugin.setPlugin(AbstractExplorerPlugin.java:63)
	at com.progress.openedge.pdt.explorer.model.oem.plugin.AbstractExplorerPlugin.<init>(AbstractExplorerPlugin.java:49)
	at com.progress.openedge.pdt.explorer.model.oem.plugin.AbstractBrokerPlugin.<init>(AbstractBrokerPlugin.java:23)
	at com.progress.openedge.pdt.explorer.oem.pasoe.PASOEBrokerPlugin.<init>(PASOEBrokerPlugin.java:27)
	at com.progress.openedge.pdt.explorer.oem.http.OEExplorerConnection.loadPlugin(OEExplorerConnection.java:191)
	at com.progress.openedge.pdt.explorer.oem.http.OEExplorerConnection.getPluginByName(OEExplorerConnection.java:129)
	at com.openedge.pdt.server.broker.OpenEdgeBroker.getUBrokerPlugin(OpenEdgeBroker.java:313)
	... 73 more
Caused by: com.openedge.pdt.explorer.model.ProgressExplorerException: Container blazordemo is offline.
URL invoked: http://localhost:9090/oem/containers/blazordemo/pas/localhost:resource.openedge.pas.oepas1/properties

	at com.progress.openedge.pdt.explorer.oem.communication.response.ResponseValidator.validateResponse(ResponseValidator.java:97)
	at com.progress.openedge.pdt.explorer.oem.communication.command.OEMHTTPCommand.validateResponse(OEMHTTPCommand.java:277)
	at com.progress.openedge.pdt.explorer.oem.communication.command.OEMHTTPCommand.doGet(OEMHTTPCommand.java:179)
	at com.progress.openedge.pdt.explorer.oem.pasoe.commands.GetPASOEAdditionalPropertiesCommand.execute(GetPASOEAdditionalPropertiesCommand.java:34)
	at com.progress.openedge.pdt.explorer.oem.pasoe.commands.GetPASOEInstancesCommand.isProductionServer(GetPASOEInstancesCommand.java:104)
	at com.progress.openedge.pdt.explorer.oem.pasoe.commands.GetPASOEInstancesCommand.parseInstances(GetPASOEInstancesCommand.java:91)
	at com.progress.openedge.pdt.explorer.oem.pasoe.commands.GetPASOEInstancesCommand.getPASInstances(GetPASOEInstancesCommand.java:48)
	at com.progress.openedge.pdt.explorer.oem.communication.OEContainer.fetchPASOEInstances(OEContainer.java:283)
	at com.progress.openedge.pdt.explorer.oem.communication.OEContainer.getPASOEInstances(OEContainer.java:270)
	at com.progress.openedge.pdt.explorer.oem.communication.HTTPExplorerConnection.getPASOEInstances(HTTPExplorerConnection.java:927)
	at com.progress.openedge.pdt.explorer.oem.pasoe.PASOEBrokerPluginInput.getServersList(PASOEBrokerPluginInput.java:50)
	at com.progress.openedge.pdt.explorer.oem.pasoe.PASOEBrokerPluginInput.getChildren(PASOEBrokerPluginInput.java:43)
	at com.progress.openedge.pdt.explorer.model.oem.plugin.AbstractExplorerPlugin.cacheServices(AbstractExplorerPlugin.java:157)
	... 80 more
2021-11-02 12:13:46,531 [ERROR]  - An internal error occurred
org.eclipse.core.runtime.CoreException: Progress Application Server for OpenEdge explorer plugin not found at localhost:9090
	at com.openedge.pdt.server.broker.OpenEdgeBroker.getUBrokerPlugin(OpenEdgeBroker.java:324)
	at com.openedge.pdt.server.broker.OpenEdgeBroker.fetchUBrokerService(OpenEdgeBroker.java:362)
	at com.openedge.pdt.server.broker.OpenEdgeBroker.fetchUBrokerService(OpenEdgeBroker.java:345)
	at com.progress.openedge.pdt.pasoe.servertype.PASOEBroker.fetchUBrokerService(PASOEBroker.java:163)
	at com.progress.openedge.pdt.pasoe.utils.PASOEUtils.getPASOEManager(PASOEUtils.java:64)
	at com.progress.openedge.pdt.pasoe.commands.LogViewerCommand.selectionChanged(LogViewerCommand.java:65)
	at com.openedge.pdt.core.action.OEBaseHandler.selectionChanged(OEBaseHandler.java:110)
	at org.eclipse.jface.viewers.Viewer$1.run(Viewer.java:151)
	at org.eclipse.core.runtime.SafeRunner.run(SafeRunner.java:45)
	at org.eclipse.ui.internal.JFaceUtil.lambda$0(JFaceUtil.java:47)
	at org.eclipse.jface.util.SafeRunnable.run(SafeRunnable.java:174)
	at org.eclipse.jface.viewers.Viewer.fireSelectionChanged(Viewer.java:148)
	at org.eclipse.jface.viewers.StructuredViewer.updateSelection(StructuredViewer.java:2118)
	at org.eclipse.jface.viewers.StructuredViewer.handleSelect(StructuredViewer.java:1170)
	at org.eclipse.jface.viewers.StructuredViewer$4.widgetSelected(StructuredViewer.java:1199)
	at org.eclipse.jface.util.OpenStrategy.fireSelectionEvent(OpenStrategy.java:242)
	at org.eclipse.jface.util.OpenStrategy.access$4(OpenStrategy.java:237)
	at org.eclipse.jface.util.OpenStrategy$1.handleEvent(OpenStrategy.java:402)
	at org.eclipse.swt.widgets.EventTable.sendEvent(EventTable.java:89)
	at org.eclipse.swt.widgets.Display.sendEvent(Display.java:4173)
	at org.eclipse.swt.widgets.Widget.sendEvent(Widget.java:1057)
	at org.eclipse.swt.widgets.Display.runDeferredEvents(Display.java:3986)
	at org.eclipse.swt.widgets.Display.readAndDispatch(Display.java:3585)
	at org.eclipse.e4.ui.internal.workbench.swt.PartRenderingEngine$5.run(PartRenderingEngine.java:1160)
	at org.eclipse.core.databinding.observable.Realm.runWithDefault(Realm.java:338)
	at org.eclipse.e4.ui.internal.workbench.swt.PartRenderingEngine.run(PartRenderingEngine.java:1049)
	at org.eclipse.e4.ui.internal.workbench.E4Workbench.createAndRunUI(E4Workbench.java:155)
	at org.eclipse.ui.internal.Workbench.lambda$3(Workbench.java:633)
	at org.eclipse.core.databinding.observable.Realm.runWithDefault(Realm.java:338)
	at org.eclipse.ui.internal.Workbench.createAndRunWorkbench(Workbench.java:557)
	at org.eclipse.ui.PlatformUI.createAndRunWorkbench(PlatformUI.java:150)
	at org.eclipse.ui.internal.ide.application.IDEApplication.start(IDEApplication.java:150)
	at org.eclipse.equinox.internal.app.EclipseAppHandle.run(EclipseAppHandle.java:203)
	at org.eclipse.core.runtime.internal.adaptor.EclipseAppLauncher.runApplication(EclipseAppLauncher.java:137)
	at org.eclipse.core.runtime.internal.adaptor.EclipseAppLauncher.start(EclipseAppLauncher.java:107)
	at org.eclipse.core.runtime.adaptor.EclipseStarter.run(EclipseStarter.java:400)
	at org.eclipse.core.runtime.adaptor.EclipseStarter.run(EclipseStarter.java:255)
	at java.base/jdk.internal.reflect.NativeMethodAccessorImpl.invoke0(Native Method)
	at java.base/jdk.internal.reflect.NativeMethodAccessorImpl.invoke(NativeMethodAccessorImpl.java:62)
	at java.base/jdk.internal.reflect.DelegatingMethodAccessorImpl.invoke(DelegatingMethodAccessorImpl.java:43)
	at java.base/java.lang.reflect.Method.invoke(Method.java:566)
	at org.eclipse.equinox.launcher.Main.invokeFramework(Main.java:660)
	at org.eclipse.equinox.launcher.Main.basicRun(Main.java:597)
	at org.eclipse.equinox.launcher.Main.run(Main.java:1468)
	at org.eclipse.equinox.launcher.Main.main(Main.java:1441)
Caused by: com.openedge.pdt.explorer.model.ProgressExplorerException: com.openedge.pdt.explorer.model.ProgressExplorerException: Container blazordemo is offline.
URL invoked: http://localhost:9090/oem/containers/blazordemo/pas/localhost:resource.openedge.pas.oepas1/properties

	at com.progress.openedge.pdt.explorer.model.oem.plugin.AbstractExplorerPlugin.cacheServices(AbstractExplorerPlugin.java:175)
	at com.progress.openedge.pdt.explorer.model.oem.plugin.AbstractExplorerPlugin.setPlugin(AbstractExplorerPlugin.java:63)
	at com.progress.openedge.pdt.explorer.model.oem.plugin.AbstractExplorerPlugin.<init>(AbstractExplorerPlugin.java:49)
	at com.progress.openedge.pdt.explorer.model.oem.plugin.AbstractBrokerPlugin.<init>(AbstractBrokerPlugin.java:23)
	at com.progress.openedge.pdt.explorer.oem.pasoe.PASOEBrokerPlugin.<init>(PASOEBrokerPlugin.java:27)
	at com.progress.openedge.pdt.explorer.oem.http.OEExplorerConnection.loadPlugin(OEExplorerConnection.java:191)
	at com.progress.openedge.pdt.explorer.oem.http.OEExplorerConnection.getPluginByName(OEExplorerConnection.java:129)
	at com.openedge.pdt.server.broker.OpenEdgeBroker.getUBrokerPlugin(OpenEdgeBroker.java:313)
	... 44 more
Caused by: com.openedge.pdt.explorer.model.ProgressExplorerException: Container blazordemo is offline.
URL invoked: http://localhost:9090/oem/containers/blazordemo/pas/localhost:resource.openedge.pas.oepas1/properties

	at com.progress.openedge.pdt.explorer.oem.communication.response.ResponseValidator.validateResponse(ResponseValidator.java:97)
	at com.progress.openedge.pdt.explorer.oem.communication.command.OEMHTTPCommand.validateResponse(OEMHTTPCommand.java:277)
	at com.progress.openedge.pdt.explorer.oem.communication.command.OEMHTTPCommand.doGet(OEMHTTPCommand.java:179)
	at com.progress.openedge.pdt.explorer.oem.pasoe.commands.GetPASOEAdditionalPropertiesCommand.execute(GetPASOEAdditionalPropertiesCommand.java:34)
	at com.progress.openedge.pdt.explorer.oem.pasoe.commands.GetPASOEInstancesCommand.isProductionServer(GetPASOEInstancesCommand.java:104)
	at com.progress.openedge.pdt.explorer.oem.pasoe.commands.GetPASOEInstancesCommand.parseInstances(GetPASOEInstancesCommand.java:91)
	at com.progress.openedge.pdt.explorer.oem.pasoe.commands.GetPASOEInstancesCommand.getPASInstances(GetPASOEInstancesCommand.java:48)
	at com.progress.openedge.pdt.explorer.oem.communication.OEContainer.fetchPASOEInstances(OEContainer.java:283)
	at com.progress.openedge.pdt.explorer.oem.communication.OEContainer.getPASOEInstances(OEContainer.java:270)
	at com.progress.openedge.pdt.explorer.oem.communication.HTTPExplorerConnection.getPASOEInstances(HTTPExplorerConnection.java:927)
	at com.progress.openedge.pdt.explorer.oem.pasoe.PASOEBrokerPluginInput.getServersList(PASOEBrokerPluginInput.java:50)
	at com.progress.openedge.pdt.explorer.oem.pasoe.PASOEBrokerPluginInput.getChildren(PASOEBrokerPluginInput.java:43)
	at com.progress.openedge.pdt.explorer.model.oem.plugin.AbstractExplorerPlugin.cacheServices(AbstractExplorerPlugin.java:157)
	... 51 more
2021-11-02 12:13:46,804 [ERROR]  - An internal error occurred
org.eclipse.core.runtime.CoreException: Progress Application Server for OpenEdge explorer plugin not found at localhost:9090
	at com.openedge.pdt.server.broker.OpenEdgeBroker.getUBrokerPlugin(OpenEdgeBroker.java:324)
	at com.openedge.pdt.server.broker.OpenEdgeBroker.fetchUBrokerService(OpenEdgeBroker.java:362)
	at com.openedge.pdt.server.broker.OpenEdgeBroker.fetchUBrokerService(OpenEdgeBroker.java:345)
	at com.progress.openedge.pdt.pasoe.servertype.PASOEBroker.fetchUBrokerService(PASOEBroker.java:163)
	at com.progress.openedge.pdt.pasoe.utils.PASOEUtils.getPASOEManager(PASOEUtils.java:64)
	at com.progress.openedge.pdt.pasoe.commands.LogViewerCommand.selectionChanged(LogViewerCommand.java:65)
	at com.openedge.pdt.core.action.OEBaseHandler.selectionChanged(OEBaseHandler.java:104)
	at org.eclipse.ui.internal.e4.compatibility.SelectionService.notifyListeners(SelectionService.java:240)
	at org.eclipse.ui.internal.e4.compatibility.SelectionService.handlePostSelectionChanged(SelectionService.java:119)
	at org.eclipse.ui.internal.e4.compatibility.SelectionService.lambda$2(SelectionService.java:74)
	at org.eclipse.e4.ui.internal.workbench.SelectionAggregator$3.run(SelectionAggregator.java:163)
	at org.eclipse.core.runtime.SafeRunner.run(SafeRunner.java:45)
	at org.eclipse.e4.ui.internal.workbench.SelectionAggregator.notifyPostListeners(SelectionAggregator.java:160)
	at org.eclipse.e4.ui.internal.workbench.SelectionAggregator.access$7(SelectionAggregator.java:158)
	at org.eclipse.e4.ui.internal.workbench.SelectionAggregator$6.lambda$0(SelectionAggregator.java:250)
	at org.eclipse.e4.core.contexts.RunAndTrack.runExternalCode(RunAndTrack.java:59)
	at org.eclipse.e4.ui.internal.workbench.SelectionAggregator$6.changed(SelectionAggregator.java:250)
	at org.eclipse.e4.core.internal.contexts.TrackableComputationExt.update(TrackableComputationExt.java:108)
	at org.eclipse.e4.core.internal.contexts.EclipseContext.processScheduled(EclipseContext.java:364)
	at org.eclipse.e4.core.internal.contexts.EclipseContext.set(EclipseContext.java:379)
	at org.eclipse.e4.ui.internal.workbench.SelectionServiceImpl.setPostSelection(SelectionServiceImpl.java:39)
	at org.eclipse.ui.internal.e4.compatibility.CompatibilityPart.lambda$2(CompatibilityPart.java:128)
	at org.eclipse.jface.viewers.StructuredViewer$3.run(StructuredViewer.java:818)
	at org.eclipse.core.runtime.SafeRunner.run(SafeRunner.java:45)
	at org.eclipse.ui.internal.JFaceUtil.lambda$0(JFaceUtil.java:47)
	at org.eclipse.jface.util.SafeRunnable.run(SafeRunnable.java:174)
	at org.eclipse.jface.viewers.StructuredViewer.firePostSelectionChanged(StructuredViewer.java:815)
	at org.eclipse.jface.viewers.StructuredViewer.handlePostSelect(StructuredViewer.java:1185)
	at org.eclipse.jface.viewers.StructuredViewer.lambda$0(StructuredViewer.java:1208)
	at org.eclipse.swt.events.SelectionListener$1.widgetSelected(SelectionListener.java:84)
	at org.eclipse.jface.util.OpenStrategy.firePostSelectionEvent(OpenStrategy.java:263)
	at org.eclipse.jface.util.OpenStrategy.access$5(OpenStrategy.java:258)
	at org.eclipse.jface.util.OpenStrategy$1.lambda$1(OpenStrategy.java:428)
	at org.eclipse.swt.widgets.RunnableLock.run(RunnableLock.java:40)
	at org.eclipse.swt.widgets.Synchronizer.runAsyncMessages(Synchronizer.java:185)
	at org.eclipse.swt.widgets.Display.runAsyncMessages(Display.java:3961)
	at org.eclipse.swt.widgets.Display.readAndDispatch(Display.java:3588)
	at org.eclipse.e4.ui.internal.workbench.swt.PartRenderingEngine$5.run(PartRenderingEngine.java:1160)
	at org.eclipse.core.databinding.observable.Realm.runWithDefault(Realm.java:338)
	at org.eclipse.e4.ui.internal.workbench.swt.PartRenderingEngine.run(PartRenderingEngine.java:1049)
	at org.eclipse.e4.ui.internal.workbench.E4Workbench.createAndRunUI(E4Workbench.java:155)
	at org.eclipse.ui.internal.Workbench.lambda$3(Workbench.java:633)
	at org.eclipse.core.databinding.observable.Realm.runWithDefault(Realm.java:338)
	at org.eclipse.ui.internal.Workbench.createAndRunWorkbench(Workbench.java:557)
	at org.eclipse.ui.PlatformUI.createAndRunWorkbench(PlatformUI.java:150)
	at org.eclipse.ui.internal.ide.application.IDEApplication.start(IDEApplication.java:150)
	at org.eclipse.equinox.internal.app.EclipseAppHandle.run(EclipseAppHandle.java:203)
	at org.eclipse.core.runtime.internal.adaptor.EclipseAppLauncher.runApplication(EclipseAppLauncher.java:137)
	at org.eclipse.core.runtime.internal.adaptor.EclipseAppLauncher.start(EclipseAppLauncher.java:107)
	at org.eclipse.core.runtime.adaptor.EclipseStarter.run(EclipseStarter.java:400)
	at org.eclipse.core.runtime.adaptor.EclipseStarter.run(EclipseStarter.java:255)
	at java.base/jdk.internal.reflect.NativeMethodAccessorImpl.invoke0(Native Method)
	at java.base/jdk.internal.reflect.NativeMethodAccessorImpl.invoke(NativeMethodAccessorImpl.java:62)
	at java.base/jdk.internal.reflect.DelegatingMethodAccessorImpl.invoke(DelegatingMethodAccessorImpl.java:43)
	at java.base/java.lang.reflect.Method.invoke(Method.java:566)
	at org.eclipse.equinox.launcher.Main.invokeFramework(Main.java:660)
	at org.eclipse.equinox.launcher.Main.basicRun(Main.java:597)
	at org.eclipse.equinox.launcher.Main.run(Main.java:1468)
	at org.eclipse.equinox.launcher.Main.main(Main.java:1441)
Caused by: com.openedge.pdt.explorer.model.ProgressExplorerException: com.openedge.pdt.explorer.model.ProgressExplorerException: Container blazordemo is offline.
URL invoked: http://localhost:9090/oem/containers/blazordemo/pas/localhost:resource.openedge.pas.oepas1/properties

	at com.progress.openedge.pdt.explorer.model.oem.plugin.AbstractExplorerPlugin.cacheServices(AbstractExplorerPlugin.java:175)
	at com.progress.openedge.pdt.explorer.model.oem.plugin.AbstractExplorerPlugin.setPlugin(AbstractExplorerPlugin.java:63)
	at com.progress.openedge.pdt.explorer.model.oem.plugin.AbstractExplorerPlugin.<init>(AbstractExplorerPlugin.java:49)
	at com.progress.openedge.pdt.explorer.model.oem.plugin.AbstractBrokerPlugin.<init>(AbstractBrokerPlugin.java:23)
	at com.progress.openedge.pdt.explorer.oem.pasoe.PASOEBrokerPlugin.<init>(PASOEBrokerPlugin.java:27)
	at com.progress.openedge.pdt.explorer.oem.http.OEExplorerConnection.loadPlugin(OEExplorerConnection.java:191)
	at com.progress.openedge.pdt.explorer.oem.http.OEExplorerConnection.getPluginByName(OEExplorerConnection.java:129)
	at com.openedge.pdt.server.broker.OpenEdgeBroker.getUBrokerPlugin(OpenEdgeBroker.java:313)
	... 58 more
Caused by: com.openedge.pdt.explorer.model.ProgressExplorerException: Container blazordemo is offline.
URL invoked: http://localhost:9090/oem/containers/blazordemo/pas/localhost:resource.openedge.pas.oepas1/properties

	at com.progress.openedge.pdt.explorer.oem.communication.response.ResponseValidator.validateResponse(ResponseValidator.java:97)
	at com.progress.openedge.pdt.explorer.oem.communication.command.OEMHTTPCommand.validateResponse(OEMHTTPCommand.java:277)
	at com.progress.openedge.pdt.explorer.oem.communication.command.OEMHTTPCommand.doGet(OEMHTTPCommand.java:179)
	at com.progress.openedge.pdt.explorer.oem.pasoe.commands.GetPASOEAdditionalPropertiesCommand.execute(GetPASOEAdditionalPropertiesCommand.java:34)
	at com.progress.openedge.pdt.explorer.oem.pasoe.commands.GetPASOEInstancesCommand.isProductionServer(GetPASOEInstancesCommand.java:104)
	at com.progress.openedge.pdt.explorer.oem.pasoe.commands.GetPASOEInstancesCommand.parseInstances(GetPASOEInstancesCommand.java:91)
	at com.progress.openedge.pdt.explorer.oem.pasoe.commands.GetPASOEInstancesCommand.getPASInstances(GetPASOEInstancesCommand.java:48)
	at com.progress.openedge.pdt.explorer.oem.communication.OEContainer.fetchPASOEInstances(OEContainer.java:283)
	at com.progress.openedge.pdt.explorer.oem.communication.OEContainer.getPASOEInstances(OEContainer.java:270)
	at com.progress.openedge.pdt.explorer.oem.communication.HTTPExplorerConnection.getPASOEInstances(HTTPExplorerConnection.java:927)
	at com.progress.openedge.pdt.explorer.oem.pasoe.PASOEBrokerPluginInput.getServersList(PASOEBrokerPluginInput.java:50)
	at com.progress.openedge.pdt.explorer.oem.pasoe.PASOEBrokerPluginInput.getChildren(PASOEBrokerPluginInput.java:43)
	at com.progress.openedge.pdt.explorer.model.oem.plugin.AbstractExplorerPlugin.cacheServices(AbstractExplorerPlugin.java:157)
	... 65 more
2021-11-02 12:13:48,397 [ERROR]  - An internal error occurred
org.eclipse.core.runtime.CoreException: Progress Application Server for OpenEdge explorer plugin not found at localhost:9090
	at com.openedge.pdt.server.broker.OpenEdgeBroker.getUBrokerPlugin(OpenEdgeBroker.java:324)
	at com.openedge.pdt.server.broker.OpenEdgeBroker.fetchUBrokerService(OpenEdgeBroker.java:362)
	at com.openedge.pdt.server.broker.OpenEdgeBroker.fetchUBrokerService(OpenEdgeBroker.java:345)
	at com.progress.openedge.pdt.pasoe.servertype.PASOEBroker.fetchUBrokerService(PASOEBroker.java:163)
	at com.progress.openedge.pdt.pasoe.utils.PASOEUtils.getPASOEManager(PASOEUtils.java:64)
	at com.progress.openedge.pdt.pasoe.commands.LogViewerCommand.selectionChanged(LogViewerCommand.java:65)
	at com.openedge.pdt.core.action.OEBaseHandler.selectionChanged(OEBaseHandler.java:110)
	at org.eclipse.jface.viewers.Viewer$1.run(Viewer.java:151)
	at org.eclipse.core.runtime.SafeRunner.run(SafeRunner.java:45)
	at org.eclipse.ui.internal.JFaceUtil.lambda$0(JFaceUtil.java:47)
	at org.eclipse.jface.util.SafeRunnable.run(SafeRunnable.java:174)
	at org.eclipse.jface.viewers.Viewer.fireSelectionChanged(Viewer.java:148)
	at org.eclipse.jface.viewers.StructuredViewer.updateSelection(StructuredViewer.java:2118)
	at org.eclipse.jface.viewers.StructuredViewer.handleSelect(StructuredViewer.java:1170)
	at org.eclipse.jface.viewers.StructuredViewer$4.widgetSelected(StructuredViewer.java:1199)
	at org.eclipse.jface.util.OpenStrategy.fireSelectionEvent(OpenStrategy.java:242)
	at org.eclipse.jface.util.OpenStrategy.access$4(OpenStrategy.java:237)
	at org.eclipse.jface.util.OpenStrategy$1.handleEvent(OpenStrategy.java:402)
	at org.eclipse.swt.widgets.EventTable.sendEvent(EventTable.java:89)
	at org.eclipse.swt.widgets.Display.sendEvent(Display.java:4173)
	at org.eclipse.swt.widgets.Widget.sendEvent(Widget.java:1057)
	at org.eclipse.swt.widgets.Display.runDeferredEvents(Display.java:3986)
	at org.eclipse.swt.widgets.Display.readAndDispatch(Display.java:3585)
	at org.eclipse.e4.ui.internal.workbench.swt.PartRenderingEngine$5.run(PartRenderingEngine.java:1160)
	at org.eclipse.core.databinding.observable.Realm.runWithDefault(Realm.java:338)
	at org.eclipse.e4.ui.internal.workbench.swt.PartRenderingEngine.run(PartRenderingEngine.java:1049)
	at org.eclipse.e4.ui.internal.workbench.E4Workbench.createAndRunUI(E4Workbench.java:155)
	at org.eclipse.ui.internal.Workbench.lambda$3(Workbench.java:633)
	at org.eclipse.core.databinding.observable.Realm.runWithDefault(Realm.java:338)
	at org.eclipse.ui.internal.Workbench.createAndRunWorkbench(Workbench.java:557)
	at org.eclipse.ui.PlatformUI.createAndRunWorkbench(PlatformUI.java:150)
	at org.eclipse.ui.internal.ide.application.IDEApplication.start(IDEApplication.java:150)
	at org.eclipse.equinox.internal.app.EclipseAppHandle.run(EclipseAppHandle.java:203)
	at org.eclipse.core.runtime.internal.adaptor.EclipseAppLauncher.runApplication(EclipseAppLauncher.java:137)
	at org.eclipse.core.runtime.internal.adaptor.EclipseAppLauncher.start(EclipseAppLauncher.java:107)
	at org.eclipse.core.runtime.adaptor.EclipseStarter.run(EclipseStarter.java:400)
	at org.eclipse.core.runtime.adaptor.EclipseStarter.run(EclipseStarter.java:255)
	at java.base/jdk.internal.reflect.NativeMethodAccessorImpl.invoke0(Native Method)
	at java.base/jdk.internal.reflect.NativeMethodAccessorImpl.invoke(NativeMethodAccessorImpl.java:62)
	at java.base/jdk.internal.reflect.DelegatingMethodAccessorImpl.invoke(DelegatingMethodAccessorImpl.java:43)
	at java.base/java.lang.reflect.Method.invoke(Method.java:566)
	at org.eclipse.equinox.launcher.Main.invokeFramework(Main.java:660)
	at org.eclipse.equinox.launcher.Main.basicRun(Main.java:597)
	at org.eclipse.equinox.launcher.Main.run(Main.java:1468)
	at org.eclipse.equinox.launcher.Main.main(Main.java:1441)
Caused by: com.openedge.pdt.explorer.model.ProgressExplorerException: com.openedge.pdt.explorer.model.ProgressExplorerException: Container blazordemo is offline.
URL invoked: http://localhost:9090/oem/containers/blazordemo/pas/localhost:resource.openedge.pas.oepas1/properties

	at com.progress.openedge.pdt.explorer.model.oem.plugin.AbstractExplorerPlugin.cacheServices(AbstractExplorerPlugin.java:175)
	at com.progress.openedge.pdt.explorer.model.oem.plugin.AbstractExplorerPlugin.setPlugin(AbstractExplorerPlugin.java:63)
	at com.progress.openedge.pdt.explorer.model.oem.plugin.AbstractExplorerPlugin.<init>(AbstractExplorerPlugin.java:49)
	at com.progress.openedge.pdt.explorer.model.oem.plugin.AbstractBrokerPlugin.<init>(AbstractBrokerPlugin.java:23)
	at com.progress.openedge.pdt.explorer.oem.pasoe.PASOEBrokerPlugin.<init>(PASOEBrokerPlugin.java:27)
	at com.progress.openedge.pdt.explorer.oem.http.OEExplorerConnection.loadPlugin(OEExplorerConnection.java:191)
	at com.progress.openedge.pdt.explorer.oem.http.OEExplorerConnection.getPluginByName(OEExplorerConnection.java:129)
	at com.openedge.pdt.server.broker.OpenEdgeBroker.getUBrokerPlugin(OpenEdgeBroker.java:313)
	... 44 more
Caused by: com.openedge.pdt.explorer.model.ProgressExplorerException: Container blazordemo is offline.
URL invoked: http://localhost:9090/oem/containers/blazordemo/pas/localhost:resource.openedge.pas.oepas1/properties

	at com.progress.openedge.pdt.explorer.oem.communication.response.ResponseValidator.validateResponse(ResponseValidator.java:97)
	at com.progress.openedge.pdt.explorer.oem.communication.command.OEMHTTPCommand.validateResponse(OEMHTTPCommand.java:277)
	at com.progress.openedge.pdt.explorer.oem.communication.command.OEMHTTPCommand.doGet(OEMHTTPCommand.java:179)
	at com.progress.openedge.pdt.explorer.oem.pasoe.commands.GetPASOEAdditionalPropertiesCommand.execute(GetPASOEAdditionalPropertiesCommand.java:34)
	at com.progress.openedge.pdt.explorer.oem.pasoe.commands.GetPASOEInstancesCommand.isProductionServer(GetPASOEInstancesCommand.java:104)
	at com.progress.openedge.pdt.explorer.oem.pasoe.commands.GetPASOEInstancesCommand.parseInstances(GetPASOEInstancesCommand.java:91)
	at com.progress.openedge.pdt.explorer.oem.pasoe.commands.GetPASOEInstancesCommand.getPASInstances(GetPASOEInstancesCommand.java:48)
	at com.progress.openedge.pdt.explorer.oem.communication.OEContainer.fetchPASOEInstances(OEContainer.java:283)
	at com.progress.openedge.pdt.explorer.oem.communication.OEContainer.getPASOEInstances(OEContainer.java:270)
	at com.progress.openedge.pdt.explorer.oem.communication.HTTPExplorerConnection.getPASOEInstances(HTTPExplorerConnection.java:927)
	at com.progress.openedge.pdt.explorer.oem.pasoe.PASOEBrokerPluginInput.getServersList(PASOEBrokerPluginInput.java:50)
	at com.progress.openedge.pdt.explorer.oem.pasoe.PASOEBrokerPluginInput.getChildren(PASOEBrokerPluginInput.java:43)
	at com.progress.openedge.pdt.explorer.model.oem.plugin.AbstractExplorerPlugin.cacheServices(AbstractExplorerPlugin.java:157)
	... 51 more
2021-11-02 12:13:48,528 [ERROR]  - An internal error occurred
org.eclipse.core.runtime.CoreException: Progress Application Server for OpenEdge explorer plugin not found at localhost:9090
	at com.openedge.pdt.server.broker.OpenEdgeBroker.getUBrokerPlugin(OpenEdgeBroker.java:324)
	at com.openedge.pdt.server.broker.OpenEdgeBroker.fetchUBrokerService(OpenEdgeBroker.java:362)
	at com.openedge.pdt.server.broker.OpenEdgeBroker.fetchUBrokerService(OpenEdgeBroker.java:345)
	at com.progress.openedge.pdt.pasoe.servertype.PASOEBroker.fetchUBrokerService(PASOEBroker.java:163)
	at com.progress.openedge.pdt.pasoe.utils.PASOEUtils.getPASOEManager(PASOEUtils.java:64)
	at com.progress.openedge.pdt.pasoe.commands.LogViewerCommand.selectionChanged(LogViewerCommand.java:65)
	at com.openedge.pdt.core.action.OEBaseHandler.selectionChanged(OEBaseHandler.java:104)
	at org.eclipse.ui.internal.e4.compatibility.SelectionService.notifyListeners(SelectionService.java:240)
	at org.eclipse.ui.internal.e4.compatibility.SelectionService.handlePostSelectionChanged(SelectionService.java:119)
	at org.eclipse.ui.internal.e4.compatibility.SelectionService.lambda$2(SelectionService.java:74)
	at org.eclipse.e4.ui.internal.workbench.SelectionAggregator$3.run(SelectionAggregator.java:163)
	at org.eclipse.core.runtime.SafeRunner.run(SafeRunner.java:45)
	at org.eclipse.e4.ui.internal.workbench.SelectionAggregator.notifyPostListeners(SelectionAggregator.java:160)
	at org.eclipse.e4.ui.internal.workbench.SelectionAggregator.access$7(SelectionAggregator.java:158)
	at org.eclipse.e4.ui.internal.workbench.SelectionAggregator$6.lambda$0(SelectionAggregator.java:250)
	at org.eclipse.e4.core.contexts.RunAndTrack.runExternalCode(RunAndTrack.java:59)
	at org.eclipse.e4.ui.internal.workbench.SelectionAggregator$6.changed(SelectionAggregator.java:250)
	at org.eclipse.e4.core.internal.contexts.TrackableComputationExt.update(TrackableComputationExt.java:108)
	at org.eclipse.e4.core.internal.contexts.EclipseContext.processScheduled(EclipseContext.java:364)
	at org.eclipse.e4.core.internal.contexts.EclipseContext.set(EclipseContext.java:379)
	at org.eclipse.e4.ui.internal.workbench.SelectionServiceImpl.setPostSelection(SelectionServiceImpl.java:39)
	at org.eclipse.ui.internal.e4.compatibility.CompatibilityPart.lambda$2(CompatibilityPart.java:128)
	at org.eclipse.jface.viewers.StructuredViewer$3.run(StructuredViewer.java:818)
	at org.eclipse.core.runtime.SafeRunner.run(SafeRunner.java:45)
	at org.eclipse.ui.internal.JFaceUtil.lambda$0(JFaceUtil.java:47)
	at org.eclipse.jface.util.SafeRunnable.run(SafeRunnable.java:174)
	at org.eclipse.jface.viewers.StructuredViewer.firePostSelectionChanged(StructuredViewer.java:815)
	at org.eclipse.jface.viewers.StructuredViewer.handlePostSelect(StructuredViewer.java:1185)
	at org.eclipse.jface.viewers.StructuredViewer.lambda$0(StructuredViewer.java:1208)
	at org.eclipse.swt.events.SelectionListener$1.widgetSelected(SelectionListener.java:84)
	at org.eclipse.jface.util.OpenStrategy.firePostSelectionEvent(OpenStrategy.java:263)
	at org.eclipse.jface.util.OpenStrategy.access$5(OpenStrategy.java:258)
	at org.eclipse.jface.util.OpenStrategy$1.lambda$1(OpenStrategy.java:428)
	at org.eclipse.swt.widgets.RunnableLock.run(RunnableLock.java:40)
	at org.eclipse.swt.widgets.Synchronizer.runAsyncMessages(Synchronizer.java:185)
	at org.eclipse.swt.widgets.Display.runAsyncMessages(Display.java:3961)
	at org.eclipse.swt.widgets.Display.readAndDispatch(Display.java:3588)
	at org.eclipse.e4.ui.internal.workbench.swt.PartRenderingEngine$5.run(PartRenderingEngine.java:1160)
	at org.eclipse.core.databinding.observable.Realm.runWithDefault(Realm.java:338)
	at org.eclipse.e4.ui.internal.workbench.swt.PartRenderingEngine.run(PartRenderingEngine.java:1049)
	at org.eclipse.e4.ui.internal.workbench.E4Workbench.createAndRunUI(E4Workbench.java:155)
	at org.eclipse.ui.internal.Workbench.lambda$3(Workbench.java:633)
	at org.eclipse.core.databinding.observable.Realm.runWithDefault(Realm.java:338)
	at org.eclipse.ui.internal.Workbench.createAndRunWorkbench(Workbench.java:557)
	at org.eclipse.ui.PlatformUI.createAndRunWorkbench(PlatformUI.java:150)
	at org.eclipse.ui.internal.ide.application.IDEApplication.start(IDEApplication.java:150)
	at org.eclipse.equinox.internal.app.EclipseAppHandle.run(EclipseAppHandle.java:203)
	at org.eclipse.core.runtime.internal.adaptor.EclipseAppLauncher.runApplication(EclipseAppLauncher.java:137)
	at org.eclipse.core.runtime.internal.adaptor.EclipseAppLauncher.start(EclipseAppLauncher.java:107)
	at org.eclipse.core.runtime.adaptor.EclipseStarter.run(EclipseStarter.java:400)
	at org.eclipse.core.runtime.adaptor.EclipseStarter.run(EclipseStarter.java:255)
	at java.base/jdk.internal.reflect.NativeMethodAccessorImpl.invoke0(Native Method)
	at java.base/jdk.internal.reflect.NativeMethodAccessorImpl.invoke(NativeMethodAccessorImpl.java:62)
	at java.base/jdk.internal.reflect.DelegatingMethodAccessorImpl.invoke(DelegatingMethodAccessorImpl.java:43)
	at java.base/java.lang.reflect.Method.invoke(Method.java:566)
	at org.eclipse.equinox.launcher.Main.invokeFramework(Main.java:660)
	at org.eclipse.equinox.launcher.Main.basicRun(Main.java:597)
	at org.eclipse.equinox.launcher.Main.run(Main.java:1468)
	at org.eclipse.equinox.launcher.Main.main(Main.java:1441)
Caused by: com.openedge.pdt.explorer.model.ProgressExplorerException: com.openedge.pdt.explorer.model.ProgressExplorerException: Container blazordemo is offline.
URL invoked: http://localhost:9090/oem/containers/blazordemo/pas/localhost:resource.openedge.pas.oepas1/properties

	at com.progress.openedge.pdt.explorer.model.oem.plugin.AbstractExplorerPlugin.cacheServices(AbstractExplorerPlugin.java:175)
	at com.progress.openedge.pdt.explorer.model.oem.plugin.AbstractExplorerPlugin.setPlugin(AbstractExplorerPlugin.java:63)
	at com.progress.openedge.pdt.explorer.model.oem.plugin.AbstractExplorerPlugin.<init>(AbstractExplorerPlugin.java:49)
	at com.progress.openedge.pdt.explorer.model.oem.plugin.AbstractBrokerPlugin.<init>(AbstractBrokerPlugin.java:23)
	at com.progress.openedge.pdt.explorer.oem.pasoe.PASOEBrokerPlugin.<init>(PASOEBrokerPlugin.java:27)
	at com.progress.openedge.pdt.explorer.oem.http.OEExplorerConnection.loadPlugin(OEExplorerConnection.java:191)
	at com.progress.openedge.pdt.explorer.oem.http.OEExplorerConnection.getPluginByName(OEExplorerConnection.java:129)
	at com.openedge.pdt.server.broker.OpenEdgeBroker.getUBrokerPlugin(OpenEdgeBroker.java:313)
	... 58 more
Caused by: com.openedge.pdt.explorer.model.ProgressExplorerException: Container blazordemo is offline.
URL invoked: http://localhost:9090/oem/containers/blazordemo/pas/localhost:resource.openedge.pas.oepas1/properties

	at com.progress.openedge.pdt.explorer.oem.communication.response.ResponseValidator.validateResponse(ResponseValidator.java:97)
	at com.progress.openedge.pdt.explorer.oem.communication.command.OEMHTTPCommand.validateResponse(OEMHTTPCommand.java:277)
	at com.progress.openedge.pdt.explorer.oem.communication.command.OEMHTTPCommand.doGet(OEMHTTPCommand.java:179)
	at com.progress.openedge.pdt.explorer.oem.pasoe.commands.GetPASOEAdditionalPropertiesCommand.execute(GetPASOEAdditionalPropertiesCommand.java:34)
	at com.progress.openedge.pdt.explorer.oem.pasoe.commands.GetPASOEInstancesCommand.isProductionServer(GetPASOEInstancesCommand.java:104)
	at com.progress.openedge.pdt.explorer.oem.pasoe.commands.GetPASOEInstancesCommand.parseInstances(GetPASOEInstancesCommand.java:91)
	at com.progress.openedge.pdt.explorer.oem.pasoe.commands.GetPASOEInstancesCommand.getPASInstances(GetPASOEInstancesCommand.java:48)
	at com.progress.openedge.pdt.explorer.oem.communication.OEContainer.fetchPASOEInstances(OEContainer.java:283)
	at com.progress.openedge.pdt.explorer.oem.communication.OEContainer.getPASOEInstances(OEContainer.java:270)
	at com.progress.openedge.pdt.explorer.oem.communication.HTTPExplorerConnection.getPASOEInstances(HTTPExplorerConnection.java:927)
	at com.progress.openedge.pdt.explorer.oem.pasoe.PASOEBrokerPluginInput.getServersList(PASOEBrokerPluginInput.java:50)
	at com.progress.openedge.pdt.explorer.oem.pasoe.PASOEBrokerPluginInput.getChildren(PASOEBrokerPluginInput.java:43)
	at com.progress.openedge.pdt.explorer.model.oem.plugin.AbstractExplorerPlugin.cacheServices(AbstractExplorerPlugin.java:157)
	... 65 more
2021-11-02 12:13:50,167 [ERROR]  - An internal error occurred
org.eclipse.core.runtime.CoreException: Progress Application Server for OpenEdge explorer plugin not found at localhost:9090
	at com.openedge.pdt.server.broker.OpenEdgeBroker.getUBrokerPlugin(OpenEdgeBroker.java:324)
	at com.openedge.pdt.server.broker.OpenEdgeBroker.fetchUBrokerService(OpenEdgeBroker.java:362)
	at com.openedge.pdt.server.broker.OpenEdgeBroker.fetchUBrokerService(OpenEdgeBroker.java:345)
	at com.progress.openedge.pdt.pasoe.servertype.PASOEBroker.fetchUBrokerService(PASOEBroker.java:163)
	at com.progress.openedge.pdt.pasoe.utils.PASOEUtils.getPASOEManager(PASOEUtils.java:64)
	at com.progress.openedge.pdt.pasoe.commands.LogViewerCommand.selectionChanged(LogViewerCommand.java:65)
	at com.openedge.pdt.core.action.OEBaseHandler.selectionChanged(OEBaseHandler.java:104)
	at org.eclipse.ui.internal.e4.compatibility.SelectionService.notifyListeners(SelectionService.java:240)
	at org.eclipse.ui.internal.e4.compatibility.SelectionService.notifyListeners(SelectionService.java:176)
	at org.eclipse.ui.internal.WorkbenchWindow$WWinPartService.partActivated(WorkbenchWindow.java:3178)
	at org.eclipse.ui.internal.WorkbenchPage$3.run(WorkbenchPage.java:4897)
	at org.eclipse.core.runtime.SafeRunner.run(SafeRunner.java:45)
	at org.eclipse.ui.internal.WorkbenchPage.firePartActivated(WorkbenchPage.java:4894)
	at org.eclipse.ui.internal.WorkbenchPage.access$3(WorkbenchPage.java:4879)
	at org.eclipse.ui.internal.WorkbenchPage$E4PartListener.partActivated(WorkbenchPage.java:214)
	at org.eclipse.e4.ui.internal.workbench.PartServiceImpl$3.run(PartServiceImpl.java:253)
	at org.eclipse.core.runtime.SafeRunner.run(SafeRunner.java:45)
	at org.eclipse.e4.ui.internal.workbench.PartServiceImpl.firePartActivated(PartServiceImpl.java:250)
	at org.eclipse.e4.ui.internal.workbench.PartServiceImpl.activate(PartServiceImpl.java:774)
	at org.eclipse.e4.ui.internal.workbench.PartServiceImpl.activate(PartServiceImpl.java:683)
	at org.eclipse.e4.ui.internal.workbench.swt.AbstractPartRenderer.activate(AbstractPartRenderer.java:97)
	at org.eclipse.e4.ui.workbench.renderers.swt.ContributedPartRenderer.lambda$0(ContributedPartRenderer.java:63)
	at org.eclipse.swt.widgets.EventTable.sendEvent(EventTable.java:89)
	at org.eclipse.swt.widgets.Display.sendEvent(Display.java:4173)
	at org.eclipse.swt.widgets.Widget.sendEvent(Widget.java:1057)
	at org.eclipse.swt.widgets.Widget.sendEvent(Widget.java:1081)
	at org.eclipse.swt.widgets.Widget.sendEvent(Widget.java:1066)
	at org.eclipse.swt.widgets.Shell.setActiveControl(Shell.java:1510)
	at org.eclipse.swt.widgets.Shell.setActiveControl(Shell.java:1473)
	at org.eclipse.swt.widgets.Control.sendFocusEvent(Control.java:2968)
	at org.eclipse.swt.widgets.Widget.wmSetFocus(Widget.java:2248)
	at org.eclipse.swt.widgets.Control.WM_SETFOCUS(Control.java:5412)
	at org.eclipse.swt.widgets.Tree.WM_SETFOCUS(Tree.java:7057)
	at org.eclipse.swt.widgets.Control.windowProc(Control.java:4829)
	at org.eclipse.swt.widgets.Tree.windowProc(Tree.java:5987)
	at org.eclipse.swt.widgets.Display.windowProc(Display.java:4812)
	at org.eclipse.swt.internal.win32.OS.SetFocus(Native Method)
	at org.eclipse.swt.widgets.Control.forceFocus(Control.java:1111)
	at org.eclipse.swt.widgets.Control.setFocus(Control.java:3453)
	at org.eclipse.swt.widgets.Composite.setFocus(Composite.java:1101)
	at org.eclipse.ui.navigator.CommonNavigator.setFocus(CommonNavigator.java:381)
	at org.eclipse.ui.internal.e4.compatibility.CompatibilityPart.delegateSetFocus(CompatibilityPart.java:222)
	at java.base/jdk.internal.reflect.NativeMethodAccessorImpl.invoke0(Native Method)
	at java.base/jdk.internal.reflect.NativeMethodAccessorImpl.invoke(NativeMethodAccessorImpl.java:62)
	at java.base/jdk.internal.reflect.DelegatingMethodAccessorImpl.invoke(DelegatingMethodAccessorImpl.java:43)
	at java.base/java.lang.reflect.Method.invoke(Method.java:566)
	at org.eclipse.e4.core.internal.di.MethodRequestor.execute(MethodRequestor.java:58)
	at org.eclipse.e4.core.internal.di.InjectorImpl.invokeUsingClass(InjectorImpl.java:318)
	at org.eclipse.e4.core.internal.di.InjectorImpl.invokeUsingClass(InjectorImpl.java:324)
	at org.eclipse.e4.core.internal.di.InjectorImpl.invoke(InjectorImpl.java:246)
	at org.eclipse.e4.core.contexts.ContextInjectionFactory.invoke(ContextInjectionFactory.java:147)
	at org.eclipse.e4.ui.internal.workbench.swt.PartRenderingEngine.focusGui(PartRenderingEngine.java:795)
	at org.eclipse.e4.ui.workbench.renderers.swt.ContributedPartRenderer$1.setFocus(ContributedPartRenderer.java:106)
	at org.eclipse.swt.widgets.Composite.setFocus(Composite.java:1099)
	at org.eclipse.swt.custom.CTabItem.setFocus(CTabItem.java:343)
	at org.eclipse.swt.custom.CTabFolder.setFocus(CTabFolder.java:2637)
	at org.eclipse.swt.widgets.Control.fixFocus(Control.java:1066)
	at org.eclipse.swt.widgets.Control.setVisible(Control.java:3964)
	at org.eclipse.swt.custom.CTabFolder.setSelection(CTabFolder.java:3181)
	at org.eclipse.swt.custom.CTabFolder.setSelection(CTabFolder.java:3189)
	at org.eclipse.swt.custom.CTabFolder.onMouse(CTabFolder.java:1876)
	at org.eclipse.swt.custom.CTabFolder.lambda$0(CTabFolder.java:330)
	at org.eclipse.swt.widgets.EventTable.sendEvent(EventTable.java:89)
	at org.eclipse.swt.widgets.Display.sendEvent(Display.java:4173)
	at org.eclipse.swt.widgets.Widget.sendEvent(Widget.java:1057)
	at org.eclipse.swt.widgets.Display.runDeferredEvents(Display.java:3986)
	at org.eclipse.swt.widgets.Display.readAndDispatch(Display.java:3585)
	at org.eclipse.e4.ui.internal.workbench.swt.PartRenderingEngine$5.run(PartRenderingEngine.java:1160)
	at org.eclipse.core.databinding.observable.Realm.runWithDefault(Realm.java:338)
	at org.eclipse.e4.ui.internal.workbench.swt.PartRenderingEngine.run(PartRenderingEngine.java:1049)
	at org.eclipse.e4.ui.internal.workbench.E4Workbench.createAndRunUI(E4Workbench.java:155)
	at org.eclipse.ui.internal.Workbench.lambda$3(Workbench.java:633)
	at org.eclipse.core.databinding.observable.Realm.runWithDefault(Realm.java:338)
	at org.eclipse.ui.internal.Workbench.createAndRunWorkbench(Workbench.java:557)
	at org.eclipse.ui.PlatformUI.createAndRunWorkbench(PlatformUI.java:150)
	at org.eclipse.ui.internal.ide.application.IDEApplication.start(IDEApplication.java:150)
	at org.eclipse.equinox.internal.app.EclipseAppHandle.run(EclipseAppHandle.java:203)
	at org.eclipse.core.runtime.internal.adaptor.EclipseAppLauncher.runApplication(EclipseAppLauncher.java:137)
	at org.eclipse.core.runtime.internal.adaptor.EclipseAppLauncher.start(EclipseAppLauncher.java:107)
	at org.eclipse.core.runtime.adaptor.EclipseStarter.run(EclipseStarter.java:400)
	at org.eclipse.core.runtime.adaptor.EclipseStarter.run(EclipseStarter.java:255)
	at java.base/jdk.internal.reflect.NativeMethodAccessorImpl.invoke0(Native Method)
	at java.base/jdk.internal.reflect.NativeMethodAccessorImpl.invoke(NativeMethodAccessorImpl.java:62)
	at java.base/jdk.internal.reflect.DelegatingMethodAccessorImpl.invoke(DelegatingMethodAccessorImpl.java:43)
	at java.base/java.lang.reflect.Method.invoke(Method.java:566)
	at org.eclipse.equinox.launcher.Main.invokeFramework(Main.java:660)
	at org.eclipse.equinox.launcher.Main.basicRun(Main.java:597)
	at org.eclipse.equinox.launcher.Main.run(Main.java:1468)
	at org.eclipse.equinox.launcher.Main.main(Main.java:1441)
Caused by: com.openedge.pdt.explorer.model.ProgressExplorerException: com.openedge.pdt.explorer.model.ProgressExplorerException: Container blazordemo is offline.
URL invoked: http://localhost:9090/oem/containers/blazordemo/pas/localhost:resource.openedge.pas.oepas1/properties

	at com.progress.openedge.pdt.explorer.model.oem.plugin.AbstractExplorerPlugin.cacheServices(AbstractExplorerPlugin.java:175)
	at com.progress.openedge.pdt.explorer.model.oem.plugin.AbstractExplorerPlugin.setPlugin(AbstractExplorerPlugin.java:63)
	at com.progress.openedge.pdt.explorer.model.oem.plugin.AbstractExplorerPlugin.<init>(AbstractExplorerPlugin.java:49)
	at com.progress.openedge.pdt.explorer.model.oem.plugin.AbstractBrokerPlugin.<init>(AbstractBrokerPlugin.java:23)
	at com.progress.openedge.pdt.explorer.oem.pasoe.PASOEBrokerPlugin.<init>(PASOEBrokerPlugin.java:27)
	at com.progress.openedge.pdt.explorer.oem.http.OEExplorerConnection.loadPlugin(OEExplorerConnection.java:191)
	at com.progress.openedge.pdt.explorer.oem.http.OEExplorerConnection.getPluginByName(OEExplorerConnection.java:129)
	at com.openedge.pdt.server.broker.OpenEdgeBroker.getUBrokerPlugin(OpenEdgeBroker.java:313)
	... 88 more
Caused by: com.openedge.pdt.explorer.model.ProgressExplorerException: Container blazordemo is offline.
URL invoked: http://localhost:9090/oem/containers/blazordemo/pas/localhost:resource.openedge.pas.oepas1/properties

	at com.progress.openedge.pdt.explorer.oem.communication.response.ResponseValidator.validateResponse(ResponseValidator.java:97)
	at com.progress.openedge.pdt.explorer.oem.communication.command.OEMHTTPCommand.validateResponse(OEMHTTPCommand.java:277)
	at com.progress.openedge.pdt.explorer.oem.communication.command.OEMHTTPCommand.doGet(OEMHTTPCommand.java:179)
	at com.progress.openedge.pdt.explorer.oem.pasoe.commands.GetPASOEAdditionalPropertiesCommand.execute(GetPASOEAdditionalPropertiesCommand.java:34)
	at com.progress.openedge.pdt.explorer.oem.pasoe.commands.GetPASOEInstancesCommand.isProductionServer(GetPASOEInstancesCommand.java:104)
	at com.progress.openedge.pdt.explorer.oem.pasoe.commands.GetPASOEInstancesCommand.parseInstances(GetPASOEInstancesCommand.java:91)
	at com.progress.openedge.pdt.explorer.oem.pasoe.commands.GetPASOEInstancesCommand.getPASInstances(GetPASOEInstancesCommand.java:48)
	at com.progress.openedge.pdt.explorer.oem.communication.OEContainer.fetchPASOEInstances(OEContainer.java:283)
	at com.progress.openedge.pdt.explorer.oem.communication.OEContainer.getPASOEInstances(OEContainer.java:270)
	at com.progress.openedge.pdt.explorer.oem.communication.HTTPExplorerConnection.getPASOEInstances(HTTPExplorerConnection.java:927)
	at com.progress.openedge.pdt.explorer.oem.pasoe.PASOEBrokerPluginInput.getServersList(PASOEBrokerPluginInput.java:50)
	at com.progress.openedge.pdt.explorer.oem.pasoe.PASOEBrokerPluginInput.getChildren(PASOEBrokerPluginInput.java:43)
	at com.progress.openedge.pdt.explorer.model.oem.plugin.AbstractExplorerPlugin.cacheServices(AbstractExplorerPlugin.java:157)
	... 95 more
2021-11-02 13:50:16,999 [ERROR]  - An internal error occurred
org.eclipse.core.runtime.CoreException: Progress Application Server for OpenEdge explorer plugin not found at localhost:9090
	at com.openedge.pdt.server.broker.OpenEdgeBroker.getUBrokerPlugin(OpenEdgeBroker.java:324)
	at com.openedge.pdt.server.broker.OpenEdgeBroker.fetchUBrokerService(OpenEdgeBroker.java:362)
	at com.openedge.pdt.server.broker.OpenEdgeBroker.fetchUBrokerService(OpenEdgeBroker.java:345)
	at com.progress.openedge.pdt.pasoe.servertype.PASOEBroker.fetchUBrokerService(PASOEBroker.java:163)
	at com.progress.openedge.pdt.pasoe.utils.PASOEUtils.getPASOEManager(PASOEUtils.java:64)
	at com.progress.openedge.pdt.pasoe.commands.LogViewerCommand.selectionChanged(LogViewerCommand.java:65)
	at com.openedge.pdt.core.action.OEBaseHandler.<init>(OEBaseHandler.java:49)
	at com.progress.openedge.pdt.pasoe.commands.LogViewerCommand.<init>(LogViewerCommand.java:31)
	at java.base/jdk.internal.reflect.NativeConstructorAccessorImpl.newInstance0(Native Method)
	at java.base/jdk.internal.reflect.NativeConstructorAccessorImpl.newInstance(NativeConstructorAccessorImpl.java:62)
	at java.base/jdk.internal.reflect.DelegatingConstructorAccessorImpl.newInstance(DelegatingConstructorAccessorImpl.java:45)
	at java.base/java.lang.reflect.Constructor.newInstance(Constructor.java:490)
	at org.eclipse.core.internal.registry.osgi.RegistryStrategyOSGI.createExecutableExtension(RegistryStrategyOSGI.java:204)
	at org.eclipse.core.internal.registry.ExtensionRegistry.createExecutableExtension(ExtensionRegistry.java:934)
	at org.eclipse.core.internal.registry.ConfigurationElement.createExecutableExtension(ConfigurationElement.java:246)
	at org.eclipse.core.internal.registry.ConfigurationElementHandle.createExecutableExtension(ConfigurationElementHandle.java:63)
	at org.eclipse.ui.internal.handlers.HandlerProxy.loadHandler(HandlerProxy.java:342)
	at org.eclipse.ui.internal.handlers.HandlerProxy.setEnabled(HandlerProxy.java:227)
	at org.eclipse.ui.internal.handlers.E4HandlerProxy.setEnabled(E4HandlerProxy.java:131)
	at jdk.internal.reflect.GeneratedMethodAccessor9.invoke(Unknown Source)
	at java.base/jdk.internal.reflect.DelegatingMethodAccessorImpl.invoke(DelegatingMethodAccessorImpl.java:43)
	at java.base/java.lang.reflect.Method.invoke(Method.java:566)
	at org.eclipse.e4.core.internal.di.MethodRequestor.execute(MethodRequestor.java:58)
	at org.eclipse.e4.core.internal.di.InjectorImpl.invokeUsingClass(InjectorImpl.java:318)
	at org.eclipse.e4.core.internal.di.InjectorImpl.invoke(InjectorImpl.java:252)
	at org.eclipse.e4.core.contexts.ContextInjectionFactory.invoke(ContextInjectionFactory.java:173)
	at org.eclipse.e4.core.commands.internal.HandlerServiceHandler.setEnabled(HandlerServiceHandler.java:84)
	at org.eclipse.core.commands.Command.setEnabled(Command.java:866)
	at org.eclipse.e4.core.commands.internal.HandlerServiceImpl.canExecute(HandlerServiceImpl.java:179)
	at org.eclipse.e4.ui.workbench.renderers.swt.MenuManagerRendererFilter.updateElementVisibility(MenuManagerRendererFilter.java:223)
	at org.eclipse.e4.ui.workbench.renderers.swt.MenuManagerShowProcessor.showMenu(MenuManagerShowProcessor.java:258)
	at org.eclipse.e4.ui.workbench.renderers.swt.MenuManagerShowProcessor.menuAboutToHide(MenuManagerShowProcessor.java:115)
	at org.eclipse.jface.internal.MenuManagerEventHelper.showEventPostHelper(MenuManagerEventHelper.java:95)
	at org.eclipse.jface.action.MenuManager.handleAboutToShow(MenuManager.java:472)
	at org.eclipse.jface.action.MenuManager.access$1(MenuManager.java:466)
	at org.eclipse.jface.action.MenuManager$2.menuShown(MenuManager.java:498)
	at org.eclipse.swt.widgets.TypedListener.handleEvent(TypedListener.java:259)
	at org.eclipse.swt.widgets.EventTable.sendEvent(EventTable.java:89)
	at org.eclipse.swt.widgets.Display.sendEvent(Display.java:4173)
	at org.eclipse.swt.widgets.Widget.sendEvent(Widget.java:1057)
	at org.eclipse.swt.widgets.Widget.sendEvent(Widget.java:1081)
	at org.eclipse.swt.widgets.Widget.sendEvent(Widget.java:1062)
	at org.eclipse.swt.widgets.Control.WM_INITMENUPOPUP(Control.java:5134)
	at org.eclipse.swt.widgets.Control.windowProc(Control.java:4790)
	at org.eclipse.swt.widgets.Canvas.windowProc(Canvas.java:348)
	at org.eclipse.swt.widgets.Decorations.windowProc(Decorations.java:1501)
	at org.eclipse.swt.widgets.Shell.windowProc(Shell.java:2138)
	at org.eclipse.swt.widgets.Display.windowProc(Display.java:4812)
	at org.eclipse.swt.internal.win32.OS.TrackPopupMenu(Native Method)
	at org.eclipse.swt.widgets.Menu._setVisible(Menu.java:253)
	at org.eclipse.swt.widgets.Display.runPopups(Display.java:4027)
	at org.eclipse.swt.widgets.Display.readAndDispatch(Display.java:3579)
	at org.eclipse.e4.ui.internal.workbench.swt.PartRenderingEngine$5.run(PartRenderingEngine.java:1160)
	at org.eclipse.core.databinding.observable.Realm.runWithDefault(Realm.java:338)
	at org.eclipse.e4.ui.internal.workbench.swt.PartRenderingEngine.run(PartRenderingEngine.java:1049)
	at org.eclipse.e4.ui.internal.workbench.E4Workbench.createAndRunUI(E4Workbench.java:155)
	at org.eclipse.ui.internal.Workbench.lambda$3(Workbench.java:633)
	at org.eclipse.core.databinding.observable.Realm.runWithDefault(Realm.java:338)
	at org.eclipse.ui.internal.Workbench.createAndRunWorkbench(Workbench.java:557)
	at org.eclipse.ui.PlatformUI.createAndRunWorkbench(PlatformUI.java:150)
	at org.eclipse.ui.internal.ide.application.IDEApplication.start(IDEApplication.java:150)
	at org.eclipse.equinox.internal.app.EclipseAppHandle.run(EclipseAppHandle.java:203)
	at org.eclipse.core.runtime.internal.adaptor.EclipseAppLauncher.runApplication(EclipseAppLauncher.java:137)
	at org.eclipse.core.runtime.internal.adaptor.EclipseAppLauncher.start(EclipseAppLauncher.java:107)
	at org.eclipse.core.runtime.adaptor.EclipseStarter.run(EclipseStarter.java:400)
	at org.eclipse.core.runtime.adaptor.EclipseStarter.run(EclipseStarter.java:255)
	at java.base/jdk.internal.reflect.NativeMethodAccessorImpl.invoke0(Native Method)
	at java.base/jdk.internal.reflect.NativeMethodAccessorImpl.invoke(NativeMethodAccessorImpl.java:62)
	at java.base/jdk.internal.reflect.DelegatingMethodAccessorImpl.invoke(DelegatingMethodAccessorImpl.java:43)
	at java.base/java.lang.reflect.Method.invoke(Method.java:566)
	at org.eclipse.equinox.launcher.Main.invokeFramework(Main.java:660)
	at org.eclipse.equinox.launcher.Main.basicRun(Main.java:597)
	at org.eclipse.equinox.launcher.Main.run(Main.java:1468)
	at org.eclipse.equinox.launcher.Main.main(Main.java:1441)
Caused by: com.openedge.pdt.explorer.model.ProgressExplorerException: com.openedge.pdt.explorer.model.ProgressExplorerException: Container blazordemo is offline.
URL invoked: http://localhost:9090/oem/containers/blazordemo/pas/localhost:resource.openedge.pas.oepas1/properties

	at com.progress.openedge.pdt.explorer.model.oem.plugin.AbstractExplorerPlugin.cacheServices(AbstractExplorerPlugin.java:175)
	at com.progress.openedge.pdt.explorer.model.oem.plugin.AbstractExplorerPlugin.setPlugin(AbstractExplorerPlugin.java:63)
	at com.progress.openedge.pdt.explorer.model.oem.plugin.AbstractExplorerPlugin.<init>(AbstractExplorerPlugin.java:49)
	at com.progress.openedge.pdt.explorer.model.oem.plugin.AbstractBrokerPlugin.<init>(AbstractBrokerPlugin.java:23)
	at com.progress.openedge.pdt.explorer.oem.pasoe.PASOEBrokerPlugin.<init>(PASOEBrokerPlugin.java:27)
	at com.progress.openedge.pdt.explorer.oem.http.OEExplorerConnection.loadPlugin(OEExplorerConnection.java:191)
	at com.progress.openedge.pdt.explorer.oem.http.OEExplorerConnection.getPluginByName(OEExplorerConnection.java:129)
	at com.openedge.pdt.server.broker.OpenEdgeBroker.getUBrokerPlugin(OpenEdgeBroker.java:313)
	... 73 more
Caused by: com.openedge.pdt.explorer.model.ProgressExplorerException: Container blazordemo is offline.
URL invoked: http://localhost:9090/oem/containers/blazordemo/pas/localhost:resource.openedge.pas.oepas1/properties

	at com.progress.openedge.pdt.explorer.oem.communication.response.ResponseValidator.validateResponse(ResponseValidator.java:97)
	at com.progress.openedge.pdt.explorer.oem.communication.command.OEMHTTPCommand.validateResponse(OEMHTTPCommand.java:277)
	at com.progress.openedge.pdt.explorer.oem.communication.command.OEMHTTPCommand.doGet(OEMHTTPCommand.java:179)
	at com.progress.openedge.pdt.explorer.oem.pasoe.commands.GetPASOEAdditionalPropertiesCommand.execute(GetPASOEAdditionalPropertiesCommand.java:34)
	at com.progress.openedge.pdt.explorer.oem.pasoe.commands.GetPASOEInstancesCommand.isProductionServer(GetPASOEInstancesCommand.java:104)
	at com.progress.openedge.pdt.explorer.oem.pasoe.commands.GetPASOEInstancesCommand.parseInstances(GetPASOEInstancesCommand.java:91)
	at com.progress.openedge.pdt.explorer.oem.pasoe.commands.GetPASOEInstancesCommand.getPASInstances(GetPASOEInstancesCommand.java:48)
	at com.progress.openedge.pdt.explorer.oem.communication.OEContainer.fetchPASOEInstances(OEContainer.java:283)
	at com.progress.openedge.pdt.explorer.oem.communication.OEContainer.getPASOEInstances(OEContainer.java:270)
	at com.progress.openedge.pdt.explorer.oem.communication.HTTPExplorerConnection.getPASOEInstances(HTTPExplorerConnection.java:927)
	at com.progress.openedge.pdt.explorer.oem.pasoe.PASOEBrokerPluginInput.getServersList(PASOEBrokerPluginInput.java:50)
	at com.progress.openedge.pdt.explorer.oem.pasoe.PASOEBrokerPluginInput.getChildren(PASOEBrokerPluginInput.java:43)
	at com.progress.openedge.pdt.explorer.model.oem.plugin.AbstractExplorerPlugin.cacheServices(AbstractExplorerPlugin.java:157)
	... 80 more
