2021-11-09T09:52:42.990Z INFO  [Catalina-utility-1] o.a.catalina.core.ApplicationContext.log - No Spring WebApplicationInitializer types detected on classpath
2021-11-09T09:52:43.669Z INFO  [Catalina-utility-1] o.a.catalina.core.ApplicationContext.log - No Spring WebApplicationInitializer types detected on classpath
2021-11-09T09:52:43.804Z INFO  [Catalina-utility-1] o.a.catalina.core.ApplicationContext.log - Initializing Spring root WebApplicationContext
2021-11-09T09:52:57.627Z INFO  [Catalina-utility-1] o.a.catalina.core.ApplicationContext.log - Initializing Spring DispatcherServlet 'mvc-dispatch'
2021-11-09T09:53:01.684Z INFO  [Catalina-utility-1] o.a.catalina.core.ApplicationContext.log - No Spring WebApplicationInitializer types detected on classpath
2021-11-09T09:53:02.109Z INFO  [Catalina-utility-1] o.a.catalina.core.ApplicationContext.log - Initializing Spring root WebApplicationContext
2021-11-09T09:53:25.668Z INFO  [Catalina-utility-1] o.a.catalina.core.ApplicationContext.log - Initializing Spring DispatcherServlet 'mvc-dispatch'
2021-11-09T09:53:29.946Z INFO  [Catalina-utility-1] o.a.catalina.core.ApplicationContext.log - No Spring WebApplicationInitializer types detected on classpath
2021-11-09T09:53:31.532Z INFO  [Catalina-utility-1] o.a.catalina.core.ApplicationContext.log - Initializing Spring root WebApplicationContext
2021-11-09T09:53:44.250Z INFO  [Catalina-utility-1] o.a.catalina.core.ApplicationContext.log - Initializing Spring DispatcherServlet 'mvc-dispatch'
2021-11-09T13:09:34.370Z INFO  [thd-8] o.a.catalina.core.ApplicationContext.log - Manager: init: Associated with Deployer 'Catalina:type=Deployer,host=localhost'
2021-11-09T13:09:34.371Z INFO  [thd-8] o.a.catalina.core.ApplicationContext.log - Manager: init: Global resources are available
2021-11-09T13:09:34.374Z INFO  [thd-8] o.a.catalina.core.ApplicationContext.log - Manager: list: Listing contexts for virtual host 'localhost'
2021-11-09T13:09:34.452Z INFO  [thd-4] o.a.catalina.core.ApplicationContext.log - Manager: list: Listing contexts for virtual host 'localhost'
2021-11-09T19:13:08.680Z INFO  [Catalina-utility-2] o.a.catalina.core.ApplicationContext.log - Destroying Spring FrameworkServlet 'mvc-dispatch'
2021-11-09T19:13:10.399Z INFO  [Catalina-utility-2] o.a.catalina.core.ApplicationContext.log - Closing Spring root WebApplicationContext
2021-11-09T19:13:10.571Z INFO  [Catalina-utility-2] o.a.catalina.core.ApplicationContext.log - Destroying Spring FrameworkServlet 'mvc-dispatch'
2021-11-09T19:13:10.914Z INFO  [Catalina-utility-2] o.a.catalina.core.ApplicationContext.log - Closing Spring root WebApplicationContext
2021-11-09T19:13:11.039Z INFO  [Catalina-utility-2] o.a.catalina.core.ApplicationContext.log - Destroying Spring FrameworkServlet 'mvc-dispatch'
2021-11-09T19:13:11.055Z INFO  [Catalina-utility-2] o.a.catalina.core.ApplicationContext.log - Closing Spring root WebApplicationContext
