0:0:0:0:0:0:0:1 - anonymousUser [2021-11-09T13:06:33.315Z] "GET /restWeb/web/employee HTTP/1.1" 200 - restWeb:w:00000001 
0:0:0:0:0:0:0:1 - anonymousUser [2021-11-09T13:07:28.700Z] "GET / HTTP/1.1" 200 946 ROOT:f:00000001 
0:0:0:0:0:0:0:1 - anonymousUser [2021-11-09T13:07:28.784Z] "GET /css/app.css HTTP/1.1" 200 911 ROOT:f:00000003 
0:0:0:0:0:0:0:1 - anonymousUser [2021-11-09T13:07:28.790Z] "GET /sports2000.styles.css HTTP/1.1" 200 2896 ROOT:f:00000004 
0:0:0:0:0:0:0:1 - anonymousUser [2021-11-09T13:07:28.883Z] "GET /_content/Radzen.Blazor/css/default-base.css HTTP/1.1" 200 207689 ROOT:f:00000005 
0:0:0:0:0:0:0:1 - anonymousUser [2021-11-09T13:07:28.889Z] "GET /css/bootstrap/bootstrap.min.css HTTP/1.1" 200 155764 ROOT:f:00000002 
0:0:0:0:0:0:0:1 - anonymousUser [2021-11-09T13:07:28.924Z] "GET /_content/Radzen.Blazor/css/default.css HTTP/1.1" 200 324076 ROOT:f:00000006 
0:0:0:0:0:0:0:1 - anonymousUser [2021-11-09T13:07:28.965Z] "GET /_content/Radzen.Blazor/Radzen.Blazor.js HTTP/1.1" 200 49096 ROOT:f:00000007 
0:0:0:0:0:0:0:1 - anonymousUser [2021-11-09T13:07:28.995Z] "GET /css/open-iconic/font/css/open-iconic-bootstrap.min.css HTTP/1.1" 200 9395 ROOT:f:00000009 
0:0:0:0:0:0:0:1 - anonymousUser [2021-11-09T13:07:29.002Z] "GET /_framework/blazor.webassembly.js HTTP/1.1" 200 76966 ROOT:f:00000008 
0:0:0:0:0:0:0:1 - anonymousUser [2021-11-09T13:07:29.131Z] "GET /_framework/blazor.boot.json HTTP/1.1" 200 12303 ROOT:f:0000000a 
0:0:0:0:0:0:0:1 - anonymousUser [2021-11-09T13:07:29.165Z] "GET /_content/Radzen.Blazor/fonts/SourceSansPro-Regular.woff HTTP/1.1" 200 133352 ROOT:f:0000000b 
0:0:0:0:0:0:0:1 - anonymousUser [2021-11-09T13:07:29.310Z] "GET /_framework/dotnet.6.0.0-rc.2.21480.5.js HTTP/1.1" 200 242171 ROOT:f:0000000c 
0:0:0:0:0:0:0:1 - anonymousUser [2021-11-09T13:07:32.017Z] "GET /Progress_Software_logo.png HTTP/1.1" 200 5466 ROOT:f:0000000d 
0:0:0:0:0:0:0:1 - anonymousUser [2021-11-09T13:07:32.163Z] "GET /css/open-iconic/font/fonts/open-iconic.woff HTTP/1.1" 200 14984 ROOT:f:0000000f 
0:0:0:0:0:0:0:1 - anonymousUser [2021-11-09T13:07:32.176Z] "GET /_content/Radzen.Blazor/fonts/SourceSansPro-Bold.woff HTTP/1.1" 200 135828 ROOT:f:0000000e 
0:0:0:0:0:0:0:1 - anonymousUser [2021-11-09T13:07:58.265Z] "GET /restWeb/web/department HTTP/1.1" 200 - restWeb:w:00000002 
0:0:0:0:0:0:0:1 - anonymousUser [2021-11-09T13:07:58.342Z] "GET /restWeb/web/employee HTTP/1.1" 200 - restWeb:w:00000003 
0:0:0:0:0:0:0:1 - anonymousUser [2021-11-09T13:07:58.814Z] "GET /_content/Radzen.Blazor/fonts/MaterialIcons-Regular.woff HTTP/1.1" 200 117212 ROOT:f:00000010 
0:0:0:0:0:0:0:1 - anonymousUser [2021-11-09T13:08:05.882Z] "GET /Progress_Software_logo.png HTTP/1.1" 200 5466 ROOT:f:00000011 
127.0.0.1 - - [2021-11-09T13:09:34.379Z] "GET /manager/text/list HTTP/1.1" 200 - - 
127.0.0.1 - - [2021-11-09T13:09:34.456Z] "GET /manager/text/list HTTP/1.1" 200 - - 
0:0:0:0:0:0:0:1 - anonymousUser [2021-11-09T14:33:36.063Z] "GET /restWeb/web/employee HTTP/1.1" 200 - restWeb:w:00000004 
0:0:0:0:0:0:0:1 - anonymousUser [2021-11-09T14:36:30.940Z] "GET /restWeb/web/department HTTP/1.1" 200 - restWeb:w:00000005 
0:0:0:0:0:0:0:1 - anonymousUser [2021-11-09T14:36:30.978Z] "GET /restWeb/web/employee HTTP/1.1" 200 - restWeb:w:00000006 
0:0:0:0:0:0:0:1 - anonymousUser [2021-11-09T14:37:02.756Z] "GET / HTTP/1.1" 200 946 ROOT:f:00000012 
0:0:0:0:0:0:0:1 - anonymousUser [2021-11-09T14:37:02.847Z] "GET /css/app.css HTTP/1.1" 200 911 ROOT:f:00000014 
0:0:0:0:0:0:0:1 - anonymousUser [2021-11-09T14:37:02.852Z] "GET /sports2000.styles.css HTTP/1.1" 200 2896 ROOT:f:00000015 
0:0:0:0:0:0:0:1 - anonymousUser [2021-11-09T14:37:02.850Z] "GET /css/bootstrap/bootstrap.min.css HTTP/1.1" 200 155764 ROOT:f:00000013 
0:0:0:0:0:0:0:1 - anonymousUser [2021-11-09T14:37:02.866Z] "GET /_content/Radzen.Blazor/css/default-base.css HTTP/1.1" 200 207689 ROOT:f:00000016 
0:0:0:0:0:0:0:1 - anonymousUser [2021-11-09T14:37:02.883Z] "GET /_content/Radzen.Blazor/css/default.css HTTP/1.1" 200 324076 ROOT:f:00000017 
0:0:0:0:0:0:0:1 - anonymousUser [2021-11-09T14:37:02.884Z] "GET /_content/Radzen.Blazor/Radzen.Blazor.js HTTP/1.1" 200 49096 ROOT:f:00000018 
0:0:0:0:0:0:0:1 - anonymousUser [2021-11-09T14:37:02.889Z] "GET /css/open-iconic/font/css/open-iconic-bootstrap.min.css HTTP/1.1" 200 9395 ROOT:f:0000001a 
0:0:0:0:0:0:0:1 - anonymousUser [2021-11-09T14:37:02.890Z] "GET /_framework/blazor.webassembly.js HTTP/1.1" 200 76966 ROOT:f:00000019 
0:0:0:0:0:0:0:1 - anonymousUser [2021-11-09T14:37:02.982Z] "GET /_framework/blazor.boot.json HTTP/1.1" 200 12303 ROOT:f:0000001b 
0:0:0:0:0:0:0:1 - anonymousUser [2021-11-09T14:37:03.099Z] "GET /_content/Radzen.Blazor/fonts/SourceSansPro-Regular.woff HTTP/1.1" 200 133352 ROOT:f:0000001c 
0:0:0:0:0:0:0:1 - anonymousUser [2021-11-09T14:37:03.208Z] "GET /_framework/dotnet.6.0.0-rc.2.21480.5.js HTTP/1.1" 200 242171 ROOT:f:0000001d 
0:0:0:0:0:0:0:1 - anonymousUser [2021-11-09T14:37:06.274Z] "GET /Progress_Software_logo.png HTTP/1.1" 200 5466 ROOT:f:0000001e 
0:0:0:0:0:0:0:1 - anonymousUser [2021-11-09T14:37:06.466Z] "GET /_content/Radzen.Blazor/fonts/SourceSansPro-Bold.woff HTTP/1.1" 200 135828 ROOT:f:00000020 
0:0:0:0:0:0:0:1 - anonymousUser [2021-11-09T14:37:06.467Z] "GET /css/open-iconic/font/fonts/open-iconic.woff HTTP/1.1" 200 14984 ROOT:f:0000001f 
0:0:0:0:0:0:0:1 - anonymousUser [2021-11-09T15:11:35.792Z] "GET /restWeb/web/employee HTTP/1.1" 200 - restWeb:w:00000007 
0:0:0:0:0:0:0:1 - anonymousUser [2021-11-09T15:14:22.212Z] "GET /restWeb/web/department HTTP/1.1" 200 - restWeb:w:00000008 
0:0:0:0:0:0:0:1 - anonymousUser [2021-11-09T15:14:22.305Z] "GET /restWeb/web/employee HTTP/1.1" 200 - restWeb:w:00000009 
0:0:0:0:0:0:0:1 - anonymousUser [2021-11-09T15:14:22.749Z] "GET /_content/Radzen.Blazor/fonts/MaterialIcons-Regular.woff HTTP/1.1" 200 117212 ROOT:f:00000021 
0:0:0:0:0:0:0:1 - anonymousUser [2021-11-09T17:33:17.375Z] "GET /restWeb/web/employee HTTP/1.1" 200 - restWeb:w:0000000a 
0:0:0:0:0:0:0:1 - anonymousUser [2021-11-09T17:37:35.318Z] "GET /restWeb/web/department HTTP/1.1" 200 - restWeb:w:0000000b 
0:0:0:0:0:0:0:1 - anonymousUser [2021-11-09T17:37:35.360Z] "GET /restWeb/web/employee HTTP/1.1" 200 - restWeb:w:0000000c 
