0:0:0:0:0:0:0:1 - anonymousUser [2021-11-04T10:10:12.105Z] "GET / HTTP/1.1" 200 946 ROOT:f:00000001 
0:0:0:0:0:0:0:1 - anonymousUser [2021-11-04T10:10:12.178Z] "GET /css/app.css HTTP/1.1" 200 911 ROOT:f:00000003 
0:0:0:0:0:0:0:1 - anonymousUser [2021-11-04T10:10:12.184Z] "GET /css/bootstrap/bootstrap.min.css HTTP/1.1" 200 155764 ROOT:f:00000002 
0:0:0:0:0:0:0:1 - anonymousUser [2021-11-04T10:10:12.188Z] "GET /sports2000.styles.css HTTP/1.1" 200 2896 ROOT:f:00000004 
0:0:0:0:0:0:0:1 - anonymousUser [2021-11-04T10:10:12.299Z] "GET /_content/Radzen.Blazor/css/default.css HTTP/1.1" 200 324076 ROOT:f:00000007 
0:0:0:0:0:0:0:1 - anonymousUser [2021-11-04T10:10:12.310Z] "GET /_content/Radzen.Blazor/Radzen.Blazor.js HTTP/1.1" 200 49096 ROOT:f:00000005 
0:0:0:0:0:0:0:1 - anonymousUser [2021-11-04T10:10:12.319Z] "GET /_content/Radzen.Blazor/css/default-base.css HTTP/1.1" 200 207689 ROOT:f:00000006 
0:0:0:0:0:0:0:1 - anonymousUser [2021-11-04T10:10:12.358Z] "GET /_framework/blazor.webassembly.js HTTP/1.1" 200 76966 ROOT:f:00000008 
0:0:0:0:0:0:0:1 - anonymousUser [2021-11-04T10:10:13.222Z] "GET / HTTP/1.1" 200 946 ROOT:f:00000009 
0:0:0:0:0:0:0:1 - anonymousUser [2021-11-04T10:10:13.319Z] "GET /sports2000.styles.css HTTP/1.1" 200 2896 ROOT:f:0000000c 
0:0:0:0:0:0:0:1 - anonymousUser [2021-11-04T10:10:13.319Z] "GET /css/bootstrap/bootstrap.min.css HTTP/1.1" 200 155764 ROOT:f:0000000b 
0:0:0:0:0:0:0:1 - anonymousUser [2021-11-04T10:10:13.343Z] "GET /_content/Radzen.Blazor/css/default.css HTTP/1.1" 200 324076 ROOT:f:0000000d 
0:0:0:0:0:0:0:1 - anonymousUser [2021-11-04T10:10:13.323Z] "GET /css/app.css HTTP/1.1" 200 911 ROOT:f:0000000a 
0:0:0:0:0:0:0:1 - anonymousUser [2021-11-04T10:10:13.353Z] "GET /_content/Radzen.Blazor/css/default-base.css HTTP/1.1" 200 207689 ROOT:f:0000000e 
0:0:0:0:0:0:0:1 - anonymousUser [2021-11-04T10:10:13.365Z] "GET /_content/Radzen.Blazor/Radzen.Blazor.js HTTP/1.1" 200 49096 ROOT:f:0000000f 
0:0:0:0:0:0:0:1 - anonymousUser [2021-11-04T10:10:13.388Z] "GET /_framework/blazor.webassembly.js HTTP/1.1" 200 76966 ROOT:f:00000010 
0:0:0:0:0:0:0:1 - anonymousUser [2021-11-04T10:10:13.467Z] "GET /css/open-iconic/font/css/open-iconic-bootstrap.min.css HTTP/1.1" 200 9395 ROOT:f:00000011 
0:0:0:0:0:0:0:1 - anonymousUser [2021-11-04T10:10:13.594Z] "GET /_framework/blazor.boot.json HTTP/1.1" 200 12303 ROOT:f:00000012 
0:0:0:0:0:0:0:1 - anonymousUser [2021-11-04T10:10:13.788Z] "GET /_content/Radzen.Blazor/fonts/SourceSansPro-Regular.woff HTTP/1.1" 200 133352 ROOT:f:00000013 
0:0:0:0:0:0:0:1 - anonymousUser [2021-11-04T10:10:13.982Z] "GET /_framework/dotnet.6.0.0-rc.2.21480.5.js HTTP/1.1" 200 242171 ROOT:f:00000014 
0:0:0:0:0:0:0:1 - anonymousUser [2021-11-04T10:10:14.106Z] "GET /_framework/sports2000.dll HTTP/1.1" 200 29184 ROOT:f:00000015 
0:0:0:0:0:0:0:1 - anonymousUser [2021-11-04T10:10:16.851Z] "GET /Progress_Software_logo.png HTTP/1.1" 200 5466 ROOT:f:00000016 
0:0:0:0:0:0:0:1 - anonymousUser [2021-11-04T10:10:17.054Z] "GET /css/open-iconic/font/fonts/open-iconic.woff HTTP/1.1" 200 14984 ROOT:f:00000017 
0:0:0:0:0:0:0:1 - anonymousUser [2021-11-04T10:10:17.086Z] "GET /_content/Radzen.Blazor/fonts/SourceSansPro-Bold.woff HTTP/1.1" 200 135828 ROOT:f:00000018 
0:0:0:0:0:0:0:1 - anonymousUser [2021-11-04T10:10:26.560Z] "GET /restWeb/web/department HTTP/1.1" 200 - restWeb:w:00000001 
0:0:0:0:0:0:0:1 - anonymousUser [2021-11-04T10:10:26.718Z] "GET /restWeb/web/employee HTTP/1.1" 200 - restWeb:w:00000002 
0:0:0:0:0:0:0:1 - anonymousUser [2021-11-04T10:10:27.304Z] "GET /_content/Radzen.Blazor/fonts/MaterialIcons-Regular.woff HTTP/1.1" 200 117212 ROOT:f:00000019 
0:0:0:0:0:0:0:1 - anonymousUser [2021-11-04T10:11:53.383Z] "GET /Progress_Software_logo.png HTTP/1.1" 200 5466 ROOT:f:0000001a 
0:0:0:0:0:0:0:1 - anonymousUser [2021-11-04T10:12:00.520Z] "GET /restWeb/web/department HTTP/1.1" 200 - restWeb:w:00000003 
0:0:0:0:0:0:0:1 - anonymousUser [2021-11-04T10:12:00.594Z] "GET /restWeb/web/employee HTTP/1.1" 200 - restWeb:w:00000004 
0:0:0:0:0:0:0:1 - anonymousUser [2021-11-04T10:12:02.218Z] "GET /Progress_Software_logo.png HTTP/1.1" 200 5466 ROOT:f:0000001b 
127.0.0.1 - - [2021-11-04T10:13:36.072Z] "GET /manager/text/list HTTP/1.1" 200 - - 
127.0.0.1 - - [2021-11-04T10:13:39.933Z] "GET /manager/text/list HTTP/1.1" 200 - - 
0:0:0:0:0:0:0:1 - anonymousUser [2021-11-04T10:14:37.080Z] "GET / HTTP/1.1" 200 946 ROOT:f:0000001c 
0:0:0:0:0:0:0:1 - anonymousUser [2021-11-04T10:14:37.165Z] "GET /css/app.css HTTP/1.1" 200 911 ROOT:f:0000001e 
0:0:0:0:0:0:0:1 - anonymousUser [2021-11-04T10:14:37.172Z] "GET /css/bootstrap/bootstrap.min.css HTTP/1.1" 200 155764 ROOT:f:0000001d 
0:0:0:0:0:0:0:1 - anonymousUser [2021-11-04T10:14:37.176Z] "GET /sports2000.styles.css HTTP/1.1" 200 2896 ROOT:f:0000001f 
0:0:0:0:0:0:0:1 - anonymousUser [2021-11-04T10:14:37.196Z] "GET /_content/Radzen.Blazor/css/default-base.css HTTP/1.1" 200 207689 ROOT:f:00000020 
0:0:0:0:0:0:0:1 - anonymousUser [2021-11-04T10:14:37.219Z] "GET /_content/Radzen.Blazor/Radzen.Blazor.js HTTP/1.1" 200 49096 ROOT:f:00000022 
0:0:0:0:0:0:0:1 - anonymousUser [2021-11-04T10:14:37.221Z] "GET /_content/Radzen.Blazor/css/default.css HTTP/1.1" 200 324076 ROOT:f:00000021 
0:0:0:0:0:0:0:1 - anonymousUser [2021-11-04T10:14:37.228Z] "GET /_framework/blazor.webassembly.js HTTP/1.1" 200 76966 ROOT:f:00000023 
0:0:0:0:0:0:0:1 - anonymousUser [2021-11-04T10:14:37.234Z] "GET /css/open-iconic/font/css/open-iconic-bootstrap.min.css HTTP/1.1" 200 9395 ROOT:f:00000024 
0:0:0:0:0:0:0:1 - anonymousUser [2021-11-04T10:14:37.363Z] "GET /_framework/blazor.boot.json HTTP/1.1" 200 12303 ROOT:f:00000025 
0:0:0:0:0:0:0:1 - anonymousUser [2021-11-04T10:14:37.549Z] "GET /_framework/dotnet.6.0.0-rc.2.21480.5.js HTTP/1.1" 200 242171 ROOT:f:00000026 
0:0:0:0:0:0:0:1 - anonymousUser [2021-11-04T10:14:37.561Z] "GET /_content/Radzen.Blazor/fonts/SourceSansPro-Regular.woff HTTP/1.1" 200 133352 ROOT:f:00000027 
0:0:0:0:0:0:0:1 - anonymousUser [2021-11-04T10:14:37.640Z] "GET /favicon.ico HTTP/1.1" 200 5430 ROOT:f:00000028 
0:0:0:0:0:0:0:1 - anonymousUser [2021-11-04T10:14:38.562Z] "GET /Progress_Software_logo.png HTTP/1.1" 200 5466 ROOT:f:00000029 
0:0:0:0:0:0:0:1 - anonymousUser [2021-11-04T10:14:38.595Z] "GET /css/open-iconic/font/fonts/open-iconic.woff HTTP/1.1" 200 14984 ROOT:f:0000002a 
0:0:0:0:0:0:0:1 - anonymousUser [2021-11-04T10:14:38.608Z] "GET /_content/Radzen.Blazor/fonts/SourceSansPro-Bold.woff HTTP/1.1" 200 135828 ROOT:f:0000002b 
0:0:0:0:0:0:0:1 - anonymousUser [2021-11-04T10:14:42.882Z] "GET /restWeb/web/department HTTP/1.1" 200 - restWeb:w:00000005 
0:0:0:0:0:0:0:1 - anonymousUser [2021-11-04T10:14:43.081Z] "GET /restWeb/web/employee HTTP/1.1" 200 - restWeb:w:00000006 
0:0:0:0:0:0:0:1 - anonymousUser [2021-11-04T10:14:44.350Z] "GET /_content/Radzen.Blazor/fonts/MaterialIcons-Regular.woff HTTP/1.1" 200 117212 ROOT:f:0000002c 
0:0:0:0:0:0:0:1 - anonymousUser [2021-11-04T10:14:46.309Z] "GET /Progress_Software_logo.png HTTP/1.1" 200 5466 ROOT:f:0000002d 
0:0:0:0:0:0:0:1 - anonymousUser [2021-11-04T10:48:01.995Z] "GET /restWeb/web/employee HTTP/1.1" 200 - restWeb:w:00000007 
0:0:0:0:0:0:0:1 - anonymousUser [2021-11-04T10:50:56.050Z] "GET /restWeb/web/department HTTP/1.1" 200 - restWeb:w:00000008 
0:0:0:0:0:0:0:1 - anonymousUser [2021-11-04T10:50:56.105Z] "GET /restWeb/web/employee HTTP/1.1" 200 - restWeb:w:00000009 
0:0:0:0:0:0:0:1 - anonymousUser [2021-11-04T10:53:09.907Z] "GET / HTTP/1.1" 200 946 ROOT:f:0000002e 
0:0:0:0:0:0:0:1 - anonymousUser [2021-11-04T10:53:10.100Z] "GET /css/bootstrap/bootstrap.min.css HTTP/1.1" 200 155764 ROOT:f:0000002f 
0:0:0:0:0:0:0:1 - anonymousUser [2021-11-04T10:53:10.102Z] "GET /css/app.css HTTP/1.1" 200 911 ROOT:f:00000030 
0:0:0:0:0:0:0:1 - anonymousUser [2021-11-04T10:53:10.129Z] "GET /sports2000.styles.css HTTP/1.1" 200 2896 ROOT:f:00000031 
0:0:0:0:0:0:0:1 - anonymousUser [2021-11-04T10:53:10.146Z] "GET /_content/Radzen.Blazor/css/default-base.css HTTP/1.1" 200 207689 ROOT:f:00000032 
0:0:0:0:0:0:0:1 - anonymousUser [2021-11-04T10:53:10.158Z] "GET /_content/Radzen.Blazor/css/default.css HTTP/1.1" 200 324076 ROOT:f:00000033 
0:0:0:0:0:0:0:1 - anonymousUser [2021-11-04T10:53:10.179Z] "GET /_content/Radzen.Blazor/Radzen.Blazor.js HTTP/1.1" 200 49096 ROOT:f:00000034 
0:0:0:0:0:0:0:1 - anonymousUser [2021-11-04T10:53:10.203Z] "GET /_framework/blazor.webassembly.js HTTP/1.1" 200 76966 ROOT:f:00000035 
0:0:0:0:0:0:0:1 - anonymousUser [2021-11-04T10:53:10.886Z] "GET / HTTP/1.1" 200 946 ROOT:f:00000036 
0:0:0:0:0:0:0:1 - anonymousUser [2021-11-04T10:53:11.033Z] "GET /css/app.css HTTP/1.1" 200 911 ROOT:f:00000038 
0:0:0:0:0:0:0:1 - anonymousUser [2021-11-04T10:53:11.041Z] "GET /css/bootstrap/bootstrap.min.css HTTP/1.1" 200 155764 ROOT:f:00000037 
0:0:0:0:0:0:0:1 - anonymousUser [2021-11-04T10:53:11.046Z] "GET /sports2000.styles.css HTTP/1.1" 200 2896 ROOT:f:00000039 
0:0:0:0:0:0:0:1 - anonymousUser [2021-11-04T10:53:11.061Z] "GET /_content/Radzen.Blazor/css/default-base.css HTTP/1.1" 200 207689 ROOT:f:0000003a 
0:0:0:0:0:0:0:1 - anonymousUser [2021-11-04T10:53:11.083Z] "GET /_content/Radzen.Blazor/css/default.css HTTP/1.1" 200 324076 ROOT:f:0000003b 
0:0:0:0:0:0:0:1 - anonymousUser [2021-11-04T10:53:11.093Z] "GET /_content/Radzen.Blazor/Radzen.Blazor.js HTTP/1.1" 200 49096 ROOT:f:0000003c 
0:0:0:0:0:0:0:1 - anonymousUser [2021-11-04T10:53:11.094Z] "GET /_framework/blazor.webassembly.js HTTP/1.1" 200 76966 ROOT:f:0000003d 
0:0:0:0:0:0:0:1 - anonymousUser [2021-11-04T10:53:11.162Z] "GET /css/open-iconic/font/css/open-iconic-bootstrap.min.css HTTP/1.1" 200 9395 ROOT:f:0000003e 
0:0:0:0:0:0:0:1 - anonymousUser [2021-11-04T10:53:11.262Z] "GET /_framework/blazor.boot.json HTTP/1.1" 200 12303 ROOT:f:0000003f 
0:0:0:0:0:0:0:1 - anonymousUser [2021-11-04T10:53:11.400Z] "GET /_content/Radzen.Blazor/fonts/SourceSansPro-Regular.woff HTTP/1.1" 200 133352 ROOT:f:00000040 
0:0:0:0:0:0:0:1 - anonymousUser [2021-11-04T10:53:11.545Z] "GET /_framework/dotnet.6.0.0-rc.2.21480.5.js HTTP/1.1" 200 242171 ROOT:f:00000041 
0:0:0:0:0:0:0:1 - anonymousUser [2021-11-04T10:53:15.451Z] "GET /Progress_Software_logo.png HTTP/1.1" 200 5466 ROOT:f:00000042 
0:0:0:0:0:0:0:1 - anonymousUser [2021-11-04T10:53:15.613Z] "GET /css/open-iconic/font/fonts/open-iconic.woff HTTP/1.1" 200 14984 ROOT:f:00000043 
0:0:0:0:0:0:0:1 - anonymousUser [2021-11-04T10:53:15.627Z] "GET /_content/Radzen.Blazor/fonts/SourceSansPro-Bold.woff HTTP/1.1" 200 135828 ROOT:f:00000044 
