0:0:0:0:0:0:0:1 - anonymousUser [2021-11-05T09:53:54.070Z] "GET / HTTP/1.1" 200 946 ROOT:f:00000001 
0:0:0:0:0:0:0:1 - anonymousUser [2021-11-05T09:53:54.132Z] "GET /css/app.css HTTP/1.1" 200 911 ROOT:f:00000003 
0:0:0:0:0:0:0:1 - anonymousUser [2021-11-05T09:53:54.133Z] "GET /sports2000.styles.css HTTP/1.1" 200 2896 ROOT:f:00000004 
0:0:0:0:0:0:0:1 - anonymousUser [2021-11-05T09:53:54.143Z] "GET /css/bootstrap/bootstrap.min.css HTTP/1.1" 200 155764 ROOT:f:00000002 
0:0:0:0:0:0:0:1 - anonymousUser [2021-11-05T09:53:54.216Z] "GET /_content/Radzen.Blazor/css/default-base.css HTTP/1.1" 200 207689 ROOT:f:00000005 
0:0:0:0:0:0:0:1 - anonymousUser [2021-11-05T09:53:54.220Z] "GET /_content/Radzen.Blazor/Radzen.Blazor.js HTTP/1.1" 200 49096 ROOT:f:00000007 
0:0:0:0:0:0:0:1 - anonymousUser [2021-11-05T09:53:54.227Z] "GET /_content/Radzen.Blazor/css/default.css HTTP/1.1" 200 324076 ROOT:f:00000006 
0:0:0:0:0:0:0:1 - anonymousUser [2021-11-05T09:53:54.307Z] "GET /_framework/blazor.webassembly.js HTTP/1.1" 200 76966 ROOT:f:00000008 
0:0:0:0:0:0:0:1 - anonymousUser [2021-11-05T09:53:55.088Z] "GET / HTTP/1.1" 200 946 ROOT:f:00000009 
0:0:0:0:0:0:0:1 - anonymousUser [2021-11-05T09:53:55.155Z] "GET /css/bootstrap/bootstrap.min.css HTTP/1.1" 200 155764 ROOT:f:0000000a 
0:0:0:0:0:0:0:1 - anonymousUser [2021-11-05T09:53:55.156Z] "GET /css/app.css HTTP/1.1" 200 911 ROOT:f:0000000b 
0:0:0:0:0:0:0:1 - anonymousUser [2021-11-05T09:53:55.176Z] "GET /sports2000.styles.css HTTP/1.1" 200 2896 ROOT:f:0000000c 
0:0:0:0:0:0:0:1 - anonymousUser [2021-11-05T09:53:55.192Z] "GET /_content/Radzen.Blazor/css/default-base.css HTTP/1.1" 200 207689 ROOT:f:0000000d 
0:0:0:0:0:0:0:1 - anonymousUser [2021-11-05T09:53:55.220Z] "GET /_content/Radzen.Blazor/css/default.css HTTP/1.1" 200 324076 ROOT:f:0000000e 
0:0:0:0:0:0:0:1 - anonymousUser [2021-11-05T09:53:55.227Z] "GET /_content/Radzen.Blazor/Radzen.Blazor.js HTTP/1.1" 200 49096 ROOT:f:0000000f 
0:0:0:0:0:0:0:1 - anonymousUser [2021-11-05T09:53:55.243Z] "GET /_framework/blazor.webassembly.js HTTP/1.1" 200 76966 ROOT:f:00000010 
0:0:0:0:0:0:0:1 - anonymousUser [2021-11-05T09:53:55.278Z] "GET /css/open-iconic/font/css/open-iconic-bootstrap.min.css HTTP/1.1" 200 9395 ROOT:f:00000011 
0:0:0:0:0:0:0:1 - anonymousUser [2021-11-05T09:53:55.370Z] "GET /_framework/blazor.boot.json HTTP/1.1" 200 12303 ROOT:f:00000012 
0:0:0:0:0:0:0:1 - anonymousUser [2021-11-05T09:53:55.472Z] "GET /_content/Radzen.Blazor/fonts/SourceSansPro-Regular.woff HTTP/1.1" 200 133352 ROOT:f:00000013 
0:0:0:0:0:0:0:1 - anonymousUser [2021-11-05T09:53:55.628Z] "GET /_framework/dotnet.6.0.0-rc.2.21480.5.js HTTP/1.1" 200 242171 ROOT:f:00000014 
0:0:0:0:0:0:0:1 - anonymousUser [2021-11-05T09:53:58.278Z] "GET /Progress_Software_logo.png HTTP/1.1" 200 5466 ROOT:f:00000015 
0:0:0:0:0:0:0:1 - anonymousUser [2021-11-05T09:53:58.492Z] "GET /css/open-iconic/font/fonts/open-iconic.woff HTTP/1.1" 200 14984 ROOT:f:00000016 
0:0:0:0:0:0:0:1 - anonymousUser [2021-11-05T09:53:58.522Z] "GET /_content/Radzen.Blazor/fonts/SourceSansPro-Bold.woff HTTP/1.1" 200 135828 ROOT:f:00000017 
0:0:0:0:0:0:0:1 - anonymousUser [2021-11-05T09:54:02.982Z] "GET /restWeb/web/employee HTTP/1.1" 200 - restWeb:w:00000001 
127.0.0.1 - - [2021-11-05T09:54:55.429Z] "GET /manager/text/list HTTP/1.1" 200 - - 
127.0.0.1 - - [2021-11-05T09:54:55.434Z] "GET /manager/text/list HTTP/1.1" 200 - - 
0:0:0:0:0:0:0:1 - anonymousUser [2021-11-05T09:57:46.463Z] "GET / HTTP/1.1" 200 946 ROOT:f:00000018 
0:0:0:0:0:0:0:1 - anonymousUser [2021-11-05T09:57:47.017Z] "GET /css/bootstrap/bootstrap.min.css HTTP/1.1" 200 155764 ROOT:f:00000019 
0:0:0:0:0:0:0:1 - anonymousUser [2021-11-05T09:57:47.112Z] "GET /css/app.css HTTP/1.1" 200 911 ROOT:f:0000001a 
0:0:0:0:0:0:0:1 - anonymousUser [2021-11-05T09:57:47.123Z] "GET /sports2000.styles.css HTTP/1.1" 200 2896 ROOT:f:0000001b 
0:0:0:0:0:0:0:1 - anonymousUser [2021-11-05T09:57:47.153Z] "GET /_content/Radzen.Blazor/css/default-base.css HTTP/1.1" 200 207689 ROOT:f:0000001c 
0:0:0:0:0:0:0:1 - anonymousUser [2021-11-05T09:57:47.167Z] "GET /_content/Radzen.Blazor/css/default.css HTTP/1.1" 200 324076 ROOT:f:0000001d 
0:0:0:0:0:0:0:1 - anonymousUser [2021-11-05T09:57:47.694Z] "GET / HTTP/1.1" 200 946 ROOT:f:0000001e 
0:0:0:0:0:0:0:1 - anonymousUser [2021-11-05T09:57:47.864Z] "GET /css/bootstrap/bootstrap.min.css HTTP/1.1" 200 155764 ROOT:f:0000001f 
0:0:0:0:0:0:0:1 - anonymousUser [2021-11-05T09:57:47.868Z] "GET /css/app.css HTTP/1.1" 200 911 ROOT:f:00000020 
0:0:0:0:0:0:0:1 - anonymousUser [2021-11-05T09:57:47.877Z] "GET /sports2000.styles.css HTTP/1.1" 200 2896 ROOT:f:00000021 
0:0:0:0:0:0:0:1 - anonymousUser [2021-11-05T09:57:47.917Z] "GET /_content/Radzen.Blazor/css/default-base.css HTTP/1.1" 200 207689 ROOT:f:00000022 
0:0:0:0:0:0:0:1 - anonymousUser [2021-11-05T09:57:47.938Z] "GET /_content/Radzen.Blazor/css/default.css HTTP/1.1" 200 324076 ROOT:f:00000023 
0:0:0:0:0:0:0:1 - anonymousUser [2021-11-05T09:57:48.012Z] "GET /_content/Radzen.Blazor/Radzen.Blazor.js HTTP/1.1" 200 49096 ROOT:f:00000024 
0:0:0:0:0:0:0:1 - anonymousUser [2021-11-05T09:57:48.022Z] "GET /_framework/blazor.webassembly.js HTTP/1.1" 200 76966 ROOT:f:00000025 
0:0:0:0:0:0:0:1 - anonymousUser [2021-11-05T09:57:48.158Z] "GET /css/open-iconic/font/css/open-iconic-bootstrap.min.css HTTP/1.1" 200 9395 ROOT:f:00000026 
0:0:0:0:0:0:0:1 - anonymousUser [2021-11-05T09:57:48.193Z] "GET /_framework/blazor.boot.json HTTP/1.1" 200 12303 ROOT:f:00000027 
0:0:0:0:0:0:0:1 - anonymousUser [2021-11-05T09:57:48.268Z] "GET /_content/Radzen.Blazor/Radzen.Blazor.js HTTP/1.1" 200 49096 ROOT:f:00000028 
0:0:0:0:0:0:0:1 - anonymousUser [2021-11-05T09:57:48.459Z] "GET /_content/Radzen.Blazor/fonts/SourceSansPro-Regular.woff HTTP/1.1" 200 133352 ROOT:f:00000029 
0:0:0:0:0:0:0:1 - anonymousUser [2021-11-05T09:57:48.492Z] "GET /_framework/dotnet.6.0.0-rc.2.21480.5.js HTTP/1.1" 200 242171 ROOT:f:0000002a 
0:0:0:0:0:0:0:1 - anonymousUser [2021-11-05T09:57:51.286Z] "GET /Progress_Software_logo.png HTTP/1.1" 200 5466 ROOT:f:0000002b 
0:0:0:0:0:0:0:1 - anonymousUser [2021-11-05T09:57:51.368Z] "GET /css/open-iconic/font/fonts/open-iconic.woff HTTP/1.1" 200 14984 ROOT:f:0000002c 
0:0:0:0:0:0:0:1 - anonymousUser [2021-11-05T09:57:51.371Z] "GET /_content/Radzen.Blazor/fonts/SourceSansPro-Bold.woff HTTP/1.1" 200 135828 ROOT:f:0000002d 
0:0:0:0:0:0:0:1 - anonymousUser [2021-11-05T10:33:12.748Z] "GET /restWeb/web/employee HTTP/1.1" 200 - restWeb:w:00000002 
0:0:0:0:0:0:0:1 - anonymousUser [2021-11-05T10:36:50.772Z] "GET / HTTP/1.1" 200 946 ROOT:f:0000002e 
0:0:0:0:0:0:0:1 - anonymousUser [2021-11-05T10:36:50.837Z] "GET /css/app.css HTTP/1.1" 200 911 ROOT:f:00000030 
0:0:0:0:0:0:0:1 - anonymousUser [2021-11-05T10:36:50.840Z] "GET /css/bootstrap/bootstrap.min.css HTTP/1.1" 200 155764 ROOT:f:0000002f 
0:0:0:0:0:0:0:1 - anonymousUser [2021-11-05T10:36:50.844Z] "GET /sports2000.styles.css HTTP/1.1" 200 2896 ROOT:f:00000031 
0:0:0:0:0:0:0:1 - anonymousUser [2021-11-05T10:36:50.862Z] "GET /_content/Radzen.Blazor/css/default.css HTTP/1.1" 200 324076 ROOT:f:00000033 
0:0:0:0:0:0:0:1 - anonymousUser [2021-11-05T10:36:50.863Z] "GET /_content/Radzen.Blazor/css/default-base.css HTTP/1.1" 200 207689 ROOT:f:00000032 
0:0:0:0:0:0:0:1 - anonymousUser [2021-11-05T10:36:50.866Z] "GET /_content/Radzen.Blazor/Radzen.Blazor.js HTTP/1.1" 200 49096 ROOT:f:00000034 
0:0:0:0:0:0:0:1 - anonymousUser [2021-11-05T10:36:50.871Z] "GET /_framework/blazor.webassembly.js HTTP/1.1" 200 76966 ROOT:f:00000035 
0:0:0:0:0:0:0:1 - anonymousUser [2021-11-05T10:36:50.896Z] "GET /css/open-iconic/font/css/open-iconic-bootstrap.min.css HTTP/1.1" 200 9395 ROOT:f:00000036 
0:0:0:0:0:0:0:1 - anonymousUser [2021-11-05T10:36:50.987Z] "GET /_framework/blazor.boot.json HTTP/1.1" 200 12303 ROOT:f:00000037 
0:0:0:0:0:0:0:1 - anonymousUser [2021-11-05T10:36:51.061Z] "GET /_content/Radzen.Blazor/fonts/SourceSansPro-Regular.woff HTTP/1.1" 200 133352 ROOT:f:00000038 
0:0:0:0:0:0:0:1 - anonymousUser [2021-11-05T10:36:51.147Z] "GET /_framework/dotnet.6.0.0-rc.2.21480.5.js HTTP/1.1" 200 242171 ROOT:f:00000039 
0:0:0:0:0:0:0:1 - anonymousUser [2021-11-05T10:36:53.878Z] "GET /Progress_Software_logo.png HTTP/1.1" 200 5466 ROOT:f:0000003a 
0:0:0:0:0:0:0:1 - anonymousUser [2021-11-05T10:36:54.031Z] "GET /css/open-iconic/font/fonts/open-iconic.woff HTTP/1.1" 200 14984 ROOT:f:0000003b 
0:0:0:0:0:0:0:1 - anonymousUser [2021-11-05T10:36:54.050Z] "GET /_content/Radzen.Blazor/fonts/SourceSansPro-Bold.woff HTTP/1.1" 200 135828 ROOT:f:0000003c 
0:0:0:0:0:0:0:1 - anonymousUser [2021-11-05T10:36:58.655Z] "GET /restWeb/web/department HTTP/1.1" 200 - restWeb:w:00000003 
0:0:0:0:0:0:0:1 - anonymousUser [2021-11-05T10:36:58.774Z] "GET /restWeb/web/employee HTTP/1.1" 200 - restWeb:w:00000004 
0:0:0:0:0:0:0:1 - anonymousUser [2021-11-05T10:36:59.520Z] "GET /_content/Radzen.Blazor/fonts/MaterialIcons-Regular.woff HTTP/1.1" 200 117212 ROOT:f:0000003d 
0:0:0:0:0:0:0:1 - anonymousUser [2021-11-05T10:50:17.521Z] "GET / HTTP/1.1" 200 946 ROOT:f:0000003e 
0:0:0:0:0:0:0:1 - anonymousUser [2021-11-05T10:50:17.583Z] "GET /css/bootstrap/bootstrap.min.css HTTP/1.1" 200 155764 ROOT:f:0000003f 
0:0:0:0:0:0:0:1 - anonymousUser [2021-11-05T10:50:17.584Z] "GET /css/app.css HTTP/1.1" 200 911 ROOT:f:00000040 
0:0:0:0:0:0:0:1 - anonymousUser [2021-11-05T10:50:17.589Z] "GET /sports2000.styles.css HTTP/1.1" 200 2896 ROOT:f:00000041 
0:0:0:0:0:0:0:1 - anonymousUser [2021-11-05T10:50:17.595Z] "GET /_content/Radzen.Blazor/css/default-base.css HTTP/1.1" 200 207689 ROOT:f:00000042 
0:0:0:0:0:0:0:1 - anonymousUser [2021-11-05T10:50:17.603Z] "GET /_content/Radzen.Blazor/Radzen.Blazor.js HTTP/1.1" 200 49096 ROOT:f:00000044 
0:0:0:0:0:0:0:1 - anonymousUser [2021-11-05T10:50:17.606Z] "GET /_content/Radzen.Blazor/css/default.css HTTP/1.1" 200 324076 ROOT:f:00000043 
0:0:0:0:0:0:0:1 - anonymousUser [2021-11-05T10:50:17.611Z] "GET /_framework/blazor.webassembly.js HTTP/1.1" 200 76966 ROOT:f:00000045 
0:0:0:0:0:0:0:1 - anonymousUser [2021-11-05T10:50:17.645Z] "GET /css/open-iconic/font/css/open-iconic-bootstrap.min.css HTTP/1.1" 200 9395 ROOT:f:00000046 
0:0:0:0:0:0:0:1 - anonymousUser [2021-11-05T10:50:17.674Z] "GET /_framework/blazor.boot.json HTTP/1.1" 200 12303 ROOT:f:00000047 
0:0:0:0:0:0:0:1 - anonymousUser [2021-11-05T10:50:17.765Z] "GET /_content/Radzen.Blazor/fonts/SourceSansPro-Regular.woff HTTP/1.1" 200 133352 ROOT:f:00000048 
0:0:0:0:0:0:0:1 - anonymousUser [2021-11-05T10:50:17.849Z] "GET /_framework/dotnet.6.0.0-rc.2.21480.5.js HTTP/1.1" 200 242171 ROOT:f:00000049 
0:0:0:0:0:0:0:1 - anonymousUser [2021-11-05T10:50:20.425Z] "GET /Progress_Software_logo.png HTTP/1.1" 200 5466 ROOT:f:0000004a 
0:0:0:0:0:0:0:1 - anonymousUser [2021-11-05T10:50:20.566Z] "GET /css/open-iconic/font/fonts/open-iconic.woff HTTP/1.1" 200 14984 ROOT:f:0000004b 
0:0:0:0:0:0:0:1 - anonymousUser [2021-11-05T10:50:20.569Z] "GET /_content/Radzen.Blazor/fonts/SourceSansPro-Bold.woff HTTP/1.1" 200 135828 ROOT:f:0000004c 
0:0:0:0:0:0:0:1 - anonymousUser [2021-11-05T11:28:35.320Z] "GET /restWeb/web/employee HTTP/1.1" 200 - restWeb:w:00000005 
0:0:0:0:0:0:0:1 - anonymousUser [2021-11-05T11:29:30.192Z] "GET /restWeb/web/employee HTTP/1.1" 200 - restWeb:w:00000006 
0:0:0:0:0:0:0:1 - anonymousUser [2021-11-05T11:32:01.571Z] "GET /restWeb/web/department HTTP/1.1" 200 - restWeb:w:00000007 
0:0:0:0:0:0:0:1 - anonymousUser [2021-11-05T11:32:01.655Z] "GET /restWeb/web/employee HTTP/1.1" 200 - restWeb:w:00000008 
0:0:0:0:0:0:0:1 - anonymousUser [2021-11-05T11:32:02.106Z] "GET /_content/Radzen.Blazor/fonts/MaterialIcons-Regular.woff HTTP/1.1" 200 117212 ROOT:f:0000004d 
