2021-11-05T09:42:33.994Z INFO  [Catalina-utility-1] o.a.catalina.core.ApplicationContext.log - No Spring WebApplicationInitializer types detected on classpath
2021-11-05T09:42:34.522Z INFO  [Catalina-utility-1] o.a.catalina.core.ApplicationContext.log - No Spring WebApplicationInitializer types detected on classpath
2021-11-05T09:42:34.936Z INFO  [Catalina-utility-1] o.a.catalina.core.ApplicationContext.log - Initializing Spring root WebApplicationContext
2021-11-05T09:42:44.603Z INFO  [Catalina-utility-1] o.a.catalina.core.ApplicationContext.log - Initializing Spring DispatcherServlet 'mvc-dispatch'
2021-11-05T09:42:49.902Z INFO  [Catalina-utility-1] o.a.catalina.core.ApplicationContext.log - No Spring WebApplicationInitializer types detected on classpath
2021-11-05T09:42:50.205Z INFO  [Catalina-utility-1] o.a.catalina.core.ApplicationContext.log - Initializing Spring root WebApplicationContext
2021-11-05T09:43:13.745Z INFO  [Catalina-utility-1] o.a.catalina.core.ApplicationContext.log - Initializing Spring DispatcherServlet 'mvc-dispatch'
2021-11-05T09:43:20.417Z INFO  [Catalina-utility-1] o.a.catalina.core.ApplicationContext.log - No Spring WebApplicationInitializer types detected on classpath
2021-11-05T09:43:21.823Z INFO  [Catalina-utility-1] o.a.catalina.core.ApplicationContext.log - Initializing Spring root WebApplicationContext
2021-11-05T09:43:35.672Z INFO  [Catalina-utility-1] o.a.catalina.core.ApplicationContext.log - Initializing Spring DispatcherServlet 'mvc-dispatch'
2021-11-05T09:54:55.423Z INFO  [thd-4] o.a.catalina.core.ApplicationContext.log - Manager: init: Associated with Deployer 'Catalina:type=Deployer,host=localhost'
2021-11-05T09:54:55.426Z INFO  [thd-4] o.a.catalina.core.ApplicationContext.log - Manager: init: Global resources are available
2021-11-05T09:54:55.428Z INFO  [thd-4] o.a.catalina.core.ApplicationContext.log - Manager: list: Listing contexts for virtual host 'localhost'
2021-11-05T09:54:55.431Z INFO  [thd-3] o.a.catalina.core.ApplicationContext.log - Manager: list: Listing contexts for virtual host 'localhost'
2021-11-05T13:24:14.344Z INFO  [Catalina-utility-2] o.a.catalina.core.ApplicationContext.log - Destroying Spring FrameworkServlet 'mvc-dispatch'
2021-11-05T13:24:17.390Z INFO  [Catalina-utility-2] o.a.catalina.core.ApplicationContext.log - Closing Spring root WebApplicationContext
2021-11-05T13:24:17.484Z INFO  [Catalina-utility-2] o.a.catalina.core.ApplicationContext.log - Destroying Spring FrameworkServlet 'mvc-dispatch'
2021-11-05T13:24:17.609Z INFO  [Catalina-utility-2] o.a.catalina.core.ApplicationContext.log - Closing Spring root WebApplicationContext
2021-11-05T13:24:17.656Z INFO  [Catalina-utility-2] o.a.catalina.core.ApplicationContext.log - Destroying Spring FrameworkServlet 'mvc-dispatch'
2021-11-05T13:24:17.672Z INFO  [Catalina-utility-2] o.a.catalina.core.ApplicationContext.log - Closing Spring root WebApplicationContext
