2021-10-25T10:12:22.451Z INFO  [main] org.apache.coyote.AbstractProtocol.init - Initializing ProtocolHandler ["http-nio-8080"]
2021-10-25T10:12:22.512Z INFO  [main] org.apache.coyote.AbstractProtocol.init - Initializing ProtocolHandler ["https-jsse-nio-8443"]
2021-10-25T10:12:22.515Z INFO  [main] org.apache.catalina.startup.Catalina.load - Server initialization in [1811] milliseconds
2021-10-25T10:12:22.517Z INFO  [main] c.p.a.s.l.OeLifecycleListener.runStartupScripts - Running startup scripts
2021-10-25T10:12:22.620Z INFO  [main] o.a.catalina.core.StandardService.startInternal - Starting service [Catalina]
2021-10-25T10:12:22.621Z INFO  [main] o.a.catalina.core.StandardEngine.startInternal - Starting Servlet engine: [Apache Tomcat/9.0.45]
2021-10-25T10:12:23.367Z INFO  [Catalina-utility-1] o.apache.catalina.startup.HostConfig.deployWAR - Deploying web application archive [C:\WorkDir\sports2000\OpenEdge\PAS\webapps\manager.war]
2021-10-25T10:12:24.818Z INFO  [Catalina-utility-1] o.apache.catalina.startup.HostConfig.deployWAR - Deployment of web application archive [C:\WorkDir\sports2000\OpenEdge\PAS\webapps\manager.war] has finished in [1,450] ms
2021-10-25T10:12:24.829Z INFO  [Catalina-utility-1] o.apache.catalina.startup.HostConfig.deployWAR - Deploying web application archive [C:\WorkDir\sports2000\OpenEdge\PAS\webapps\oedbg.war]
2021-10-25T10:12:25.529Z INFO  [Catalina-utility-1] o.apache.catalina.startup.HostConfig.deployWAR - Deployment of web application archive [C:\WorkDir\sports2000\OpenEdge\PAS\webapps\oedbg.war] has finished in [700] ms
2021-10-25T10:12:25.540Z INFO  [Catalina-utility-1] o.apache.catalina.startup.HostConfig.deployWAR - Deploying web application archive [C:\WorkDir\sports2000\OpenEdge\PAS\webapps\oemanager.war]
2021-10-25T10:12:35.337Z INFO  [Catalina-utility-1] o.apache.catalina.startup.HostConfig.deployWAR - Deployment of web application archive [C:\WorkDir\sports2000\OpenEdge\PAS\webapps\oemanager.war] has finished in [9,797] ms
2021-10-25T10:12:35.339Z INFO  [Catalina-utility-1] o.apache.catalina.startup.HostConfig.deployDirectory - Deploying web application directory [C:\WorkDir\sports2000\OpenEdge\PAS\webapps\ROOT]
2021-10-25T10:12:47.254Z INFO  [Catalina-utility-1] o.apache.catalina.startup.HostConfig.deployDirectory - Deployment of web application directory [C:\WorkDir\sports2000\OpenEdge\PAS\webapps\ROOT] has finished in [11,915] ms
2021-10-25T10:12:47.301Z INFO  [main] org.apache.coyote.AbstractProtocol.start - Starting ProtocolHandler ["http-nio-8080"]
2021-10-25T10:12:47.314Z INFO  [main] org.apache.coyote.AbstractProtocol.start - Starting ProtocolHandler ["https-jsse-nio-8443"]
2021-10-25T10:12:47.877Z INFO  [main] c.p.a.s.l.OeLifecycleListener.runStartedScripts - Running started scripts
2021-10-25T10:12:47.879Z INFO  [main] c.p.a.s.l.OeLifecycleListener.startHealthCollector - Health collector disabled
2021-10-25T10:12:47.881Z INFO  [main] org.apache.catalina.startup.Catalina.start - Server startup in [25365] milliseconds
2021-10-25T10:37:06.126Z WARN  [thd-1] o.apache.catalina.realm.LockOutRealm.filterLockedAccounts - An attempt was made to authenticate the locked user [admin]
2021-10-25T10:37:55.052Z WARN  [thd-6] o.apache.catalina.realm.LockOutRealm.filterLockedAccounts - An attempt was made to authenticate the locked user [admin]
2021-10-25T10:37:55.139Z WARN  [thd-2] o.apache.catalina.realm.LockOutRealm.filterLockedAccounts - An attempt was made to authenticate the locked user [admin]
2021-10-25T10:37:55.169Z WARN  [thd-5] o.apache.catalina.realm.LockOutRealm.filterLockedAccounts - An attempt was made to authenticate the locked user [admin]
2021-10-25T10:37:55.507Z WARN  [thd-1] o.apache.catalina.realm.LockOutRealm.filterLockedAccounts - An attempt was made to authenticate the locked user [admin]
2021-10-25T10:37:55.547Z WARN  [thd-7] o.apache.catalina.realm.LockOutRealm.filterLockedAccounts - An attempt was made to authenticate the locked user [admin]
2021-10-25T10:37:55.638Z WARN  [thd-6] o.apache.catalina.realm.LockOutRealm.filterLockedAccounts - An attempt was made to authenticate the locked user [admin]
2021-10-25T10:37:55.669Z WARN  [thd-8] o.apache.catalina.realm.LockOutRealm.filterLockedAccounts - An attempt was made to authenticate the locked user [admin]
2021-10-25T10:38:12.574Z WARN  [thd-10] o.apache.catalina.realm.LockOutRealm.filterLockedAccounts - An attempt was made to authenticate the locked user [admin]
2021-10-25T10:38:12.825Z WARN  [thd-3] o.apache.catalina.realm.LockOutRealm.filterLockedAccounts - An attempt was made to authenticate the locked user [admin]
2021-10-25T10:38:14.209Z WARN  [thd-5] o.apache.catalina.realm.LockOutRealm.filterLockedAccounts - An attempt was made to authenticate the locked user [admin]
2021-10-25T10:43:11.783Z WARN  [thd-10] o.apache.catalina.realm.LockOutRealm.filterLockedAccounts - An attempt was made to authenticate the locked user [admin]
2021-10-25T10:43:11.810Z WARN  [thd-2] o.apache.catalina.realm.LockOutRealm.filterLockedAccounts - An attempt was made to authenticate the locked user [admin]
2021-10-25T10:43:11.846Z WARN  [thd-1] o.apache.catalina.realm.LockOutRealm.filterLockedAccounts - An attempt was made to authenticate the locked user [admin]
2021-10-25T10:47:54.316Z WARN  [thd-7] o.apache.catalina.realm.LockOutRealm.filterLockedAccounts - An attempt was made to authenticate the locked user [admin]
2021-10-25T10:47:54.449Z WARN  [thd-4] o.apache.catalina.realm.LockOutRealm.filterLockedAccounts - An attempt was made to authenticate the locked user [admin]
2021-10-25T10:47:54.643Z WARN  [thd-5] o.apache.catalina.realm.LockOutRealm.filterLockedAccounts - An attempt was made to authenticate the locked user [admin]
2021-10-25T10:47:55.721Z WARN  [thd-1] o.apache.catalina.realm.LockOutRealm.filterLockedAccounts - An attempt was made to authenticate the locked user [admin]
2021-10-25T10:48:27.090Z WARN  [thd-4] o.apache.catalina.realm.LockOutRealm.filterLockedAccounts - An attempt was made to authenticate the locked user [admin]
2021-10-25T10:48:27.259Z WARN  [thd-10] o.apache.catalina.realm.LockOutRealm.filterLockedAccounts - An attempt was made to authenticate the locked user [admin]
2021-10-25T10:48:28.683Z WARN  [thd-2] o.apache.catalina.realm.LockOutRealm.filterLockedAccounts - An attempt was made to authenticate the locked user [admin]
2021-10-25T10:48:32.327Z WARN  [thd-8] o.apache.catalina.realm.LockOutRealm.filterLockedAccounts - An attempt was made to authenticate the locked user [admin]
2021-10-25T10:48:32.370Z WARN  [thd-4] o.apache.catalina.realm.LockOutRealm.filterLockedAccounts - An attempt was made to authenticate the locked user [admin]
2021-10-25T10:48:32.442Z WARN  [thd-10] o.apache.catalina.realm.LockOutRealm.filterLockedAccounts - An attempt was made to authenticate the locked user [admin]
2021-10-25T10:48:33.618Z WARN  [thd-2] o.apache.catalina.realm.LockOutRealm.filterLockedAccounts - An attempt was made to authenticate the locked user [admin]
2021-10-25T11:01:05.226Z INFO  [thd-6] o.apache.catalina.startup.HostConfig.deployWAR - Deploying web application archive [C:\WorkDir\sports2000\OpenEdge\PAS\webapps\restWeb.war]
2021-10-25T11:01:08.509Z INFO  [thd-6] o.apache.catalina.startup.HostConfig.deployWAR - Deployment of web application archive [C:\WorkDir\sports2000\OpenEdge\PAS\webapps\restWeb.war] has finished in [3,283] ms
2021-10-25T11:39:40.356Z INFO  [Thread-6] c.p.a.s.l.OeLifecycleListener.runStoppingScripts - Running stopping scripts
2021-10-25T11:39:40.602Z INFO  [Thread-6] org.apache.coyote.AbstractProtocol.pause - Pausing ProtocolHandler ["http-nio-8080"]
2021-10-25T11:39:40.602Z INFO  [Thread-6] org.apache.coyote.AbstractProtocol.pause - Pausing ProtocolHandler ["https-jsse-nio-8443"]
2021-10-25T11:39:40.602Z INFO  [Thread-6] o.a.catalina.core.StandardService.stopInternal - Stopping service [Catalina]
2021-10-25T11:39:43.274Z WARN  [Catalina-utility-2] o.a.c.loader.WebappClassLoaderBase.clearReferencesThreads - The web application [ROOT] appears to have started a thread named [PropertyFileMonitor] but has failed to stop it. This is very likely to create a memory leak. Stack trace of thread:
 java.base@11.0.4/java.lang.Thread.sleep(Native Method)
 com.progress.appserv.services.properties.ubimpl.ubWatchDog.run(ubWatchDog.java:122)
2021-10-25T11:39:43.290Z WARN  [Catalina-utility-2] o.a.c.loader.WebappClassLoaderBase.clearReferencesThreads - The web application [ROOT] appears to have started a thread named [PropertyFileMonitor] but has failed to stop it. This is very likely to create a memory leak. Stack trace of thread:
 java.base@11.0.4/java.lang.Thread.sleep(Native Method)
 com.progress.appserv.services.properties.ubimpl.ubWatchDog.run(ubWatchDog.java:122)
2021-10-25T11:39:43.290Z WARN  [Catalina-utility-2] o.a.c.loader.WebappClassLoaderBase.clearReferencesThreads - The web application [ROOT] appears to have started a thread named [4mdbOFAfSACs0xwTGtWkzQ-agent-watchdog] but has failed to stop it. This is very likely to create a memory leak. Stack trace of thread:
 java.base@11.0.4/sun.nio.ch.WindowsSelectorImpl$SubSelector.poll0(Native Method)
 java.base@11.0.4/sun.nio.ch.WindowsSelectorImpl$SubSelector.poll(WindowsSelectorImpl.java:339)
 java.base@11.0.4/sun.nio.ch.WindowsSelectorImpl.doSelect(WindowsSelectorImpl.java:167)
 java.base@11.0.4/sun.nio.ch.SelectorImpl.lockAndDoSelect(SelectorImpl.java:124)
 java.base@11.0.4/sun.nio.ch.SelectorImpl.select(SelectorImpl.java:136)
 com.progress.appserv.broker.agent.TcpAgentPool$AgentPoolWatchdog.run(TcpAgentPool.java:2933)
2021-10-25T11:39:43.290Z WARN  [Catalina-utility-2] o.a.c.loader.WebappClassLoaderBase.clearReferencesThreads - The web application [ROOT] appears to have started a thread named [4mdbOFAfSACs0xwTGtWkzQ-starter-0] but has failed to stop it. This is very likely to create a memory leak. Stack trace of thread:
 java.base@11.0.4/jdk.internal.misc.Unsafe.park(Native Method)
 java.base@11.0.4/java.util.concurrent.locks.LockSupport.park(LockSupport.java:194)
 java.base@11.0.4/java.util.concurrent.locks.AbstractQueuedSynchronizer$ConditionObject.await(AbstractQueuedSynchronizer.java:2081)
 java.base@11.0.4/java.util.concurrent.LinkedBlockingQueue.take(LinkedBlockingQueue.java:433)
 java.base@11.0.4/java.util.concurrent.ThreadPoolExecutor.getTask(ThreadPoolExecutor.java:1054)
 java.base@11.0.4/java.util.concurrent.ThreadPoolExecutor.runWorker(ThreadPoolExecutor.java:1114)
 java.base@11.0.4/java.util.concurrent.ThreadPoolExecutor$Worker.run(ThreadPoolExecutor.java:628)
 java.base@11.0.4/java.lang.Thread.run(Thread.java:834)
2021-10-25T11:39:43.555Z WARN  [Catalina-utility-2] o.a.c.loader.WebappClassLoaderBase.clearReferencesThreads - The web application [restWeb] appears to have started a thread named [{}[SP-2]idleSessionWatchdog] but has failed to stop it. This is very likely to create a memory leak. Stack trace of thread:
 java.base@11.0.4/java.lang.Thread.sleep(Native Method)
 com.progress.common.util.WatchDog.run(WatchDog.java:113)
2021-10-25T11:39:43.571Z WARN  [Catalina-utility-2] o.a.c.loader.WebappClassLoaderBase.clearReferencesThreads - The web application [oedbg] appears to have started a thread named [logback-1] but has failed to stop it. This is very likely to create a memory leak. Stack trace of thread:
 java.base@11.0.4/jdk.internal.misc.Unsafe.park(Native Method)
 java.base@11.0.4/java.util.concurrent.locks.LockSupport.parkNanos(LockSupport.java:234)
 java.base@11.0.4/java.util.concurrent.locks.AbstractQueuedSynchronizer$ConditionObject.awaitNanos(AbstractQueuedSynchronizer.java:2123)
 java.base@11.0.4/java.util.concurrent.ScheduledThreadPoolExecutor$DelayedWorkQueue.take(ScheduledThreadPoolExecutor.java:1182)
 java.base@11.0.4/java.util.concurrent.ScheduledThreadPoolExecutor$DelayedWorkQueue.take(ScheduledThreadPoolExecutor.java:899)
 java.base@11.0.4/java.util.concurrent.ThreadPoolExecutor.getTask(ThreadPoolExecutor.java:1054)
 java.base@11.0.4/java.util.concurrent.ThreadPoolExecutor.runWorker(ThreadPoolExecutor.java:1114)
 java.base@11.0.4/java.util.concurrent.ThreadPoolExecutor$Worker.run(ThreadPoolExecutor.java:628)
 java.base@11.0.4/java.lang.Thread.run(Thread.java:834)
2021-10-25T11:39:43.571Z WARN  [Catalina-utility-2] o.a.c.loader.WebappClassLoaderBase.clearReferencesThreads - The web application [oedbg] appears to have started a thread named [logback-2] but has failed to stop it. This is very likely to create a memory leak. Stack trace of thread:
 java.base@11.0.4/jdk.internal.misc.Unsafe.park(Native Method)
 java.base@11.0.4/java.util.concurrent.locks.LockSupport.park(LockSupport.java:194)
 java.base@11.0.4/java.util.concurrent.locks.AbstractQueuedSynchronizer$ConditionObject.await(AbstractQueuedSynchronizer.java:2081)
 java.base@11.0.4/java.util.concurrent.ScheduledThreadPoolExecutor$DelayedWorkQueue.take(ScheduledThreadPoolExecutor.java:1177)
 java.base@11.0.4/java.util.concurrent.ScheduledThreadPoolExecutor$DelayedWorkQueue.take(ScheduledThreadPoolExecutor.java:899)
 java.base@11.0.4/java.util.concurrent.ThreadPoolExecutor.getTask(ThreadPoolExecutor.java:1054)
 java.base@11.0.4/java.util.concurrent.ThreadPoolExecutor.runWorker(ThreadPoolExecutor.java:1114)
 java.base@11.0.4/java.util.concurrent.ThreadPoolExecutor$Worker.run(ThreadPoolExecutor.java:628)
 java.base@11.0.4/java.lang.Thread.run(Thread.java:834)
2021-10-25T11:39:43.571Z WARN  [Catalina-utility-2] o.a.c.loader.WebappClassLoaderBase.clearReferencesThreads - The web application [oedbg] appears to have started a thread named [logback-3] but has failed to stop it. This is very likely to create a memory leak. Stack trace of thread:
 java.base@11.0.4/jdk.internal.misc.Unsafe.park(Native Method)
 java.base@11.0.4/java.util.concurrent.locks.LockSupport.park(LockSupport.java:194)
 java.base@11.0.4/java.util.concurrent.locks.AbstractQueuedSynchronizer$ConditionObject.await(AbstractQueuedSynchronizer.java:2081)
 java.base@11.0.4/java.util.concurrent.ScheduledThreadPoolExecutor$DelayedWorkQueue.take(ScheduledThreadPoolExecutor.java:1177)
 java.base@11.0.4/java.util.concurrent.ScheduledThreadPoolExecutor$DelayedWorkQueue.take(ScheduledThreadPoolExecutor.java:899)
 java.base@11.0.4/java.util.concurrent.ThreadPoolExecutor.getTask(ThreadPoolExecutor.java:1054)
 java.base@11.0.4/java.util.concurrent.ThreadPoolExecutor.runWorker(ThreadPoolExecutor.java:1114)
 java.base@11.0.4/java.util.concurrent.ThreadPoolExecutor$Worker.run(ThreadPoolExecutor.java:628)
 java.base@11.0.4/java.lang.Thread.run(Thread.java:834)
2021-10-25T11:39:43.571Z WARN  [Catalina-utility-2] o.a.c.loader.WebappClassLoaderBase.clearReferencesThreads - The web application [oedbg] appears to have started a thread named [logback-4] but has failed to stop it. This is very likely to create a memory leak. Stack trace of thread:
 java.base@11.0.4/jdk.internal.misc.Unsafe.park(Native Method)
 java.base@11.0.4/java.util.concurrent.locks.LockSupport.park(LockSupport.java:194)
 java.base@11.0.4/java.util.concurrent.locks.AbstractQueuedSynchronizer$ConditionObject.await(AbstractQueuedSynchronizer.java:2081)
 java.base@11.0.4/java.util.concurrent.ScheduledThreadPoolExecutor$DelayedWorkQueue.take(ScheduledThreadPoolExecutor.java:1177)
 java.base@11.0.4/java.util.concurrent.ScheduledThreadPoolExecutor$DelayedWorkQueue.take(ScheduledThreadPoolExecutor.java:899)
 java.base@11.0.4/java.util.concurrent.ThreadPoolExecutor.getTask(ThreadPoolExecutor.java:1054)
 java.base@11.0.4/java.util.concurrent.ThreadPoolExecutor.runWorker(ThreadPoolExecutor.java:1114)
 java.base@11.0.4/java.util.concurrent.ThreadPoolExecutor$Worker.run(ThreadPoolExecutor.java:628)
 java.base@11.0.4/java.lang.Thread.run(Thread.java:834)
2021-10-25T11:39:43.571Z WARN  [Catalina-utility-2] o.a.c.loader.WebappClassLoaderBase.clearReferencesThreads - The web application [oedbg] appears to have started a thread named [logback-5] but has failed to stop it. This is very likely to create a memory leak. Stack trace of thread:
 java.base@11.0.4/jdk.internal.misc.Unsafe.park(Native Method)
 java.base@11.0.4/java.util.concurrent.locks.LockSupport.park(LockSupport.java:194)
 java.base@11.0.4/java.util.concurrent.locks.AbstractQueuedSynchronizer$ConditionObject.await(AbstractQueuedSynchronizer.java:2081)
 java.base@11.0.4/java.util.concurrent.ScheduledThreadPoolExecutor$DelayedWorkQueue.take(ScheduledThreadPoolExecutor.java:1177)
 java.base@11.0.4/java.util.concurrent.ScheduledThreadPoolExecutor$DelayedWorkQueue.take(ScheduledThreadPoolExecutor.java:899)
 java.base@11.0.4/java.util.concurrent.ThreadPoolExecutor.getTask(ThreadPoolExecutor.java:1054)
 java.base@11.0.4/java.util.concurrent.ThreadPoolExecutor.runWorker(ThreadPoolExecutor.java:1114)
 java.base@11.0.4/java.util.concurrent.ThreadPoolExecutor$Worker.run(ThreadPoolExecutor.java:628)
 java.base@11.0.4/java.lang.Thread.run(Thread.java:834)
2021-10-25T11:39:43.571Z WARN  [Catalina-utility-2] o.a.c.loader.WebappClassLoaderBase.clearReferencesThreads - The web application [oedbg] appears to have started a thread named [logback-6] but has failed to stop it. This is very likely to create a memory leak. Stack trace of thread:
 java.base@11.0.4/jdk.internal.misc.Unsafe.park(Native Method)
 java.base@11.0.4/java.util.concurrent.locks.LockSupport.park(LockSupport.java:194)
 java.base@11.0.4/java.util.concurrent.locks.AbstractQueuedSynchronizer$ConditionObject.await(AbstractQueuedSynchronizer.java:2081)
 java.base@11.0.4/java.util.concurrent.ScheduledThreadPoolExecutor$DelayedWorkQueue.take(ScheduledThreadPoolExecutor.java:1177)
 java.base@11.0.4/java.util.concurrent.ScheduledThreadPoolExecutor$DelayedWorkQueue.take(ScheduledThreadPoolExecutor.java:899)
 java.base@11.0.4/java.util.concurrent.ThreadPoolExecutor.getTask(ThreadPoolExecutor.java:1054)
 java.base@11.0.4/java.util.concurrent.ThreadPoolExecutor.runWorker(ThreadPoolExecutor.java:1114)
 java.base@11.0.4/java.util.concurrent.ThreadPoolExecutor$Worker.run(ThreadPoolExecutor.java:628)
 java.base@11.0.4/java.lang.Thread.run(Thread.java:834)
2021-10-25T11:39:43.571Z WARN  [Catalina-utility-2] o.a.c.loader.WebappClassLoaderBase.clearReferencesThreads - The web application [oedbg] appears to have started a thread named [logback-7] but has failed to stop it. This is very likely to create a memory leak. Stack trace of thread:
 java.base@11.0.4/jdk.internal.misc.Unsafe.park(Native Method)
 java.base@11.0.4/java.util.concurrent.locks.LockSupport.park(LockSupport.java:194)
 java.base@11.0.4/java.util.concurrent.locks.AbstractQueuedSynchronizer$ConditionObject.await(AbstractQueuedSynchronizer.java:2081)
 java.base@11.0.4/java.util.concurrent.ScheduledThreadPoolExecutor$DelayedWorkQueue.take(ScheduledThreadPoolExecutor.java:1177)
 java.base@11.0.4/java.util.concurrent.ScheduledThreadPoolExecutor$DelayedWorkQueue.take(ScheduledThreadPoolExecutor.java:899)
 java.base@11.0.4/java.util.concurrent.ThreadPoolExecutor.getTask(ThreadPoolExecutor.java:1054)
 java.base@11.0.4/java.util.concurrent.ThreadPoolExecutor.runWorker(ThreadPoolExecutor.java:1114)
 java.base@11.0.4/java.util.concurrent.ThreadPoolExecutor$Worker.run(ThreadPoolExecutor.java:628)
 java.base@11.0.4/java.lang.Thread.run(Thread.java:834)
2021-10-25T11:39:43.571Z WARN  [Catalina-utility-2] o.a.c.loader.WebappClassLoaderBase.clearReferencesThreads - The web application [oedbg] appears to have started a thread named [logback-8] but has failed to stop it. This is very likely to create a memory leak. Stack trace of thread:
 java.base@11.0.4/jdk.internal.misc.Unsafe.park(Native Method)
 java.base@11.0.4/java.util.concurrent.locks.LockSupport.park(LockSupport.java:194)
 java.base@11.0.4/java.util.concurrent.locks.AbstractQueuedSynchronizer$ConditionObject.await(AbstractQueuedSynchronizer.java:2081)
 java.base@11.0.4/java.util.concurrent.ScheduledThreadPoolExecutor$DelayedWorkQueue.take(ScheduledThreadPoolExecutor.java:1177)
 java.base@11.0.4/java.util.concurrent.ScheduledThreadPoolExecutor$DelayedWorkQueue.take(ScheduledThreadPoolExecutor.java:899)
 java.base@11.0.4/java.util.concurrent.ThreadPoolExecutor.getTask(ThreadPoolExecutor.java:1054)
 java.base@11.0.4/java.util.concurrent.ThreadPoolExecutor.runWorker(ThreadPoolExecutor.java:1114)
 java.base@11.0.4/java.util.concurrent.ThreadPoolExecutor$Worker.run(ThreadPoolExecutor.java:628)
 java.base@11.0.4/java.lang.Thread.run(Thread.java:834)
2021-10-25T11:39:43.602Z INFO  [Thread-6] org.apache.coyote.AbstractProtocol.stop - Stopping ProtocolHandler ["http-nio-8080"]
2021-10-25T11:39:43.602Z INFO  [Thread-6] org.apache.coyote.AbstractProtocol.stop - Stopping ProtocolHandler ["https-jsse-nio-8443"]
2021-10-25T11:39:43.618Z INFO  [Thread-6] c.p.a.s.l.OeLifecycleListener.runShutdownScripts - Running shutdown scripts
2021-10-25T11:39:43.618Z INFO  [Thread-6] org.apache.coyote.AbstractProtocol.destroy - Destroying ProtocolHandler ["http-nio-8080"]
2021-10-25T11:39:43.618Z INFO  [Thread-6] org.apache.coyote.AbstractProtocol.destroy - Destroying ProtocolHandler ["https-jsse-nio-8443"]
