2021-10-25T10:12:40.327Z WARN  [Catalina-utility-1] - o.a.c.i.c.CoreTypeConverterRegistry - Overriding type converter from: org.apache.camel.support.SimpleTypeConverter@18a5a90d to: org.apache.camel.support.SimpleTypeConverter@5238798b 
2021-10-25T10:12:42.187Z WARN  [Catalina-utility-1] - c.p.appserv.adapters.rest.Management - Property file C:\WorkDir\sports2000\OpenEdge\PAS\webapps\ROOT/WEB-INF/adapters/rest/_oepingService/runtime.props not found - Using default properties 
2021-10-25T10:12:42.232Z WARN  [Catalina-utility-1] - com.progress.caf.logging.CafLogging - Unable to create InputStream for resource "caflogging.properties". 
2021-10-25T10:12:43.816Z WARN  [Catalina-utility-1] - o.a.c.i.c.CoreTypeConverterRegistry - Overriding type converter from: org.apache.camel.support.SimpleTypeConverter@4b39308d to: org.apache.camel.support.SimpleTypeConverter@173a1daf 
2021-10-25T10:12:44.781Z WARN  [Catalina-utility-1] - com.progress.appserv.Prop - Development Server is limited to 1 agent 
2021-10-25T10:12:44.782Z WARN  [Catalina-utility-1] - com.progress.appserv.Prop - Development Server is limited to 5 concurrent requests 
2021-10-25T10:12:45.754Z WARN  [Catalina-utility-1] - c.p.appserv.IdleResourceWatchdog - Idle resource watchdog disabled 
2021-10-25T11:00:35.848Z WARN  [PropertyFileMonitor] - com.progress.appserv.Prop - Development Server is limited to 1 agent 
2021-10-25T11:00:35.851Z WARN  [PropertyFileMonitor] - com.progress.appserv.Prop - Development Server is limited to 5 concurrent requests 
2021-10-25T11:00:36.873Z WARN  [PropertyFileMonitor] - com.progress.appserv.Prop - Development Server is limited to 1 agent 
2021-10-25T11:00:36.875Z WARN  [PropertyFileMonitor] - com.progress.appserv.Prop - Development Server is limited to 5 concurrent requests 
2021-10-25T11:00:37.898Z WARN  [PropertyFileMonitor] - com.progress.appserv.Prop - Development Server is limited to 1 agent 
2021-10-25T11:00:37.899Z WARN  [PropertyFileMonitor] - com.progress.appserv.Prop - Development Server is limited to 5 concurrent requests 
2021-10-25T11:00:38.937Z WARN  [PropertyFileMonitor] - com.progress.appserv.Prop - Development Server is limited to 1 agent 
2021-10-25T11:00:38.938Z WARN  [PropertyFileMonitor] - com.progress.appserv.Prop - Development Server is limited to 5 concurrent requests 
2021-10-25T11:00:39.974Z ERROR [PropertyFileMonitor] - com.progress.appserv.Prop - Exception reading dynamic runtime properties  
com.progress.appserv.services.properties.ubimpl.ubPropertyManager$NoSuchGroupException: No such group as "AppServer.SessMgr.sports2000". (PRPMsg007)
	at com.progress.appserv.services.properties.ubimpl.ubPropertyManager.groups(ubPropertyManager.java:1109)
	at com.progress.appserv.services.properties.ubimpl.ubPropertyManager.checkValidSection(ubPropertyManager.java:406)
	at com.progress.appserv.services.properties.ubimpl.ubPropertyManager.getProperties(ubPropertyManager.java:197)
	at com.progress.appserv.broker.util.AppservProperties.updateProperties(AppservProperties.java:755)
	at com.progress.appserv.broker.util.AppservProperties.watchEvent(AppservProperties.java:713)
	at com.progress.appserv.services.properties.ubimpl.ubPropertyManager.watchEvent(ubPropertyManager.java:369)
	at com.progress.appserv.services.properties.ubimpl.ubWatchDog.run(ubWatchDog.java:123)
2021-10-25T11:00:39.976Z ERROR [PropertyFileMonitor] - com.progress.appserv.Mgmt - Exception retrieving AppServer status 
com.progress.appserv.services.properties.ubimpl.ubPropertyManager$NoSuchGroupException: No such group as "AppServer". (PRPMsg007)
	at com.progress.appserv.services.properties.ubimpl.ubPropertyManager.groups(ubPropertyManager.java:1109)
	at com.progress.appserv.services.properties.ubimpl.ubPropertyManager.checkValidSection(ubPropertyManager.java:406)
	at com.progress.appserv.services.properties.ubimpl.ubPropertyManager.getProperties(ubPropertyManager.java:197)
	at com.progress.appserv.oeabl.ABLService.watchEvent(ABLService.java:485)
	at com.progress.appserv.services.properties.ubimpl.ubPropertyManager.watchEvent(ubPropertyManager.java:369)
	at com.progress.appserv.services.properties.ubimpl.ubWatchDog.run(ubWatchDog.java:123)
2021-10-25T11:00:40.033Z ERROR [PropertyFileMonitor] - c.p.appserv.adapters.apsv.Properties - APSV : an error occurred while reading dynamic runtime properties = com.progress.appserv.services.properties.ubimpl.ubPropertyManager$NoSuchGroupException: No such group as "sports2000.ROOT.APSV". (PRPMsg007). (18335) 
2021-10-25T11:00:40.034Z ERROR [PropertyFileMonitor] - c.p.appserv.adapters.rest.Adapter - An error occurred while reading/updating the properties. com.progress.appserv.services.properties.ubimpl.ubPropertyManager$NoSuchGroupException: No such group as "sports2000.ROOT.REST". (PRPMsg007) 
2021-10-25T11:00:40.035Z ERROR [PropertyFileMonitor] - c.p.appserv.adapters.web.Properties - Exception reading dynamic runtime properties 
com.progress.appserv.services.properties.ubimpl.ubPropertyManager$NoSuchGroupException: No such group as "sports2000.ROOT.WEB". (PRPMsg007)
	at com.progress.appserv.services.properties.ubimpl.ubPropertyManager.groups(ubPropertyManager.java:1109)
	at com.progress.appserv.services.properties.ubimpl.ubPropertyManager.checkValidSection(ubPropertyManager.java:406)
	at com.progress.appserv.services.properties.ubimpl.ubPropertyManager.getProperties(ubPropertyManager.java:197)
	at com.progress.appserv.adapters.web.OEWebProps.updateProperties(OEWebProps.java:272)
	at com.progress.appserv.adapters.web.OEWebProps.watchEvent(OEWebProps.java:259)
	at com.progress.appserv.services.properties.ubimpl.ubPropertyManager.watchEvent(ubPropertyManager.java:369)
	at com.progress.appserv.services.properties.ubimpl.ubWatchDog.run(ubWatchDog.java:123)
2021-10-25T11:00:40.035Z ERROR [PropertyFileMonitor] - c.p.appserv.adapters.soap.Adapter - An error occurred while reading dynamic runtime properties. Exception : com.progress.appserv.services.properties.ubimpl.ubPropertyManager$NoSuchGroupException: No such group as "sports2000.ROOT.SOAP". (PRPMsg007) 
2021-10-25T11:00:41.097Z ERROR [PropertyFileMonitor] - com.progress.appserv.Prop - Exception reading dynamic runtime properties  
com.progress.appserv.services.properties.ubimpl.ubPropertyManager$NoSuchGroupException: No such group as "AppServer.SessMgr.sports2000". (PRPMsg007)
	at com.progress.appserv.services.properties.ubimpl.ubPropertyManager.groups(ubPropertyManager.java:1109)
	at com.progress.appserv.services.properties.ubimpl.ubPropertyManager.checkValidSection(ubPropertyManager.java:406)
	at com.progress.appserv.services.properties.ubimpl.ubPropertyManager.getProperties(ubPropertyManager.java:197)
	at com.progress.appserv.broker.util.AppservProperties.updateProperties(AppservProperties.java:755)
	at com.progress.appserv.broker.util.AppservProperties.watchEvent(AppservProperties.java:713)
	at com.progress.appserv.services.properties.ubimpl.ubPropertyManager.watchEvent(ubPropertyManager.java:369)
	at com.progress.appserv.services.properties.ubimpl.ubWatchDog.run(ubWatchDog.java:123)
2021-10-25T11:00:41.108Z ERROR [PropertyFileMonitor] - com.progress.appserv.Mgmt - Exception retrieving AppServer status 
com.progress.appserv.services.properties.ubimpl.ubPropertyManager$NoSuchGroupException: No such group as "AppServer". (PRPMsg007)
	at com.progress.appserv.services.properties.ubimpl.ubPropertyManager.groups(ubPropertyManager.java:1109)
	at com.progress.appserv.services.properties.ubimpl.ubPropertyManager.checkValidSection(ubPropertyManager.java:406)
	at com.progress.appserv.services.properties.ubimpl.ubPropertyManager.getProperties(ubPropertyManager.java:197)
	at com.progress.appserv.oeabl.ABLService.watchEvent(ABLService.java:485)
	at com.progress.appserv.services.properties.ubimpl.ubPropertyManager.watchEvent(ubPropertyManager.java:369)
	at com.progress.appserv.services.properties.ubimpl.ubWatchDog.run(ubWatchDog.java:123)
2021-10-25T11:00:41.109Z ERROR [PropertyFileMonitor] - c.p.appserv.adapters.apsv.Properties - APSV : an error occurred while reading dynamic runtime properties = com.progress.appserv.services.properties.ubimpl.ubPropertyManager$NoSuchGroupException: No such group as "sports2000.ROOT.APSV". (PRPMsg007). (18335) 
2021-10-25T11:00:41.110Z ERROR [PropertyFileMonitor] - c.p.appserv.adapters.rest.Adapter - An error occurred while reading/updating the properties. com.progress.appserv.services.properties.ubimpl.ubPropertyManager$NoSuchGroupException: No such group as "sports2000.ROOT.REST". (PRPMsg007) 
2021-10-25T11:00:41.111Z ERROR [PropertyFileMonitor] - c.p.appserv.adapters.web.Properties - Exception reading dynamic runtime properties 
com.progress.appserv.services.properties.ubimpl.ubPropertyManager$NoSuchGroupException: No such group as "sports2000.ROOT.WEB". (PRPMsg007)
	at com.progress.appserv.services.properties.ubimpl.ubPropertyManager.groups(ubPropertyManager.java:1109)
	at com.progress.appserv.services.properties.ubimpl.ubPropertyManager.checkValidSection(ubPropertyManager.java:406)
	at com.progress.appserv.services.properties.ubimpl.ubPropertyManager.getProperties(ubPropertyManager.java:197)
	at com.progress.appserv.adapters.web.OEWebProps.updateProperties(OEWebProps.java:272)
	at com.progress.appserv.adapters.web.OEWebProps.watchEvent(OEWebProps.java:259)
	at com.progress.appserv.services.properties.ubimpl.ubPropertyManager.watchEvent(ubPropertyManager.java:369)
	at com.progress.appserv.services.properties.ubimpl.ubWatchDog.run(ubWatchDog.java:123)
2021-10-25T11:00:41.112Z ERROR [PropertyFileMonitor] - c.p.appserv.adapters.soap.Adapter - An error occurred while reading dynamic runtime properties. Exception : com.progress.appserv.services.properties.ubimpl.ubPropertyManager$NoSuchGroupException: No such group as "sports2000.ROOT.SOAP". (PRPMsg007) 
2021-10-25T11:00:42.124Z WARN  [PropertyFileMonitor] - com.progress.appserv.Prop - Development Server is limited to 1 agent 
2021-10-25T11:00:42.126Z WARN  [PropertyFileMonitor] - com.progress.appserv.Prop - Development Server is limited to 5 concurrent requests 
2021-10-25T11:00:43.144Z WARN  [PropertyFileMonitor] - com.progress.appserv.Prop - Development Server is limited to 1 agent 
2021-10-25T11:00:43.146Z WARN  [PropertyFileMonitor] - com.progress.appserv.Prop - Development Server is limited to 5 concurrent requests 
2021-10-25T11:00:44.155Z WARN  [PropertyFileMonitor] - com.progress.appserv.Prop - Development Server is limited to 1 agent 
2021-10-25T11:00:44.157Z WARN  [PropertyFileMonitor] - com.progress.appserv.Prop - Development Server is limited to 5 concurrent requests 
2021-10-25T11:00:45.171Z WARN  [PropertyFileMonitor] - com.progress.appserv.Prop - Development Server is limited to 1 agent 
2021-10-25T11:00:45.173Z WARN  [PropertyFileMonitor] - com.progress.appserv.Prop - Development Server is limited to 5 concurrent requests 
2021-10-25T11:00:46.188Z WARN  [PropertyFileMonitor] - com.progress.appserv.Prop - Development Server is limited to 1 agent 
2021-10-25T11:00:46.189Z WARN  [PropertyFileMonitor] - com.progress.appserv.Prop - Development Server is limited to 5 concurrent requests 
2021-10-25T11:00:47.276Z ERROR [PropertyFileMonitor] - com.progress.appserv.Prop - Exception reading dynamic runtime properties  
com.progress.appserv.services.properties.ubimpl.ubPropertyManager$NoSuchGroupException: No such group as "AppServer.SessMgr.sports2000". (PRPMsg007)
	at com.progress.appserv.services.properties.ubimpl.ubPropertyManager.groups(ubPropertyManager.java:1109)
	at com.progress.appserv.services.properties.ubimpl.ubPropertyManager.checkValidSection(ubPropertyManager.java:406)
	at com.progress.appserv.services.properties.ubimpl.ubPropertyManager.getProperties(ubPropertyManager.java:197)
	at com.progress.appserv.broker.util.AppservProperties.updateProperties(AppservProperties.java:755)
	at com.progress.appserv.broker.util.AppservProperties.watchEvent(AppservProperties.java:713)
	at com.progress.appserv.services.properties.ubimpl.ubPropertyManager.watchEvent(ubPropertyManager.java:369)
	at com.progress.appserv.services.properties.ubimpl.ubWatchDog.run(ubWatchDog.java:123)
2021-10-25T11:00:47.278Z ERROR [PropertyFileMonitor] - com.progress.appserv.Mgmt - Exception retrieving AppServer status 
com.progress.appserv.services.properties.ubimpl.ubPropertyManager$NoSuchGroupException: No such group as "AppServer". (PRPMsg007)
	at com.progress.appserv.services.properties.ubimpl.ubPropertyManager.groups(ubPropertyManager.java:1109)
	at com.progress.appserv.services.properties.ubimpl.ubPropertyManager.checkValidSection(ubPropertyManager.java:406)
	at com.progress.appserv.services.properties.ubimpl.ubPropertyManager.getProperties(ubPropertyManager.java:197)
	at com.progress.appserv.oeabl.ABLService.watchEvent(ABLService.java:485)
	at com.progress.appserv.services.properties.ubimpl.ubPropertyManager.watchEvent(ubPropertyManager.java:369)
	at com.progress.appserv.services.properties.ubimpl.ubWatchDog.run(ubWatchDog.java:123)
2021-10-25T11:00:47.281Z ERROR [PropertyFileMonitor] - c.p.appserv.adapters.apsv.Properties - APSV : an error occurred while reading dynamic runtime properties = com.progress.appserv.services.properties.ubimpl.ubPropertyManager$NoSuchGroupException: No such group as "sports2000.ROOT.APSV". (PRPMsg007). (18335) 
2021-10-25T11:00:47.281Z ERROR [PropertyFileMonitor] - c.p.appserv.adapters.rest.Adapter - An error occurred while reading/updating the properties. com.progress.appserv.services.properties.ubimpl.ubPropertyManager$NoSuchGroupException: No such group as "sports2000.ROOT.REST". (PRPMsg007) 
2021-10-25T11:00:47.282Z ERROR [PropertyFileMonitor] - c.p.appserv.adapters.web.Properties - Exception reading dynamic runtime properties 
com.progress.appserv.services.properties.ubimpl.ubPropertyManager$NoSuchGroupException: No such group as "sports2000.ROOT.WEB". (PRPMsg007)
	at com.progress.appserv.services.properties.ubimpl.ubPropertyManager.groups(ubPropertyManager.java:1109)
	at com.progress.appserv.services.properties.ubimpl.ubPropertyManager.checkValidSection(ubPropertyManager.java:406)
	at com.progress.appserv.services.properties.ubimpl.ubPropertyManager.getProperties(ubPropertyManager.java:197)
	at com.progress.appserv.adapters.web.OEWebProps.updateProperties(OEWebProps.java:272)
	at com.progress.appserv.adapters.web.OEWebProps.watchEvent(OEWebProps.java:259)
	at com.progress.appserv.services.properties.ubimpl.ubPropertyManager.watchEvent(ubPropertyManager.java:369)
	at com.progress.appserv.services.properties.ubimpl.ubWatchDog.run(ubWatchDog.java:123)
2021-10-25T11:00:47.283Z ERROR [PropertyFileMonitor] - c.p.appserv.adapters.soap.Adapter - An error occurred while reading dynamic runtime properties. Exception : com.progress.appserv.services.properties.ubimpl.ubPropertyManager$NoSuchGroupException: No such group as "sports2000.ROOT.SOAP". (PRPMsg007) 
2021-10-25T11:00:48.308Z WARN  [PropertyFileMonitor] - com.progress.appserv.Prop - Development Server is limited to 1 agent 
2021-10-25T11:00:48.310Z WARN  [PropertyFileMonitor] - com.progress.appserv.Prop - Development Server is limited to 5 concurrent requests 
2021-10-25T11:00:49.332Z WARN  [PropertyFileMonitor] - com.progress.appserv.Prop - Development Server is limited to 1 agent 
2021-10-25T11:00:49.334Z WARN  [PropertyFileMonitor] - com.progress.appserv.Prop - Development Server is limited to 5 concurrent requests 
2021-10-25T11:00:50.347Z WARN  [PropertyFileMonitor] - com.progress.appserv.Prop - Development Server is limited to 1 agent 
2021-10-25T11:00:50.348Z WARN  [PropertyFileMonitor] - com.progress.appserv.Prop - Development Server is limited to 5 concurrent requests 
2021-10-25T11:00:51.361Z WARN  [PropertyFileMonitor] - com.progress.appserv.Prop - Development Server is limited to 1 agent 
2021-10-25T11:00:51.363Z WARN  [PropertyFileMonitor] - com.progress.appserv.Prop - Development Server is limited to 5 concurrent requests 
2021-10-25T11:00:52.379Z WARN  [PropertyFileMonitor] - com.progress.appserv.Prop - Development Server is limited to 1 agent 
2021-10-25T11:00:52.381Z WARN  [PropertyFileMonitor] - com.progress.appserv.Prop - Development Server is limited to 5 concurrent requests 
2021-10-25T11:00:53.396Z WARN  [PropertyFileMonitor] - com.progress.appserv.Prop - Development Server is limited to 1 agent 
2021-10-25T11:00:53.398Z WARN  [PropertyFileMonitor] - com.progress.appserv.Prop - Development Server is limited to 5 concurrent requests 
2021-10-25T11:00:54.413Z ERROR [PropertyFileMonitor] - com.progress.appserv.Prop - Exception reading dynamic runtime properties  
com.progress.appserv.services.properties.ubimpl.ubPropertyManager$NoSuchGroupException: No such group as "AppServer.SessMgr.sports2000". (PRPMsg007)
	at com.progress.appserv.services.properties.ubimpl.ubPropertyManager.groups(ubPropertyManager.java:1109)
	at com.progress.appserv.services.properties.ubimpl.ubPropertyManager.checkValidSection(ubPropertyManager.java:406)
	at com.progress.appserv.services.properties.ubimpl.ubPropertyManager.getProperties(ubPropertyManager.java:197)
	at com.progress.appserv.broker.util.AppservProperties.updateProperties(AppservProperties.java:755)
	at com.progress.appserv.broker.util.AppservProperties.watchEvent(AppservProperties.java:713)
	at com.progress.appserv.services.properties.ubimpl.ubPropertyManager.watchEvent(ubPropertyManager.java:369)
	at com.progress.appserv.services.properties.ubimpl.ubWatchDog.run(ubWatchDog.java:123)
2021-10-25T11:00:54.414Z ERROR [PropertyFileMonitor] - com.progress.appserv.Mgmt - Exception retrieving AppServer status 
com.progress.appserv.services.properties.ubimpl.ubPropertyManager$NoSuchGroupException: No such group as "AppServer". (PRPMsg007)
	at com.progress.appserv.services.properties.ubimpl.ubPropertyManager.groups(ubPropertyManager.java:1109)
	at com.progress.appserv.services.properties.ubimpl.ubPropertyManager.checkValidSection(ubPropertyManager.java:406)
	at com.progress.appserv.services.properties.ubimpl.ubPropertyManager.getProperties(ubPropertyManager.java:197)
	at com.progress.appserv.oeabl.ABLService.watchEvent(ABLService.java:485)
	at com.progress.appserv.services.properties.ubimpl.ubPropertyManager.watchEvent(ubPropertyManager.java:369)
	at com.progress.appserv.services.properties.ubimpl.ubWatchDog.run(ubWatchDog.java:123)
2021-10-25T11:00:54.416Z ERROR [PropertyFileMonitor] - c.p.appserv.adapters.apsv.Properties - APSV : an error occurred while reading dynamic runtime properties = com.progress.appserv.services.properties.ubimpl.ubPropertyManager$NoSuchGroupException: No such group as "sports2000.ROOT.APSV". (PRPMsg007). (18335) 
2021-10-25T11:00:54.421Z ERROR [PropertyFileMonitor] - c.p.appserv.adapters.rest.Adapter - An error occurred while reading/updating the properties. com.progress.appserv.services.properties.ubimpl.ubPropertyManager$NoSuchGroupException: No such group as "sports2000.ROOT.REST". (PRPMsg007) 
2021-10-25T11:00:54.422Z ERROR [PropertyFileMonitor] - c.p.appserv.adapters.web.Properties - Exception reading dynamic runtime properties 
com.progress.appserv.services.properties.ubimpl.ubPropertyManager$NoSuchGroupException: No such group as "sports2000.ROOT.WEB". (PRPMsg007)
	at com.progress.appserv.services.properties.ubimpl.ubPropertyManager.groups(ubPropertyManager.java:1109)
	at com.progress.appserv.services.properties.ubimpl.ubPropertyManager.checkValidSection(ubPropertyManager.java:406)
	at com.progress.appserv.services.properties.ubimpl.ubPropertyManager.getProperties(ubPropertyManager.java:197)
	at com.progress.appserv.adapters.web.OEWebProps.updateProperties(OEWebProps.java:272)
	at com.progress.appserv.adapters.web.OEWebProps.watchEvent(OEWebProps.java:259)
	at com.progress.appserv.services.properties.ubimpl.ubPropertyManager.watchEvent(ubPropertyManager.java:369)
	at com.progress.appserv.services.properties.ubimpl.ubWatchDog.run(ubWatchDog.java:123)
2021-10-25T11:00:54.423Z ERROR [PropertyFileMonitor] - c.p.appserv.adapters.soap.Adapter - An error occurred while reading dynamic runtime properties. Exception : com.progress.appserv.services.properties.ubimpl.ubPropertyManager$NoSuchGroupException: No such group as "sports2000.ROOT.SOAP". (PRPMsg007) 
2021-10-25T11:00:55.425Z WARN  [PropertyFileMonitor] - com.progress.appserv.Prop - Development Server is limited to 1 agent 
2021-10-25T11:00:55.427Z WARN  [PropertyFileMonitor] - com.progress.appserv.Prop - Development Server is limited to 5 concurrent requests 
2021-10-25T11:00:56.444Z WARN  [PropertyFileMonitor] - com.progress.appserv.Prop - Development Server is limited to 1 agent 
2021-10-25T11:00:56.445Z WARN  [PropertyFileMonitor] - com.progress.appserv.Prop - Development Server is limited to 5 concurrent requests 
2021-10-25T11:00:57.451Z WARN  [PropertyFileMonitor] - com.progress.appserv.Prop - Development Server is limited to 1 agent 
2021-10-25T11:00:57.453Z WARN  [PropertyFileMonitor] - com.progress.appserv.Prop - Development Server is limited to 5 concurrent requests 
2021-10-25T11:00:58.462Z WARN  [PropertyFileMonitor] - com.progress.appserv.Prop - Development Server is limited to 1 agent 
2021-10-25T11:00:58.465Z WARN  [PropertyFileMonitor] - com.progress.appserv.Prop - Development Server is limited to 5 concurrent requests 
2021-10-25T11:00:59.482Z WARN  [PropertyFileMonitor] - com.progress.appserv.Prop - Development Server is limited to 1 agent 
2021-10-25T11:00:59.483Z WARN  [PropertyFileMonitor] - com.progress.appserv.Prop - Development Server is limited to 5 concurrent requests 
2021-10-25T11:01:00.506Z ERROR [PropertyFileMonitor] - com.progress.appserv.Prop - Exception reading dynamic runtime properties  
com.progress.appserv.services.properties.ubimpl.ubPropertyManager$NoSuchGroupException: No such group as "AppServer.SessMgr.sports2000". (PRPMsg007)
	at com.progress.appserv.services.properties.ubimpl.ubPropertyManager.groups(ubPropertyManager.java:1109)
	at com.progress.appserv.services.properties.ubimpl.ubPropertyManager.checkValidSection(ubPropertyManager.java:406)
	at com.progress.appserv.services.properties.ubimpl.ubPropertyManager.getProperties(ubPropertyManager.java:197)
	at com.progress.appserv.broker.util.AppservProperties.updateProperties(AppservProperties.java:755)
	at com.progress.appserv.broker.util.AppservProperties.watchEvent(AppservProperties.java:713)
	at com.progress.appserv.services.properties.ubimpl.ubPropertyManager.watchEvent(ubPropertyManager.java:369)
	at com.progress.appserv.services.properties.ubimpl.ubWatchDog.run(ubWatchDog.java:123)
2021-10-25T11:01:00.508Z ERROR [PropertyFileMonitor] - com.progress.appserv.Mgmt - Exception retrieving AppServer status 
com.progress.appserv.services.properties.ubimpl.ubPropertyManager$NoSuchGroupException: No such group as "AppServer". (PRPMsg007)
	at com.progress.appserv.services.properties.ubimpl.ubPropertyManager.groups(ubPropertyManager.java:1109)
	at com.progress.appserv.services.properties.ubimpl.ubPropertyManager.checkValidSection(ubPropertyManager.java:406)
	at com.progress.appserv.services.properties.ubimpl.ubPropertyManager.getProperties(ubPropertyManager.java:197)
	at com.progress.appserv.oeabl.ABLService.watchEvent(ABLService.java:485)
	at com.progress.appserv.services.properties.ubimpl.ubPropertyManager.watchEvent(ubPropertyManager.java:369)
	at com.progress.appserv.services.properties.ubimpl.ubWatchDog.run(ubWatchDog.java:123)
2021-10-25T11:01:00.509Z ERROR [PropertyFileMonitor] - c.p.appserv.adapters.apsv.Properties - APSV : an error occurred while reading dynamic runtime properties = com.progress.appserv.services.properties.ubimpl.ubPropertyManager$NoSuchGroupException: No such group as "sports2000.ROOT.APSV". (PRPMsg007). (18335) 
2021-10-25T11:01:00.510Z ERROR [PropertyFileMonitor] - c.p.appserv.adapters.rest.Adapter - An error occurred while reading/updating the properties. com.progress.appserv.services.properties.ubimpl.ubPropertyManager$NoSuchGroupException: No such group as "sports2000.ROOT.REST". (PRPMsg007) 
2021-10-25T11:01:00.510Z ERROR [PropertyFileMonitor] - c.p.appserv.adapters.web.Properties - Exception reading dynamic runtime properties 
com.progress.appserv.services.properties.ubimpl.ubPropertyManager$NoSuchGroupException: No such group as "sports2000.ROOT.WEB". (PRPMsg007)
	at com.progress.appserv.services.properties.ubimpl.ubPropertyManager.groups(ubPropertyManager.java:1109)
	at com.progress.appserv.services.properties.ubimpl.ubPropertyManager.checkValidSection(ubPropertyManager.java:406)
	at com.progress.appserv.services.properties.ubimpl.ubPropertyManager.getProperties(ubPropertyManager.java:197)
	at com.progress.appserv.adapters.web.OEWebProps.updateProperties(OEWebProps.java:272)
	at com.progress.appserv.adapters.web.OEWebProps.watchEvent(OEWebProps.java:259)
	at com.progress.appserv.services.properties.ubimpl.ubPropertyManager.watchEvent(ubPropertyManager.java:369)
	at com.progress.appserv.services.properties.ubimpl.ubWatchDog.run(ubWatchDog.java:123)
2021-10-25T11:01:00.511Z ERROR [PropertyFileMonitor] - c.p.appserv.adapters.soap.Adapter - An error occurred while reading dynamic runtime properties. Exception : com.progress.appserv.services.properties.ubimpl.ubPropertyManager$NoSuchGroupException: No such group as "sports2000.ROOT.SOAP". (PRPMsg007) 
2021-10-25T11:01:01.515Z WARN  [PropertyFileMonitor] - com.progress.appserv.Prop - Development Server is limited to 1 agent 
2021-10-25T11:01:01.516Z WARN  [PropertyFileMonitor] - com.progress.appserv.Prop - Development Server is limited to 5 concurrent requests 
2021-10-25T11:01:03.530Z WARN  [PropertyFileMonitor] - com.progress.appserv.Prop - Development Server is limited to 1 agent 
2021-10-25T11:01:03.535Z WARN  [PropertyFileMonitor] - com.progress.appserv.Prop - sports2000 : dynamic agent properties updated = 1. 
2021-10-25T11:01:03.536Z WARN  [PropertyFileMonitor] - com.progress.appserv.Prop - Development Server is limited to 5 concurrent requests 
2021-10-25T11:01:04.563Z WARN  [PropertyFileMonitor] - com.progress.appserv.Prop - Development Server is limited to 1 agent 
2021-10-25T11:01:04.565Z WARN  [PropertyFileMonitor] - com.progress.appserv.Prop - Development Server is limited to 5 concurrent requests 
2021-10-25T11:01:06.591Z WARN  [thd-6] - o.a.c.i.c.CoreTypeConverterRegistry - Overriding type converter from: org.apache.camel.support.SimpleTypeConverter@6bd1132e to: org.apache.camel.support.SimpleTypeConverter@3dc13342 
2021-10-25T11:01:06.710Z WARN  [thd-6] - c.p.appserv.adapters.rest.Management - Property file C:\WorkDir\sports2000\OpenEdge\PAS\webapps\restWeb/WEB-INF/adapters/rest/_oepingService/runtime.props not found - Using default properties 
2021-10-25T11:01:06.714Z WARN  [thd-6] - com.progress.caf.logging.CafLogging - Unable to create InputStream for resource "caflogging.properties". 
2021-10-25T11:01:07.501Z WARN  [thd-6] - o.a.c.i.c.CoreTypeConverterRegistry - Overriding type converter from: org.apache.camel.support.SimpleTypeConverter@19c8458c to: org.apache.camel.support.SimpleTypeConverter@a71d311 
2021-10-25T11:01:07.609Z WARN  [thd-6] - com.progress.appserv.Prop - Development Server is limited to 1 agent 
2021-10-25T11:01:07.609Z WARN  [thd-6] - com.progress.appserv.Prop - Development Server is limited to 5 concurrent requests 
2021-10-25T11:01:08.506Z WARN  [thd-6] - o.a.c.c.s.CamelHttpTransportServlet - Duplicate ServletName detected: CamelSOAPServlet. Existing: CamelHttpTransportServlet[name=CamelSOAPServlet] This: CamelHttpTransportServlet[name=CamelSOAPServlet]. Its advised to use unique ServletName per Camel application. 
2021-10-25T11:01:09.707Z WARN  [4mdbOFAfSACs0xwTGtWkzQ-agent-watchdog] - c.p.appserv.PoolMgt.AgentWatchdog - AgentWatchdog(4mdbOFAfSACs0xwTGtWkzQ) : agent uw-WMGhDRySj8VwjixjHcg PID= 4920 has terminated.  
2021-10-25T11:01:27.188Z WARN  [PropertyFileMonitor] - com.progress.appserv.Prop - Development Server is limited to 1 agent 
2021-10-25T11:01:27.190Z WARN  [PropertyFileMonitor] - com.progress.appserv.Prop - Development Server is limited to 5 concurrent requests 
2021-10-25T11:02:03.575Z WARN  [PropertyFileMonitor] - com.progress.appserv.Prop - Development Server is limited to 1 agent 
2021-10-25T11:02:03.577Z WARN  [PropertyFileMonitor] - com.progress.appserv.Prop - Development Server is limited to 5 concurrent requests 
2021-10-25T11:04:10.771Z WARN  [PropertyFileMonitor] - com.progress.appserv.Prop - Development Server is limited to 1 agent 
2021-10-25T11:04:10.773Z WARN  [PropertyFileMonitor] - com.progress.appserv.Prop - Development Server is limited to 5 concurrent requests 
2021-10-25T11:05:17.270Z WARN  [PropertyFileMonitor] - com.progress.appserv.Prop - Development Server is limited to 1 agent 
2021-10-25T11:05:17.272Z WARN  [PropertyFileMonitor] - com.progress.appserv.Prop - Development Server is limited to 5 concurrent requests 
2021-10-25T11:05:30.400Z WARN  [PropertyFileMonitor] - com.progress.appserv.Prop - Development Server is limited to 1 agent 
2021-10-25T11:05:30.402Z WARN  [PropertyFileMonitor] - com.progress.appserv.Prop - Development Server is limited to 5 concurrent requests 
2021-10-25T11:08:42.297Z WARN  [PropertyFileMonitor] - com.progress.appserv.Prop - Development Server is limited to 1 agent 
2021-10-25T11:08:42.300Z WARN  [PropertyFileMonitor] - com.progress.appserv.Prop - Development Server is limited to 5 concurrent requests 
2021-10-25T11:10:30.239Z WARN  [PropertyFileMonitor] - com.progress.appserv.Prop - Development Server is limited to 1 agent 
2021-10-25T11:10:30.241Z WARN  [PropertyFileMonitor] - com.progress.appserv.Prop - Development Server is limited to 5 concurrent requests 
2021-10-25T11:39:36.887Z ERROR [4mdbOFAfSACs0xwTGtWkzQ-agent-watchdog] - com.progress.appserv.AgentChannel - channel read() IOException in readChannel = java.io.IOException: An existing connection was forcibly closed by the remote host:An existing connection was forcibly closed by the remote host 
2021-10-25T11:39:36.887Z ERROR [4mdbOFAfSACs0xwTGtWkzQ-agent-watchdog] - c.p.appserv.PoolMgt.AgentWatchdog - AgentWatchdog(4mdbOFAfSACs0xwTGtWkzQ) : unexpected error reading msg channel (java.io.IOException: An existing connection was forcibly closed by the remote host:An existing connection was forcibly closed by the remote host). 
2021-10-25T11:39:36.887Z WARN  [4mdbOFAfSACs0xwTGtWkzQ-agent-watchdog] - c.p.appserv.PoolMgt.AgentWatchdog - AgentWatchdog(4mdbOFAfSACs0xwTGtWkzQ) : agent 0gqSwpP7QQKzcjk47sxu2Q PID= 6396 has terminated.  
