2021-11-02T16:51:18.958Z INFO  [Catalina-utility-1] o.a.catalina.core.ApplicationContext.log - No Spring WebApplicationInitializer types detected on classpath
2021-11-02T16:51:20.292Z INFO  [Catalina-utility-1] o.a.catalina.core.ApplicationContext.log - No Spring WebApplicationInitializer types detected on classpath
2021-11-02T16:51:21.254Z INFO  [Catalina-utility-1] o.a.catalina.core.ApplicationContext.log - Initializing Spring root WebApplicationContext
2021-11-02T16:51:32.110Z INFO  [Catalina-utility-1] o.a.catalina.core.ApplicationContext.log - Initializing Spring DispatcherServlet 'mvc-dispatch'
2021-11-02T16:51:38.114Z INFO  [Catalina-utility-1] o.a.catalina.core.ApplicationContext.log - No Spring WebApplicationInitializer types detected on classpath
2021-11-02T16:51:38.742Z INFO  [Catalina-utility-1] o.a.catalina.core.ApplicationContext.log - Initializing Spring root WebApplicationContext
2021-11-02T16:51:55.566Z INFO  [Catalina-utility-1] o.a.catalina.core.ApplicationContext.log - Initializing Spring DispatcherServlet 'mvc-dispatch'
2021-11-02T16:52:00.251Z INFO  [Catalina-utility-1] o.a.catalina.core.ApplicationContext.log - No Spring WebApplicationInitializer types detected on classpath
2021-11-02T16:52:00.658Z INFO  [Catalina-utility-1] o.a.catalina.core.ApplicationContext.log - Initializing Spring root WebApplicationContext
2021-11-02T16:52:11.580Z INFO  [Catalina-utility-1] o.a.catalina.core.ApplicationContext.log - Initializing Spring DispatcherServlet 'mvc-dispatch'
2021-11-02T16:58:07.219Z INFO  [thd-2] o.a.catalina.core.ApplicationContext.log - Manager: init: Associated with Deployer 'Catalina:type=Deployer,host=localhost'
2021-11-02T16:58:07.221Z INFO  [thd-2] o.a.catalina.core.ApplicationContext.log - Manager: init: Global resources are available
2021-11-02T16:58:07.223Z INFO  [thd-2] o.a.catalina.core.ApplicationContext.log - Manager: list: Listing contexts for virtual host 'localhost'
2021-11-02T16:58:07.243Z INFO  [thd-10] o.a.catalina.core.ApplicationContext.log - Manager: list: Listing contexts for virtual host 'localhost'
2021-11-02T17:02:07.258Z INFO  [thd-1] o.a.catalina.core.ApplicationContext.log - Manager: list: Listing contexts for virtual host 'localhost'
2021-11-02T17:02:14.067Z INFO  [Catalina-utility-2] o.a.catalina.core.ApplicationContext.log - Destroying Spring FrameworkServlet 'mvc-dispatch'
2021-11-02T17:02:14.255Z INFO  [Catalina-utility-2] o.a.catalina.core.ApplicationContext.log - Closing Spring root WebApplicationContext
2021-11-02T17:02:14.700Z INFO  [Catalina-utility-2] o.a.catalina.core.ApplicationContext.log - Destroying Spring FrameworkServlet 'mvc-dispatch'
2021-11-02T17:02:15.248Z INFO  [Catalina-utility-2] o.a.catalina.core.ApplicationContext.log - Closing Spring root WebApplicationContext
2021-11-02T17:02:15.338Z INFO  [Catalina-utility-2] o.a.catalina.core.ApplicationContext.log - Destroying Spring FrameworkServlet 'mvc-dispatch'
2021-11-02T17:02:15.344Z INFO  [Catalina-utility-2] o.a.catalina.core.ApplicationContext.log - Closing Spring root WebApplicationContext
