0:0:0:0:0:0:0:1 - anonymousUser [2021-11-08T09:13:23.117Z] "GET /restWeb/web/employee HTTP/1.1" 200 - restWeb:w:00000001 
127.0.0.1 - - [2021-11-08T09:14:02.657Z] "GET /manager/text/list HTTP/1.1" 200 - - 
127.0.0.1 - - [2021-11-08T09:14:07.482Z] "GET /manager/text/list HTTP/1.1" 200 - - 
0:0:0:0:0:0:0:1 - anonymousUser [2021-11-08T09:14:49.593Z] "GET / HTTP/1.1" 200 946 ROOT:f:00000001 
0:0:0:0:0:0:0:1 - anonymousUser [2021-11-08T09:14:49.693Z] "GET /css/app.css HTTP/1.1" 200 911 ROOT:f:00000003 
0:0:0:0:0:0:0:1 - anonymousUser [2021-11-08T09:14:49.753Z] "GET /sports2000.styles.css HTTP/1.1" 200 2896 ROOT:f:00000005 
0:0:0:0:0:0:0:1 - anonymousUser [2021-11-08T09:14:50.001Z] "GET /css/bootstrap/bootstrap.min.css HTTP/1.1" 200 155764 ROOT:f:00000002 
0:0:0:0:0:0:0:1 - anonymousUser [2021-11-08T09:14:50.011Z] "GET /_content/Radzen.Blazor/Radzen.Blazor.js HTTP/1.1" 200 49096 ROOT:f:00000008 
0:0:0:0:0:0:0:1 - anonymousUser [2021-11-08T09:14:50.015Z] "GET /_framework/blazor.webassembly.js HTTP/1.1" 200 76966 ROOT:f:00000006 
0:0:0:0:0:0:0:1 - anonymousUser [2021-11-08T09:14:50.080Z] "GET /css/open-iconic/font/css/open-iconic-bootstrap.min.css HTTP/1.1" 200 9395 ROOT:f:00000009 
0:0:0:0:0:0:0:1 - anonymousUser [2021-11-08T09:14:50.124Z] "GET /_content/Radzen.Blazor/css/default-base.css HTTP/1.1" 200 207689 ROOT:f:00000004 
0:0:0:0:0:0:0:1 - anonymousUser [2021-11-08T09:14:50.136Z] "GET /_content/Radzen.Blazor/css/default.css HTTP/1.1" 200 324076 ROOT:f:00000007 
0:0:0:0:0:0:0:1 - anonymousUser [2021-11-08T09:14:50.391Z] "GET /_framework/blazor.boot.json HTTP/1.1" 200 12303 ROOT:f:0000000a 
0:0:0:0:0:0:0:1 - anonymousUser [2021-11-08T09:14:50.673Z] "GET /_content/Radzen.Blazor/fonts/SourceSansPro-Regular.woff HTTP/1.1" 200 133352 ROOT:f:0000000b 
0:0:0:0:0:0:0:1 - anonymousUser [2021-11-08T09:14:51.091Z] "GET /_framework/dotnet.6.0.0-rc.2.21480.5.js HTTP/1.1" 200 242171 ROOT:f:0000000c 
0:0:0:0:0:0:0:1 - anonymousUser [2021-11-08T09:14:55.059Z] "GET /Progress_Software_logo.png HTTP/1.1" 200 5466 ROOT:f:0000000d 
0:0:0:0:0:0:0:1 - anonymousUser [2021-11-08T09:14:55.388Z] "GET /css/open-iconic/font/fonts/open-iconic.woff HTTP/1.1" 200 14984 ROOT:f:0000000e 
0:0:0:0:0:0:0:1 - anonymousUser [2021-11-08T09:14:55.458Z] "GET /_content/Radzen.Blazor/fonts/SourceSansPro-Bold.woff HTTP/1.1" 200 135828 ROOT:f:0000000f 
0:0:0:0:0:0:0:1 - anonymousUser [2021-11-08T09:51:29.664Z] "GET / HTTP/1.1" 200 946 ROOT:f:00000010 
0:0:0:0:0:0:0:1 - anonymousUser [2021-11-08T09:51:29.764Z] "GET /css/app.css HTTP/1.1" 200 911 ROOT:f:00000012 
0:0:0:0:0:0:0:1 - anonymousUser [2021-11-08T09:51:29.773Z] "GET /sports2000.styles.css HTTP/1.1" 200 2896 ROOT:f:00000013 
0:0:0:0:0:0:0:1 - anonymousUser [2021-11-08T09:51:29.763Z] "GET /css/bootstrap/bootstrap.min.css HTTP/1.1" 200 155764 ROOT:f:00000011 
0:0:0:0:0:0:0:1 - anonymousUser [2021-11-08T09:51:29.787Z] "GET /_content/Radzen.Blazor/css/default-base.css HTTP/1.1" 200 207689 ROOT:f:00000014 
0:0:0:0:0:0:0:1 - anonymousUser [2021-11-08T09:51:29.797Z] "GET /_content/Radzen.Blazor/Radzen.Blazor.js HTTP/1.1" 200 49096 ROOT:f:00000016 
0:0:0:0:0:0:0:1 - anonymousUser [2021-11-08T09:51:29.803Z] "GET /_content/Radzen.Blazor/css/default.css HTTP/1.1" 200 324076 ROOT:f:00000015 
0:0:0:0:0:0:0:1 - anonymousUser [2021-11-08T09:51:29.808Z] "GET /_framework/blazor.webassembly.js HTTP/1.1" 200 76966 ROOT:f:00000017 
0:0:0:0:0:0:0:1 - anonymousUser [2021-11-08T09:51:29.810Z] "GET /css/open-iconic/font/css/open-iconic-bootstrap.min.css HTTP/1.1" 200 9395 ROOT:f:00000018 
0:0:0:0:0:0:0:1 - anonymousUser [2021-11-08T09:51:29.934Z] "GET /_framework/blazor.boot.json HTTP/1.1" 200 12303 ROOT:f:00000019 
0:0:0:0:0:0:0:1 - anonymousUser [2021-11-08T09:51:30.017Z] "GET /_content/Radzen.Blazor/fonts/SourceSansPro-Regular.woff HTTP/1.1" 200 133352 ROOT:f:0000001a 
0:0:0:0:0:0:0:1 - anonymousUser [2021-11-08T09:51:30.128Z] "GET /_framework/dotnet.6.0.0-rc.2.21480.5.js HTTP/1.1" 200 242171 ROOT:f:0000001b 
0:0:0:0:0:0:0:1 - anonymousUser [2021-11-08T09:51:35.668Z] "GET /restWeb/web/employee HTTP/1.1" 200 - restWeb:w:00000002 
0:0:0:0:0:0:0:1 - anonymousUser [2021-11-08T09:55:20.117Z] "GET / HTTP/1.1" 200 946 ROOT:f:0000001c 
0:0:0:0:0:0:0:1 - anonymousUser [2021-11-08T09:55:20.187Z] "GET /sports2000.styles.css HTTP/1.1" 200 2896 ROOT:f:00000021 
0:0:0:0:0:0:0:1 - anonymousUser [2021-11-08T09:55:20.190Z] "GET /css/bootstrap/bootstrap.min.css HTTP/1.1" 200 155764 ROOT:f:0000001d 
0:0:0:0:0:0:0:1 - anonymousUser [2021-11-08T09:55:20.211Z] "GET /_content/Radzen.Blazor/css/default-base.css HTTP/1.1" 200 207689 ROOT:f:00000022 
0:0:0:0:0:0:0:1 - anonymousUser [2021-11-08T09:55:20.216Z] "GET /_framework/blazor.webassembly.js HTTP/1.1" 200 76966 ROOT:f:00000023 
0:0:0:0:0:0:0:1 - anonymousUser [2021-11-08T09:55:20.224Z] "GET /_content/Radzen.Blazor/css/default.css HTTP/1.1" 200 324076 ROOT:f:0000001f 
0:0:0:0:0:0:0:1 - anonymousUser [2021-11-08T09:55:20.227Z] "GET /css/app.css HTTP/1.1" 200 911 ROOT:f:0000001e 
0:0:0:0:0:0:0:1 - anonymousUser [2021-11-08T09:55:20.247Z] "GET /_content/Radzen.Blazor/Radzen.Blazor.js HTTP/1.1" 200 49096 ROOT:f:00000020 
0:0:0:0:0:0:0:1 - anonymousUser [2021-11-08T09:55:20.469Z] "GET /css/open-iconic/font/css/open-iconic-bootstrap.min.css HTTP/1.1" 200 9395 ROOT:f:00000024 
0:0:0:0:0:0:0:1 - anonymousUser [2021-11-08T09:55:20.563Z] "GET /_framework/blazor.boot.json HTTP/1.1" 200 12303 ROOT:f:00000025 
0:0:0:0:0:0:0:1 - anonymousUser [2021-11-08T09:55:20.722Z] "GET /_content/Radzen.Blazor/fonts/SourceSansPro-Regular.woff HTTP/1.1" 200 133352 ROOT:f:00000026 
0:0:0:0:0:0:0:1 - anonymousUser [2021-11-08T09:55:20.803Z] "GET /_framework/dotnet.6.0.0-rc.2.21480.5.js HTTP/1.1" 200 242171 ROOT:f:00000027 
0:0:0:0:0:0:0:1 - anonymousUser [2021-11-08T09:55:23.911Z] "GET /Progress_Software_logo.png HTTP/1.1" 200 5466 ROOT:f:00000028 
0:0:0:0:0:0:0:1 - anonymousUser [2021-11-08T09:55:24.104Z] "GET /_content/Radzen.Blazor/fonts/SourceSansPro-Bold.woff HTTP/1.1" 200 135828 ROOT:f:0000002a 
0:0:0:0:0:0:0:1 - anonymousUser [2021-11-08T09:55:24.104Z] "GET /css/open-iconic/font/fonts/open-iconic.woff HTTP/1.1" 200 14984 ROOT:f:00000029 
0:0:0:0:0:0:0:1 - anonymousUser [2021-11-08T09:55:25.896Z] "GET /restWeb/web/department HTTP/1.1" 200 - restWeb:w:00000003 
0:0:0:0:0:0:0:1 - anonymousUser [2021-11-08T09:55:26.034Z] "GET /restWeb/web/employee HTTP/1.1" 200 - restWeb:w:00000004 
0:0:0:0:0:0:0:1 - anonymousUser [2021-11-08T09:55:26.837Z] "GET /_content/Radzen.Blazor/fonts/MaterialIcons-Regular.woff HTTP/1.1" 200 117212 ROOT:f:0000002b 
0:0:0:0:0:0:0:1 - anonymousUser [2021-11-08T10:10:01.521Z] "GET / HTTP/1.1" 200 946 ROOT:f:0000002c 
0:0:0:0:0:0:0:1 - anonymousUser [2021-11-08T10:10:01.601Z] "GET /css/bootstrap/bootstrap.min.css HTTP/1.1" 200 155764 ROOT:f:0000002d 
0:0:0:0:0:0:0:1 - anonymousUser [2021-11-08T10:10:01.606Z] "GET /css/app.css HTTP/1.1" 200 911 ROOT:f:0000002e 
0:0:0:0:0:0:0:1 - anonymousUser [2021-11-08T10:10:01.611Z] "GET /sports2000.styles.css HTTP/1.1" 200 2896 ROOT:f:00000030 
0:0:0:0:0:0:0:1 - anonymousUser [2021-11-08T10:10:01.627Z] "GET /_content/Radzen.Blazor/css/default-base.css HTTP/1.1" 200 207689 ROOT:f:0000002f 
0:0:0:0:0:0:0:1 - anonymousUser [2021-11-08T10:10:01.642Z] "GET /_content/Radzen.Blazor/css/default.css HTTP/1.1" 200 324076 ROOT:f:00000033 
0:0:0:0:0:0:0:1 - anonymousUser [2021-11-08T10:10:01.644Z] "GET /_content/Radzen.Blazor/Radzen.Blazor.js HTTP/1.1" 200 49096 ROOT:f:00000031 
0:0:0:0:0:0:0:1 - anonymousUser [2021-11-08T10:10:01.647Z] "GET /_framework/blazor.webassembly.js HTTP/1.1" 200 76966 ROOT:f:00000032 
0:0:0:0:0:0:0:1 - anonymousUser [2021-11-08T10:10:01.689Z] "GET /css/open-iconic/font/css/open-iconic-bootstrap.min.css HTTP/1.1" 200 9395 ROOT:f:00000034 
0:0:0:0:0:0:0:1 - anonymousUser [2021-11-08T10:10:01.741Z] "GET /_framework/blazor.boot.json HTTP/1.1" 200 12303 ROOT:f:00000035 
0:0:0:0:0:0:0:1 - anonymousUser [2021-11-08T10:10:01.832Z] "GET /_content/Radzen.Blazor/fonts/SourceSansPro-Regular.woff HTTP/1.1" 200 133352 ROOT:f:00000036 
0:0:0:0:0:0:0:1 - anonymousUser [2021-11-08T10:10:01.909Z] "GET /_framework/dotnet.6.0.0-rc.2.21480.5.js HTTP/1.1" 200 242171 ROOT:f:00000037 
0:0:0:0:0:0:0:1 - anonymousUser [2021-11-08T10:10:04.562Z] "GET /Progress_Software_logo.png HTTP/1.1" 200 5466 ROOT:f:00000038 
0:0:0:0:0:0:0:1 - anonymousUser [2021-11-08T10:10:04.720Z] "GET /_content/Radzen.Blazor/fonts/SourceSansPro-Bold.woff HTTP/1.1" 200 135828 ROOT:f:0000003a 
0:0:0:0:0:0:0:1 - anonymousUser [2021-11-08T10:10:04.721Z] "GET /css/open-iconic/font/fonts/open-iconic.woff HTTP/1.1" 200 14984 ROOT:f:00000039 
0:0:0:0:0:0:0:1 - anonymousUser [2021-11-08T10:10:21.320Z] "GET /restWeb/web/department HTTP/1.1" 200 - restWeb:w:00000005 
0:0:0:0:0:0:0:1 - anonymousUser [2021-11-08T10:10:21.411Z] "GET /restWeb/web/employee HTTP/1.1" 200 - restWeb:w:00000006 
0:0:0:0:0:0:0:1 - anonymousUser [2021-11-08T10:10:21.882Z] "GET /_content/Radzen.Blazor/fonts/MaterialIcons-Regular.woff HTTP/1.1" 200 117212 ROOT:f:0000003b 
0:0:0:0:0:0:0:1 - anonymousUser [2021-11-08T10:42:54.901Z] "GET / HTTP/1.1" 200 946 ROOT:f:0000003c 
0:0:0:0:0:0:0:1 - anonymousUser [2021-11-08T10:42:55.011Z] "GET /css/app.css HTTP/1.1" 200 911 ROOT:f:0000003e 
0:0:0:0:0:0:0:1 - anonymousUser [2021-11-08T10:42:55.011Z] "GET /css/bootstrap/bootstrap.min.css HTTP/1.1" 200 155764 ROOT:f:0000003d 
0:0:0:0:0:0:0:1 - anonymousUser [2021-11-08T10:42:55.022Z] "GET /sports2000.styles.css HTTP/1.1" 200 2896 ROOT:f:0000003f 
0:0:0:0:0:0:0:1 - anonymousUser [2021-11-08T10:42:55.031Z] "GET /_content/Radzen.Blazor/css/default-base.css HTTP/1.1" 200 207689 ROOT:f:00000041 
0:0:0:0:0:0:0:1 - anonymousUser [2021-11-08T10:42:55.034Z] "GET /_content/Radzen.Blazor/css/default.css HTTP/1.1" 200 324076 ROOT:f:00000042 
0:0:0:0:0:0:0:1 - anonymousUser [2021-11-08T10:42:55.036Z] "GET /_content/Radzen.Blazor/Radzen.Blazor.js HTTP/1.1" 200 49096 ROOT:f:00000040 
0:0:0:0:0:0:0:1 - anonymousUser [2021-11-08T10:42:55.051Z] "GET /_framework/blazor.webassembly.js HTTP/1.1" 200 76966 ROOT:f:00000043 
0:0:0:0:0:0:0:1 - anonymousUser [2021-11-08T10:42:55.074Z] "GET /css/open-iconic/font/css/open-iconic-bootstrap.min.css HTTP/1.1" 200 9395 ROOT:f:00000044 
0:0:0:0:0:0:0:1 - anonymousUser [2021-11-08T10:42:55.204Z] "GET /_framework/blazor.boot.json HTTP/1.1" 200 12303 ROOT:f:00000045 
0:0:0:0:0:0:0:1 - anonymousUser [2021-11-08T10:42:55.336Z] "GET /_content/Radzen.Blazor/fonts/SourceSansPro-Regular.woff HTTP/1.1" 200 133352 ROOT:f:00000046 
0:0:0:0:0:0:0:1 - anonymousUser [2021-11-08T10:42:55.444Z] "GET /_framework/dotnet.6.0.0-rc.2.21480.5.js HTTP/1.1" 200 242171 ROOT:f:00000047 
0:0:0:0:0:0:0:1 - anonymousUser [2021-11-08T10:42:58.396Z] "GET /Progress_Software_logo.png HTTP/1.1" 200 5466 ROOT:f:00000048 
0:0:0:0:0:0:0:1 - anonymousUser [2021-11-08T10:42:58.601Z] "GET /css/open-iconic/font/fonts/open-iconic.woff HTTP/1.1" 200 14984 ROOT:f:00000049 
0:0:0:0:0:0:0:1 - anonymousUser [2021-11-08T10:42:58.629Z] "GET /_content/Radzen.Blazor/fonts/SourceSansPro-Bold.woff HTTP/1.1" 200 135828 ROOT:f:0000004a 
127.0.0.1 - - [2021-11-08T10:50:18.510Z] "GET /manager/text/list HTTP/1.1" 200 - - 
127.0.0.1 - - [2021-11-08T10:50:18.549Z] "GET /manager/text/list HTTP/1.1" 200 - - 
0:0:0:0:0:0:0:1 - anonymousUser [2021-11-08T10:55:51.776Z] "GET /restWeb/web/employee HTTP/1.1" 200 - restWeb:w:00000007 
0:0:0:0:0:0:0:1 - anonymousUser [2021-11-08T11:00:17.593Z] "GET / HTTP/1.1" 200 946 ROOT:f:0000004b 
0:0:0:0:0:0:0:1 - anonymousUser [2021-11-08T11:00:17.666Z] "GET /css/bootstrap/bootstrap.min.css HTTP/1.1" 200 155764 ROOT:f:0000004c 
0:0:0:0:0:0:0:1 - anonymousUser [2021-11-08T11:00:17.670Z] "GET /css/app.css HTTP/1.1" 200 911 ROOT:f:0000004d 
0:0:0:0:0:0:0:1 - anonymousUser [2021-11-08T11:00:17.676Z] "GET /sports2000.styles.css HTTP/1.1" 200 2896 ROOT:f:0000004e 
0:0:0:0:0:0:0:1 - anonymousUser [2021-11-08T11:00:17.678Z] "GET /_content/Radzen.Blazor/css/default-base.css HTTP/1.1" 200 207689 ROOT:f:0000004f 
0:0:0:0:0:0:0:1 - anonymousUser [2021-11-08T11:00:17.694Z] "GET /_content/Radzen.Blazor/Radzen.Blazor.js HTTP/1.1" 200 49096 ROOT:f:00000051 
0:0:0:0:0:0:0:1 - anonymousUser [2021-11-08T11:00:17.697Z] "GET /_content/Radzen.Blazor/css/default.css HTTP/1.1" 200 324076 ROOT:f:00000050 
0:0:0:0:0:0:0:1 - anonymousUser [2021-11-08T11:00:17.702Z] "GET /_framework/blazor.webassembly.js HTTP/1.1" 200 76966 ROOT:f:00000052 
0:0:0:0:0:0:0:1 - anonymousUser [2021-11-08T11:00:17.730Z] "GET /css/open-iconic/font/css/open-iconic-bootstrap.min.css HTTP/1.1" 200 9395 ROOT:f:00000053 
0:0:0:0:0:0:0:1 - anonymousUser [2021-11-08T11:00:17.868Z] "GET /_framework/blazor.boot.json HTTP/1.1" 200 12303 ROOT:f:00000054 
0:0:0:0:0:0:0:1 - anonymousUser [2021-11-08T11:00:17.946Z] "GET /_content/Radzen.Blazor/fonts/SourceSansPro-Regular.woff HTTP/1.1" 200 133352 ROOT:f:00000055 
0:0:0:0:0:0:0:1 - anonymousUser [2021-11-08T11:00:18.050Z] "GET /_framework/dotnet.6.0.0-rc.2.21480.5.js HTTP/1.1" 200 242171 ROOT:f:00000056 
0:0:0:0:0:0:0:1 - anonymousUser [2021-11-08T11:00:21.195Z] "GET /Progress_Software_logo.png HTTP/1.1" 200 5466 ROOT:f:00000057 
0:0:0:0:0:0:0:1 - anonymousUser [2021-11-08T11:00:21.305Z] "GET /css/open-iconic/font/fonts/open-iconic.woff HTTP/1.1" 200 14984 ROOT:f:00000058 
0:0:0:0:0:0:0:1 - anonymousUser [2021-11-08T11:00:21.331Z] "GET /_content/Radzen.Blazor/fonts/SourceSansPro-Bold.woff HTTP/1.1" 200 135828 ROOT:f:00000059 
0:0:0:0:0:0:0:1 - anonymousUser [2021-11-08T11:00:23.869Z] "GET /restWeb/web/department HTTP/1.1" 200 - restWeb:w:00000008 
0:0:0:0:0:0:0:1 - anonymousUser [2021-11-08T11:00:23.964Z] "GET /restWeb/web/employee HTTP/1.1" 200 - restWeb:w:00000009 
0:0:0:0:0:0:0:1 - anonymousUser [2021-11-08T11:00:24.731Z] "GET /_content/Radzen.Blazor/fonts/MaterialIcons-Regular.woff HTTP/1.1" 200 117212 ROOT:f:0000005a 
