2021-11-08T08:51:41.650Z INFO  [Catalina-utility-1] o.a.catalina.core.ApplicationContext.log - No Spring WebApplicationInitializer types detected on classpath
2021-11-08T08:51:43.387Z INFO  [Catalina-utility-1] o.a.catalina.core.ApplicationContext.log - No Spring WebApplicationInitializer types detected on classpath
2021-11-08T08:51:43.962Z INFO  [Catalina-utility-1] o.a.catalina.core.ApplicationContext.log - Initializing Spring root WebApplicationContext
2021-11-08T08:51:58.151Z INFO  [Catalina-utility-1] o.a.catalina.core.ApplicationContext.log - Initializing Spring DispatcherServlet 'mvc-dispatch'
2021-11-08T08:52:04.299Z INFO  [Catalina-utility-1] o.a.catalina.core.ApplicationContext.log - No Spring WebApplicationInitializer types detected on classpath
2021-11-08T08:52:05.002Z INFO  [Catalina-utility-1] o.a.catalina.core.ApplicationContext.log - Initializing Spring root WebApplicationContext
2021-11-08T08:52:25.640Z INFO  [Catalina-utility-1] o.a.catalina.core.ApplicationContext.log - Initializing Spring DispatcherServlet 'mvc-dispatch'
2021-11-08T08:52:34.374Z INFO  [Catalina-utility-1] o.a.catalina.core.ApplicationContext.log - No Spring WebApplicationInitializer types detected on classpath
2021-11-08T08:52:34.637Z INFO  [Catalina-utility-1] o.a.catalina.core.ApplicationContext.log - Initializing Spring root WebApplicationContext
2021-11-08T08:52:44.970Z INFO  [Catalina-utility-1] o.a.catalina.core.ApplicationContext.log - Initializing Spring DispatcherServlet 'mvc-dispatch'
2021-11-08T09:14:02.642Z INFO  [thd-4] o.a.catalina.core.ApplicationContext.log - Manager: init: Associated with Deployer 'Catalina:type=Deployer,host=localhost'
2021-11-08T09:14:02.644Z INFO  [thd-4] o.a.catalina.core.ApplicationContext.log - Manager: init: Global resources are available
2021-11-08T09:14:02.647Z INFO  [thd-4] o.a.catalina.core.ApplicationContext.log - Manager: list: Listing contexts for virtual host 'localhost'
2021-11-08T09:14:07.477Z INFO  [thd-10] o.a.catalina.core.ApplicationContext.log - Manager: list: Listing contexts for virtual host 'localhost'
2021-11-08T10:50:18.507Z INFO  [thd-10] o.a.catalina.core.ApplicationContext.log - Manager: list: Listing contexts for virtual host 'localhost'
2021-11-08T10:50:18.547Z INFO  [thd-1] o.a.catalina.core.ApplicationContext.log - Manager: list: Listing contexts for virtual host 'localhost'
2021-11-08T11:59:22.802Z INFO  [Catalina-utility-2] o.a.catalina.core.ApplicationContext.log - Destroying Spring FrameworkServlet 'mvc-dispatch'
2021-11-08T11:59:24.927Z INFO  [Catalina-utility-2] o.a.catalina.core.ApplicationContext.log - Closing Spring root WebApplicationContext
2021-11-08T11:59:25.427Z INFO  [Catalina-utility-2] o.a.catalina.core.ApplicationContext.log - Destroying Spring FrameworkServlet 'mvc-dispatch'
2021-11-08T11:59:25.723Z INFO  [Catalina-utility-2] o.a.catalina.core.ApplicationContext.log - Closing Spring root WebApplicationContext
2021-11-08T11:59:25.895Z INFO  [Catalina-utility-2] o.a.catalina.core.ApplicationContext.log - Destroying Spring FrameworkServlet 'mvc-dispatch'
2021-11-08T11:59:25.911Z INFO  [Catalina-utility-2] o.a.catalina.core.ApplicationContext.log - Closing Spring root WebApplicationContext
