2021-11-02T17:28:56.041Z sports2000 ROOT:f:00000009 denied anonymousUser [/css/bootstrap/bootstrap.min.css.map] [denyAll()] - Access is denied
2021-11-02T17:28:56.129Z sports2000 ROOT:f:0000000b denied anonymousUser [/_framework/EntityFrameworkCore.OpenEdge.dll] [denyAll()] - Access is denied
2021-11-02T17:28:56.261Z sports2000 ROOT:f:0000000c denied anonymousUser [/_framework/Microsoft.AspNetCore.Authorization.dll] [denyAll()] - Access is denied
2021-11-02T17:28:56.411Z sports2000 ROOT:f:00000011 denied anonymousUser [/_framework/Microsoft.EntityFrameworkCore.dll] [denyAll()] - Access is denied
2021-11-02T17:28:56.511Z sports2000 ROOT:f:00000012 denied anonymousUser [/_framework/Microsoft.EntityFrameworkCore.Relational.dll] [denyAll()] - Access is denied
2021-11-02T17:28:56.525Z sports2000 ROOT:f:00000013 denied anonymousUser [/_framework/Microsoft.Extensions.Caching.Abstractions.dll] [denyAll()] - Access is denied
2021-11-02T17:28:56.534Z sports2000 ROOT:f:00000014 denied anonymousUser [/_framework/Microsoft.Extensions.Caching.Memory.dll] [denyAll()] - Access is denied
2021-11-02T17:28:56.545Z sports2000 ROOT:f:00000015 denied anonymousUser [/_framework/Microsoft.Extensions.Configuration.dll] [denyAll()] - Access is denied
2021-11-02T17:28:56.561Z sports2000 ROOT:f:00000016 denied anonymousUser [/_framework/Microsoft.Extensions.Configuration.Abstractions.dll] [denyAll()] - Access is denied
2021-11-02T17:28:56.408Z sports2000 ROOT:f:00000010 denied anonymousUser [/_framework/Microsoft.EntityFrameworkCore.Abstractions.dll] [denyAll()] - Access is denied
2021-11-02T17:28:56.576Z sports2000 ROOT:f:00000017 denied anonymousUser [/_framework/Microsoft.Extensions.Configuration.Json.dll] [denyAll()] - Access is denied
2021-11-02T17:28:56.586Z sports2000 ROOT:f:00000018 denied anonymousUser [/_framework/Microsoft.Extensions.DependencyInjection.dll] [denyAll()] - Access is denied
2021-11-02T17:28:56.596Z sports2000 ROOT:f:00000019 denied anonymousUser [/_framework/Microsoft.Extensions.DependencyInjection.Abstractions.dll] [denyAll()] - Access is denied
2021-11-02T17:28:56.605Z sports2000 ROOT:f:0000001a denied anonymousUser [/_framework/Microsoft.Extensions.Logging.dll] [denyAll()] - Access is denied
2021-11-02T17:28:56.615Z sports2000 ROOT:f:0000001b denied anonymousUser [/_framework/Microsoft.Extensions.Logging.Abstractions.dll] [denyAll()] - Access is denied
2021-11-02T17:28:56.285Z sports2000 ROOT:f:0000000f denied anonymousUser [/_framework/Microsoft.AspNetCore.Components.WebAssembly.dll] [denyAll()] - Access is denied
2021-11-02T17:28:56.647Z sports2000 ROOT:f:0000001c denied anonymousUser [/_framework/Microsoft.Extensions.Primitives.dll] [denyAll()] - Access is denied
2021-11-02T17:28:56.657Z sports2000 ROOT:f:0000001d denied anonymousUser [/_framework/Microsoft.JSInterop.dll] [denyAll()] - Access is denied
2021-11-02T17:28:56.666Z sports2000 ROOT:f:0000001e denied anonymousUser [/_framework/Microsoft.JSInterop.WebAssembly.dll] [denyAll()] - Access is denied
2021-11-02T17:28:56.676Z sports2000 ROOT:f:0000001f denied anonymousUser [/_framework/Remotion.Linq.dll] [denyAll()] - Access is denied
2021-11-02T17:28:56.685Z sports2000 ROOT:f:00000020 denied anonymousUser [/_framework/System.Data.Odbc.dll] [denyAll()] - Access is denied
2021-11-02T17:28:56.281Z sports2000 ROOT:f:0000000e denied anonymousUser [/_framework/Microsoft.AspNetCore.Components.dll] [denyAll()] - Access is denied
2021-11-02T17:28:56.708Z sports2000 ROOT:f:00000022 denied anonymousUser [/_framework/System.IO.Pipelines.dll] [denyAll()] - Access is denied
2021-11-02T17:28:56.720Z sports2000 ROOT:f:00000023 denied anonymousUser [/_framework/Progress.Messages.dll] [denyAll()] - Access is denied
2021-11-02T17:28:56.736Z sports2000 ROOT:f:00000024 denied anonymousUser [/_framework/Progress.o4glrt.dll] [denyAll()] - Access is denied
2021-11-02T17:28:56.746Z sports2000 ROOT:f:00000025 denied anonymousUser [/_framework/sports2000.dll] [denyAll()] - Access is denied
2021-11-02T17:28:56.278Z sports2000 ROOT:f:0000000d denied anonymousUser [/_framework/Microsoft.AspNetCore.Components.Web.dll] [denyAll()] - Access is denied
2021-11-02T17:28:56.817Z sports2000 ROOT:f:00000027 denied anonymousUser [/_framework/Microsoft.Win32.Primitives.dll] [denyAll()] - Access is denied
2021-11-02T17:28:56.806Z sports2000 ROOT:f:00000026 denied anonymousUser [/_framework/Microsoft.Extensions.Options.dll] [denyAll()] - Access is denied
2021-11-02T17:28:56.975Z sports2000 ROOT:f:00000028 denied anonymousUser [/_framework/System.Buffers.dll] [denyAll()] - Access is denied
2021-11-02T17:28:56.805Z sports2000 ROOT:f:00000021 denied anonymousUser [/_framework/System.Interactive.Async.dll] [denyAll()] - Access is denied
2021-11-02T17:28:57.009Z sports2000 ROOT:f:00000029 denied anonymousUser [/_framework/System.Collections.NonGeneric.dll] [denyAll()] - Access is denied
2021-11-02T17:28:57.021Z sports2000 ROOT:f:0000002a denied anonymousUser [/_framework/System.Collections.dll] [denyAll()] - Access is denied
2021-11-02T17:28:57.030Z sports2000 ROOT:f:0000002b denied anonymousUser [/_framework/System.ComponentModel.Annotations.dll] [denyAll()] - Access is denied
2021-11-02T17:28:57.043Z sports2000 ROOT:f:0000002c denied anonymousUser [/_framework/System.ComponentModel.TypeConverter.dll] [denyAll()] - Access is denied
2021-11-02T17:28:57.048Z sports2000 ROOT:f:0000002d denied anonymousUser [/_framework/System.ComponentModel.dll] [denyAll()] - Access is denied
2021-11-02T17:28:57.056Z sports2000 ROOT:f:0000002e denied anonymousUser [/_framework/System.Collections.Immutable.dll] [denyAll()] - Access is denied
2021-11-02T17:28:57.066Z sports2000 ROOT:f:0000002f denied anonymousUser [/_framework/System.Collections.Specialized.dll] [denyAll()] - Access is denied
2021-11-02T17:28:57.088Z sports2000 ROOT:f:00000031 denied anonymousUser [/_framework/System.Console.dll] [denyAll()] - Access is denied
2021-11-02T17:28:57.094Z sports2000 ROOT:f:00000033 denied anonymousUser [/_framework/System.Diagnostics.Debug.dll] [denyAll()] - Access is denied
2021-11-02T17:28:57.097Z sports2000 ROOT:f:00000034 denied anonymousUser [/_framework/System.Diagnostics.DiagnosticSource.dll] [denyAll()] - Access is denied
2021-11-02T17:28:57.104Z sports2000 ROOT:f:00000035 denied anonymousUser [/_framework/System.ComponentModel.Primitives.dll] [denyAll()] - Access is denied
2021-11-02T17:28:57.111Z sports2000 ROOT:f:00000036 denied anonymousUser [/_framework/System.Diagnostics.Process.dll] [denyAll()] - Access is denied
2021-11-02T17:28:57.117Z sports2000 ROOT:f:00000037 denied anonymousUser [/_framework/System.Diagnostics.TraceSource.dll] [denyAll()] - Access is denied
2021-11-02T17:28:57.089Z sports2000 ROOT:f:00000030 denied anonymousUser [/_framework/System.Data.Common.dll] [denyAll()] - Access is denied
2021-11-02T17:28:57.092Z sports2000 ROOT:f:00000032 denied anonymousUser [/_framework/System.Collections.Concurrent.dll] [denyAll()] - Access is denied
2021-11-02T17:28:57.150Z sports2000 ROOT:f:00000038 denied anonymousUser [/_framework/System.Drawing.Primitives.dll] [denyAll()] - Access is denied
2021-11-02T17:28:57.159Z sports2000 ROOT:f:00000039 denied anonymousUser [/_framework/System.Drawing.dll] [denyAll()] - Access is denied
2021-11-02T17:28:57.170Z sports2000 ROOT:f:0000003a denied anonymousUser [/_framework/System.IO.Compression.dll] [denyAll()] - Access is denied
2021-11-02T17:28:57.176Z sports2000 ROOT:f:0000003b denied anonymousUser [/_framework/System.IO.FileSystem.dll] [denyAll()] - Access is denied
2021-11-02T17:28:57.185Z sports2000 ROOT:f:0000003c denied anonymousUser [/_framework/System.Linq.Expressions.dll] [denyAll()] - Access is denied
2021-11-02T17:28:57.193Z sports2000 ROOT:f:0000003d denied anonymousUser [/_framework/System.Linq.Queryable.dll] [denyAll()] - Access is denied
2021-11-02T17:28:57.218Z sports2000 ROOT:f:0000003e denied anonymousUser [/_framework/System.Linq.dll] [denyAll()] - Access is denied
2021-11-02T17:28:57.232Z sports2000 ROOT:f:0000003f denied anonymousUser [/_framework/System.Memory.dll] [denyAll()] - Access is denied
2021-11-02T17:28:57.240Z sports2000 ROOT:f:00000040 denied anonymousUser [/_framework/System.Net.Http.Json.dll] [denyAll()] - Access is denied
2021-11-02T17:28:57.250Z sports2000 ROOT:f:00000041 denied anonymousUser [/_framework/System.Net.Http.dll] [denyAll()] - Access is denied
2021-11-02T17:28:57.256Z sports2000 ROOT:f:00000042 denied anonymousUser [/_framework/System.Net.NameResolution.dll] [denyAll()] - Access is denied
2021-11-02T17:28:57.278Z sports2000 ROOT:f:00000043 denied anonymousUser [/_framework/System.Net.Primitives.dll] [denyAll()] - Access is denied
2021-11-02T17:28:57.423Z sports2000 ROOT:f:00000044 denied anonymousUser [/_framework/System.Net.Requests.dll] [denyAll()] - Access is denied
2021-11-02T17:28:57.432Z sports2000 ROOT:f:00000045 denied anonymousUser [/_framework/System.Net.Security.dll] [denyAll()] - Access is denied
2021-11-02T17:28:57.433Z sports2000 ROOT:f:00000046 denied anonymousUser [/_framework/System.Net.ServicePoint.dll] [denyAll()] - Access is denied
2021-11-02T17:28:57.440Z sports2000 ROOT:f:00000047 denied anonymousUser [/_framework/System.Net.Sockets.dll] [denyAll()] - Access is denied
2021-11-02T17:28:57.449Z sports2000 ROOT:f:00000048 denied anonymousUser [/_framework/System.Net.WebHeaderCollection.dll] [denyAll()] - Access is denied
2021-11-02T17:28:57.456Z sports2000 ROOT:f:00000049 denied anonymousUser [/_framework/System.Net.WebProxy.dll] [denyAll()] - Access is denied
2021-11-02T17:28:57.469Z sports2000 ROOT:f:0000004a denied anonymousUser [/_framework/System.ObjectModel.dll] [denyAll()] - Access is denied
2021-11-02T17:28:57.478Z sports2000 ROOT:f:0000004b denied anonymousUser [/_framework/System.Private.Runtime.InteropServices.JavaScript.dll] [denyAll()] - Access is denied
2021-11-02T17:28:57.488Z sports2000 ROOT:f:0000004c denied anonymousUser [/_framework/System.Private.Uri.dll] [denyAll()] - Access is denied
2021-11-02T17:28:57.492Z sports2000 ROOT:f:0000004d denied anonymousUser [/_framework/System.Private.Xml.dll] [denyAll()] - Access is denied
2021-11-02T17:28:57.496Z sports2000 ROOT:f:0000004f denied anonymousUser [/_framework/System.Reflection.dll] [denyAll()] - Access is denied
2021-11-02T17:28:57.497Z sports2000 ROOT:f:0000004e denied anonymousUser [/_framework/System.Reflection.Extensions.dll] [denyAll()] - Access is denied
2021-11-02T17:28:57.507Z sports2000 ROOT:f:00000050 denied anonymousUser [/_framework/System.Resources.ResourceManager.dll] [denyAll()] - Access is denied
2021-11-02T17:28:57.513Z sports2000 ROOT:f:00000051 denied anonymousUser [/_framework/System.Runtime.CompilerServices.Unsafe.dll] [denyAll()] - Access is denied
2021-11-02T17:28:57.528Z sports2000 ROOT:f:00000052 denied anonymousUser [/_framework/System.Runtime.InteropServices.RuntimeInformation.dll] [denyAll()] - Access is denied
2021-11-02T17:28:57.531Z sports2000 ROOT:f:00000053 denied anonymousUser [/_framework/System.Runtime.Extensions.dll] [denyAll()] - Access is denied
2021-11-02T17:28:57.538Z sports2000 ROOT:f:00000054 denied anonymousUser [/_framework/System.Runtime.InteropServices.dll] [denyAll()] - Access is denied
2021-11-02T17:28:57.547Z sports2000 ROOT:f:00000055 denied anonymousUser [/_framework/System.Runtime.Numerics.dll] [denyAll()] - Access is denied
2021-11-02T17:28:57.557Z sports2000 ROOT:f:00000056 denied anonymousUser [/_framework/System.Runtime.Serialization.Formatters.dll] [denyAll()] - Access is denied
2021-11-02T17:28:57.564Z sports2000 ROOT:f:00000057 denied anonymousUser [/_framework/System.Runtime.dll] [denyAll()] - Access is denied
2021-11-02T17:28:57.574Z sports2000 ROOT:f:00000058 denied anonymousUser [/_framework/System.Security.Cryptography.Algorithms.dll] [denyAll()] - Access is denied
2021-11-02T17:28:57.582Z sports2000 ROOT:f:00000059 denied anonymousUser [/_framework/System.Security.Cryptography.Encoding.dll] [denyAll()] - Access is denied
2021-11-02T17:28:57.706Z sports2000 ROOT:f:0000005a denied anonymousUser [/_framework/System.Security.Cryptography.X509Certificates.dll] [denyAll()] - Access is denied
2021-11-02T17:28:57.725Z sports2000 ROOT:f:0000005b denied anonymousUser [/_framework/System.Text.Encodings.Web.dll] [denyAll()] - Access is denied
2021-11-02T17:28:57.732Z sports2000 ROOT:f:0000005c denied anonymousUser [/_framework/System.Text.Json.dll] [denyAll()] - Access is denied
2021-11-02T17:28:57.740Z sports2000 ROOT:f:0000005d denied anonymousUser [/_framework/System.Text.RegularExpressions.dll] [denyAll()] - Access is denied
2021-11-02T17:28:57.772Z sports2000 ROOT:f:0000005e denied anonymousUser [/_framework/System.Threading.Tasks.dll] [denyAll()] - Access is denied
2021-11-02T17:28:57.781Z sports2000 ROOT:f:0000005f denied anonymousUser [/_framework/System.Threading.Thread.dll] [denyAll()] - Access is denied
2021-11-02T17:28:57.797Z sports2000 ROOT:f:00000060 denied anonymousUser [/_framework/System.Threading.ThreadPool.dll] [denyAll()] - Access is denied
2021-11-02T17:28:57.806Z sports2000 ROOT:f:00000061 denied anonymousUser [/_framework/System.Threading.Timer.dll] [denyAll()] - Access is denied
2021-11-02T17:28:57.818Z sports2000 ROOT:f:00000062 denied anonymousUser [/_framework/System.Threading.dll] [denyAll()] - Access is denied
2021-11-02T17:28:57.828Z sports2000 ROOT:f:00000063 denied anonymousUser [/_framework/System.Transactions.Local.dll] [denyAll()] - Access is denied
2021-11-02T17:28:57.834Z sports2000 ROOT:f:00000064 denied anonymousUser [/_framework/System.dll] [denyAll()] - Access is denied
2021-11-02T17:28:57.839Z sports2000 ROOT:f:00000065 denied anonymousUser [/_framework/netstandard.dll] [denyAll()] - Access is denied
2021-11-02T17:28:57.841Z sports2000 ROOT:f:00000066 denied anonymousUser [/_framework/System.Private.CoreLib.dll] [denyAll()] - Access is denied
2021-11-02T17:28:57.844Z sports2000 ROOT:f:00000067 denied anonymousUser [/_framework/dotnet.wasm] [denyAll()] - Access is denied
2021-11-02T17:28:57.851Z sports2000 ROOT:f:00000068 denied anonymousUser [/_framework/dotnet.timezones.blat] [denyAll()] - Access is denied
2021-11-02T17:28:57.856Z sports2000 ROOT:f:00000069 denied anonymousUser [/_framework/icudt_EFIGS.dat] [denyAll()] - Access is denied
