2021-11-02T14:13:30.572Z INFO  [main] org.apache.coyote.AbstractProtocol.init - Initializing ProtocolHandler ["http-nio-8080"]
2021-11-02T14:13:30.627Z INFO  [main] org.apache.coyote.AbstractProtocol.init - Initializing ProtocolHandler ["https-jsse-nio-8443"]
2021-11-02T14:13:30.630Z INFO  [main] org.apache.catalina.startup.Catalina.load - Server initialization in [1619] milliseconds
2021-11-02T14:13:30.632Z INFO  [main] c.p.a.s.l.OeLifecycleListener.runStartupScripts - Running startup scripts
2021-11-02T14:13:30.726Z INFO  [main] o.a.catalina.core.StandardService.startInternal - Starting service [Catalina]
2021-11-02T14:13:30.728Z INFO  [main] o.a.catalina.core.StandardEngine.startInternal - Starting Servlet engine: [Apache Tomcat/9.0.45]
2021-11-02T14:13:31.547Z INFO  [Catalina-utility-1] o.apache.catalina.startup.HostConfig.deployWAR - Deploying web application archive [C:\WorkDir\sports2000\OpenEdge\PAS\webapps\manager.war]
2021-11-02T14:13:32.900Z INFO  [Catalina-utility-1] o.apache.catalina.startup.HostConfig.deployWAR - Deployment of web application archive [C:\WorkDir\sports2000\OpenEdge\PAS\webapps\manager.war] has finished in [1,352] ms
2021-11-02T14:13:32.910Z INFO  [Catalina-utility-1] o.apache.catalina.startup.HostConfig.deployWAR - Deploying web application archive [C:\WorkDir\sports2000\OpenEdge\PAS\webapps\oedbg.war]
2021-11-02T14:13:33.666Z INFO  [Catalina-utility-1] o.apache.catalina.startup.HostConfig.deployWAR - Deployment of web application archive [C:\WorkDir\sports2000\OpenEdge\PAS\webapps\oedbg.war] has finished in [756] ms
2021-11-02T14:13:33.675Z INFO  [Catalina-utility-1] o.apache.catalina.startup.HostConfig.deployWAR - Deploying web application archive [C:\WorkDir\sports2000\OpenEdge\PAS\webapps\oemanager.war]
2021-11-02T14:13:42.723Z INFO  [Catalina-utility-1] o.apache.catalina.startup.HostConfig.deployWAR - Deployment of web application archive [C:\WorkDir\sports2000\OpenEdge\PAS\webapps\oemanager.war] has finished in [9,048] ms
2021-11-02T14:13:42.734Z INFO  [Catalina-utility-1] o.apache.catalina.startup.HostConfig.deployWAR - Deploying web application archive [C:\WorkDir\sports2000\OpenEdge\PAS\webapps\restWeb.war]
2021-11-02T14:13:54.244Z INFO  [Catalina-utility-1] o.apache.catalina.startup.HostConfig.deployWAR - Deployment of web application archive [C:\WorkDir\sports2000\OpenEdge\PAS\webapps\restWeb.war] has finished in [11,510] ms
2021-11-02T14:13:54.248Z INFO  [Catalina-utility-1] o.apache.catalina.startup.HostConfig.deployDirectory - Deploying web application directory [C:\WorkDir\sports2000\OpenEdge\PAS\webapps\ROOT]
2021-11-02T14:13:57.640Z INFO  [Catalina-utility-1] o.apache.catalina.startup.HostConfig.deployDirectory - Deployment of web application directory [C:\WorkDir\sports2000\OpenEdge\PAS\webapps\ROOT] has finished in [3,392] ms
2021-11-02T14:13:57.652Z INFO  [main] org.apache.coyote.AbstractProtocol.start - Starting ProtocolHandler ["http-nio-8080"]
2021-11-02T14:13:57.684Z INFO  [main] org.apache.coyote.AbstractProtocol.start - Starting ProtocolHandler ["https-jsse-nio-8443"]
2021-11-02T14:13:58.179Z INFO  [main] c.p.a.s.l.OeLifecycleListener.runStartedScripts - Running started scripts
2021-11-02T14:13:58.214Z INFO  [main] c.p.a.s.l.OeLifecycleListener.startHealthCollector - Health collector disabled
2021-11-02T14:13:58.222Z INFO  [main] org.apache.catalina.startup.Catalina.start - Server startup in [27591] milliseconds
2021-11-02T14:18:19.604Z INFO  [main] o.a.catalina.core.StandardServer.await - A valid shutdown command was received via the shutdown port. Stopping the Server instance.
2021-11-02T14:18:19.690Z INFO  [main] c.p.a.s.l.OeLifecycleListener.runStoppingScripts - Running stopping scripts
2021-11-02T14:18:20.815Z INFO  [main] org.apache.coyote.AbstractProtocol.pause - Pausing ProtocolHandler ["http-nio-8080"]
2021-11-02T14:18:20.816Z INFO  [main] org.apache.coyote.AbstractProtocol.pause - Pausing ProtocolHandler ["https-jsse-nio-8443"]
2021-11-02T14:18:20.818Z INFO  [main] o.a.catalina.core.StandardService.stopInternal - Stopping service [Catalina]
2021-11-02T14:18:23.037Z WARN  [Catalina-utility-1] o.a.c.loader.WebappClassLoaderBase.clearReferencesThreads - The web application [restWeb] appears to have started a thread named [PropertyFileMonitor] but has failed to stop it. This is very likely to create a memory leak. Stack trace of thread:
 java.base@11.0.4/java.lang.Thread.sleep(Native Method)
 com.progress.appserv.services.properties.ubimpl.ubWatchDog.run(ubWatchDog.java:122)
2021-11-02T14:18:23.038Z WARN  [Catalina-utility-1] o.a.c.loader.WebappClassLoaderBase.clearReferencesThreads - The web application [restWeb] appears to have started a thread named [PropertyFileMonitor] but has failed to stop it. This is very likely to create a memory leak. Stack trace of thread:
 java.base@11.0.4/java.lang.Thread.sleep(Native Method)
 com.progress.appserv.services.properties.ubimpl.ubWatchDog.run(ubWatchDog.java:122)
2021-11-02T14:18:23.039Z WARN  [Catalina-utility-1] o.a.c.loader.WebappClassLoaderBase.clearReferencesThreads - The web application [restWeb] appears to have started a thread named [ifvHeW1PSWCa3NPq3uO8MQ-agent-watchdog] but has failed to stop it. This is very likely to create a memory leak. Stack trace of thread:
 java.base@11.0.4/sun.nio.ch.WindowsSelectorImpl$SubSelector.poll0(Native Method)
 java.base@11.0.4/sun.nio.ch.WindowsSelectorImpl$SubSelector.poll(WindowsSelectorImpl.java:339)
 java.base@11.0.4/sun.nio.ch.WindowsSelectorImpl.doSelect(WindowsSelectorImpl.java:167)
 java.base@11.0.4/sun.nio.ch.SelectorImpl.lockAndDoSelect(SelectorImpl.java:124)
 java.base@11.0.4/sun.nio.ch.SelectorImpl.select(SelectorImpl.java:136)
 com.progress.appserv.broker.agent.TcpAgentPool$AgentPoolWatchdog.run(TcpAgentPool.java:2933)
2021-11-02T14:18:23.039Z WARN  [Catalina-utility-1] o.a.c.loader.WebappClassLoaderBase.clearReferencesThreads - The web application [restWeb] appears to have started a thread named [ifvHeW1PSWCa3NPq3uO8MQ-starter-0] but has failed to stop it. This is very likely to create a memory leak. Stack trace of thread:
 java.base@11.0.4/jdk.internal.misc.Unsafe.park(Native Method)
 java.base@11.0.4/java.util.concurrent.locks.LockSupport.park(LockSupport.java:194)
 java.base@11.0.4/java.util.concurrent.locks.AbstractQueuedSynchronizer$ConditionObject.await(AbstractQueuedSynchronizer.java:2081)
 java.base@11.0.4/java.util.concurrent.LinkedBlockingQueue.take(LinkedBlockingQueue.java:433)
 java.base@11.0.4/java.util.concurrent.ThreadPoolExecutor.getTask(ThreadPoolExecutor.java:1054)
 java.base@11.0.4/java.util.concurrent.ThreadPoolExecutor.runWorker(ThreadPoolExecutor.java:1114)
 java.base@11.0.4/java.util.concurrent.ThreadPoolExecutor$Worker.run(ThreadPoolExecutor.java:628)
 java.base@11.0.4/java.lang.Thread.run(Thread.java:834)
2021-11-02T14:18:29.263Z WARN  [Catalina-utility-1] o.a.c.loader.WebappClassLoaderBase.clearReferencesThreads - The web application [oedbg] appears to have started a thread named [logback-1] but has failed to stop it. This is very likely to create a memory leak. Stack trace of thread:
 java.base@11.0.4/jdk.internal.misc.Unsafe.park(Native Method)
 java.base@11.0.4/java.util.concurrent.locks.LockSupport.parkNanos(LockSupport.java:234)
 java.base@11.0.4/java.util.concurrent.locks.AbstractQueuedSynchronizer$ConditionObject.awaitNanos(AbstractQueuedSynchronizer.java:2123)
 java.base@11.0.4/java.util.concurrent.ScheduledThreadPoolExecutor$DelayedWorkQueue.take(ScheduledThreadPoolExecutor.java:1182)
 java.base@11.0.4/java.util.concurrent.ScheduledThreadPoolExecutor$DelayedWorkQueue.take(ScheduledThreadPoolExecutor.java:899)
 java.base@11.0.4/java.util.concurrent.ThreadPoolExecutor.getTask(ThreadPoolExecutor.java:1054)
 java.base@11.0.4/java.util.concurrent.ThreadPoolExecutor.runWorker(ThreadPoolExecutor.java:1114)
 java.base@11.0.4/java.util.concurrent.ThreadPoolExecutor$Worker.run(ThreadPoolExecutor.java:628)
 java.base@11.0.4/java.lang.Thread.run(Thread.java:834)
2021-11-02T14:18:29.264Z WARN  [Catalina-utility-1] o.a.c.loader.WebappClassLoaderBase.clearReferencesThreads - The web application [oedbg] appears to have started a thread named [logback-2] but has failed to stop it. This is very likely to create a memory leak. Stack trace of thread:
 java.base@11.0.4/jdk.internal.misc.Unsafe.park(Native Method)
 java.base@11.0.4/java.util.concurrent.locks.LockSupport.park(LockSupport.java:194)
 java.base@11.0.4/java.util.concurrent.locks.AbstractQueuedSynchronizer$ConditionObject.await(AbstractQueuedSynchronizer.java:2081)
 java.base@11.0.4/java.util.concurrent.ScheduledThreadPoolExecutor$DelayedWorkQueue.take(ScheduledThreadPoolExecutor.java:1177)
 java.base@11.0.4/java.util.concurrent.ScheduledThreadPoolExecutor$DelayedWorkQueue.take(ScheduledThreadPoolExecutor.java:899)
 java.base@11.0.4/java.util.concurrent.ThreadPoolExecutor.getTask(ThreadPoolExecutor.java:1054)
 java.base@11.0.4/java.util.concurrent.ThreadPoolExecutor.runWorker(ThreadPoolExecutor.java:1114)
 java.base@11.0.4/java.util.concurrent.ThreadPoolExecutor$Worker.run(ThreadPoolExecutor.java:628)
 java.base@11.0.4/java.lang.Thread.run(Thread.java:834)
2021-11-02T14:18:29.386Z WARN  [Catalina-utility-1] o.a.c.loader.WebappClassLoaderBase.clearReferencesThreads - The web application [oedbg] appears to have started a thread named [logback-3] but has failed to stop it. This is very likely to create a memory leak. Stack trace of thread:
 java.base@11.0.4/jdk.internal.misc.Unsafe.park(Native Method)
 java.base@11.0.4/java.util.concurrent.locks.LockSupport.park(LockSupport.java:194)
 java.base@11.0.4/java.util.concurrent.locks.AbstractQueuedSynchronizer$ConditionObject.await(AbstractQueuedSynchronizer.java:2081)
 java.base@11.0.4/java.util.concurrent.ScheduledThreadPoolExecutor$DelayedWorkQueue.take(ScheduledThreadPoolExecutor.java:1177)
 java.base@11.0.4/java.util.concurrent.ScheduledThreadPoolExecutor$DelayedWorkQueue.take(ScheduledThreadPoolExecutor.java:899)
 java.base@11.0.4/java.util.concurrent.ThreadPoolExecutor.getTask(ThreadPoolExecutor.java:1054)
 java.base@11.0.4/java.util.concurrent.ThreadPoolExecutor.runWorker(ThreadPoolExecutor.java:1114)
 java.base@11.0.4/java.util.concurrent.ThreadPoolExecutor$Worker.run(ThreadPoolExecutor.java:628)
 java.base@11.0.4/java.lang.Thread.run(Thread.java:834)
2021-11-02T14:18:29.387Z WARN  [Catalina-utility-1] o.a.c.loader.WebappClassLoaderBase.clearReferencesThreads - The web application [oedbg] appears to have started a thread named [logback-4] but has failed to stop it. This is very likely to create a memory leak. Stack trace of thread:
 java.base@11.0.4/jdk.internal.misc.Unsafe.park(Native Method)
 java.base@11.0.4/java.util.concurrent.locks.LockSupport.park(LockSupport.java:194)
 java.base@11.0.4/java.util.concurrent.locks.AbstractQueuedSynchronizer$ConditionObject.await(AbstractQueuedSynchronizer.java:2081)
 java.base@11.0.4/java.util.concurrent.ScheduledThreadPoolExecutor$DelayedWorkQueue.take(ScheduledThreadPoolExecutor.java:1177)
 java.base@11.0.4/java.util.concurrent.ScheduledThreadPoolExecutor$DelayedWorkQueue.take(ScheduledThreadPoolExecutor.java:899)
 java.base@11.0.4/java.util.concurrent.ThreadPoolExecutor.getTask(ThreadPoolExecutor.java:1054)
 java.base@11.0.4/java.util.concurrent.ThreadPoolExecutor.runWorker(ThreadPoolExecutor.java:1114)
 java.base@11.0.4/java.util.concurrent.ThreadPoolExecutor$Worker.run(ThreadPoolExecutor.java:628)
 java.base@11.0.4/java.lang.Thread.run(Thread.java:834)
2021-11-02T14:18:29.388Z WARN  [Catalina-utility-1] o.a.c.loader.WebappClassLoaderBase.clearReferencesThreads - The web application [oedbg] appears to have started a thread named [logback-5] but has failed to stop it. This is very likely to create a memory leak. Stack trace of thread:
 java.base@11.0.4/jdk.internal.misc.Unsafe.park(Native Method)
 java.base@11.0.4/java.util.concurrent.locks.LockSupport.park(LockSupport.java:194)
 java.base@11.0.4/java.util.concurrent.locks.AbstractQueuedSynchronizer$ConditionObject.await(AbstractQueuedSynchronizer.java:2081)
 java.base@11.0.4/java.util.concurrent.ScheduledThreadPoolExecutor$DelayedWorkQueue.take(ScheduledThreadPoolExecutor.java:1177)
 java.base@11.0.4/java.util.concurrent.ScheduledThreadPoolExecutor$DelayedWorkQueue.take(ScheduledThreadPoolExecutor.java:899)
 java.base@11.0.4/java.util.concurrent.ThreadPoolExecutor.getTask(ThreadPoolExecutor.java:1054)
 java.base@11.0.4/java.util.concurrent.ThreadPoolExecutor.runWorker(ThreadPoolExecutor.java:1114)
 java.base@11.0.4/java.util.concurrent.ThreadPoolExecutor$Worker.run(ThreadPoolExecutor.java:628)
 java.base@11.0.4/java.lang.Thread.run(Thread.java:834)
2021-11-02T14:18:29.390Z WARN  [Catalina-utility-1] o.a.c.loader.WebappClassLoaderBase.clearReferencesThreads - The web application [oedbg] appears to have started a thread named [logback-6] but has failed to stop it. This is very likely to create a memory leak. Stack trace of thread:
 java.base@11.0.4/jdk.internal.misc.Unsafe.park(Native Method)
 java.base@11.0.4/java.util.concurrent.locks.LockSupport.park(LockSupport.java:194)
 java.base@11.0.4/java.util.concurrent.locks.AbstractQueuedSynchronizer$ConditionObject.await(AbstractQueuedSynchronizer.java:2081)
 java.base@11.0.4/java.util.concurrent.ScheduledThreadPoolExecutor$DelayedWorkQueue.take(ScheduledThreadPoolExecutor.java:1177)
 java.base@11.0.4/java.util.concurrent.ScheduledThreadPoolExecutor$DelayedWorkQueue.take(ScheduledThreadPoolExecutor.java:899)
 java.base@11.0.4/java.util.concurrent.ThreadPoolExecutor.getTask(ThreadPoolExecutor.java:1054)
 java.base@11.0.4/java.util.concurrent.ThreadPoolExecutor.runWorker(ThreadPoolExecutor.java:1114)
 java.base@11.0.4/java.util.concurrent.ThreadPoolExecutor$Worker.run(ThreadPoolExecutor.java:628)
 java.base@11.0.4/java.lang.Thread.run(Thread.java:834)
2021-11-02T14:18:29.391Z WARN  [Catalina-utility-1] o.a.c.loader.WebappClassLoaderBase.clearReferencesThreads - The web application [oedbg] appears to have started a thread named [logback-7] but has failed to stop it. This is very likely to create a memory leak. Stack trace of thread:
 java.base@11.0.4/jdk.internal.misc.Unsafe.park(Native Method)
 java.base@11.0.4/java.util.concurrent.locks.LockSupport.park(LockSupport.java:194)
 java.base@11.0.4/java.util.concurrent.locks.AbstractQueuedSynchronizer$ConditionObject.await(AbstractQueuedSynchronizer.java:2081)
 java.base@11.0.4/java.util.concurrent.ScheduledThreadPoolExecutor$DelayedWorkQueue.take(ScheduledThreadPoolExecutor.java:1177)
 java.base@11.0.4/java.util.concurrent.ScheduledThreadPoolExecutor$DelayedWorkQueue.take(ScheduledThreadPoolExecutor.java:899)
 java.base@11.0.4/java.util.concurrent.ThreadPoolExecutor.getTask(ThreadPoolExecutor.java:1054)
 java.base@11.0.4/java.util.concurrent.ThreadPoolExecutor.runWorker(ThreadPoolExecutor.java:1114)
 java.base@11.0.4/java.util.concurrent.ThreadPoolExecutor$Worker.run(ThreadPoolExecutor.java:628)
 java.base@11.0.4/java.lang.Thread.run(Thread.java:834)
2021-11-02T14:18:29.391Z WARN  [Catalina-utility-1] o.a.c.loader.WebappClassLoaderBase.clearReferencesThreads - The web application [oedbg] appears to have started a thread named [logback-8] but has failed to stop it. This is very likely to create a memory leak. Stack trace of thread:
 java.base@11.0.4/jdk.internal.misc.Unsafe.park(Native Method)
 java.base@11.0.4/java.util.concurrent.locks.LockSupport.park(LockSupport.java:194)
 java.base@11.0.4/java.util.concurrent.locks.AbstractQueuedSynchronizer$ConditionObject.await(AbstractQueuedSynchronizer.java:2081)
 java.base@11.0.4/java.util.concurrent.ScheduledThreadPoolExecutor$DelayedWorkQueue.take(ScheduledThreadPoolExecutor.java:1177)
 java.base@11.0.4/java.util.concurrent.ScheduledThreadPoolExecutor$DelayedWorkQueue.take(ScheduledThreadPoolExecutor.java:899)
 java.base@11.0.4/java.util.concurrent.ThreadPoolExecutor.getTask(ThreadPoolExecutor.java:1054)
 java.base@11.0.4/java.util.concurrent.ThreadPoolExecutor.runWorker(ThreadPoolExecutor.java:1114)
 java.base@11.0.4/java.util.concurrent.ThreadPoolExecutor$Worker.run(ThreadPoolExecutor.java:628)
 java.base@11.0.4/java.lang.Thread.run(Thread.java:834)
2021-11-02T14:18:29.604Z INFO  [main] org.apache.coyote.AbstractProtocol.stop - Stopping ProtocolHandler ["http-nio-8080"]
2021-11-02T14:18:29.606Z INFO  [main] org.apache.coyote.AbstractProtocol.stop - Stopping ProtocolHandler ["https-jsse-nio-8443"]
2021-11-02T14:18:29.610Z INFO  [main] c.p.a.s.l.OeLifecycleListener.runShutdownScripts - Running shutdown scripts
2021-11-02T14:18:29.619Z INFO  [main] org.apache.coyote.AbstractProtocol.destroy - Destroying ProtocolHandler ["http-nio-8080"]
2021-11-02T14:18:29.621Z INFO  [main] org.apache.coyote.AbstractProtocol.destroy - Destroying ProtocolHandler ["https-jsse-nio-8443"]
