2021-11-02T18:05:26.823Z INFO  [main] org.apache.coyote.AbstractProtocol.init - Initializing ProtocolHandler ["http-nio-8080"]
2021-11-02T18:05:26.897Z INFO  [main] org.apache.coyote.AbstractProtocol.init - Initializing ProtocolHandler ["https-jsse-nio-8443"]
2021-11-02T18:05:26.900Z INFO  [main] org.apache.catalina.startup.Catalina.load - Server initialization in [1987] milliseconds
2021-11-02T18:05:26.903Z INFO  [main] c.p.a.s.l.OeLifecycleListener.runStartupScripts - Running startup scripts
2021-11-02T18:05:27.009Z INFO  [main] o.a.catalina.core.StandardService.startInternal - Starting service [Catalina]
2021-11-02T18:05:27.010Z INFO  [main] o.a.catalina.core.StandardEngine.startInternal - Starting Servlet engine: [Apache Tomcat/9.0.45]
2021-11-02T18:05:27.773Z INFO  [Catalina-utility-1] o.apache.catalina.startup.HostConfig.deployWAR - Deploying web application archive [C:\WorkDir\sports2000\OpenEdge\PAS\webapps\manager.war]
2021-11-02T18:05:29.439Z INFO  [Catalina-utility-1] o.apache.catalina.startup.HostConfig.deployWAR - Deployment of web application archive [C:\WorkDir\sports2000\OpenEdge\PAS\webapps\manager.war] has finished in [1,665] ms
2021-11-02T18:05:29.449Z INFO  [Catalina-utility-1] o.apache.catalina.startup.HostConfig.deployWAR - Deploying web application archive [C:\WorkDir\sports2000\OpenEdge\PAS\webapps\oedbg.war]
2021-11-02T18:05:30.257Z INFO  [Catalina-utility-1] o.apache.catalina.startup.HostConfig.deployWAR - Deployment of web application archive [C:\WorkDir\sports2000\OpenEdge\PAS\webapps\oedbg.war] has finished in [807] ms
2021-11-02T18:05:30.267Z INFO  [Catalina-utility-1] o.apache.catalina.startup.HostConfig.deployWAR - Deploying web application archive [C:\WorkDir\sports2000\OpenEdge\PAS\webapps\oemanager.war]
2021-11-02T18:05:40.092Z INFO  [Catalina-utility-1] o.apache.catalina.startup.HostConfig.deployWAR - Deployment of web application archive [C:\WorkDir\sports2000\OpenEdge\PAS\webapps\oemanager.war] has finished in [9,825] ms
2021-11-02T18:05:40.098Z INFO  [Catalina-utility-1] o.apache.catalina.startup.HostConfig.deployWAR - Deploying web application archive [C:\WorkDir\sports2000\OpenEdge\PAS\webapps\restWeb.war]
2021-11-02T18:05:53.028Z INFO  [Catalina-utility-1] o.apache.catalina.startup.HostConfig.deployWAR - Deployment of web application archive [C:\WorkDir\sports2000\OpenEdge\PAS\webapps\restWeb.war] has finished in [12,930] ms
2021-11-02T18:05:53.035Z INFO  [Catalina-utility-1] o.apache.catalina.startup.HostConfig.deployDirectory - Deploying web application directory [C:\WorkDir\sports2000\OpenEdge\PAS\webapps\ROOT]
2021-11-02T18:05:53.944Z ERROR [Catalina-utility-1] o.a.catalina.core.StandardContext.startInternal - One or more Filters failed to start. Full details will be found in the appropriate container log file
2021-11-02T18:05:53.945Z ERROR [Catalina-utility-1] o.a.catalina.core.StandardContext.startInternal - Context [] startup failed due to previous errors
2021-11-02T18:05:54.458Z INFO  [Catalina-utility-1] o.apache.catalina.startup.HostConfig.deployDirectory - Deployment of web application directory [C:\WorkDir\sports2000\OpenEdge\PAS\webapps\ROOT] has finished in [1,423] ms
2021-11-02T18:05:54.474Z INFO  [main] org.apache.coyote.AbstractProtocol.start - Starting ProtocolHandler ["http-nio-8080"]
2021-11-02T18:05:54.490Z INFO  [main] org.apache.coyote.AbstractProtocol.start - Starting ProtocolHandler ["https-jsse-nio-8443"]
2021-11-02T18:05:54.969Z INFO  [main] c.p.a.s.l.OeLifecycleListener.runStartedScripts - Running started scripts
2021-11-02T18:05:54.970Z INFO  [main] c.p.a.s.l.OeLifecycleListener.startHealthCollector - Health collector disabled
2021-11-02T18:05:54.971Z INFO  [main] org.apache.catalina.startup.Catalina.start - Server startup in [28069] milliseconds
